# JRE version: OpenJDK Runtime Environment (7.0_95) (build 1.7.0_95-b00)
# Java VM: OpenJDK 64-Bit Server VM (24.95-b01 mixed mode linux-amd64 compressed oops)
Heap
 PSYoungGen      total 276992K, used 20297K [0x00000000eaa80000, 0x0000000100000000, 0x0000000100000000)
  eden space 249344K, 0% used [0x00000000eaa80000,0x00000000eaa80000,0x00000000f9e00000)
  from space 27648K, 73% used [0x00000000fe500000,0x00000000ff8d2418,0x0000000100000000)
  to   space 50176K, 0% used [0x00000000f9e00000,0x00000000f9e00000,0x00000000fcf00000)
 ParOldGen       total 84992K, used 84880K [0x00000000c0000000, 0x00000000c5300000, 0x00000000eaa80000)
  object space 84992K, 99% used [0x00000000c0000000,0x00000000c52e42e8,0x00000000c5300000)
 PSPermGen       total 75776K, used 46843K [0x00000000b0000000, 0x00000000b4a00000, 0x00000000c0000000)
  object space 75776K, 61% used [0x00000000b0000000,0x00000000b2dbec28,0x00000000b4a00000)
GC Heap History (10 events):
Event: 6.746 GC heap after
Heap after GC invocations=7 (full 0):
 PSYoungGen      total 134144K, used 11768K [0x00000000eaa80000, 0x00000000fba80000, 0x0000000100000000)
  eden space 122368K, 0% used [0x00000000eaa80000,0x00000000eaa80000,0x00000000f2200000)
  from space 11776K, 99% used [0x00000000f2200000,0x00000000f2d7e0f8,0x00000000f2d80000)
  to   space 16896K, 0% used [0x00000000faa00000,0x00000000faa00000,0x00000000fba80000)
 ParOldGen       total 40960K, used 20471K [0x00000000c0000000, 0x00000000c2800000, 0x00000000eaa80000)
  object space 40960K, 49% used [0x00000000c0000000,0x00000000c13fde98,0x00000000c2800000)
 PSPermGen       total 32256K, used 31992K [0x00000000b0000000, 0x00000000b1f80000, 0x00000000c0000000)
  object space 32256K, 99% used [0x00000000b0000000,0x00000000b1f3e368,0x00000000b1f80000)
}
Event: 8.730 GC heap before
{Heap before GC invocations=8 (full 0):
 PSYoungGen      total 134144K, used 134136K [0x00000000eaa80000, 0x00000000fba80000, 0x0000000100000000)
  eden space 122368K, 100% used [0x00000000eaa80000,0x00000000f2200000,0x00000000f2200000)
  from space 11776K, 99% used [0x00000000f2200000,0x00000000f2d7e0f8,0x00000000f2d80000)
  to   space 16896K, 0% used [0x00000000faa00000,0x00000000faa00000,0x00000000fba80000)
 ParOldGen       total 40960K, used 20471K [0x00000000c0000000, 0x00000000c2800000, 0x00000000eaa80000)
  object space 40960K, 49% used [0x00000000c0000000,0x00000000c13fde98,0x00000000c2800000)
 PSPermGen       total 37888K, used 37776K [0x00000000b0000000, 0x00000000b2500000, 0x00000000c0000000)
  object space 37888K, 99% used [0x00000000b0000000,0x00000000b24e4168,0x00000000b2500000)
Event: 8.761 GC heap after
Heap after GC invocations=8 (full 0):
 PSYoungGen      total 254464K, used 16873K [0x00000000eaa80000, 0x00000000fc880000, 0x0000000100000000)
  eden space 237568K, 0% used [0x00000000eaa80000,0x00000000eaa80000,0x00000000f9280000)
  from space 16896K, 99% used [0x00000000faa00000,0x00000000fba7a620,0x00000000fba80000)
  to   space 24064K, 0% used [0x00000000f9280000,0x00000000f9280000,0x00000000faa00000)
 ParOldGen       total 40960K, used 30462K [0x00000000c0000000, 0x00000000c2800000, 0x00000000eaa80000)
  object space 40960K, 74% used [0x00000000c0000000,0x00000000c1dbfb68,0x00000000c2800000)
 PSPermGen       total 37888K, used 37776K [0x00000000b0000000, 0x00000000b2500000, 0x00000000c0000000)
  object space 37888K, 99% used [0x00000000b0000000,0x00000000b24e4168,0x00000000b2500000)
}
Event: 8.761 GC heap before
{Heap before GC invocations=9 (full 1):
 PSYoungGen      total 254464K, used 16873K [0x00000000eaa80000, 0x00000000fc880000, 0x0000000100000000)
  eden space 237568K, 0% used [0x00000000eaa80000,0x00000000eaa80000,0x00000000f9280000)
  from space 16896K, 99% used [0x00000000faa00000,0x00000000fba7a620,0x00000000fba80000)
  to   space 24064K, 0% used [0x00000000f9280000,0x00000000f9280000,0x00000000faa00000)
 ParOldGen       total 40960K, used 30462K [0x00000000c0000000, 0x00000000c2800000, 0x00000000eaa80000)
  object space 40960K, 74% used [0x00000000c0000000,0x00000000c1dbfb68,0x00000000c2800000)
 PSPermGen       total 37888K, used 37776K [0x00000000b0000000, 0x00000000b2500000, 0x00000000c0000000)
  object space 37888K, 99% used [0x00000000b0000000,0x00000000b24e4168,0x00000000b2500000)
Event: 9.067 GC heap after
Heap after GC invocations=9 (full 1):
 PSYoungGen      total 254464K, used 0K [0x00000000eaa80000, 0x00000000fc880000, 0x0000000100000000)
  eden space 237568K, 0% used [0x00000000eaa80000,0x00000000eaa80000,0x00000000f9280000)
  from space 16896K, 0% used [0x00000000faa00000,0x00000000faa00000,0x00000000fba80000)
  to   space 24064K, 0% used [0x00000000f9280000,0x00000000f9280000,0x00000000faa00000)
 ParOldGen       total 73728K, used 36053K [0x00000000c0000000, 0x00000000c4800000, 0x00000000eaa80000)
  object space 73728K, 48% used [0x00000000c0000000,0x00000000c2335688,0x00000000c4800000)
 PSPermGen       total 75776K, used 37755K [0x00000000b0000000, 0x00000000b4a00000, 0x00000000c0000000)
  object space 75776K, 49% used [0x00000000b0000000,0x00000000b24dee78,0x00000000b4a00000)
}
Event: 12.268 GC heap before
{Heap before GC invocations=10 (full 1):
 PSYoungGen      total 254464K, used 237568K [0x00000000eaa80000, 0x00000000fc880000, 0x0000000100000000)
  eden space 237568K, 100% used [0x00000000eaa80000,0x00000000f9280000,0x00000000f9280000)
  from space 16896K, 0% used [0x00000000faa00000,0x00000000faa00000,0x00000000fba80000)
  to   space 24064K, 0% used [0x00000000f9280000,0x00000000f9280000,0x00000000faa00000)
 ParOldGen       total 73728K, used 36053K [0x00000000c0000000, 0x00000000c4800000, 0x00000000eaa80000)
  object space 73728K, 48% used [0x00000000c0000000,0x00000000c2335688,0x00000000c4800000)
 PSPermGen       total 75776K, used 42139K [0x00000000b0000000, 0x00000000b4a00000, 0x00000000c0000000)
  object space 75776K, 55% used [0x00000000b0000000,0x00000000b2926da8,0x00000000b4a00000)
Event: 12.493 GC heap after
Heap after GC invocations=10 (full 1):
 PSYoungGen      total 261632K, used 22949K [0x00000000eaa80000, 0x0000000100000000, 0x0000000100000000)
  eden space 237568K, 0% used [0x00000000eaa80000,0x00000000eaa80000,0x00000000f9280000)
  from space 24064K, 95% used [0x00000000f9280000,0x00000000fa8e96a8,0x00000000faa00000)
  to   space 27648K, 0% used [0x00000000fe500000,0x00000000fe500000,0x0000000100000000)
 ParOldGen       total 73728K, used 36053K [0x00000000c0000000, 0x00000000c4800000, 0x00000000eaa80000)
  object space 73728K, 48% used [0x00000000c0000000,0x00000000c2335688,0x00000000c4800000)
 PSPermGen       total 75776K, used 42139K [0x00000000b0000000, 0x00000000b4a00000, 0x00000000c0000000)
  object space 75776K, 55% used [0x00000000b0000000,0x00000000b2926da8,0x00000000b4a00000)
}
Event: 17.803 GC heap before
{Heap before GC invocations=11 (full 1):
 PSYoungGen      total 261632K, used 260517K [0x00000000eaa80000, 0x0000000100000000, 0x0000000100000000)
  eden space 237568K, 100% used [0x00000000eaa80000,0x00000000f9280000,0x00000000f9280000)
  from space 24064K, 95% used [0x00000000f9280000,0x00000000fa8e96a8,0x00000000faa00000)
  to   space 27648K, 0% used [0x00000000fe500000,0x00000000fe500000,0x0000000100000000)
 ParOldGen       total 73728K, used 36053K [0x00000000c0000000, 0x00000000c4800000, 0x00000000eaa80000)
  object space 73728K, 48% used [0x00000000c0000000,0x00000000c2335688,0x00000000c4800000)
 PSPermGen       total 75776K, used 46853K [0x00000000b0000000, 0x00000000b4a00000, 0x00000000c0000000)
  object space 75776K, 61% used [0x00000000b0000000,0x00000000b2dc1548,0x00000000b4a00000)
Event: 18.019 GC heap after
Heap after GC invocations=11 (full 1):
 PSYoungGen      total 276992K, used 27616K [0x00000000eaa80000, 0x0000000100000000, 0x0000000100000000)
  eden space 249344K, 0% used [0x00000000eaa80000,0x00000000eaa80000,0x00000000f9e00000)
  from space 27648K, 99% used [0x00000000fe500000,0x00000000ffff8020,0x0000000100000000)
  to   space 50176K, 0% used [0x00000000f9e00000,0x00000000f9e00000,0x00000000fcf00000)
 ParOldGen       total 84992K, used 84864K [0x00000000c0000000, 0x00000000c5300000, 0x00000000eaa80000)
  object space 84992K, 99% used [0x00000000c0000000,0x00000000c52e0090,0x00000000c5300000)
 PSPermGen       total 75776K, used 46853K [0x00000000b0000000, 0x00000000b4a00000, 0x00000000c0000000)
  object space 75776K, 61% used [0x00000000b0000000,0x00000000b2dc1548,0x00000000b4a00000)
}
Event: 18.020 GC heap before
{Heap before GC invocations=12 (full 2):
 PSYoungGen      total 276992K, used 27616K [0x00000000eaa80000, 0x0000000100000000, 0x0000000100000000)
  eden space 249344K, 0% used [0x00000000eaa80000,0x00000000eaa80000,0x00000000f9e00000)
  from space 27648K, 99% used [0x00000000fe500000,0x00000000ffff8020,0x0000000100000000)
  to   space 50176K, 0% used [0x00000000f9e00000,0x00000000f9e00000,0x00000000fcf00000)
 ParOldGen       total 84992K, used 84864K [0x00000000c0000000, 0x00000000c5300000, 0x00000000eaa80000)
  object space 84992K, 99% used [0x00000000c0000000,0x00000000c52e0090,0x00000000c5300000)
 PSPermGen       total 75776K, used 46853K [0x00000000b0000000, 0x00000000b4a00000, 0x00000000c0000000)
  object space 75776K, 61% used [0x00000000b0000000,0x00000000b2dc1548,0x00000000b4a00000)

