# JRE version: OpenJDK Runtime Environment (7.0_95) (build 1.7.0_95-b00)
# Java VM: OpenJDK 64-Bit Server VM (24.95-b01 mixed mode linux-amd64 compressed oops)
Heap
 PSYoungGen      total 307200K, used 40605K [0x00000000eaa80000, 0x0000000100000000, 0x0000000100000000)
  eden space 264704K, 0% used [0x00000000eaa80000,0x00000000eaa80000,0x00000000fad00000)
  from space 42496K, 95% used [0x00000000fad00000,0x00000000fd4a7470,0x00000000fd680000)
  to   space 42496K, 0% used [0x00000000fd680000,0x00000000fd680000,0x0000000100000000)
 ParOldGen       total 141824K, used 141736K [0x00000000c0000000, 0x00000000c8a80000, 0x00000000eaa80000)
  object space 141824K, 99% used [0x00000000c0000000,0x00000000c8a6a0e8,0x00000000c8a80000)
 PSPermGen       total 103424K, used 67985K [0x00000000b0000000, 0x00000000b6500000, 0x00000000c0000000)
  object space 103424K, 65% used [0x00000000b0000000,0x00000000b4264458,0x00000000b6500000)
GC Heap History (10 events):
Event: 275.144 GC heap after
Heap after GC invocations=20 (full 4):
 PSYoungGen      total 308224K, used 0K [0x00000000eaa80000, 0x0000000100000000, 0x0000000100000000)
  eden space 264192K, 0% used [0x00000000eaa80000,0x00000000eaa80000,0x00000000fac80000)
  from space 44032K, 0% used [0x00000000fd500000,0x00000000fd500000,0x0000000100000000)
  to   space 41472K, 0% used [0x00000000fac80000,0x00000000fac80000,0x00000000fd500000)
 ParOldGen       total 127488K, used 102708K [0x00000000c0000000, 0x00000000c7c80000, 0x00000000eaa80000)
  object space 127488K, 80% used [0x00000000c0000000,0x00000000c644d3b0,0x00000000c7c80000)
 PSPermGen       total 103936K, used 62491K [0x00000000b0000000, 0x00000000b6580000, 0x00000000c0000000)
  object space 103936K, 60% used [0x00000000b0000000,0x00000000b3d06d10,0x00000000b6580000)
}
Event: 523.539 GC heap before
{Heap before GC invocations=21 (full 4):
 PSYoungGen      total 308224K, used 248434K [0x00000000eaa80000, 0x0000000100000000, 0x0000000100000000)
  eden space 264192K, 94% used [0x00000000eaa80000,0x00000000f9d1c9c0,0x00000000fac80000)
  from space 44032K, 0% used [0x00000000fd500000,0x00000000fd500000,0x0000000100000000)
  to   space 41472K, 0% used [0x00000000fac80000,0x00000000fac80000,0x00000000fd500000)
 ParOldGen       total 127488K, used 102708K [0x00000000c0000000, 0x00000000c7c80000, 0x00000000eaa80000)
  object space 127488K, 80% used [0x00000000c0000000,0x00000000c644d3b0,0x00000000c7c80000)
 PSPermGen       total 103936K, used 62787K [0x00000000b0000000, 0x00000000b6580000, 0x00000000c0000000)
  object space 103936K, 60% used [0x00000000b0000000,0x00000000b3d50c48,0x00000000b6580000)
Event: 523.635 GC heap after
Heap after GC invocations=21 (full 4):
 PSYoungGen      total 305664K, used 1152K [0x00000000eaa80000, 0x0000000100000000, 0x0000000100000000)
  eden space 264192K, 0% used [0x00000000eaa80000,0x00000000eaa80000,0x00000000fac80000)
  from space 41472K, 2% used [0x00000000fac80000,0x00000000fada0020,0x00000000fd500000)
  to   space 41984K, 0% used [0x00000000fd700000,0x00000000fd700000,0x0000000100000000)
 ParOldGen       total 127488K, used 102708K [0x00000000c0000000, 0x00000000c7c80000, 0x00000000eaa80000)
  object space 127488K, 80% used [0x00000000c0000000,0x00000000c644d3b0,0x00000000c7c80000)
 PSPermGen       total 103936K, used 62787K [0x00000000b0000000, 0x00000000b6580000, 0x00000000c0000000)
  object space 103936K, 60% used [0x00000000b0000000,0x00000000b3d50c48,0x00000000b6580000)
}
Event: 523.636 GC heap before
{Heap before GC invocations=22 (full 5):
 PSYoungGen      total 305664K, used 1152K [0x00000000eaa80000, 0x0000000100000000, 0x0000000100000000)
  eden space 264192K, 0% used [0x00000000eaa80000,0x00000000eaa80000,0x00000000fac80000)
  from space 41472K, 2% used [0x00000000fac80000,0x00000000fada0020,0x00000000fd500000)
  to   space 41984K, 0% used [0x00000000fd700000,0x00000000fd700000,0x0000000100000000)
 ParOldGen       total 127488K, used 102708K [0x00000000c0000000, 0x00000000c7c80000, 0x00000000eaa80000)
  object space 127488K, 80% used [0x00000000c0000000,0x00000000c644d3b0,0x00000000c7c80000)
 PSPermGen       total 103936K, used 62787K [0x00000000b0000000, 0x00000000b6580000, 0x00000000c0000000)
  object space 103936K, 60% used [0x00000000b0000000,0x00000000b3d50c48,0x00000000b6580000)
Event: 525.528 GC heap after
Heap after GC invocations=22 (full 5):
 PSYoungGen      total 305664K, used 0K [0x00000000eaa80000, 0x0000000100000000, 0x0000000100000000)
  eden space 264192K, 0% used [0x00000000eaa80000,0x00000000eaa80000,0x00000000fac80000)
  from space 41472K, 0% used [0x00000000fac80000,0x00000000fac80000,0x00000000fd500000)
  to   space 41984K, 0% used [0x00000000fd700000,0x00000000fd700000,0x0000000100000000)
 ParOldGen       total 127488K, used 102779K [0x00000000c0000000, 0x00000000c7c80000, 0x00000000eaa80000)
  object space 127488K, 80% used [0x00000000c0000000,0x00000000c645ef28,0x00000000c7c80000)
 PSPermGen       total 103424K, used 62786K [0x00000000b0000000, 0x00000000b6500000, 0x00000000c0000000)
  object space 103424K, 60% used [0x00000000b0000000,0x00000000b3d508a8,0x00000000b6500000)
}
Event: 554.481 GC heap before
{Heap before GC invocations=23 (full 5):
 PSYoungGen      total 305664K, used 264192K [0x00000000eaa80000, 0x0000000100000000, 0x0000000100000000)
  eden space 264192K, 100% used [0x00000000eaa80000,0x00000000fac80000,0x00000000fac80000)
  from space 41472K, 0% used [0x00000000fac80000,0x00000000fac80000,0x00000000fd500000)
  to   space 41984K, 0% used [0x00000000fd700000,0x00000000fd700000,0x0000000100000000)
 ParOldGen       total 127488K, used 102779K [0x00000000c0000000, 0x00000000c7c80000, 0x00000000eaa80000)
  object space 127488K, 80% used [0x00000000c0000000,0x00000000c645ef28,0x00000000c7c80000)
 PSPermGen       total 103424K, used 63333K [0x00000000b0000000, 0x00000000b6500000, 0x00000000c0000000)
  object space 103424K, 61% used [0x00000000b0000000,0x00000000b3dd9510,0x00000000b6500000)
Event: 554.567 GC heap after
Heap after GC invocations=23 (full 5):
 PSYoungGen      total 306688K, used 24540K [0x00000000eaa80000, 0x0000000100000000, 0x0000000100000000)
  eden space 264704K, 0% used [0x00000000eaa80000,0x00000000eaa80000,0x00000000fad00000)
  from space 41984K, 58% used [0x00000000fd700000,0x00000000feef7260,0x0000000100000000)
  to   space 42496K, 0% used [0x00000000fad00000,0x00000000fad00000,0x00000000fd680000)
 ParOldGen       total 127488K, used 102779K [0x00000000c0000000, 0x00000000c7c80000, 0x00000000eaa80000)
  object space 127488K, 80% used [0x00000000c0000000,0x00000000c645ef28,0x00000000c7c80000)
 PSPermGen       total 103424K, used 63333K [0x00000000b0000000, 0x00000000b6500000, 0x00000000c0000000)
  object space 103424K, 61% used [0x00000000b0000000,0x00000000b3dd9510,0x00000000b6500000)
}
Event: 560.082 GC heap before
{Heap before GC invocations=24 (full 5):
 PSYoungGen      total 306688K, used 289244K [0x00000000eaa80000, 0x0000000100000000, 0x0000000100000000)
  eden space 264704K, 100% used [0x00000000eaa80000,0x00000000fad00000,0x00000000fad00000)
  from space 41984K, 58% used [0x00000000fd700000,0x00000000feef7260,0x0000000100000000)
  to   space 42496K, 0% used [0x00000000fad00000,0x00000000fad00000,0x00000000fd680000)
 ParOldGen       total 127488K, used 102779K [0x00000000c0000000, 0x00000000c7c80000, 0x00000000eaa80000)
  object space 127488K, 80% used [0x00000000c0000000,0x00000000c645ef28,0x00000000c7c80000)
 PSPermGen       total 103424K, used 67991K [0x00000000b0000000, 0x00000000b6500000, 0x00000000c0000000)
  object space 103424K, 65% used [0x00000000b0000000,0x00000000b4265eb8,0x00000000b6500000)
Event: 560.285 GC heap after
Heap after GC invocations=24 (full 5):
 PSYoungGen      total 307200K, used 42471K [0x00000000eaa80000, 0x0000000100000000, 0x0000000100000000)
  eden space 264704K, 0% used [0x00000000eaa80000,0x00000000eaa80000,0x00000000fad00000)
  from space 42496K, 99% used [0x00000000fad00000,0x00000000fd679c60,0x00000000fd680000)
  to   space 42496K, 0% used [0x00000000fd680000,0x00000000fd680000,0x0000000100000000)
 ParOldGen       total 141824K, used 141569K [0x00000000c0000000, 0x00000000c8a80000, 0x00000000eaa80000)
  object space 141824K, 99% used [0x00000000c0000000,0x00000000c8a407d0,0x00000000c8a80000)
 PSPermGen       total 103424K, used 67991K [0x00000000b0000000, 0x00000000b6500000, 0x00000000c0000000)
  object space 103424K, 65% used [0x00000000b0000000,0x00000000b4265eb8,0x00000000b6500000)
}
Event: 560.288 GC heap before
{Heap before GC invocations=25 (full 6):
 PSYoungGen      total 307200K, used 42471K [0x00000000eaa80000, 0x0000000100000000, 0x0000000100000000)
  eden space 264704K, 0% used [0x00000000eaa80000,0x00000000eaa80000,0x00000000fad00000)
  from space 42496K, 99% used [0x00000000fad00000,0x00000000fd679c60,0x00000000fd680000)
  to   space 42496K, 0% used [0x00000000fd680000,0x00000000fd680000,0x0000000100000000)
 ParOldGen       total 141824K, used 141569K [0x00000000c0000000, 0x00000000c8a80000, 0x00000000eaa80000)
  object space 141824K, 99% used [0x00000000c0000000,0x00000000c8a407d0,0x00000000c8a80000)
 PSPermGen       total 103424K, used 67991K [0x00000000b0000000, 0x00000000b6500000, 0x00000000c0000000)
  object space 103424K, 65% used [0x00000000b0000000,0x00000000b4265eb8,0x00000000b6500000)

