# JRE version: OpenJDK Runtime Environment (7.0_95) (build 1.7.0_95-b00)
# Java VM: OpenJDK 64-Bit Server VM (24.95-b01 mixed mode linux-amd64 compressed oops)
Heap
 PSYoungGen      total 250880K, used 11245K [0x00000000eaa80000, 0x0000000100000000, 0x0000000100000000)
  eden space 198144K, 0% used [0x00000000eaa80000,0x00000000eaa80000,0x00000000f6c00000)
  from space 52736K, 21% used [0x00000000fcc80000,0x00000000fd77b760,0x0000000100000000)
  to   space 75776K, 0% used [0x00000000f6c00000,0x00000000f6c00000,0x00000000fb600000)
 ParOldGen       total 133120K, used 132951K [0x00000000c0000000, 0x00000000c8200000, 0x00000000eaa80000)
  object space 133120K, 99% used [0x00000000c0000000,0x00000000c81d5fe0,0x00000000c8200000)
 PSPermGen       total 101888K, used 55214K [0x00000000b0000000, 0x00000000b6380000, 0x00000000c0000000)
  object space 101888K, 54% used [0x00000000b0000000,0x00000000b35eba58,0x00000000b6380000)
GC Heap History (10 events):
Event: 24.497 GC heap after
Heap after GC invocations=14 (full 1):
 PSYoungGen      total 310784K, used 37839K [0x00000000eaa80000, 0x0000000100000000, 0x0000000100000000)
  eden space 272896K, 0% used [0x00000000eaa80000,0x00000000eaa80000,0x00000000fb500000)
  from space 37888K, 99% used [0x00000000fb500000,0x00000000fd9f3ef0,0x00000000fda00000)
  to   space 38912K, 0% used [0x00000000fda00000,0x00000000fda00000,0x0000000100000000)
 ParOldGen       total 93696K, used 93100K [0x00000000c0000000, 0x00000000c5b80000, 0x00000000eaa80000)
  object space 93696K, 99% used [0x00000000c0000000,0x00000000c5aeb148,0x00000000c5b80000)
 PSPermGen       total 83968K, used 51553K [0x00000000b0000000, 0x00000000b5200000, 0x00000000c0000000)
  object space 83968K, 61% used [0x00000000b0000000,0x00000000b3258530,0x00000000b5200000)
}
Event: 24.524 GC heap before
{Heap before GC invocations=15 (full 2):
 PSYoungGen      total 310784K, used 37839K [0x00000000eaa80000, 0x0000000100000000, 0x0000000100000000)
  eden space 272896K, 0% used [0x00000000eaa80000,0x00000000eaa80000,0x00000000fb500000)
  from space 37888K, 99% used [0x00000000fb500000,0x00000000fd9f3ef0,0x00000000fda00000)
  to   space 38912K, 0% used [0x00000000fda00000,0x00000000fda00000,0x0000000100000000)
 ParOldGen       total 93696K, used 93100K [0x00000000c0000000, 0x00000000c5b80000, 0x00000000eaa80000)
  object space 93696K, 99% used [0x00000000c0000000,0x00000000c5aeb148,0x00000000c5b80000)
 PSPermGen       total 83968K, used 51553K [0x00000000b0000000, 0x00000000b5200000, 0x00000000c0000000)
  object space 83968K, 61% used [0x00000000b0000000,0x00000000b3258530,0x00000000b5200000)
Event: 25.493 GC heap after
Heap after GC invocations=15 (full 2):
 PSYoungGen      total 310784K, used 0K [0x00000000eaa80000, 0x0000000100000000, 0x0000000100000000)
  eden space 272896K, 0% used [0x00000000eaa80000,0x00000000eaa80000,0x00000000fb500000)
  from space 37888K, 0% used [0x00000000fb500000,0x00000000fb500000,0x00000000fda00000)
  to   space 38912K, 0% used [0x00000000fda00000,0x00000000fda00000,0x0000000100000000)
 ParOldGen       total 133120K, used 70549K [0x00000000c0000000, 0x00000000c8200000, 0x00000000eaa80000)
  object space 133120K, 52% used [0x00000000c0000000,0x00000000c44e5588,0x00000000c8200000)
 PSPermGen       total 101888K, used 51486K [0x00000000b0000000, 0x00000000b6380000, 0x00000000c0000000)
  object space 101888K, 50% used [0x00000000b0000000,0x00000000b3247b70,0x00000000b6380000)
}
Event: 38.998 GC heap before
{Heap before GC invocations=16 (full 2):
 PSYoungGen      total 310784K, used 272896K [0x00000000eaa80000, 0x0000000100000000, 0x0000000100000000)
  eden space 272896K, 100% used [0x00000000eaa80000,0x00000000fb500000,0x00000000fb500000)
  from space 37888K, 0% used [0x00000000fb500000,0x00000000fb500000,0x00000000fda00000)
  to   space 38912K, 0% used [0x00000000fda00000,0x00000000fda00000,0x0000000100000000)
 ParOldGen       total 133120K, used 70549K [0x00000000c0000000, 0x00000000c8200000, 0x00000000eaa80000)
  object space 133120K, 52% used [0x00000000c0000000,0x00000000c44e5588,0x00000000c8200000)
 PSPermGen       total 101888K, used 53889K [0x00000000b0000000, 0x00000000b6380000, 0x00000000c0000000)
  object space 101888K, 52% used [0x00000000b0000000,0x00000000b34a0540,0x00000000b6380000)
Event: 39.297 GC heap after
Heap after GC invocations=16 (full 2):
 PSYoungGen      total 286208K, used 38893K [0x00000000eaa80000, 0x0000000100000000, 0x0000000100000000)
  eden space 247296K, 0% used [0x00000000eaa80000,0x00000000eaa80000,0x00000000f9c00000)
  from space 38912K, 99% used [0x00000000fda00000,0x00000000ffffb7f0,0x0000000100000000)
  to   space 51200K, 0% used [0x00000000f9c00000,0x00000000f9c00000,0x00000000fce00000)
 ParOldGen       total 133120K, used 73218K [0x00000000c0000000, 0x00000000c8200000, 0x00000000eaa80000)
  object space 133120K, 55% used [0x00000000c0000000,0x00000000c4780ac8,0x00000000c8200000)
 PSPermGen       total 101888K, used 53889K [0x00000000b0000000, 0x00000000b6380000, 0x00000000c0000000)
  object space 101888K, 52% used [0x00000000b0000000,0x00000000b34a0540,0x00000000b6380000)
}
Event: 45.698 GC heap before
{Heap before GC invocations=17 (full 2):
 PSYoungGen      total 286208K, used 286189K [0x00000000eaa80000, 0x0000000100000000, 0x0000000100000000)
  eden space 247296K, 100% used [0x00000000eaa80000,0x00000000f9c00000,0x00000000f9c00000)
  from space 38912K, 99% used [0x00000000fda00000,0x00000000ffffb7f0,0x0000000100000000)
  to   space 51200K, 0% used [0x00000000f9c00000,0x00000000f9c00000,0x00000000fce00000)
 ParOldGen       total 133120K, used 73218K [0x00000000c0000000, 0x00000000c8200000, 0x00000000eaa80000)
  object space 133120K, 55% used [0x00000000c0000000,0x00000000c4780ac8,0x00000000c8200000)
 PSPermGen       total 101888K, used 55122K [0x00000000b0000000, 0x00000000b6380000, 0x00000000c0000000)
  object space 101888K, 54% used [0x00000000b0000000,0x00000000b35d4910,0x00000000b6380000)
Event: 45.808 GC heap after
Heap after GC invocations=17 (full 2):
 PSYoungGen      total 296960K, used 49285K [0x00000000eaa80000, 0x0000000100000000, 0x0000000100000000)
  eden space 247296K, 0% used [0x00000000eaa80000,0x00000000eaa80000,0x00000000f9c00000)
  from space 49664K, 99% used [0x00000000f9c00000,0x00000000fcc21448,0x00000000fcc80000)
  to   space 52736K, 0% used [0x00000000fcc80000,0x00000000fcc80000,0x0000000100000000)
 ParOldGen       total 133120K, used 94636K [0x00000000c0000000, 0x00000000c8200000, 0x00000000eaa80000)
  object space 133120K, 71% used [0x00000000c0000000,0x00000000c5c6b168,0x00000000c8200000)
 PSPermGen       total 101888K, used 55122K [0x00000000b0000000, 0x00000000b6380000, 0x00000000c0000000)
  object space 101888K, 54% used [0x00000000b0000000,0x00000000b35d4910,0x00000000b6380000)
}
Event: 46.888 GC heap before
{Heap before GC invocations=18 (full 2):
 PSYoungGen      total 296960K, used 296581K [0x00000000eaa80000, 0x0000000100000000, 0x0000000100000000)
  eden space 247296K, 100% used [0x00000000eaa80000,0x00000000f9c00000,0x00000000f9c00000)
  from space 49664K, 99% used [0x00000000f9c00000,0x00000000fcc21448,0x00000000fcc80000)
  to   space 52736K, 0% used [0x00000000fcc80000,0x00000000fcc80000,0x0000000100000000)
 ParOldGen       total 133120K, used 94636K [0x00000000c0000000, 0x00000000c8200000, 0x00000000eaa80000)
  object space 133120K, 71% used [0x00000000c0000000,0x00000000c5c6b168,0x00000000c8200000)
 PSPermGen       total 101888K, used 55311K [0x00000000b0000000, 0x00000000b6380000, 0x00000000c0000000)
  object space 101888K, 54% used [0x00000000b0000000,0x00000000b3603f00,0x00000000b6380000)
Event: 46.961 GC heap after
Heap after GC invocations=18 (full 2):
 PSYoungGen      total 250880K, used 52733K [0x00000000eaa80000, 0x0000000100000000, 0x0000000100000000)
  eden space 198144K, 0% used [0x00000000eaa80000,0x00000000eaa80000,0x00000000f6c00000)
  from space 52736K, 99% used [0x00000000fcc80000,0x00000000fffff7a0,0x0000000100000000)
  to   space 75776K, 0% used [0x00000000f6c00000,0x00000000f6c00000,0x00000000fb600000)
 ParOldGen       total 133120K, used 119442K [0x00000000c0000000, 0x00000000c8200000, 0x00000000eaa80000)
  object space 133120K, 89% used [0x00000000c0000000,0x00000000c74a49e8,0x00000000c8200000)
 PSPermGen       total 101888K, used 55311K [0x00000000b0000000, 0x00000000b6380000, 0x00000000c0000000)
  object space 101888K, 54% used [0x00000000b0000000,0x00000000b3603f00,0x00000000b6380000)
}
Event: 46.961 GC heap before
{Heap before GC invocations=19 (full 3):
 PSYoungGen      total 250880K, used 52733K [0x00000000eaa80000, 0x0000000100000000, 0x0000000100000000)
  eden space 198144K, 0% used [0x00000000eaa80000,0x00000000eaa80000,0x00000000f6c00000)
  from space 52736K, 99% used [0x00000000fcc80000,0x00000000fffff7a0,0x0000000100000000)
  to   space 75776K, 0% used [0x00000000f6c00000,0x00000000f6c00000,0x00000000fb600000)
 ParOldGen       total 133120K, used 119442K [0x00000000c0000000, 0x00000000c8200000, 0x00000000eaa80000)
  object space 133120K, 89% used [0x00000000c0000000,0x00000000c74a49e8,0x00000000c8200000)
 PSPermGen       total 101888K, used 55311K [0x00000000b0000000, 0x00000000b6380000, 0x00000000c0000000)
  object space 101888K, 54% used [0x00000000b0000000,0x00000000b3603f00,0x00000000b6380000)

