# JRE version: OpenJDK Runtime Environment (7.0_95) (build 1.7.0_95-b00)
# Java VM: OpenJDK 64-Bit Server VM (24.95-b01 mixed mode linux-amd64 compressed oops)
Heap
 PSYoungGen      total 249856K, used 0K [0x00000000eaa80000, 0x0000000100000000, 0x0000000100000000)
  eden space 150016K, 0% used [0x00000000eaa80000,0x00000000eaa80000,0x00000000f3d00000)
  from space 99840K, 0% used [0x00000000f3d00000,0x00000000f3d00000,0x00000000f9e80000)
  to   space 97792K, 0% used [0x00000000fa080000,0x00000000fa080000,0x0000000100000000)
 ParOldGen       total 375296K, used 374534K [0x00000000c0000000, 0x00000000d6e80000, 0x00000000eaa80000)
  object space 375296K, 99% used [0x00000000c0000000,0x00000000d6dc1bf0,0x00000000d6e80000)
 PSPermGen       total 21504K, used 6170K [0x00000000b5a00000, 0x00000000b6f00000, 0x00000000c0000000)
  object space 21504K, 28% used [0x00000000b5a00000,0x00000000b6006990,0x00000000b6f00000)
GC Heap History (10 events):
Event: 14.300 GC heap after
Heap after GC invocations=21 (full 4):
 PSYoungGen      total 239616K, used 17216K [0x00000000eaa80000, 0x00000000ffa80000, 0x0000000100000000)
  eden space 222208K, 0% used [0x00000000eaa80000,0x00000000eaa80000,0x00000000f8380000)
  from space 17408K, 98% used [0x00000000f8380000,0x00000000f9450278,0x00000000f9480000)
  to   space 60928K, 0% used [0x00000000fbf00000,0x00000000fbf00000,0x00000000ffa80000)
 ParOldGen       total 375296K, used 246922K [0x00000000c0000000, 0x00000000d6e80000, 0x00000000eaa80000)
  object space 375296K, 65% used [0x00000000c0000000,0x00000000cf122a18,0x00000000d6e80000)
 PSPermGen       total 21504K, used 6162K [0x00000000b5a00000, 0x00000000b6f00000, 0x00000000c0000000)
  object space 21504K, 28% used [0x00000000b5a00000,0x00000000b60048e8,0x00000000b6f00000)
}
Event: 14.847 GC heap before
{Heap before GC invocations=22 (full 4):
 PSYoungGen      total 239616K, used 239424K [0x00000000eaa80000, 0x00000000ffa80000, 0x0000000100000000)
  eden space 222208K, 100% used [0x00000000eaa80000,0x00000000f8380000,0x00000000f8380000)
  from space 17408K, 98% used [0x00000000f8380000,0x00000000f9450278,0x00000000f9480000)
  to   space 60928K, 0% used [0x00000000fbf00000,0x00000000fbf00000,0x00000000ffa80000)
 ParOldGen       total 375296K, used 246922K [0x00000000c0000000, 0x00000000d6e80000, 0x00000000eaa80000)
  object space 375296K, 65% used [0x00000000c0000000,0x00000000cf122a18,0x00000000d6e80000)
 PSPermGen       total 21504K, used 6164K [0x00000000b5a00000, 0x00000000b6f00000, 0x00000000c0000000)
  object space 21504K, 28% used [0x00000000b5a00000,0x00000000b60052f0,0x00000000b6f00000)
Event: 14.904 GC heap after
Heap after GC invocations=22 (full 4):
 PSYoungGen      total 278528K, used 47744K [0x00000000eaa80000, 0x0000000100000000, 0x0000000100000000)
  eden space 217600K, 0% used [0x00000000eaa80000,0x00000000eaa80000,0x00000000f7f00000)
  from space 60928K, 78% used [0x00000000fbf00000,0x00000000feda0068,0x00000000ffa80000)
  to   space 65536K, 0% used [0x00000000f7f00000,0x00000000f7f00000,0x00000000fbf00000)
 ParOldGen       total 375296K, used 246922K [0x00000000c0000000, 0x00000000d6e80000, 0x00000000eaa80000)
  object space 375296K, 65% used [0x00000000c0000000,0x00000000cf122a18,0x00000000d6e80000)
 PSPermGen       total 21504K, used 6164K [0x00000000b5a00000, 0x00000000b6f00000, 0x00000000c0000000)
  object space 21504K, 28% used [0x00000000b5a00000,0x00000000b60052f0,0x00000000b6f00000)
}
Event: 15.473 GC heap before
{Heap before GC invocations=23 (full 4):
 PSYoungGen      total 278528K, used 265344K [0x00000000eaa80000, 0x0000000100000000, 0x0000000100000000)
  eden space 217600K, 100% used [0x00000000eaa80000,0x00000000f7f00000,0x00000000f7f00000)
  from space 60928K, 78% used [0x00000000fbf00000,0x00000000feda0068,0x00000000ffa80000)
  to   space 65536K, 0% used [0x00000000f7f00000,0x00000000f7f00000,0x00000000fbf00000)
 ParOldGen       total 375296K, used 246922K [0x00000000c0000000, 0x00000000d6e80000, 0x00000000eaa80000)
  object space 375296K, 65% used [0x00000000c0000000,0x00000000cf122a18,0x00000000d6e80000)
 PSPermGen       total 21504K, used 6166K [0x00000000b5a00000, 0x00000000b6f00000, 0x00000000c0000000)
  object space 21504K, 28% used [0x00000000b5a00000,0x00000000b6005b18,0x00000000b6f00000)
Event: 15.556 GC heap after
Heap after GC invocations=23 (full 4):
 PSYoungGen      total 283136K, used 65531K [0x00000000eaa80000, 0x0000000100000000, 0x0000000100000000)
  eden space 217600K, 0% used [0x00000000eaa80000,0x00000000eaa80000,0x00000000f7f00000)
  from space 65536K, 99% used [0x00000000f7f00000,0x00000000fbefeee0,0x00000000fbf00000)
  to   space 66560K, 0% used [0x00000000fbf00000,0x00000000fbf00000,0x0000000100000000)
 ParOldGen       total 375296K, used 258135K [0x00000000c0000000, 0x00000000d6e80000, 0x00000000eaa80000)
  object space 375296K, 68% used [0x00000000c0000000,0x00000000cfc15c90,0x00000000d6e80000)
 PSPermGen       total 21504K, used 6166K [0x00000000b5a00000, 0x00000000b6f00000, 0x00000000c0000000)
  object space 21504K, 28% used [0x00000000b5a00000,0x00000000b6005b18,0x00000000b6f00000)
}
Event: 16.030 GC heap before
{Heap before GC invocations=24 (full 4):
 PSYoungGen      total 283136K, used 283131K [0x00000000eaa80000, 0x0000000100000000, 0x0000000100000000)
  eden space 217600K, 100% used [0x00000000eaa80000,0x00000000f7f00000,0x00000000f7f00000)
  from space 65536K, 99% used [0x00000000f7f00000,0x00000000fbefeee0,0x00000000fbf00000)
  to   space 66560K, 0% used [0x00000000fbf00000,0x00000000fbf00000,0x0000000100000000)
 ParOldGen       total 375296K, used 258135K [0x00000000c0000000, 0x00000000d6e80000, 0x00000000eaa80000)
  object space 375296K, 68% used [0x00000000c0000000,0x00000000cfc15c90,0x00000000d6e80000)
 PSPermGen       total 21504K, used 6167K [0x00000000b5a00000, 0x00000000b6f00000, 0x00000000c0000000)
  object space 21504K, 28% used [0x00000000b5a00000,0x00000000b6005e58,0x00000000b6f00000)
Event: 16.157 GC heap after
Heap after GC invocations=24 (full 4):
 PSYoungGen      total 216576K, used 66536K [0x00000000eaa80000, 0x0000000100000000, 0x0000000100000000)
  eden space 150016K, 0% used [0x00000000eaa80000,0x00000000eaa80000,0x00000000f3d00000)
  from space 66560K, 99% used [0x00000000fbf00000,0x00000000ffffa358,0x0000000100000000)
  to   space 99840K, 0% used [0x00000000f3d00000,0x00000000f3d00000,0x00000000f9e80000)
 ParOldGen       total 375296K, used 289479K [0x00000000c0000000, 0x00000000d6e80000, 0x00000000eaa80000)
  object space 375296K, 77% used [0x00000000c0000000,0x00000000d1ab1c80,0x00000000d6e80000)
 PSPermGen       total 21504K, used 6167K [0x00000000b5a00000, 0x00000000b6f00000, 0x00000000c0000000)
  object space 21504K, 28% used [0x00000000b5a00000,0x00000000b6005e58,0x00000000b6f00000)
}
Event: 16.504 GC heap before
{Heap before GC invocations=25 (full 4):
 PSYoungGen      total 216576K, used 216552K [0x00000000eaa80000, 0x0000000100000000, 0x0000000100000000)
  eden space 150016K, 100% used [0x00000000eaa80000,0x00000000f3d00000,0x00000000f3d00000)
  from space 66560K, 99% used [0x00000000fbf00000,0x00000000ffffa358,0x0000000100000000)
  to   space 99840K, 0% used [0x00000000f3d00000,0x00000000f3d00000,0x00000000f9e80000)
 ParOldGen       total 375296K, used 289479K [0x00000000c0000000, 0x00000000d6e80000, 0x00000000eaa80000)
  object space 375296K, 77% used [0x00000000c0000000,0x00000000d1ab1c80,0x00000000d6e80000)
 PSPermGen       total 21504K, used 6170K [0x00000000b5a00000, 0x00000000b6f00000, 0x00000000c0000000)
  object space 21504K, 28% used [0x00000000b5a00000,0x00000000b6006a70,0x00000000b6f00000)
Event: 16.607 GC heap after
Heap after GC invocations=25 (full 4):
 PSYoungGen      total 249856K, used 49761K [0x00000000eaa80000, 0x0000000100000000, 0x0000000100000000)
  eden space 150016K, 0% used [0x00000000eaa80000,0x00000000eaa80000,0x00000000f3d00000)
  from space 99840K, 49% used [0x00000000f3d00000,0x00000000f6d986a8,0x00000000f9e80000)
  to   space 97792K, 0% used [0x00000000fa080000,0x00000000fa080000,0x0000000100000000)
 ParOldGen       total 375296K, used 330125K [0x00000000c0000000, 0x00000000d6e80000, 0x00000000eaa80000)
  object space 375296K, 87% used [0x00000000c0000000,0x00000000d4263778,0x00000000d6e80000)
 PSPermGen       total 21504K, used 6170K [0x00000000b5a00000, 0x00000000b6f00000, 0x00000000c0000000)
  object space 21504K, 28% used [0x00000000b5a00000,0x00000000b6006a70,0x00000000b6f00000)
}
Event: 16.607 GC heap before
{Heap before GC invocations=26 (full 5):
 PSYoungGen      total 249856K, used 49761K [0x00000000eaa80000, 0x0000000100000000, 0x0000000100000000)
  eden space 150016K, 0% used [0x00000000eaa80000,0x00000000eaa80000,0x00000000f3d00000)
  from space 99840K, 49% used [0x00000000f3d00000,0x00000000f6d986a8,0x00000000f9e80000)
  to   space 97792K, 0% used [0x00000000fa080000,0x00000000fa080000,0x0000000100000000)
 ParOldGen       total 375296K, used 330125K [0x00000000c0000000, 0x00000000d6e80000, 0x00000000eaa80000)
  object space 375296K, 87% used [0x00000000c0000000,0x00000000d4263778,0x00000000d6e80000)
 PSPermGen       total 21504K, used 6170K [0x00000000b5a00000, 0x00000000b6f00000, 0x00000000c0000000)
  object space 21504K, 28% used [0x00000000b5a00000,0x00000000b6006a70,0x00000000b6f00000)

