# JRE version: OpenJDK Runtime Environment (7.0_95) (build 1.7.0_95-b00)
# Java VM: OpenJDK 64-Bit Server VM (24.95-b01 mixed mode linux-amd64 compressed oops)
Heap
 PSYoungGen      total 254464K, used 45414K [0x00000000eaa80000, 0x0000000100000000, 0x0000000100000000)
  eden space 159232K, 0% used [0x00000000eaa80000,0x00000000eaa80000,0x00000000f4600000)
  from space 95232K, 47% used [0x00000000f4600000,0x00000000f7259800,0x00000000fa300000)
  to   space 95232K, 0% used [0x00000000fa300000,0x00000000fa300000,0x0000000100000000)
 ParOldGen       total 368640K, used 368508K [0x00000000c0000000, 0x00000000d6800000, 0x00000000eaa80000)
  object space 368640K, 99% used [0x00000000c0000000,0x00000000d67df278,0x00000000d6800000)
 PSPermGen       total 21504K, used 6197K [0x00000000b5a00000, 0x00000000b6f00000, 0x00000000c0000000)
  object space 21504K, 28% used [0x00000000b5a00000,0x00000000b600d640,0x00000000b6f00000)
GC Heap History (10 events):
Event: 18.431 GC heap after
Heap after GC invocations=23 (full 4):
 PSYoungGen      total 277504K, used 45523K [0x00000000eaa80000, 0x0000000100000000, 0x0000000100000000)
  eden space 212480K, 0% used [0x00000000eaa80000,0x00000000eaa80000,0x00000000f7a00000)
  from space 65024K, 70% used [0x00000000f7a00000,0x00000000fa674fe8,0x00000000fb980000)
  to   space 68096K, 0% used [0x00000000fbd80000,0x00000000fbd80000,0x0000000100000000)
 ParOldGen       total 368640K, used 261886K [0x00000000c0000000, 0x00000000d6800000, 0x00000000eaa80000)
  object space 368640K, 71% used [0x00000000c0000000,0x00000000cffbfaf8,0x00000000d6800000)
 PSPermGen       total 21504K, used 6159K [0x00000000b5a00000, 0x00000000b6f00000, 0x00000000c0000000)
  object space 21504K, 28% used [0x00000000b5a00000,0x00000000b6003e68,0x00000000b6f00000)
}
Event: 19.039 GC heap before
{Heap before GC invocations=24 (full 4):
 PSYoungGen      total 277504K, used 258003K [0x00000000eaa80000, 0x0000000100000000, 0x0000000100000000)
  eden space 212480K, 100% used [0x00000000eaa80000,0x00000000f7a00000,0x00000000f7a00000)
  from space 65024K, 70% used [0x00000000f7a00000,0x00000000fa674fe8,0x00000000fb980000)
  to   space 68096K, 0% used [0x00000000fbd80000,0x00000000fbd80000,0x0000000100000000)
 ParOldGen       total 368640K, used 261886K [0x00000000c0000000, 0x00000000d6800000, 0x00000000eaa80000)
  object space 368640K, 71% used [0x00000000c0000000,0x00000000cffbfaf8,0x00000000d6800000)
 PSPermGen       total 21504K, used 6160K [0x00000000b5a00000, 0x00000000b6f00000, 0x00000000c0000000)
  object space 21504K, 28% used [0x00000000b5a00000,0x00000000b6004030,0x00000000b6f00000)
Event: 19.132 GC heap after
Heap after GC invocations=24 (full 4):
 PSYoungGen      total 256000K, used 68069K [0x00000000eaa80000, 0x0000000100000000, 0x0000000100000000)
  eden space 187904K, 0% used [0x00000000eaa80000,0x00000000eaa80000,0x00000000f6200000)
  from space 68096K, 99% used [0x00000000fbd80000,0x00000000ffff9440,0x0000000100000000)
  to   space 80896K, 0% used [0x00000000f6200000,0x00000000f6200000,0x00000000fb100000)
 ParOldGen       total 368640K, used 267251K [0x00000000c0000000, 0x00000000d6800000, 0x00000000eaa80000)
  object space 368640K, 72% used [0x00000000c0000000,0x00000000d04fce98,0x00000000d6800000)
 PSPermGen       total 21504K, used 6160K [0x00000000b5a00000, 0x00000000b6f00000, 0x00000000c0000000)
  object space 21504K, 28% used [0x00000000b5a00000,0x00000000b6004030,0x00000000b6f00000)
}
Event: 19.550 GC heap before
{Heap before GC invocations=25 (full 4):
 PSYoungGen      total 256000K, used 255973K [0x00000000eaa80000, 0x0000000100000000, 0x0000000100000000)
  eden space 187904K, 100% used [0x00000000eaa80000,0x00000000f6200000,0x00000000f6200000)
  from space 68096K, 99% used [0x00000000fbd80000,0x00000000ffff9440,0x0000000100000000)
  to   space 80896K, 0% used [0x00000000f6200000,0x00000000f6200000,0x00000000fb100000)
 ParOldGen       total 368640K, used 267251K [0x00000000c0000000, 0x00000000d6800000, 0x00000000eaa80000)
  object space 368640K, 72% used [0x00000000c0000000,0x00000000d04fce98,0x00000000d6800000)
 PSPermGen       total 21504K, used 6161K [0x00000000b5a00000, 0x00000000b6f00000, 0x00000000c0000000)
  object space 21504K, 28% used [0x00000000b5a00000,0x00000000b60044c0,0x00000000b6f00000)
Event: 19.942 GC heap after
Heap after GC invocations=25 (full 4):
 PSYoungGen      total 240128K, used 52052K [0x00000000eaa80000, 0x0000000100000000, 0x0000000100000000)
  eden space 187904K, 0% used [0x00000000eaa80000,0x00000000eaa80000,0x00000000f6200000)
  from space 52224K, 99% used [0x00000000f6200000,0x00000000f94d5240,0x00000000f9500000)
  to   space 82944K, 0% used [0x00000000faf00000,0x00000000faf00000,0x0000000100000000)
 ParOldGen       total 368640K, used 312253K [0x00000000c0000000, 0x00000000d6800000, 0x00000000eaa80000)
  object space 368640K, 84% used [0x00000000c0000000,0x00000000d30ef7a8,0x00000000d6800000)
 PSPermGen       total 21504K, used 6161K [0x00000000b5a00000, 0x00000000b6f00000, 0x00000000c0000000)
  object space 21504K, 28% used [0x00000000b5a00000,0x00000000b60044c0,0x00000000b6f00000)
}
Event: 20.544 GC heap before
{Heap before GC invocations=26 (full 4):
 PSYoungGen      total 240128K, used 239956K [0x00000000eaa80000, 0x0000000100000000, 0x0000000100000000)
  eden space 187904K, 100% used [0x00000000eaa80000,0x00000000f6200000,0x00000000f6200000)
  from space 52224K, 99% used [0x00000000f6200000,0x00000000f94d5240,0x00000000f9500000)
  to   space 82944K, 0% used [0x00000000faf00000,0x00000000faf00000,0x0000000100000000)
 ParOldGen       total 368640K, used 312253K [0x00000000c0000000, 0x00000000d6800000, 0x00000000eaa80000)
  object space 368640K, 84% used [0x00000000c0000000,0x00000000d30ef7a8,0x00000000d6800000)
 PSPermGen       total 21504K, used 6169K [0x00000000b5a00000, 0x00000000b6f00000, 0x00000000c0000000)
  object space 21504K, 28% used [0x00000000b5a00000,0x00000000b6006490,0x00000000b6f00000)
Event: 20.697 GC heap after
Heap after GC invocations=26 (full 4):
 PSYoungGen      total 242176K, used 80223K [0x00000000eaa80000, 0x0000000100000000, 0x0000000100000000)
  eden space 159232K, 0% used [0x00000000eaa80000,0x00000000eaa80000,0x00000000f4600000)
  from space 82944K, 96% used [0x00000000faf00000,0x00000000ffd57d60,0x0000000100000000)
  to   space 95232K, 0% used [0x00000000f4600000,0x00000000f4600000,0x00000000fa300000)
 ParOldGen       total 368640K, used 312253K [0x00000000c0000000, 0x00000000d6800000, 0x00000000eaa80000)
  object space 368640K, 84% used [0x00000000c0000000,0x00000000d30ef7a8,0x00000000d6800000)
 PSPermGen       total 21504K, used 6169K [0x00000000b5a00000, 0x00000000b6f00000, 0x00000000c0000000)
  object space 21504K, 28% used [0x00000000b5a00000,0x00000000b6006490,0x00000000b6f00000)
}
Event: 21.229 GC heap before
{Heap before GC invocations=27 (full 4):
 PSYoungGen      total 242176K, used 239455K [0x00000000eaa80000, 0x0000000100000000, 0x0000000100000000)
  eden space 159232K, 100% used [0x00000000eaa80000,0x00000000f4600000,0x00000000f4600000)
  from space 82944K, 96% used [0x00000000faf00000,0x00000000ffd57d60,0x0000000100000000)
  to   space 95232K, 0% used [0x00000000f4600000,0x00000000f4600000,0x00000000fa300000)
 ParOldGen       total 368640K, used 312253K [0x00000000c0000000, 0x00000000d6800000, 0x00000000eaa80000)
  object space 368640K, 84% used [0x00000000c0000000,0x00000000d30ef7a8,0x00000000d6800000)
 PSPermGen       total 21504K, used 6197K [0x00000000b5a00000, 0x00000000b6f00000, 0x00000000c0000000)
  object space 21504K, 28% used [0x00000000b5a00000,0x00000000b600d740,0x00000000b6f00000)
Event: 21.424 GC heap after
Heap after GC invocations=27 (full 4):
 PSYoungGen      total 254464K, used 95223K [0x00000000eaa80000, 0x0000000100000000, 0x0000000100000000)
  eden space 159232K, 0% used [0x00000000eaa80000,0x00000000eaa80000,0x00000000f4600000)
  from space 95232K, 99% used [0x00000000f4600000,0x00000000fa2fdd58,0x00000000fa300000)
  to   space 95232K, 0% used [0x00000000fa300000,0x00000000fa300000,0x0000000100000000)
 ParOldGen       total 368640K, used 323642K [0x00000000c0000000, 0x00000000d6800000, 0x00000000eaa80000)
  object space 368640K, 87% used [0x00000000c0000000,0x00000000d3c0ea50,0x00000000d6800000)
 PSPermGen       total 21504K, used 6197K [0x00000000b5a00000, 0x00000000b6f00000, 0x00000000c0000000)
  object space 21504K, 28% used [0x00000000b5a00000,0x00000000b600d740,0x00000000b6f00000)
}
Event: 21.425 GC heap before
{Heap before GC invocations=28 (full 5):
 PSYoungGen      total 254464K, used 95223K [0x00000000eaa80000, 0x0000000100000000, 0x0000000100000000)
  eden space 159232K, 0% used [0x00000000eaa80000,0x00000000eaa80000,0x00000000f4600000)
  from space 95232K, 99% used [0x00000000f4600000,0x00000000fa2fdd58,0x00000000fa300000)
  to   space 95232K, 0% used [0x00000000fa300000,0x00000000fa300000,0x0000000100000000)
 ParOldGen       total 368640K, used 323642K [0x00000000c0000000, 0x00000000d6800000, 0x00000000eaa80000)
  object space 368640K, 87% used [0x00000000c0000000,0x00000000d3c0ea50,0x00000000d6800000)
 PSPermGen       total 21504K, used 6197K [0x00000000b5a00000, 0x00000000b6f00000, 0x00000000c0000000)
  object space 21504K, 28% used [0x00000000b5a00000,0x00000000b600d740,0x00000000b6f00000)

