# JRE version: OpenJDK Runtime Environment (7.0_95) (build 1.7.0_95-b00)
# Java VM: OpenJDK 64-Bit Server VM (24.95-b01 mixed mode linux-amd64 compressed oops)
Heap
 PSYoungGen      total 246784K, used 33314K [0x00000000eaa80000, 0x0000000100000000, 0x0000000100000000)
  eden space 176640K, 0% used [0x00000000eaa80000,0x00000000eaa80000,0x00000000f5700000)
  from space 70144K, 47% used [0x00000000fbb80000,0x00000000fdc08a10,0x0000000100000000)
  to   space 86528K, 0% used [0x00000000f5700000,0x00000000f5700000,0x00000000fab80000)
 ParOldGen       total 242688K, used 242474K [0x00000000c0000000, 0x00000000ced00000, 0x00000000eaa80000)
  object space 242688K, 99% used [0x00000000c0000000,0x00000000ceccab90,0x00000000ced00000)
 PSPermGen       total 21504K, used 6159K [0x00000000b5a00000, 0x00000000b6f00000, 0x00000000c0000000)
  object space 21504K, 28% used [0x00000000b5a00000,0x00000000b6003c30,0x00000000b6f00000)
GC Heap History (10 events):
Event: 11.018 GC heap after
Heap after GC invocations=17 (full 3):
 PSYoungGen      total 239616K, used 30185K [0x00000000eaa80000, 0x00000000fc480000, 0x0000000100000000)
  eden space 195584K, 0% used [0x00000000eaa80000,0x00000000eaa80000,0x00000000f6980000)
  from space 44032K, 68% used [0x00000000f9980000,0x00000000fb6fa670,0x00000000fc480000)
  to   space 46592K, 0% used [0x00000000f6980000,0x00000000f6980000,0x00000000f9700000)
 ParOldGen       total 235520K, used 142415K [0x00000000c0000000, 0x00000000ce600000, 0x00000000eaa80000)
  object space 235520K, 60% used [0x00000000c0000000,0x00000000c8b13f30,0x00000000ce600000)
 PSPermGen       total 21504K, used 6124K [0x00000000b5a00000, 0x00000000b6f00000, 0x00000000c0000000)
  object space 21504K, 28% used [0x00000000b5a00000,0x00000000b5ffb170,0x00000000b6f00000)
}
Event: 11.520 GC heap before
{Heap before GC invocations=18 (full 3):
 PSYoungGen      total 239616K, used 225769K [0x00000000eaa80000, 0x00000000fc480000, 0x0000000100000000)
  eden space 195584K, 100% used [0x00000000eaa80000,0x00000000f6980000,0x00000000f6980000)
  from space 44032K, 68% used [0x00000000f9980000,0x00000000fb6fa670,0x00000000fc480000)
  to   space 46592K, 0% used [0x00000000f6980000,0x00000000f6980000,0x00000000f9700000)
 ParOldGen       total 235520K, used 142415K [0x00000000c0000000, 0x00000000ce600000, 0x00000000eaa80000)
  object space 235520K, 60% used [0x00000000c0000000,0x00000000c8b13f30,0x00000000ce600000)
 PSPermGen       total 21504K, used 6138K [0x00000000b5a00000, 0x00000000b6f00000, 0x00000000c0000000)
  object space 21504K, 28% used [0x00000000b5a00000,0x00000000b5ffeb38,0x00000000b6f00000)
Event: 11.603 GC heap after
Heap after GC invocations=18 (full 3):
 PSYoungGen      total 242176K, used 46570K [0x00000000eaa80000, 0x0000000100000000, 0x0000000100000000)
  eden space 195584K, 0% used [0x00000000eaa80000,0x00000000eaa80000,0x00000000f6980000)
  from space 46592K, 99% used [0x00000000f6980000,0x00000000f96fa870,0x00000000f9700000)
  to   space 60416K, 0% used [0x00000000fc500000,0x00000000fc500000,0x0000000100000000)
 ParOldGen       total 235520K, used 159575K [0x00000000c0000000, 0x00000000ce600000, 0x00000000eaa80000)
  object space 235520K, 67% used [0x00000000c0000000,0x00000000c9bd5e70,0x00000000ce600000)
 PSPermGen       total 21504K, used 6138K [0x00000000b5a00000, 0x00000000b6f00000, 0x00000000c0000000)
  object space 21504K, 28% used [0x00000000b5a00000,0x00000000b5ffeb38,0x00000000b6f00000)
}
Event: 12.129 GC heap before
{Heap before GC invocations=19 (full 3):
 PSYoungGen      total 242176K, used 242154K [0x00000000eaa80000, 0x0000000100000000, 0x0000000100000000)
  eden space 195584K, 100% used [0x00000000eaa80000,0x00000000f6980000,0x00000000f6980000)
  from space 46592K, 99% used [0x00000000f6980000,0x00000000f96fa870,0x00000000f9700000)
  to   space 60416K, 0% used [0x00000000fc500000,0x00000000fc500000,0x0000000100000000)
 ParOldGen       total 235520K, used 159575K [0x00000000c0000000, 0x00000000ce600000, 0x00000000eaa80000)
  object space 235520K, 67% used [0x00000000c0000000,0x00000000c9bd5e70,0x00000000ce600000)
 PSPermGen       total 21504K, used 6150K [0x00000000b5a00000, 0x00000000b6f00000, 0x00000000c0000000)
  object space 21504K, 28% used [0x00000000b5a00000,0x00000000b6001ad0,0x00000000b6f00000)
Event: 12.309 GC heap after
Heap after GC invocations=19 (full 3):
 PSYoungGen      total 269824K, used 60196K [0x00000000eaa80000, 0x0000000100000000, 0x0000000100000000)
  eden space 209408K, 0% used [0x00000000eaa80000,0x00000000eaa80000,0x00000000f7700000)
  from space 60416K, 99% used [0x00000000fc500000,0x00000000fffc9350,0x0000000100000000)
  to   space 70144K, 0% used [0x00000000f7700000,0x00000000f7700000,0x00000000fbb80000)
 ParOldGen       total 235520K, used 178556K [0x00000000c0000000, 0x00000000ce600000, 0x00000000eaa80000)
  object space 235520K, 75% used [0x00000000c0000000,0x00000000cae5f058,0x00000000ce600000)
 PSPermGen       total 21504K, used 6150K [0x00000000b5a00000, 0x00000000b6f00000, 0x00000000c0000000)
  object space 21504K, 28% used [0x00000000b5a00000,0x00000000b6001ad0,0x00000000b6f00000)
}
Event: 12.858 GC heap before
{Heap before GC invocations=20 (full 3):
 PSYoungGen      total 269824K, used 269604K [0x00000000eaa80000, 0x0000000100000000, 0x0000000100000000)
  eden space 209408K, 100% used [0x00000000eaa80000,0x00000000f7700000,0x00000000f7700000)
  from space 60416K, 99% used [0x00000000fc500000,0x00000000fffc9350,0x0000000100000000)
  to   space 70144K, 0% used [0x00000000f7700000,0x00000000f7700000,0x00000000fbb80000)
 ParOldGen       total 235520K, used 178556K [0x00000000c0000000, 0x00000000ce600000, 0x00000000eaa80000)
  object space 235520K, 75% used [0x00000000c0000000,0x00000000cae5f058,0x00000000ce600000)
 PSPermGen       total 21504K, used 6156K [0x00000000b5a00000, 0x00000000b6f00000, 0x00000000c0000000)
  object space 21504K, 28% used [0x00000000b5a00000,0x00000000b60033d8,0x00000000b6f00000)
Event: 12.951 GC heap after
Heap after GC invocations=20 (full 3):
 PSYoungGen      total 279552K, used 70112K [0x00000000eaa80000, 0x0000000100000000, 0x0000000100000000)
  eden space 209408K, 0% used [0x00000000eaa80000,0x00000000eaa80000,0x00000000f7700000)
  from space 70144K, 99% used [0x00000000f7700000,0x00000000fbb78020,0x00000000fbb80000)
  to   space 70144K, 0% used [0x00000000fbb80000,0x00000000fbb80000,0x0000000100000000)
 ParOldGen       total 235520K, used 196326K [0x00000000c0000000, 0x00000000ce600000, 0x00000000eaa80000)
  object space 235520K, 83% used [0x00000000c0000000,0x00000000cbfb9848,0x00000000ce600000)
 PSPermGen       total 21504K, used 6156K [0x00000000b5a00000, 0x00000000b6f00000, 0x00000000c0000000)
  object space 21504K, 28% used [0x00000000b5a00000,0x00000000b60033d8,0x00000000b6f00000)
}
Event: 13.557 GC heap before
{Heap before GC invocations=21 (full 3):
 PSYoungGen      total 279552K, used 279520K [0x00000000eaa80000, 0x0000000100000000, 0x0000000100000000)
  eden space 209408K, 100% used [0x00000000eaa80000,0x00000000f7700000,0x00000000f7700000)
  from space 70144K, 99% used [0x00000000f7700000,0x00000000fbb78020,0x00000000fbb80000)
  to   space 70144K, 0% used [0x00000000fbb80000,0x00000000fbb80000,0x0000000100000000)
 ParOldGen       total 235520K, used 196326K [0x00000000c0000000, 0x00000000ce600000, 0x00000000eaa80000)
  object space 235520K, 83% used [0x00000000c0000000,0x00000000cbfb9848,0x00000000ce600000)
 PSPermGen       total 21504K, used 6159K [0x00000000b5a00000, 0x00000000b6f00000, 0x00000000c0000000)
  object space 21504K, 28% used [0x00000000b5a00000,0x00000000b6003d30,0x00000000b6f00000)
Event: 13.675 GC heap after
Heap after GC invocations=21 (full 3):
 PSYoungGen      total 246784K, used 43188K [0x00000000eaa80000, 0x0000000100000000, 0x0000000100000000)
  eden space 176640K, 0% used [0x00000000eaa80000,0x00000000eaa80000,0x00000000f5700000)
  from space 70144K, 61% used [0x00000000fbb80000,0x00000000fe5ad1b8,0x0000000100000000)
  to   space 86528K, 0% used [0x00000000f5700000,0x00000000f5700000,0x00000000fab80000)
 ParOldGen       total 242688K, used 242432K [0x00000000c0000000, 0x00000000ced00000, 0x00000000eaa80000)
  object space 242688K, 99% used [0x00000000c0000000,0x00000000cecc0368,0x00000000ced00000)
 PSPermGen       total 21504K, used 6159K [0x00000000b5a00000, 0x00000000b6f00000, 0x00000000c0000000)
  object space 21504K, 28% used [0x00000000b5a00000,0x00000000b6003d30,0x00000000b6f00000)
}
Event: 13.675 GC heap before
{Heap before GC invocations=22 (full 4):
 PSYoungGen      total 246784K, used 43188K [0x00000000eaa80000, 0x0000000100000000, 0x0000000100000000)
  eden space 176640K, 0% used [0x00000000eaa80000,0x00000000eaa80000,0x00000000f5700000)
  from space 70144K, 61% used [0x00000000fbb80000,0x00000000fe5ad1b8,0x0000000100000000)
  to   space 86528K, 0% used [0x00000000f5700000,0x00000000f5700000,0x00000000fab80000)
 ParOldGen       total 242688K, used 242432K [0x00000000c0000000, 0x00000000ced00000, 0x00000000eaa80000)
  object space 242688K, 99% used [0x00000000c0000000,0x00000000cecc0368,0x00000000ced00000)
 PSPermGen       total 21504K, used 6159K [0x00000000b5a00000, 0x00000000b6f00000, 0x00000000c0000000)
  object space 21504K, 28% used [0x00000000b5a00000,0x00000000b6003d30,0x00000000b6f00000)

