# JRE version: OpenJDK Runtime Environment (7.0_95) (build 1.7.0_95-b00)
# Java VM: OpenJDK 64-Bit Server VM (24.95-b01 mixed mode linux-amd64 compressed oops)
Heap
 PSYoungGen      total 244736K, used 47099K [0x00000000eaa80000, 0x00000000fc780000, 0x0000000100000000)
  eden space 197632K, 0% used [0x00000000eaa80000,0x00000000eaa80000,0x00000000f6b80000)
  from space 47104K, 99% used [0x00000000f6b80000,0x00000000f997eca8,0x00000000f9980000)
  to   space 42496K, 0% used [0x00000000f9e00000,0x00000000f9e00000,0x00000000fc780000)
 ParOldGen       total 231424K, used 159597K [0x00000000c0000000, 0x00000000ce200000, 0x00000000eaa80000)
  object space 231424K, 68% used [0x00000000c0000000,0x00000000c9bdb678,0x00000000ce200000)
 PSPermGen       total 21504K, used 6141K [0x00000000b5a00000, 0x00000000b6f00000, 0x00000000c0000000)
  object space 21504K, 28% used [0x00000000b5a00000,0x00000000b5fff570,0x00000000b6f00000)
GC Heap History (10 events):
Event: 10.475 GC heap after
Heap after GC invocations=13 (full 2):
 PSYoungGen      total 204288K, used 16650K [0x00000000eaa80000, 0x00000000f9c00000, 0x0000000100000000)
  eden space 171008K, 0% used [0x00000000eaa80000,0x00000000eaa80000,0x00000000f5180000)
  from space 33280K, 50% used [0x00000000f5180000,0x00000000f61c2bb8,0x00000000f7200000)
  to   space 34304K, 0% used [0x00000000f7a80000,0x00000000f7a80000,0x00000000f9c00000)
 ParOldGen       total 141312K, used 78926K [0x00000000c0000000, 0x00000000c8a00000, 0x00000000eaa80000)
  object space 141312K, 55% used [0x00000000c0000000,0x00000000c4d13a80,0x00000000c8a00000)
 PSPermGen       total 21504K, used 6088K [0x00000000b5a00000, 0x00000000b6f00000, 0x00000000c0000000)
  object space 21504K, 28% used [0x00000000b5a00000,0x00000000b5ff2208,0x00000000b6f00000)
}
Event: 11.265 GC heap before
{Heap before GC invocations=14 (full 2):
 PSYoungGen      total 204288K, used 187658K [0x00000000eaa80000, 0x00000000f9c00000, 0x0000000100000000)
  eden space 171008K, 100% used [0x00000000eaa80000,0x00000000f5180000,0x00000000f5180000)
  from space 33280K, 50% used [0x00000000f5180000,0x00000000f61c2bb8,0x00000000f7200000)
  to   space 34304K, 0% used [0x00000000f7a80000,0x00000000f7a80000,0x00000000f9c00000)
 ParOldGen       total 141312K, used 78926K [0x00000000c0000000, 0x00000000c8a00000, 0x00000000eaa80000)
  object space 141312K, 55% used [0x00000000c0000000,0x00000000c4d13a80,0x00000000c8a00000)
 PSPermGen       total 21504K, used 6103K [0x00000000b5a00000, 0x00000000b6f00000, 0x00000000c0000000)
  object space 21504K, 28% used [0x00000000b5a00000,0x00000000b5ff5ff0,0x00000000b6f00000)
Event: 11.365 GC heap after
Heap after GC invocations=14 (full 2):
 PSYoungGen      total 204288K, used 34275K [0x00000000eaa80000, 0x00000000fc600000, 0x0000000100000000)
  eden space 169984K, 0% used [0x00000000eaa80000,0x00000000eaa80000,0x00000000f5080000)
  from space 34304K, 99% used [0x00000000f7a80000,0x00000000f9bf8cd0,0x00000000f9c00000)
  to   space 43008K, 0% used [0x00000000f5080000,0x00000000f5080000,0x00000000f7a80000)
 ParOldGen       total 141312K, used 88222K [0x00000000c0000000, 0x00000000c8a00000, 0x00000000eaa80000)
  object space 141312K, 62% used [0x00000000c0000000,0x00000000c5627908,0x00000000c8a00000)
 PSPermGen       total 21504K, used 6103K [0x00000000b5a00000, 0x00000000b6f00000, 0x00000000c0000000)
  object space 21504K, 28% used [0x00000000b5a00000,0x00000000b5ff5ff0,0x00000000b6f00000)
}
Event: 12.511 GC heap before
{Heap before GC invocations=15 (full 2):
 PSYoungGen      total 204288K, used 204259K [0x00000000eaa80000, 0x00000000fc600000, 0x0000000100000000)
  eden space 169984K, 100% used [0x00000000eaa80000,0x00000000f5080000,0x00000000f5080000)
  from space 34304K, 99% used [0x00000000f7a80000,0x00000000f9bf8cd0,0x00000000f9c00000)
  to   space 43008K, 0% used [0x00000000f5080000,0x00000000f5080000,0x00000000f7a80000)
 ParOldGen       total 141312K, used 88222K [0x00000000c0000000, 0x00000000c8a00000, 0x00000000eaa80000)
  object space 141312K, 62% used [0x00000000c0000000,0x00000000c5627908,0x00000000c8a00000)
 PSPermGen       total 21504K, used 6121K [0x00000000b5a00000, 0x00000000b6f00000, 0x00000000c0000000)
  object space 21504K, 28% used [0x00000000b5a00000,0x00000000b5ffa640,0x00000000b6f00000)
Event: 12.607 GC heap after
Heap after GC invocations=15 (full 2):
 PSYoungGen      total 212992K, used 28491K [0x00000000eaa80000, 0x00000000fca00000, 0x0000000100000000)
  eden space 169984K, 0% used [0x00000000eaa80000,0x00000000eaa80000,0x00000000f5080000)
  from space 43008K, 66% used [0x00000000f5080000,0x00000000f6c52ff0,0x00000000f7a80000)
  to   space 45056K, 0% used [0x00000000f9e00000,0x00000000f9e00000,0x00000000fca00000)
 ParOldGen       total 141312K, used 122593K [0x00000000c0000000, 0x00000000c8a00000, 0x00000000eaa80000)
  object space 141312K, 86% used [0x00000000c0000000,0x00000000c77b86f8,0x00000000c8a00000)
 PSPermGen       total 21504K, used 6121K [0x00000000b5a00000, 0x00000000b6f00000, 0x00000000c0000000)
  object space 21504K, 28% used [0x00000000b5a00000,0x00000000b5ffa640,0x00000000b6f00000)
}
Event: 12.607 GC heap before
{Heap before GC invocations=16 (full 3):
 PSYoungGen      total 212992K, used 28491K [0x00000000eaa80000, 0x00000000fca00000, 0x0000000100000000)
  eden space 169984K, 0% used [0x00000000eaa80000,0x00000000eaa80000,0x00000000f5080000)
  from space 43008K, 66% used [0x00000000f5080000,0x00000000f6c52ff0,0x00000000f7a80000)
  to   space 45056K, 0% used [0x00000000f9e00000,0x00000000f9e00000,0x00000000fca00000)
 ParOldGen       total 141312K, used 122593K [0x00000000c0000000, 0x00000000c8a00000, 0x00000000eaa80000)
  object space 141312K, 86% used [0x00000000c0000000,0x00000000c77b86f8,0x00000000c8a00000)
 PSPermGen       total 21504K, used 6121K [0x00000000b5a00000, 0x00000000b6f00000, 0x00000000c0000000)
  object space 21504K, 28% used [0x00000000b5a00000,0x00000000b5ffa640,0x00000000b6f00000)
Event: 13.478 GC heap after
Heap after GC invocations=16 (full 3):
 PSYoungGen      total 212992K, used 6807K [0x00000000eaa80000, 0x00000000fca00000, 0x0000000100000000)
  eden space 169984K, 0% used [0x00000000eaa80000,0x00000000eaa80000,0x00000000f5080000)
  from space 43008K, 15% used [0x00000000f5080000,0x00000000f5725f90,0x00000000f7a80000)
  to   space 45056K, 0% used [0x00000000f9e00000,0x00000000f9e00000,0x00000000fca00000)
 ParOldGen       total 231424K, used 140864K [0x00000000c0000000, 0x00000000ce200000, 0x00000000eaa80000)
  object space 231424K, 60% used [0x00000000c0000000,0x00000000c8990340,0x00000000ce200000)
 PSPermGen       total 21504K, used 6121K [0x00000000b5a00000, 0x00000000b6f00000, 0x00000000c0000000)
  object space 21504K, 28% used [0x00000000b5a00000,0x00000000b5ffa400,0x00000000b6f00000)
}
Event: 14.241 GC heap before
{Heap before GC invocations=17 (full 3):
 PSYoungGen      total 212992K, used 176791K [0x00000000eaa80000, 0x00000000fca00000, 0x0000000100000000)
  eden space 169984K, 100% used [0x00000000eaa80000,0x00000000f5080000,0x00000000f5080000)
  from space 43008K, 15% used [0x00000000f5080000,0x00000000f5725f90,0x00000000f7a80000)
  to   space 45056K, 0% used [0x00000000f9e00000,0x00000000f9e00000,0x00000000fca00000)
 ParOldGen       total 231424K, used 140864K [0x00000000c0000000, 0x00000000ce200000, 0x00000000eaa80000)
  object space 231424K, 60% used [0x00000000c0000000,0x00000000c8990340,0x00000000ce200000)
 PSPermGen       total 21504K, used 6126K [0x00000000b5a00000, 0x00000000b6f00000, 0x00000000c0000000)
  object space 21504K, 28% used [0x00000000b5a00000,0x00000000b5ffb930,0x00000000b6f00000)
Event: 14.364 GC heap after
Heap after GC invocations=17 (full 3):
 PSYoungGen      total 240128K, used 32035K [0x00000000eaa80000, 0x00000000fc780000, 0x0000000100000000)
  eden space 197632K, 0% used [0x00000000eaa80000,0x00000000eaa80000,0x00000000f6b80000)
  from space 42496K, 75% used [0x00000000f9e00000,0x00000000fbd48d70,0x00000000fc780000)
  to   space 47104K, 0% used [0x00000000f6b80000,0x00000000f6b80000,0x00000000f9980000)
 ParOldGen       total 231424K, used 140864K [0x00000000c0000000, 0x00000000ce200000, 0x00000000eaa80000)
  object space 231424K, 60% used [0x00000000c0000000,0x00000000c8990340,0x00000000ce200000)
 PSPermGen       total 21504K, used 6126K [0x00000000b5a00000, 0x00000000b6f00000, 0x00000000c0000000)
  object space 21504K, 28% used [0x00000000b5a00000,0x00000000b5ffb930,0x00000000b6f00000)
}
Event: 15.190 GC heap before
{Heap before GC invocations=18 (full 3):
 PSYoungGen      total 240128K, used 229667K [0x00000000eaa80000, 0x00000000fc780000, 0x0000000100000000)
  eden space 197632K, 100% used [0x00000000eaa80000,0x00000000f6b80000,0x00000000f6b80000)
  from space 42496K, 75% used [0x00000000f9e00000,0x00000000fbd48d70,0x00000000fc780000)
  to   space 47104K, 0% used [0x00000000f6b80000,0x00000000f6b80000,0x00000000f9980000)
 ParOldGen       total 231424K, used 140864K [0x00000000c0000000, 0x00000000ce200000, 0x00000000eaa80000)
  object space 231424K, 60% used [0x00000000c0000000,0x00000000c8990340,0x00000000ce200000)
 PSPermGen       total 21504K, used 6141K [0x00000000b5a00000, 0x00000000b6f00000, 0x00000000c0000000)
  object space 21504K, 28% used [0x00000000b5a00000,0x00000000b5fff570,0x00000000b6f00000)

