# JRE version: OpenJDK Runtime Environment (7.0_95) (build 1.7.0_95-b00)
# Java VM: OpenJDK 64-Bit Server VM (24.95-b01 mixed mode linux-amd64 compressed oops)
Heap
 PSYoungGen      total 233472K, used 18319K [0x00000000eaa80000, 0x0000000100000000, 0x0000000100000000)
  eden space 117248K, 0% used [0x00000000eaa80000,0x00000000eaa80000,0x00000000f1d00000)
  from space 116224K, 15% used [0x00000000f1d00000,0x00000000f2ee3cf0,0x00000000f8e80000)
  to   space 116224K, 0% used [0x00000000f8e80000,0x00000000f8e80000,0x0000000100000000)
 ParOldGen       total 385024K, used 384814K [0x00000000c0000000, 0x00000000d7800000, 0x00000000eaa80000)
  object space 385024K, 99% used [0x00000000c0000000,0x00000000d77cb928,0x00000000d7800000)
 PSPermGen       total 21504K, used 6203K [0x00000000b5a00000, 0x00000000b6f00000, 0x00000000c0000000)
  object space 21504K, 28% used [0x00000000b5a00000,0x00000000b600ef00,0x00000000b6f00000)
GC Heap History (10 events):
Event: 18.555 GC heap after
Heap after GC invocations=22 (full 4):
 PSYoungGen      total 226816K, used 71532K [0x00000000eaa80000, 0x0000000100000000, 0x0000000100000000)
  eden space 155136K, 0% used [0x00000000eaa80000,0x00000000eaa80000,0x00000000f4200000)
  from space 71680K, 99% used [0x00000000f4200000,0x00000000f87db270,0x00000000f8800000)
  to   space 101376K, 0% used [0x00000000f9d00000,0x00000000f9d00000,0x0000000100000000)
 ParOldGen       total 385024K, used 283697K [0x00000000c0000000, 0x00000000d7800000, 0x00000000eaa80000)
  object space 385024K, 73% used [0x00000000c0000000,0x00000000d150c5b8,0x00000000d7800000)
 PSPermGen       total 21504K, used 6164K [0x00000000b5a00000, 0x00000000b6f00000, 0x00000000c0000000)
  object space 21504K, 28% used [0x00000000b5a00000,0x00000000b6005328,0x00000000b6f00000)
}
Event: 18.917 GC heap before
{Heap before GC invocations=23 (full 4):
 PSYoungGen      total 226816K, used 226668K [0x00000000eaa80000, 0x0000000100000000, 0x0000000100000000)
  eden space 155136K, 100% used [0x00000000eaa80000,0x00000000f4200000,0x00000000f4200000)
  from space 71680K, 99% used [0x00000000f4200000,0x00000000f87db270,0x00000000f8800000)
  to   space 101376K, 0% used [0x00000000f9d00000,0x00000000f9d00000,0x0000000100000000)
 ParOldGen       total 385024K, used 283697K [0x00000000c0000000, 0x00000000d7800000, 0x00000000eaa80000)
  object space 385024K, 73% used [0x00000000c0000000,0x00000000d150c5b8,0x00000000d7800000)
 PSPermGen       total 21504K, used 6166K [0x00000000b5a00000, 0x00000000b6f00000, 0x00000000c0000000)
  object space 21504K, 28% used [0x00000000b5a00000,0x00000000b6005bb8,0x00000000b6f00000)
Event: 19.027 GC heap after
Heap after GC invocations=23 (full 4):
 PSYoungGen      total 220672K, used 94164K [0x00000000eaa80000, 0x0000000100000000, 0x0000000100000000)
  eden space 119296K, 0% used [0x00000000eaa80000,0x00000000eaa80000,0x00000000f1f00000)
  from space 101376K, 92% used [0x00000000f9d00000,0x00000000ff8f52d0,0x0000000100000000)
  to   space 115200K, 0% used [0x00000000f1f00000,0x00000000f1f00000,0x00000000f8f80000)
 ParOldGen       total 385024K, used 283697K [0x00000000c0000000, 0x00000000d7800000, 0x00000000eaa80000)
  object space 385024K, 73% used [0x00000000c0000000,0x00000000d150c5b8,0x00000000d7800000)
 PSPermGen       total 21504K, used 6166K [0x00000000b5a00000, 0x00000000b6f00000, 0x00000000c0000000)
  object space 21504K, 28% used [0x00000000b5a00000,0x00000000b6005bb8,0x00000000b6f00000)
}
Event: 19.308 GC heap before
{Heap before GC invocations=24 (full 4):
 PSYoungGen      total 220672K, used 213460K [0x00000000eaa80000, 0x0000000100000000, 0x0000000100000000)
  eden space 119296K, 100% used [0x00000000eaa80000,0x00000000f1f00000,0x00000000f1f00000)
  from space 101376K, 92% used [0x00000000f9d00000,0x00000000ff8f52d0,0x0000000100000000)
  to   space 115200K, 0% used [0x00000000f1f00000,0x00000000f1f00000,0x00000000f8f80000)
 ParOldGen       total 385024K, used 283697K [0x00000000c0000000, 0x00000000d7800000, 0x00000000eaa80000)
  object space 385024K, 73% used [0x00000000c0000000,0x00000000d150c5b8,0x00000000d7800000)
 PSPermGen       total 21504K, used 6194K [0x00000000b5a00000, 0x00000000b6f00000, 0x00000000c0000000)
  object space 21504K, 28% used [0x00000000b5a00000,0x00000000b600cbe0,0x00000000b6f00000)
Event: 19.428 GC heap after
Heap after GC invocations=24 (full 4):
 PSYoungGen      total 225792K, used 106142K [0x00000000eaa80000, 0x0000000100000000, 0x0000000100000000)
  eden space 119296K, 0% used [0x00000000eaa80000,0x00000000eaa80000,0x00000000f1f00000)
  from space 106496K, 99% used [0x00000000f1f00000,0x00000000f86a7968,0x00000000f8700000)
  to   space 116224K, 0% used [0x00000000f8e80000,0x00000000f8e80000,0x0000000100000000)
 ParOldGen       total 385024K, used 283697K [0x00000000c0000000, 0x00000000d7800000, 0x00000000eaa80000)
  object space 385024K, 73% used [0x00000000c0000000,0x00000000d150c5b8,0x00000000d7800000)
 PSPermGen       total 21504K, used 6194K [0x00000000b5a00000, 0x00000000b6f00000, 0x00000000c0000000)
  object space 21504K, 28% used [0x00000000b5a00000,0x00000000b600cbe0,0x00000000b6f00000)
}
Event: 19.835 GC heap before
{Heap before GC invocations=25 (full 4):
 PSYoungGen      total 225792K, used 225438K [0x00000000eaa80000, 0x0000000100000000, 0x0000000100000000)
  eden space 119296K, 100% used [0x00000000eaa80000,0x00000000f1f00000,0x00000000f1f00000)
  from space 106496K, 99% used [0x00000000f1f00000,0x00000000f86a7968,0x00000000f8700000)
  to   space 116224K, 0% used [0x00000000f8e80000,0x00000000f8e80000,0x0000000100000000)
 ParOldGen       total 385024K, used 283697K [0x00000000c0000000, 0x00000000d7800000, 0x00000000eaa80000)
  object space 385024K, 73% used [0x00000000c0000000,0x00000000d150c5b8,0x00000000d7800000)
 PSPermGen       total 21504K, used 6201K [0x00000000b5a00000, 0x00000000b6f00000, 0x00000000c0000000)
  object space 21504K, 28% used [0x00000000b5a00000,0x00000000b600e630,0x00000000b6f00000)
Event: 20.031 GC heap after
Heap after GC invocations=25 (full 4):
 PSYoungGen      total 233472K, used 72203K [0x00000000eaa80000, 0x0000000100000000, 0x0000000100000000)
  eden space 117248K, 0% used [0x00000000eaa80000,0x00000000eaa80000,0x00000000f1d00000)
  from space 116224K, 62% used [0x00000000f8e80000,0x00000000fd502ea0,0x0000000100000000)
  to   space 116224K, 0% used [0x00000000f1d00000,0x00000000f1d00000,0x00000000f8e80000)
 ParOldGen       total 385024K, used 333304K [0x00000000c0000000, 0x00000000d7800000, 0x00000000eaa80000)
  object space 385024K, 86% used [0x00000000c0000000,0x00000000d457e378,0x00000000d7800000)
 PSPermGen       total 21504K, used 6201K [0x00000000b5a00000, 0x00000000b6f00000, 0x00000000c0000000)
  object space 21504K, 28% used [0x00000000b5a00000,0x00000000b600e630,0x00000000b6f00000)
}
Event: 20.372 GC heap before
{Heap before GC invocations=26 (full 4):
 PSYoungGen      total 233472K, used 189451K [0x00000000eaa80000, 0x0000000100000000, 0x0000000100000000)
  eden space 117248K, 100% used [0x00000000eaa80000,0x00000000f1d00000,0x00000000f1d00000)
  from space 116224K, 62% used [0x00000000f8e80000,0x00000000fd502ea0,0x0000000100000000)
  to   space 116224K, 0% used [0x00000000f1d00000,0x00000000f1d00000,0x00000000f8e80000)
 ParOldGen       total 385024K, used 333304K [0x00000000c0000000, 0x00000000d7800000, 0x00000000eaa80000)
  object space 385024K, 86% used [0x00000000c0000000,0x00000000d457e378,0x00000000d7800000)
 PSPermGen       total 21504K, used 6203K [0x00000000b5a00000, 0x00000000b6f00000, 0x00000000c0000000)
  object space 21504K, 28% used [0x00000000b5a00000,0x00000000b600ef40,0x00000000b6f00000)
Event: 20.483 GC heap after
Heap after GC invocations=26 (full 4):
 PSYoungGen      total 233472K, used 30808K [0x00000000eaa80000, 0x0000000100000000, 0x0000000100000000)
  eden space 117248K, 0% used [0x00000000eaa80000,0x00000000eaa80000,0x00000000f1d00000)
  from space 116224K, 26% used [0x00000000f1d00000,0x00000000f3b16260,0x00000000f8e80000)
  to   space 116224K, 0% used [0x00000000f8e80000,0x00000000f8e80000,0x0000000100000000)
 ParOldGen       total 385024K, used 377078K [0x00000000c0000000, 0x00000000d7800000, 0x00000000eaa80000)
  object space 385024K, 97% used [0x00000000c0000000,0x00000000d703d9c8,0x00000000d7800000)
 PSPermGen       total 21504K, used 6203K [0x00000000b5a00000, 0x00000000b6f00000, 0x00000000c0000000)
  object space 21504K, 28% used [0x00000000b5a00000,0x00000000b600ef40,0x00000000b6f00000)
}
Event: 20.483 GC heap before
{Heap before GC invocations=27 (full 5):
 PSYoungGen      total 233472K, used 30808K [0x00000000eaa80000, 0x0000000100000000, 0x0000000100000000)
  eden space 117248K, 0% used [0x00000000eaa80000,0x00000000eaa80000,0x00000000f1d00000)
  from space 116224K, 26% used [0x00000000f1d00000,0x00000000f3b16260,0x00000000f8e80000)
  to   space 116224K, 0% used [0x00000000f8e80000,0x00000000f8e80000,0x0000000100000000)
 ParOldGen       total 385024K, used 377078K [0x00000000c0000000, 0x00000000d7800000, 0x00000000eaa80000)
  object space 385024K, 97% used [0x00000000c0000000,0x00000000d703d9c8,0x00000000d7800000)
 PSPermGen       total 21504K, used 6203K [0x00000000b5a00000, 0x00000000b6f00000, 0x00000000c0000000)
  object space 21504K, 28% used [0x00000000b5a00000,0x00000000b600ef40,0x00000000b6f00000)

