# JRE version: OpenJDK Runtime Environment (7.0_95) (build 1.7.0_95-b00)
# Java VM: OpenJDK 64-Bit Server VM (24.95-b01 mixed mode linux-amd64 compressed oops)
Heap
 PSYoungGen      total 233472K, used 0K [0x00000000eaa80000, 0x0000000100000000, 0x0000000100000000)
  eden space 117248K, 0% used [0x00000000eaa80000,0x00000000eaa80000,0x00000000f1d00000)
  from space 116224K, 0% used [0x00000000f1d00000,0x00000000f1d00000,0x00000000f8e80000)
  to   space 116224K, 0% used [0x00000000f8e80000,0x00000000f8e80000,0x0000000100000000)
 ParOldGen       total 530432K, used 510280K [0x00000000c0000000, 0x00000000e0600000, 0x00000000eaa80000)
  object space 530432K, 96% used [0x00000000c0000000,0x00000000df252080,0x00000000e0600000)
 PSPermGen       total 21504K, used 6217K [0x00000000b5a00000, 0x00000000b6f00000, 0x00000000c0000000)
  object space 21504K, 28% used [0x00000000b5a00000,0x00000000b6012540,0x00000000b6f00000)
GC Heap History (10 events):
Event: 21.932 GC heap after
Heap after GC invocations=32 (full 5):
 PSYoungGen      total 233472K, used 32593K [0x00000000eaa80000, 0x0000000100000000, 0x0000000100000000)
  eden space 117248K, 0% used [0x00000000eaa80000,0x00000000eaa80000,0x00000000f1d00000)
  from space 116224K, 28% used [0x00000000f1d00000,0x00000000f3cd46d0,0x00000000f8e80000)
  to   space 116224K, 0% used [0x00000000f8e80000,0x00000000f8e80000,0x0000000100000000)
 ParOldGen       total 530432K, used 406047K [0x00000000c0000000, 0x00000000e0600000, 0x00000000eaa80000)
  object space 530432K, 76% used [0x00000000c0000000,0x00000000d8c87fc8,0x00000000e0600000)
 PSPermGen       total 21504K, used 6207K [0x00000000b5a00000, 0x00000000b6f00000, 0x00000000c0000000)
  object space 21504K, 28% used [0x00000000b5a00000,0x00000000b600fc30,0x00000000b6f00000)
}
Event: 22.208 GC heap before
{Heap before GC invocations=33 (full 5):
 PSYoungGen      total 233472K, used 149841K [0x00000000eaa80000, 0x0000000100000000, 0x0000000100000000)
  eden space 117248K, 100% used [0x00000000eaa80000,0x00000000f1d00000,0x00000000f1d00000)
  from space 116224K, 28% used [0x00000000f1d00000,0x00000000f3cd46d0,0x00000000f8e80000)
  to   space 116224K, 0% used [0x00000000f8e80000,0x00000000f8e80000,0x0000000100000000)
 ParOldGen       total 530432K, used 406047K [0x00000000c0000000, 0x00000000e0600000, 0x00000000eaa80000)
  object space 530432K, 76% used [0x00000000c0000000,0x00000000d8c87fc8,0x00000000e0600000)
 PSPermGen       total 21504K, used 6207K [0x00000000b5a00000, 0x00000000b6f00000, 0x00000000c0000000)
  object space 21504K, 28% used [0x00000000b5a00000,0x00000000b600fe20,0x00000000b6f00000)
Event: 22.273 GC heap after
Heap after GC invocations=33 (full 5):
 PSYoungGen      total 233472K, used 19910K [0x00000000eaa80000, 0x0000000100000000, 0x0000000100000000)
  eden space 117248K, 0% used [0x00000000eaa80000,0x00000000eaa80000,0x00000000f1d00000)
  from space 116224K, 17% used [0x00000000f8e80000,0x00000000fa1f1918,0x0000000100000000)
  to   space 116224K, 0% used [0x00000000f1d00000,0x00000000f1d00000,0x00000000f8e80000)
 ParOldGen       total 530432K, used 437999K [0x00000000c0000000, 0x00000000e0600000, 0x00000000eaa80000)
  object space 530432K, 82% used [0x00000000c0000000,0x00000000dabbbc30,0x00000000e0600000)
 PSPermGen       total 21504K, used 6207K [0x00000000b5a00000, 0x00000000b6f00000, 0x00000000c0000000)
  object space 21504K, 28% used [0x00000000b5a00000,0x00000000b600fe20,0x00000000b6f00000)
}
Event: 22.622 GC heap before
{Heap before GC invocations=34 (full 5):
 PSYoungGen      total 233472K, used 137158K [0x00000000eaa80000, 0x0000000100000000, 0x0000000100000000)
  eden space 117248K, 100% used [0x00000000eaa80000,0x00000000f1d00000,0x00000000f1d00000)
  from space 116224K, 17% used [0x00000000f8e80000,0x00000000fa1f1918,0x0000000100000000)
  to   space 116224K, 0% used [0x00000000f1d00000,0x00000000f1d00000,0x00000000f8e80000)
 ParOldGen       total 530432K, used 437999K [0x00000000c0000000, 0x00000000e0600000, 0x00000000eaa80000)
  object space 530432K, 82% used [0x00000000c0000000,0x00000000dabbbc30,0x00000000e0600000)
 PSPermGen       total 21504K, used 6211K [0x00000000b5a00000, 0x00000000b6f00000, 0x00000000c0000000)
  object space 21504K, 28% used [0x00000000b5a00000,0x00000000b6010d60,0x00000000b6f00000)
Event: 22.682 GC heap after
Heap after GC invocations=34 (full 5):
 PSYoungGen      total 233472K, used 18636K [0x00000000eaa80000, 0x0000000100000000, 0x0000000100000000)
  eden space 117248K, 0% used [0x00000000eaa80000,0x00000000eaa80000,0x00000000f1d00000)
  from space 116224K, 16% used [0x00000000f1d00000,0x00000000f2f33140,0x00000000f8e80000)
  to   space 116224K, 0% used [0x00000000f8e80000,0x00000000f8e80000,0x0000000100000000)
 ParOldGen       total 530432K, used 456679K [0x00000000c0000000, 0x00000000e0600000, 0x00000000eaa80000)
  object space 530432K, 86% used [0x00000000c0000000,0x00000000dbdf9ee8,0x00000000e0600000)
 PSPermGen       total 21504K, used 6211K [0x00000000b5a00000, 0x00000000b6f00000, 0x00000000c0000000)
  object space 21504K, 28% used [0x00000000b5a00000,0x00000000b6010d60,0x00000000b6f00000)
}
Event: 23.077 GC heap before
{Heap before GC invocations=35 (full 5):
 PSYoungGen      total 233472K, used 135884K [0x00000000eaa80000, 0x0000000100000000, 0x0000000100000000)
  eden space 117248K, 100% used [0x00000000eaa80000,0x00000000f1d00000,0x00000000f1d00000)
  from space 116224K, 16% used [0x00000000f1d00000,0x00000000f2f33140,0x00000000f8e80000)
  to   space 116224K, 0% used [0x00000000f8e80000,0x00000000f8e80000,0x0000000100000000)
 ParOldGen       total 530432K, used 456679K [0x00000000c0000000, 0x00000000e0600000, 0x00000000eaa80000)
  object space 530432K, 86% used [0x00000000c0000000,0x00000000dbdf9ee8,0x00000000e0600000)
 PSPermGen       total 21504K, used 6216K [0x00000000b5a00000, 0x00000000b6f00000, 0x00000000c0000000)
  object space 21504K, 28% used [0x00000000b5a00000,0x00000000b60121e0,0x00000000b6f00000)
Event: 23.140 GC heap after
Heap after GC invocations=35 (full 5):
 PSYoungGen      total 233472K, used 19276K [0x00000000eaa80000, 0x0000000100000000, 0x0000000100000000)
  eden space 117248K, 0% used [0x00000000eaa80000,0x00000000eaa80000,0x00000000f1d00000)
  from space 116224K, 16% used [0x00000000f8e80000,0x00000000fa153160,0x0000000100000000)
  to   space 116224K, 0% used [0x00000000f1d00000,0x00000000f1d00000,0x00000000f8e80000)
 ParOldGen       total 530432K, used 474540K [0x00000000c0000000, 0x00000000e0600000, 0x00000000eaa80000)
  object space 530432K, 89% used [0x00000000c0000000,0x00000000dcf6b0d0,0x00000000e0600000)
 PSPermGen       total 21504K, used 6216K [0x00000000b5a00000, 0x00000000b6f00000, 0x00000000c0000000)
  object space 21504K, 28% used [0x00000000b5a00000,0x00000000b60121e0,0x00000000b6f00000)
}
Event: 23.474 GC heap before
{Heap before GC invocations=36 (full 5):
 PSYoungGen      total 233472K, used 136524K [0x00000000eaa80000, 0x0000000100000000, 0x0000000100000000)
  eden space 117248K, 100% used [0x00000000eaa80000,0x00000000f1d00000,0x00000000f1d00000)
  from space 116224K, 16% used [0x00000000f8e80000,0x00000000fa153160,0x0000000100000000)
  to   space 116224K, 0% used [0x00000000f1d00000,0x00000000f1d00000,0x00000000f8e80000)
 ParOldGen       total 530432K, used 474540K [0x00000000c0000000, 0x00000000e0600000, 0x00000000eaa80000)
  object space 530432K, 89% used [0x00000000c0000000,0x00000000dcf6b0d0,0x00000000e0600000)
 PSPermGen       total 21504K, used 6217K [0x00000000b5a00000, 0x00000000b6f00000, 0x00000000c0000000)
  object space 21504K, 28% used [0x00000000b5a00000,0x00000000b6012560,0x00000000b6f00000)
Event: 23.541 GC heap after
Heap after GC invocations=36 (full 5):
 PSYoungGen      total 233472K, used 18733K [0x00000000eaa80000, 0x0000000100000000, 0x0000000100000000)
  eden space 117248K, 0% used [0x00000000eaa80000,0x00000000eaa80000,0x00000000f1d00000)
  from space 116224K, 16% used [0x00000000f1d00000,0x00000000f2f4b780,0x00000000f8e80000)
  to   space 116224K, 0% used [0x00000000f8e80000,0x00000000f8e80000,0x0000000100000000)
 ParOldGen       total 530432K, used 492934K [0x00000000c0000000, 0x00000000e0600000, 0x00000000eaa80000)
  object space 530432K, 92% used [0x00000000c0000000,0x00000000de161be0,0x00000000e0600000)
 PSPermGen       total 21504K, used 6217K [0x00000000b5a00000, 0x00000000b6f00000, 0x00000000c0000000)
  object space 21504K, 28% used [0x00000000b5a00000,0x00000000b6012560,0x00000000b6f00000)
}
Event: 23.541 GC heap before
{Heap before GC invocations=37 (full 6):
 PSYoungGen      total 233472K, used 18733K [0x00000000eaa80000, 0x0000000100000000, 0x0000000100000000)
  eden space 117248K, 0% used [0x00000000eaa80000,0x00000000eaa80000,0x00000000f1d00000)
  from space 116224K, 16% used [0x00000000f1d00000,0x00000000f2f4b780,0x00000000f8e80000)
  to   space 116224K, 0% used [0x00000000f8e80000,0x00000000f8e80000,0x0000000100000000)
 ParOldGen       total 530432K, used 492934K [0x00000000c0000000, 0x00000000e0600000, 0x00000000eaa80000)
  object space 530432K, 92% used [0x00000000c0000000,0x00000000de161be0,0x00000000e0600000)
 PSPermGen       total 21504K, used 6217K [0x00000000b5a00000, 0x00000000b6f00000, 0x00000000c0000000)
  object space 21504K, 28% used [0x00000000b5a00000,0x00000000b6012560,0x00000000b6f00000)

