# JRE version: OpenJDK Runtime Environment (7.0_95) (build 1.7.0_95-b00)
# Java VM: OpenJDK 64-Bit Server VM (24.95-b01 mixed mode linux-amd64 compressed oops)
Heap
 PSYoungGen      total 233472K, used 17276K [0x00000000eaa80000, 0x0000000100000000, 0x0000000100000000)
  eden space 117248K, 0% used [0x00000000eaa80000,0x00000000eaa80000,0x00000000f1d00000)
  from space 116224K, 14% used [0x00000000f8e80000,0x00000000f9f5f118,0x0000000100000000)
  to   space 116224K, 0% used [0x00000000f1d00000,0x00000000f1d00000,0x00000000f8e80000)
 ParOldGen       total 505856K, used 505481K [0x00000000c0000000, 0x00000000dee00000, 0x00000000eaa80000)
  object space 505856K, 99% used [0x00000000c0000000,0x00000000deda2470,0x00000000dee00000)
 PSPermGen       total 21504K, used 6210K [0x00000000b5a00000, 0x00000000b6f00000, 0x00000000c0000000)
  object space 21504K, 28% used [0x00000000b5a00000,0x00000000b6010b68,0x00000000b6f00000)
GC Heap History (10 events):
Event: 24.285 GC heap after
Heap after GC invocations=31 (full 5):
 PSYoungGen      total 226304K, used 87460K [0x00000000eaa80000, 0x0000000100000000, 0x0000000100000000)
  eden space 119296K, 0% used [0x00000000eaa80000,0x00000000eaa80000,0x00000000f1f00000)
  from space 107008K, 81% used [0x00000000f9780000,0x00000000fece9218,0x0000000100000000)
  to   space 115200K, 0% used [0x00000000f1f00000,0x00000000f1f00000,0x00000000f8f80000)
 ParOldGen       total 505856K, used 366571K [0x00000000c0000000, 0x00000000dee00000, 0x00000000eaa80000)
  object space 505856K, 72% used [0x00000000c0000000,0x00000000d65faef8,0x00000000dee00000)
 PSPermGen       total 21504K, used 6206K [0x00000000b5a00000, 0x00000000b6f00000, 0x00000000c0000000)
  object space 21504K, 28% used [0x00000000b5a00000,0x00000000b600f8d0,0x00000000b6f00000)
}
Event: 24.675 GC heap before
{Heap before GC invocations=32 (full 5):
 PSYoungGen      total 226304K, used 206756K [0x00000000eaa80000, 0x0000000100000000, 0x0000000100000000)
  eden space 119296K, 100% used [0x00000000eaa80000,0x00000000f1f00000,0x00000000f1f00000)
  from space 107008K, 81% used [0x00000000f9780000,0x00000000fece9218,0x0000000100000000)
  to   space 115200K, 0% used [0x00000000f1f00000,0x00000000f1f00000,0x00000000f8f80000)
 ParOldGen       total 505856K, used 366571K [0x00000000c0000000, 0x00000000dee00000, 0x00000000eaa80000)
  object space 505856K, 72% used [0x00000000c0000000,0x00000000d65faef8,0x00000000dee00000)
 PSPermGen       total 21504K, used 6206K [0x00000000b5a00000, 0x00000000b6f00000, 0x00000000c0000000)
  object space 21504K, 28% used [0x00000000b5a00000,0x00000000b600fa00,0x00000000b6f00000)
Event: 24.788 GC heap after
Heap after GC invocations=32 (full 5):
 PSYoungGen      total 222208K, used 102652K [0x00000000eaa80000, 0x0000000100000000, 0x0000000100000000)
  eden space 119296K, 0% used [0x00000000eaa80000,0x00000000eaa80000,0x00000000f1f00000)
  from space 102912K, 99% used [0x00000000f1f00000,0x00000000f833f230,0x00000000f8380000)
  to   space 116224K, 0% used [0x00000000f8e80000,0x00000000f8e80000,0x0000000100000000)
 ParOldGen       total 505856K, used 366571K [0x00000000c0000000, 0x00000000dee00000, 0x00000000eaa80000)
  object space 505856K, 72% used [0x00000000c0000000,0x00000000d65faef8,0x00000000dee00000)
 PSPermGen       total 21504K, used 6206K [0x00000000b5a00000, 0x00000000b6f00000, 0x00000000c0000000)
  object space 21504K, 28% used [0x00000000b5a00000,0x00000000b600fa00,0x00000000b6f00000)
}
Event: 25.114 GC heap before
{Heap before GC invocations=33 (full 5):
 PSYoungGen      total 222208K, used 221948K [0x00000000eaa80000, 0x0000000100000000, 0x0000000100000000)
  eden space 119296K, 100% used [0x00000000eaa80000,0x00000000f1f00000,0x00000000f1f00000)
  from space 102912K, 99% used [0x00000000f1f00000,0x00000000f833f230,0x00000000f8380000)
  to   space 116224K, 0% used [0x00000000f8e80000,0x00000000f8e80000,0x0000000100000000)
 ParOldGen       total 505856K, used 366571K [0x00000000c0000000, 0x00000000dee00000, 0x00000000eaa80000)
  object space 505856K, 72% used [0x00000000c0000000,0x00000000d65faef8,0x00000000dee00000)
 PSPermGen       total 21504K, used 6206K [0x00000000b5a00000, 0x00000000b6f00000, 0x00000000c0000000)
  object space 21504K, 28% used [0x00000000b5a00000,0x00000000b600faa8,0x00000000b6f00000)
Event: 25.270 GC heap after
Heap after GC invocations=33 (full 5):
 PSYoungGen      total 233472K, used 86419K [0x00000000eaa80000, 0x0000000100000000, 0x0000000100000000)
  eden space 117248K, 0% used [0x00000000eaa80000,0x00000000eaa80000,0x00000000f1d00000)
  from space 116224K, 74% used [0x00000000f8e80000,0x00000000fe2e4d18,0x0000000100000000)
  to   space 116224K, 0% used [0x00000000f1d00000,0x00000000f1d00000,0x00000000f8e80000)
 ParOldGen       total 505856K, used 400060K [0x00000000c0000000, 0x00000000dee00000, 0x00000000eaa80000)
  object space 505856K, 79% used [0x00000000c0000000,0x00000000d86af0f8,0x00000000dee00000)
 PSPermGen       total 21504K, used 6206K [0x00000000b5a00000, 0x00000000b6f00000, 0x00000000c0000000)
  object space 21504K, 28% used [0x00000000b5a00000,0x00000000b600faa8,0x00000000b6f00000)
}
Event: 25.654 GC heap before
{Heap before GC invocations=34 (full 5):
 PSYoungGen      total 233472K, used 203667K [0x00000000eaa80000, 0x0000000100000000, 0x0000000100000000)
  eden space 117248K, 100% used [0x00000000eaa80000,0x00000000f1d00000,0x00000000f1d00000)
  from space 116224K, 74% used [0x00000000f8e80000,0x00000000fe2e4d18,0x0000000100000000)
  to   space 116224K, 0% used [0x00000000f1d00000,0x00000000f1d00000,0x00000000f8e80000)
 ParOldGen       total 505856K, used 400060K [0x00000000c0000000, 0x00000000dee00000, 0x00000000eaa80000)
  object space 505856K, 79% used [0x00000000c0000000,0x00000000d86af0f8,0x00000000dee00000)
 PSPermGen       total 21504K, used 6209K [0x00000000b5a00000, 0x00000000b6f00000, 0x00000000c0000000)
  object space 21504K, 28% used [0x00000000b5a00000,0x00000000b60105c8,0x00000000b6f00000)
Event: 25.813 GC heap after
Heap after GC invocations=34 (full 5):
 PSYoungGen      total 233472K, used 86325K [0x00000000eaa80000, 0x0000000100000000, 0x0000000100000000)
  eden space 117248K, 0% used [0x00000000eaa80000,0x00000000eaa80000,0x00000000f1d00000)
  from space 116224K, 74% used [0x00000000f1d00000,0x00000000f714d7a0,0x00000000f8e80000)
  to   space 116224K, 0% used [0x00000000f8e80000,0x00000000f8e80000,0x0000000100000000)
 ParOldGen       total 505856K, used 418413K [0x00000000c0000000, 0x00000000dee00000, 0x00000000eaa80000)
  object space 505856K, 82% used [0x00000000c0000000,0x00000000d989b720,0x00000000dee00000)
 PSPermGen       total 21504K, used 6209K [0x00000000b5a00000, 0x00000000b6f00000, 0x00000000c0000000)
  object space 21504K, 28% used [0x00000000b5a00000,0x00000000b60105c8,0x00000000b6f00000)
}
Event: 26.286 GC heap before
{Heap before GC invocations=35 (full 5):
 PSYoungGen      total 233472K, used 203573K [0x00000000eaa80000, 0x0000000100000000, 0x0000000100000000)
  eden space 117248K, 100% used [0x00000000eaa80000,0x00000000f1d00000,0x00000000f1d00000)
  from space 116224K, 74% used [0x00000000f1d00000,0x00000000f714d7a0,0x00000000f8e80000)
  to   space 116224K, 0% used [0x00000000f8e80000,0x00000000f8e80000,0x0000000100000000)
 ParOldGen       total 505856K, used 418413K [0x00000000c0000000, 0x00000000dee00000, 0x00000000eaa80000)
  object space 505856K, 82% used [0x00000000c0000000,0x00000000d989b720,0x00000000dee00000)
 PSPermGen       total 21504K, used 6211K [0x00000000b5a00000, 0x00000000b6f00000, 0x00000000c0000000)
  object space 21504K, 28% used [0x00000000b5a00000,0x00000000b6010ca8,0x00000000b6f00000)
Event: 26.436 GC heap after
Heap after GC invocations=35 (full 5):
 PSYoungGen      total 233472K, used 70734K [0x00000000eaa80000, 0x0000000100000000, 0x0000000100000000)
  eden space 117248K, 0% used [0x00000000eaa80000,0x00000000eaa80000,0x00000000f1d00000)
  from space 116224K, 60% used [0x00000000f8e80000,0x00000000fd393848,0x0000000100000000)
  to   space 116224K, 0% used [0x00000000f1d00000,0x00000000f1d00000,0x00000000f8e80000)
 ParOldGen       total 505856K, used 453728K [0x00000000c0000000, 0x00000000dee00000, 0x00000000eaa80000)
  object space 505856K, 89% used [0x00000000c0000000,0x00000000dbb18068,0x00000000dee00000)
 PSPermGen       total 21504K, used 6211K [0x00000000b5a00000, 0x00000000b6f00000, 0x00000000c0000000)
  object space 21504K, 28% used [0x00000000b5a00000,0x00000000b6010ca8,0x00000000b6f00000)
}
Event: 26.442 GC heap before
{Heap before GC invocations=36 (full 6):
 PSYoungGen      total 233472K, used 70734K [0x00000000eaa80000, 0x0000000100000000, 0x0000000100000000)
  eden space 117248K, 0% used [0x00000000eaa80000,0x00000000eaa80000,0x00000000f1d00000)
  from space 116224K, 60% used [0x00000000f8e80000,0x00000000fd393848,0x0000000100000000)
  to   space 116224K, 0% used [0x00000000f1d00000,0x00000000f1d00000,0x00000000f8e80000)
 ParOldGen       total 505856K, used 453728K [0x00000000c0000000, 0x00000000dee00000, 0x00000000eaa80000)
  object space 505856K, 89% used [0x00000000c0000000,0x00000000dbb18068,0x00000000dee00000)
 PSPermGen       total 21504K, used 6211K [0x00000000b5a00000, 0x00000000b6f00000, 0x00000000c0000000)
  object space 21504K, 28% used [0x00000000b5a00000,0x00000000b6010ca8,0x00000000b6f00000)

