# JRE version: OpenJDK Runtime Environment (7.0_95) (build 1.7.0_95-b00)
# Java VM: OpenJDK 64-Bit Server VM (24.95-b01 mixed mode linux-amd64 compressed oops)
Heap
 PSYoungGen      total 233472K, used 0K [0x00000000eaa80000, 0x0000000100000000, 0x0000000100000000)
  eden space 117248K, 0% used [0x00000000eaa80000,0x00000000eaa80000,0x00000000f1d00000)
  from space 116224K, 0% used [0x00000000f8e80000,0x00000000f8e80000,0x0000000100000000)
  to   space 116224K, 0% used [0x00000000f1d00000,0x00000000f1d00000,0x00000000f8e80000)
 ParOldGen       total 644608K, used 633459K [0x00000000c0000000, 0x00000000e7580000, 0x00000000eaa80000)
  object space 644608K, 98% used [0x00000000c0000000,0x00000000e6a9cd08,0x00000000e7580000)
 PSPermGen       total 21504K, used 6225K [0x00000000b5a00000, 0x00000000b6f00000, 0x00000000c0000000)
  object space 21504K, 28% used [0x00000000b5a00000,0x00000000b60144c8,0x00000000b6f00000)
GC Heap History (10 events):
Event: 23.637 GC heap after
Heap after GC invocations=38 (full 6):
 PSYoungGen      total 229376K, used 95380K [0x00000000eaa80000, 0x0000000100000000, 0x0000000100000000)
  eden space 117248K, 0% used [0x00000000eaa80000,0x00000000eaa80000,0x00000000f1d00000)
  from space 112128K, 85% used [0x00000000f9280000,0x00000000fefa5148,0x0000000100000000)
  to   space 116224K, 0% used [0x00000000f1d00000,0x00000000f1d00000,0x00000000f8e80000)
 ParOldGen       total 644608K, used 464408K [0x00000000c0000000, 0x00000000e7580000, 0x00000000eaa80000)
  object space 644608K, 72% used [0x00000000c0000000,0x00000000dc586060,0x00000000e7580000)
 PSPermGen       total 21504K, used 6219K [0x00000000b5a00000, 0x00000000b6f00000, 0x00000000c0000000)
  object space 21504K, 28% used [0x00000000b5a00000,0x00000000b6012ca0,0x00000000b6f00000)
}
Event: 23.934 GC heap before
{Heap before GC invocations=39 (full 6):
 PSYoungGen      total 229376K, used 212628K [0x00000000eaa80000, 0x0000000100000000, 0x0000000100000000)
  eden space 117248K, 100% used [0x00000000eaa80000,0x00000000f1d00000,0x00000000f1d00000)
  from space 112128K, 85% used [0x00000000f9280000,0x00000000fefa5148,0x0000000100000000)
  to   space 116224K, 0% used [0x00000000f1d00000,0x00000000f1d00000,0x00000000f8e80000)
 ParOldGen       total 644608K, used 464408K [0x00000000c0000000, 0x00000000e7580000, 0x00000000eaa80000)
  object space 644608K, 72% used [0x00000000c0000000,0x00000000dc586060,0x00000000e7580000)
 PSPermGen       total 21504K, used 6220K [0x00000000b5a00000, 0x00000000b6f00000, 0x00000000c0000000)
  object space 21504K, 28% used [0x00000000b5a00000,0x00000000b6013228,0x00000000b6f00000)
Event: 24.057 GC heap after
Heap after GC invocations=39 (full 6):
 PSYoungGen      total 233472K, used 80405K [0x00000000eaa80000, 0x0000000100000000, 0x0000000100000000)
  eden space 117248K, 0% used [0x00000000eaa80000,0x00000000eaa80000,0x00000000f1d00000)
  from space 116224K, 69% used [0x00000000f1d00000,0x00000000f6b85528,0x00000000f8e80000)
  to   space 116224K, 0% used [0x00000000f8e80000,0x00000000f8e80000,0x0000000100000000)
 ParOldGen       total 644608K, used 498259K [0x00000000c0000000, 0x00000000e7580000, 0x00000000eaa80000)
  object space 644608K, 77% used [0x00000000c0000000,0x00000000de694f00,0x00000000e7580000)
 PSPermGen       total 21504K, used 6220K [0x00000000b5a00000, 0x00000000b6f00000, 0x00000000c0000000)
  object space 21504K, 28% used [0x00000000b5a00000,0x00000000b6013228,0x00000000b6f00000)
}
Event: 24.363 GC heap before
{Heap before GC invocations=40 (full 6):
 PSYoungGen      total 233472K, used 197653K [0x00000000eaa80000, 0x0000000100000000, 0x0000000100000000)
  eden space 117248K, 100% used [0x00000000eaa80000,0x00000000f1d00000,0x00000000f1d00000)
  from space 116224K, 69% used [0x00000000f1d00000,0x00000000f6b85528,0x00000000f8e80000)
  to   space 116224K, 0% used [0x00000000f8e80000,0x00000000f8e80000,0x0000000100000000)
 ParOldGen       total 644608K, used 498259K [0x00000000c0000000, 0x00000000e7580000, 0x00000000eaa80000)
  object space 644608K, 77% used [0x00000000c0000000,0x00000000de694f00,0x00000000e7580000)
 PSPermGen       total 21504K, used 6222K [0x00000000b5a00000, 0x00000000b6f00000, 0x00000000c0000000)
  object space 21504K, 28% used [0x00000000b5a00000,0x00000000b60138b8,0x00000000b6f00000)
Event: 24.492 GC heap after
Heap after GC invocations=40 (full 6):
 PSYoungGen      total 233472K, used 63394K [0x00000000eaa80000, 0x0000000100000000, 0x0000000100000000)
  eden space 117248K, 0% used [0x00000000eaa80000,0x00000000eaa80000,0x00000000f1d00000)
  from space 116224K, 54% used [0x00000000f8e80000,0x00000000fcc68ac8,0x0000000100000000)
  to   space 116224K, 0% used [0x00000000f1d00000,0x00000000f1d00000,0x00000000f8e80000)
 ParOldGen       total 644608K, used 538529K [0x00000000c0000000, 0x00000000e7580000, 0x00000000eaa80000)
  object space 644608K, 83% used [0x00000000c0000000,0x00000000e0de87c0,0x00000000e7580000)
 PSPermGen       total 21504K, used 6222K [0x00000000b5a00000, 0x00000000b6f00000, 0x00000000c0000000)
  object space 21504K, 28% used [0x00000000b5a00000,0x00000000b60138b8,0x00000000b6f00000)
}
Event: 24.740 GC heap before
{Heap before GC invocations=41 (full 6):
 PSYoungGen      total 233472K, used 180642K [0x00000000eaa80000, 0x0000000100000000, 0x0000000100000000)
  eden space 117248K, 100% used [0x00000000eaa80000,0x00000000f1d00000,0x00000000f1d00000)
  from space 116224K, 54% used [0x00000000f8e80000,0x00000000fcc68ac8,0x0000000100000000)
  to   space 116224K, 0% used [0x00000000f1d00000,0x00000000f1d00000,0x00000000f8e80000)
 ParOldGen       total 644608K, used 538529K [0x00000000c0000000, 0x00000000e7580000, 0x00000000eaa80000)
  object space 644608K, 83% used [0x00000000c0000000,0x00000000e0de87c0,0x00000000e7580000)
 PSPermGen       total 21504K, used 6223K [0x00000000b5a00000, 0x00000000b6f00000, 0x00000000c0000000)
  object space 21504K, 28% used [0x00000000b5a00000,0x00000000b6013e60,0x00000000b6f00000)
Event: 24.847 GC heap after
Heap after GC invocations=41 (full 6):
 PSYoungGen      total 233472K, used 41071K [0x00000000eaa80000, 0x0000000100000000, 0x0000000100000000)
  eden space 117248K, 0% used [0x00000000eaa80000,0x00000000eaa80000,0x00000000f1d00000)
  from space 116224K, 35% used [0x00000000f1d00000,0x00000000f451be28,0x00000000f8e80000)
  to   space 116224K, 0% used [0x00000000f8e80000,0x00000000f8e80000,0x0000000100000000)
 ParOldGen       total 644608K, used 578265K [0x00000000c0000000, 0x00000000e7580000, 0x00000000eaa80000)
  object space 644608K, 89% used [0x00000000c0000000,0x00000000e34b6538,0x00000000e7580000)
 PSPermGen       total 21504K, used 6223K [0x00000000b5a00000, 0x00000000b6f00000, 0x00000000c0000000)
  object space 21504K, 28% used [0x00000000b5a00000,0x00000000b6013e60,0x00000000b6f00000)
}
Event: 25.134 GC heap before
{Heap before GC invocations=42 (full 6):
 PSYoungGen      total 233472K, used 158319K [0x00000000eaa80000, 0x0000000100000000, 0x0000000100000000)
  eden space 117248K, 100% used [0x00000000eaa80000,0x00000000f1d00000,0x00000000f1d00000)
  from space 116224K, 35% used [0x00000000f1d00000,0x00000000f451be28,0x00000000f8e80000)
  to   space 116224K, 0% used [0x00000000f8e80000,0x00000000f8e80000,0x0000000100000000)
 ParOldGen       total 644608K, used 578265K [0x00000000c0000000, 0x00000000e7580000, 0x00000000eaa80000)
  object space 644608K, 89% used [0x00000000c0000000,0x00000000e34b6538,0x00000000e7580000)
 PSPermGen       total 21504K, used 6225K [0x00000000b5a00000, 0x00000000b6f00000, 0x00000000c0000000)
  object space 21504K, 28% used [0x00000000b5a00000,0x00000000b60144e8,0x00000000b6f00000)
Event: 25.374 GC heap after
Heap after GC invocations=42 (full 6):
 PSYoungGen      total 233472K, used 19045K [0x00000000eaa80000, 0x0000000100000000, 0x0000000100000000)
  eden space 117248K, 0% used [0x00000000eaa80000,0x00000000eaa80000,0x00000000f1d00000)
  from space 116224K, 16% used [0x00000000f8e80000,0x00000000fa119450,0x0000000100000000)
  to   space 116224K, 0% used [0x00000000f1d00000,0x00000000f1d00000,0x00000000f8e80000)
 ParOldGen       total 644608K, used 618762K [0x00000000c0000000, 0x00000000e7580000, 0x00000000eaa80000)
  object space 644608K, 95% used [0x00000000c0000000,0x00000000e5c42ac0,0x00000000e7580000)
 PSPermGen       total 21504K, used 6225K [0x00000000b5a00000, 0x00000000b6f00000, 0x00000000c0000000)
  object space 21504K, 28% used [0x00000000b5a00000,0x00000000b60144e8,0x00000000b6f00000)
}
Event: 25.381 GC heap before
{Heap before GC invocations=43 (full 7):
 PSYoungGen      total 233472K, used 19045K [0x00000000eaa80000, 0x0000000100000000, 0x0000000100000000)
  eden space 117248K, 0% used [0x00000000eaa80000,0x00000000eaa80000,0x00000000f1d00000)
  from space 116224K, 16% used [0x00000000f8e80000,0x00000000fa119450,0x0000000100000000)
  to   space 116224K, 0% used [0x00000000f1d00000,0x00000000f1d00000,0x00000000f8e80000)
 ParOldGen       total 644608K, used 618762K [0x00000000c0000000, 0x00000000e7580000, 0x00000000eaa80000)
  object space 644608K, 95% used [0x00000000c0000000,0x00000000e5c42ac0,0x00000000e7580000)
 PSPermGen       total 21504K, used 6225K [0x00000000b5a00000, 0x00000000b6f00000, 0x00000000c0000000)
  object space 21504K, 28% used [0x00000000b5a00000,0x00000000b60144e8,0x00000000b6f00000)

