# JRE version: OpenJDK Runtime Environment (7.0_95) (build 1.7.0_95-b00)
# Java VM: OpenJDK 64-Bit Server VM (24.95-b01 mixed mode linux-amd64 compressed oops)
Heap
 PSYoungGen      total 267776K, used 22787K [0x00000000eaa80000, 0x0000000100000000, 0x0000000100000000)
  eden space 205312K, 0% used [0x00000000eaa80000,0x00000000eaa80000,0x00000000f7300000)
  from space 62464K, 36% used [0x00000000fc300000,0x00000000fd940f00,0x0000000100000000)
  to   space 72192K, 0% used [0x00000000f7300000,0x00000000f7300000,0x00000000fb980000)
 ParOldGen       total 318976K, used 318650K [0x00000000c0000000, 0x00000000d3780000, 0x00000000eaa80000)
  object space 318976K, 99% used [0x00000000c0000000,0x00000000d372ea88,0x00000000d3780000)
 PSPermGen       total 21504K, used 6163K [0x00000000b5a00000, 0x00000000b6f00000, 0x00000000c0000000)
  object space 21504K, 28% used [0x00000000b5a00000,0x00000000b6004c10,0x00000000b6f00000)
GC Heap History (10 events):
Event: 26.977 GC heap after
Heap after GC invocations=16 (full 3):
 PSYoungGen      total 287232K, used 34849K [0x00000000eaa80000, 0x0000000100000000, 0x0000000100000000)
  eden space 224768K, 0% used [0x00000000eaa80000,0x00000000eaa80000,0x00000000f8600000)
  from space 62464K, 55% used [0x00000000f8600000,0x00000000fa808758,0x00000000fc300000)
  to   space 61952K, 0% used [0x00000000fc380000,0x00000000fc380000,0x0000000100000000)
 ParOldGen       total 216576K, used 204676K [0x00000000c0000000, 0x00000000cd380000, 0x00000000eaa80000)
  object space 216576K, 94% used [0x00000000c0000000,0x00000000cc7e11a8,0x00000000cd380000)
 PSPermGen       total 21504K, used 6138K [0x00000000b5a00000, 0x00000000b6f00000, 0x00000000c0000000)
  object space 21504K, 28% used [0x00000000b5a00000,0x00000000b5ffeb30,0x00000000b6f00000)
}
Event: 26.977 GC heap before
{Heap before GC invocations=17 (full 4):
 PSYoungGen      total 287232K, used 34849K [0x00000000eaa80000, 0x0000000100000000, 0x0000000100000000)
  eden space 224768K, 0% used [0x00000000eaa80000,0x00000000eaa80000,0x00000000f8600000)
  from space 62464K, 55% used [0x00000000f8600000,0x00000000fa808758,0x00000000fc300000)
  to   space 61952K, 0% used [0x00000000fc380000,0x00000000fc380000,0x0000000100000000)
 ParOldGen       total 216576K, used 204676K [0x00000000c0000000, 0x00000000cd380000, 0x00000000eaa80000)
  object space 216576K, 94% used [0x00000000c0000000,0x00000000cc7e11a8,0x00000000cd380000)
 PSPermGen       total 21504K, used 6138K [0x00000000b5a00000, 0x00000000b6f00000, 0x00000000c0000000)
  object space 21504K, 28% used [0x00000000b5a00000,0x00000000b5ffeb30,0x00000000b6f00000)
Event: 28.376 GC heap after
Heap after GC invocations=17 (full 4):
 PSYoungGen      total 287232K, used 22343K [0x00000000eaa80000, 0x0000000100000000, 0x0000000100000000)
  eden space 224768K, 0% used [0x00000000eaa80000,0x00000000eaa80000,0x00000000f8600000)
  from space 62464K, 35% used [0x00000000f8600000,0x00000000f9bd1fd0,0x00000000fc300000)
  to   space 61952K, 0% used [0x00000000fc380000,0x00000000fc380000,0x0000000100000000)
 ParOldGen       total 318976K, used 216230K [0x00000000c0000000, 0x00000000d3780000, 0x00000000eaa80000)
  object space 318976K, 67% used [0x00000000c0000000,0x00000000cd329930,0x00000000d3780000)
 PSPermGen       total 21504K, used 6138K [0x00000000b5a00000, 0x00000000b6f00000, 0x00000000c0000000)
  object space 21504K, 28% used [0x00000000b5a00000,0x00000000b5ffeb30,0x00000000b6f00000)
}
Event: 28.956 GC heap before
{Heap before GC invocations=18 (full 4):
 PSYoungGen      total 287232K, used 247111K [0x00000000eaa80000, 0x0000000100000000, 0x0000000100000000)
  eden space 224768K, 100% used [0x00000000eaa80000,0x00000000f8600000,0x00000000f8600000)
  from space 62464K, 35% used [0x00000000f8600000,0x00000000f9bd1fd0,0x00000000fc300000)
  to   space 61952K, 0% used [0x00000000fc380000,0x00000000fc380000,0x0000000100000000)
 ParOldGen       total 318976K, used 216230K [0x00000000c0000000, 0x00000000d3780000, 0x00000000eaa80000)
  object space 318976K, 67% used [0x00000000c0000000,0x00000000cd329930,0x00000000d3780000)
 PSPermGen       total 21504K, used 6152K [0x00000000b5a00000, 0x00000000b6f00000, 0x00000000c0000000)
  object space 21504K, 28% used [0x00000000b5a00000,0x00000000b6002320,0x00000000b6f00000)
Event: 29.123 GC heap after
Heap after GC invocations=18 (full 4):
 PSYoungGen      total 286720K, used 36505K [0x00000000eaa80000, 0x0000000100000000, 0x0000000100000000)
  eden space 224768K, 0% used [0x00000000eaa80000,0x00000000eaa80000,0x00000000f8600000)
  from space 61952K, 58% used [0x00000000fc380000,0x00000000fe726528,0x0000000100000000)
  to   space 62464K, 0% used [0x00000000f8600000,0x00000000f8600000,0x00000000fc300000)
 ParOldGen       total 318976K, used 237866K [0x00000000c0000000, 0x00000000d3780000, 0x00000000eaa80000)
  object space 318976K, 74% used [0x00000000c0000000,0x00000000ce84a8e8,0x00000000d3780000)
 PSPermGen       total 21504K, used 6152K [0x00000000b5a00000, 0x00000000b6f00000, 0x00000000c0000000)
  object space 21504K, 28% used [0x00000000b5a00000,0x00000000b6002320,0x00000000b6f00000)
}
Event: 29.818 GC heap before
{Heap before GC invocations=19 (full 4):
 PSYoungGen      total 286720K, used 261273K [0x00000000eaa80000, 0x0000000100000000, 0x0000000100000000)
  eden space 224768K, 100% used [0x00000000eaa80000,0x00000000f8600000,0x00000000f8600000)
  from space 61952K, 58% used [0x00000000fc380000,0x00000000fe726528,0x0000000100000000)
  to   space 62464K, 0% used [0x00000000f8600000,0x00000000f8600000,0x00000000fc300000)
 ParOldGen       total 318976K, used 237866K [0x00000000c0000000, 0x00000000d3780000, 0x00000000eaa80000)
  object space 318976K, 74% used [0x00000000c0000000,0x00000000ce84a8e8,0x00000000d3780000)
 PSPermGen       total 21504K, used 6157K [0x00000000b5a00000, 0x00000000b6f00000, 0x00000000c0000000)
  object space 21504K, 28% used [0x00000000b5a00000,0x00000000b60034c8,0x00000000b6f00000)
Event: 29.893 GC heap after
Heap after GC invocations=19 (full 4):
 PSYoungGen      total 287232K, used 62436K [0x00000000eaa80000, 0x0000000100000000, 0x0000000100000000)
  eden space 224768K, 0% used [0x00000000eaa80000,0x00000000eaa80000,0x00000000f8600000)
  from space 62464K, 99% used [0x00000000f8600000,0x00000000fc2f9038,0x00000000fc300000)
  to   space 62464K, 0% used [0x00000000fc300000,0x00000000fc300000,0x0000000100000000)
 ParOldGen       total 318976K, used 246994K [0x00000000c0000000, 0x00000000d3780000, 0x00000000eaa80000)
  object space 318976K, 77% used [0x00000000c0000000,0x00000000cf1348f8,0x00000000d3780000)
 PSPermGen       total 21504K, used 6157K [0x00000000b5a00000, 0x00000000b6f00000, 0x00000000c0000000)
  object space 21504K, 28% used [0x00000000b5a00000,0x00000000b60034c8,0x00000000b6f00000)
}
Event: 30.540 GC heap before
{Heap before GC invocations=20 (full 4):
 PSYoungGen      total 287232K, used 287204K [0x00000000eaa80000, 0x0000000100000000, 0x0000000100000000)
  eden space 224768K, 100% used [0x00000000eaa80000,0x00000000f8600000,0x00000000f8600000)
  from space 62464K, 99% used [0x00000000f8600000,0x00000000fc2f9038,0x00000000fc300000)
  to   space 62464K, 0% used [0x00000000fc300000,0x00000000fc300000,0x0000000100000000)
 ParOldGen       total 318976K, used 246994K [0x00000000c0000000, 0x00000000d3780000, 0x00000000eaa80000)
  object space 318976K, 77% used [0x00000000c0000000,0x00000000cf1348f8,0x00000000d3780000)
 PSPermGen       total 21504K, used 6163K [0x00000000b5a00000, 0x00000000b6f00000, 0x00000000c0000000)
  object space 21504K, 28% used [0x00000000b5a00000,0x00000000b6004c50,0x00000000b6f00000)
Event: 30.664 GC heap after
Heap after GC invocations=20 (full 4):
 PSYoungGen      total 267776K, used 34235K [0x00000000eaa80000, 0x0000000100000000, 0x0000000100000000)
  eden space 205312K, 0% used [0x00000000eaa80000,0x00000000eaa80000,0x00000000f7300000)
  from space 62464K, 54% used [0x00000000fc300000,0x00000000fe46efb0,0x0000000100000000)
  to   space 72192K, 0% used [0x00000000f7300000,0x00000000f7300000,0x00000000fb980000)
 ParOldGen       total 318976K, used 309703K [0x00000000c0000000, 0x00000000d3780000, 0x00000000eaa80000)
  object space 318976K, 97% used [0x00000000c0000000,0x00000000d2e71de0,0x00000000d3780000)
 PSPermGen       total 21504K, used 6163K [0x00000000b5a00000, 0x00000000b6f00000, 0x00000000c0000000)
  object space 21504K, 28% used [0x00000000b5a00000,0x00000000b6004c50,0x00000000b6f00000)
}
Event: 30.664 GC heap before
{Heap before GC invocations=21 (full 5):
 PSYoungGen      total 267776K, used 34235K [0x00000000eaa80000, 0x0000000100000000, 0x0000000100000000)
  eden space 205312K, 0% used [0x00000000eaa80000,0x00000000eaa80000,0x00000000f7300000)
  from space 62464K, 54% used [0x00000000fc300000,0x00000000fe46efb0,0x0000000100000000)
  to   space 72192K, 0% used [0x00000000f7300000,0x00000000f7300000,0x00000000fb980000)
 ParOldGen       total 318976K, used 309703K [0x00000000c0000000, 0x00000000d3780000, 0x00000000eaa80000)
  object space 318976K, 97% used [0x00000000c0000000,0x00000000d2e71de0,0x00000000d3780000)
 PSPermGen       total 21504K, used 6163K [0x00000000b5a00000, 0x00000000b6f00000, 0x00000000c0000000)
  object space 21504K, 28% used [0x00000000b5a00000,0x00000000b6004c50,0x00000000b6f00000)

