# JRE version: OpenJDK Runtime Environment (7.0_95) (build 1.7.0_95-b00)
# Java VM: OpenJDK 64-Bit Server VM (24.95-b01 mixed mode linux-amd64 compressed oops)
Heap
 PSYoungGen      total 233472K, used 29236K [0x00000000eaa80000, 0x0000000100000000, 0x0000000100000000)
  eden space 117248K, 0% used [0x00000000eaa80000,0x00000000eaa80000,0x00000000f1d00000)
  from space 116224K, 25% used [0x00000000f1d00000,0x00000000f398d030,0x00000000f8e80000)
  to   space 116224K, 0% used [0x00000000f8e80000,0x00000000f8e80000,0x0000000100000000)
 ParOldGen       total 402432K, used 402430K [0x00000000c0000000, 0x00000000d8900000, 0x00000000eaa80000)
  object space 402432K, 99% used [0x00000000c0000000,0x00000000d88ffa48,0x00000000d8900000)
 PSPermGen       total 21504K, used 6205K [0x00000000b5a00000, 0x00000000b6f00000, 0x00000000c0000000)
  object space 21504K, 28% used [0x00000000b5a00000,0x00000000b600f7c0,0x00000000b6f00000)
GC Heap History (10 events):
Event: 17.879 GC heap after
Heap after GC invocations=23 (full 4):
 PSYoungGen      total 247296K, used 93936K [0x00000000eaa80000, 0x0000000100000000, 0x0000000100000000)
  eden space 153088K, 0% used [0x00000000eaa80000,0x00000000eaa80000,0x00000000f4000000)
  from space 94208K, 99% used [0x00000000f4000000,0x00000000f9bbc3d8,0x00000000f9c00000)
  to   space 102400K, 0% used [0x00000000f9c00000,0x00000000f9c00000,0x0000000100000000)
 ParOldGen       total 402432K, used 257611K [0x00000000c0000000, 0x00000000d8900000, 0x00000000eaa80000)
  object space 402432K, 64% used [0x00000000c0000000,0x00000000cfb92fd8,0x00000000d8900000)
 PSPermGen       total 21504K, used 6163K [0x00000000b5a00000, 0x00000000b6f00000, 0x00000000c0000000)
  object space 21504K, 28% used [0x00000000b5a00000,0x00000000b6004d60,0x00000000b6f00000)
}
Event: 18.345 GC heap before
{Heap before GC invocations=24 (full 4):
 PSYoungGen      total 247296K, used 247024K [0x00000000eaa80000, 0x0000000100000000, 0x0000000100000000)
  eden space 153088K, 100% used [0x00000000eaa80000,0x00000000f4000000,0x00000000f4000000)
  from space 94208K, 99% used [0x00000000f4000000,0x00000000f9bbc3d8,0x00000000f9c00000)
  to   space 102400K, 0% used [0x00000000f9c00000,0x00000000f9c00000,0x0000000100000000)
 ParOldGen       total 402432K, used 257611K [0x00000000c0000000, 0x00000000d8900000, 0x00000000eaa80000)
  object space 402432K, 64% used [0x00000000c0000000,0x00000000cfb92fd8,0x00000000d8900000)
 PSPermGen       total 21504K, used 6166K [0x00000000b5a00000, 0x00000000b6f00000, 0x00000000c0000000)
  object space 21504K, 28% used [0x00000000b5a00000,0x00000000b6005bd8,0x00000000b6f00000)
Event: 18.494 GC heap after
Heap after GC invocations=24 (full 4):
 PSYoungGen      total 219648K, used 102390K [0x00000000eaa80000, 0x0000000100000000, 0x0000000100000000)
  eden space 117248K, 0% used [0x00000000eaa80000,0x00000000eaa80000,0x00000000f1d00000)
  from space 102400K, 99% used [0x00000000f9c00000,0x00000000ffffdb48,0x0000000100000000)
  to   space 116224K, 0% used [0x00000000f1d00000,0x00000000f1d00000,0x00000000f8e80000)
 ParOldGen       total 402432K, used 273808K [0x00000000c0000000, 0x00000000d8900000, 0x00000000eaa80000)
  object space 402432K, 68% used [0x00000000c0000000,0x00000000d0b64228,0x00000000d8900000)
 PSPermGen       total 21504K, used 6166K [0x00000000b5a00000, 0x00000000b6f00000, 0x00000000c0000000)
  object space 21504K, 28% used [0x00000000b5a00000,0x00000000b6005bd8,0x00000000b6f00000)
}
Event: 18.807 GC heap before
{Heap before GC invocations=25 (full 4):
 PSYoungGen      total 219648K, used 219638K [0x00000000eaa80000, 0x0000000100000000, 0x0000000100000000)
  eden space 117248K, 100% used [0x00000000eaa80000,0x00000000f1d00000,0x00000000f1d00000)
  from space 102400K, 99% used [0x00000000f9c00000,0x00000000ffffdb48,0x0000000100000000)
  to   space 116224K, 0% used [0x00000000f1d00000,0x00000000f1d00000,0x00000000f8e80000)
 ParOldGen       total 402432K, used 273808K [0x00000000c0000000, 0x00000000d8900000, 0x00000000eaa80000)
  object space 402432K, 68% used [0x00000000c0000000,0x00000000d0b64228,0x00000000d8900000)
 PSPermGen       total 21504K, used 6167K [0x00000000b5a00000, 0x00000000b6f00000, 0x00000000c0000000)
  object space 21504K, 28% used [0x00000000b5a00000,0x00000000b6005ce8,0x00000000b6f00000)
Event: 18.954 GC heap after
Heap after GC invocations=25 (full 4):
 PSYoungGen      total 233472K, used 99429K [0x00000000eaa80000, 0x0000000100000000, 0x0000000100000000)
  eden space 117248K, 0% used [0x00000000eaa80000,0x00000000eaa80000,0x00000000f1d00000)
  from space 116224K, 85% used [0x00000000f1d00000,0x00000000f7e19498,0x00000000f8e80000)
  to   space 116224K, 0% used [0x00000000f8e80000,0x00000000f8e80000,0x0000000100000000)
 ParOldGen       total 402432K, used 297492K [0x00000000c0000000, 0x00000000d8900000, 0x00000000eaa80000)
  object space 402432K, 73% used [0x00000000c0000000,0x00000000d2285308,0x00000000d8900000)
 PSPermGen       total 21504K, used 6167K [0x00000000b5a00000, 0x00000000b6f00000, 0x00000000c0000000)
  object space 21504K, 28% used [0x00000000b5a00000,0x00000000b6005ce8,0x00000000b6f00000)
}
Event: 19.353 GC heap before
{Heap before GC invocations=26 (full 4):
 PSYoungGen      total 233472K, used 216677K [0x00000000eaa80000, 0x0000000100000000, 0x0000000100000000)
  eden space 117248K, 100% used [0x00000000eaa80000,0x00000000f1d00000,0x00000000f1d00000)
  from space 116224K, 85% used [0x00000000f1d00000,0x00000000f7e19498,0x00000000f8e80000)
  to   space 116224K, 0% used [0x00000000f8e80000,0x00000000f8e80000,0x0000000100000000)
 ParOldGen       total 402432K, used 297492K [0x00000000c0000000, 0x00000000d8900000, 0x00000000eaa80000)
  object space 402432K, 73% used [0x00000000c0000000,0x00000000d2285308,0x00000000d8900000)
 PSPermGen       total 21504K, used 6175K [0x00000000b5a00000, 0x00000000b6f00000, 0x00000000c0000000)
  object space 21504K, 28% used [0x00000000b5a00000,0x00000000b6007fb8,0x00000000b6f00000)
Event: 19.500 GC heap after
Heap after GC invocations=26 (full 4):
 PSYoungGen      total 233472K, used 83499K [0x00000000eaa80000, 0x0000000100000000, 0x0000000100000000)
  eden space 117248K, 0% used [0x00000000eaa80000,0x00000000eaa80000,0x00000000f1d00000)
  from space 116224K, 71% used [0x00000000f8e80000,0x00000000fe00adb8,0x0000000100000000)
  to   space 116224K, 0% used [0x00000000f1d00000,0x00000000f1d00000,0x00000000f8e80000)
 ParOldGen       total 402432K, used 333082K [0x00000000c0000000, 0x00000000d8900000, 0x00000000eaa80000)
  object space 402432K, 82% used [0x00000000c0000000,0x00000000d45468b8,0x00000000d8900000)
 PSPermGen       total 21504K, used 6175K [0x00000000b5a00000, 0x00000000b6f00000, 0x00000000c0000000)
  object space 21504K, 28% used [0x00000000b5a00000,0x00000000b6007fb8,0x00000000b6f00000)
}
Event: 19.892 GC heap before
{Heap before GC invocations=27 (full 4):
 PSYoungGen      total 233472K, used 200747K [0x00000000eaa80000, 0x0000000100000000, 0x0000000100000000)
  eden space 117248K, 100% used [0x00000000eaa80000,0x00000000f1d00000,0x00000000f1d00000)
  from space 116224K, 71% used [0x00000000f8e80000,0x00000000fe00adb8,0x0000000100000000)
  to   space 116224K, 0% used [0x00000000f1d00000,0x00000000f1d00000,0x00000000f8e80000)
 ParOldGen       total 402432K, used 333082K [0x00000000c0000000, 0x00000000d8900000, 0x00000000eaa80000)
  object space 402432K, 82% used [0x00000000c0000000,0x00000000d45468b8,0x00000000d8900000)
 PSPermGen       total 21504K, used 6206K [0x00000000b5a00000, 0x00000000b6f00000, 0x00000000c0000000)
  object space 21504K, 28% used [0x00000000b5a00000,0x00000000b600f9a0,0x00000000b6f00000)
Event: 20.028 GC heap after
Heap after GC invocations=27 (full 4):
 PSYoungGen      total 233472K, used 59083K [0x00000000eaa80000, 0x0000000100000000, 0x0000000100000000)
  eden space 117248K, 0% used [0x00000000eaa80000,0x00000000eaa80000,0x00000000f1d00000)
  from space 116224K, 50% used [0x00000000f1d00000,0x00000000f56b2fc0,0x00000000f8e80000)
  to   space 116224K, 0% used [0x00000000f8e80000,0x00000000f8e80000,0x0000000100000000)
 ParOldGen       total 402432K, used 376764K [0x00000000c0000000, 0x00000000d8900000, 0x00000000eaa80000)
  object space 402432K, 93% used [0x00000000c0000000,0x00000000d6fef088,0x00000000d8900000)
 PSPermGen       total 21504K, used 6206K [0x00000000b5a00000, 0x00000000b6f00000, 0x00000000c0000000)
  object space 21504K, 28% used [0x00000000b5a00000,0x00000000b600f9a0,0x00000000b6f00000)
}
Event: 20.033 GC heap before
{Heap before GC invocations=28 (full 5):
 PSYoungGen      total 233472K, used 59083K [0x00000000eaa80000, 0x0000000100000000, 0x0000000100000000)
  eden space 117248K, 0% used [0x00000000eaa80000,0x00000000eaa80000,0x00000000f1d00000)
  from space 116224K, 50% used [0x00000000f1d00000,0x00000000f56b2fc0,0x00000000f8e80000)
  to   space 116224K, 0% used [0x00000000f8e80000,0x00000000f8e80000,0x0000000100000000)
 ParOldGen       total 402432K, used 376764K [0x00000000c0000000, 0x00000000d8900000, 0x00000000eaa80000)
  object space 402432K, 93% used [0x00000000c0000000,0x00000000d6fef088,0x00000000d8900000)
 PSPermGen       total 21504K, used 6206K [0x00000000b5a00000, 0x00000000b6f00000, 0x00000000c0000000)
  object space 21504K, 28% used [0x00000000b5a00000,0x00000000b600f9a0,0x00000000b6f00000)

