# JRE version: OpenJDK Runtime Environment (7.0_95) (build 1.7.0_95-b00)
# Java VM: OpenJDK 64-Bit Server VM (24.95-b01 mixed mode linux-amd64 compressed oops)
Heap
 PSYoungGen      total 233472K, used 42639K [0x00000000eaa80000, 0x0000000100000000, 0x0000000100000000)
  eden space 117248K, 0% used [0x00000000eaa80000,0x00000000eaa80000,0x00000000f1d00000)
  from space 116224K, 36% used [0x00000000f1d00000,0x00000000f46a3d58,0x00000000f8e80000)
  to   space 116224K, 0% used [0x00000000f8e80000,0x00000000f8e80000,0x0000000100000000)
 ParOldGen       total 433152K, used 432789K [0x00000000c0000000, 0x00000000da700000, 0x00000000eaa80000)
  object space 433152K, 99% used [0x00000000c0000000,0x00000000da6a5778,0x00000000da700000)
 PSPermGen       total 21504K, used 6200K [0x00000000b5a00000, 0x00000000b6f00000, 0x00000000c0000000)
  object space 21504K, 28% used [0x00000000b5a00000,0x00000000b600e020,0x00000000b6f00000)
GC Heap History (10 events):
Event: 20.348 GC heap after
Heap after GC invocations=29 (full 5):
 PSYoungGen      total 225280K, used 94623K [0x00000000eaa80000, 0x0000000100000000, 0x0000000100000000)
  eden space 130560K, 0% used [0x00000000eaa80000,0x00000000eaa80000,0x00000000f2a00000)
  from space 94720K, 99% used [0x00000000f2a00000,0x00000000f8667c28,0x00000000f8680000)
  to   space 116224K, 0% used [0x00000000f8e80000,0x00000000f8e80000,0x0000000100000000)
 ParOldGen       total 433152K, used 306128K [0x00000000c0000000, 0x00000000da700000, 0x00000000eaa80000)
  object space 433152K, 70% used [0x00000000c0000000,0x00000000d2af4058,0x00000000da700000)
 PSPermGen       total 21504K, used 6171K [0x00000000b5a00000, 0x00000000b6f00000, 0x00000000c0000000)
  object space 21504K, 28% used [0x00000000b5a00000,0x00000000b6006d68,0x00000000b6f00000)
}
Event: 20.763 GC heap before
{Heap before GC invocations=30 (full 5):
 PSYoungGen      total 225280K, used 225183K [0x00000000eaa80000, 0x0000000100000000, 0x0000000100000000)
  eden space 130560K, 100% used [0x00000000eaa80000,0x00000000f2a00000,0x00000000f2a00000)
  from space 94720K, 99% used [0x00000000f2a00000,0x00000000f8667c28,0x00000000f8680000)
  to   space 116224K, 0% used [0x00000000f8e80000,0x00000000f8e80000,0x0000000100000000)
 ParOldGen       total 433152K, used 306128K [0x00000000c0000000, 0x00000000da700000, 0x00000000eaa80000)
  object space 433152K, 70% used [0x00000000c0000000,0x00000000d2af4058,0x00000000da700000)
 PSPermGen       total 21504K, used 6192K [0x00000000b5a00000, 0x00000000b6f00000, 0x00000000c0000000)
  object space 21504K, 28% used [0x00000000b5a00000,0x00000000b600c228,0x00000000b6f00000)
Event: 20.867 GC heap after
Heap after GC invocations=30 (full 5):
 PSYoungGen      total 233472K, used 115940K [0x00000000eaa80000, 0x0000000100000000, 0x0000000100000000)
  eden space 117248K, 0% used [0x00000000eaa80000,0x00000000eaa80000,0x00000000f1d00000)
  from space 116224K, 99% used [0x00000000f8e80000,0x00000000fffb9268,0x0000000100000000)
  to   space 116224K, 0% used [0x00000000f1d00000,0x00000000f1d00000,0x00000000f8e80000)
 ParOldGen       total 433152K, used 306128K [0x00000000c0000000, 0x00000000da700000, 0x00000000eaa80000)
  object space 433152K, 70% used [0x00000000c0000000,0x00000000d2af4058,0x00000000da700000)
 PSPermGen       total 21504K, used 6192K [0x00000000b5a00000, 0x00000000b6f00000, 0x00000000c0000000)
  object space 21504K, 28% used [0x00000000b5a00000,0x00000000b600c228,0x00000000b6f00000)
}
Event: 21.148 GC heap before
{Heap before GC invocations=31 (full 5):
 PSYoungGen      total 233472K, used 233188K [0x00000000eaa80000, 0x0000000100000000, 0x0000000100000000)
  eden space 117248K, 100% used [0x00000000eaa80000,0x00000000f1d00000,0x00000000f1d00000)
  from space 116224K, 99% used [0x00000000f8e80000,0x00000000fffb9268,0x0000000100000000)
  to   space 116224K, 0% used [0x00000000f1d00000,0x00000000f1d00000,0x00000000f8e80000)
 ParOldGen       total 433152K, used 306128K [0x00000000c0000000, 0x00000000da700000, 0x00000000eaa80000)
  object space 433152K, 70% used [0x00000000c0000000,0x00000000d2af4058,0x00000000da700000)
 PSPermGen       total 21504K, used 6196K [0x00000000b5a00000, 0x00000000b6f00000, 0x00000000c0000000)
  object space 21504K, 28% used [0x00000000b5a00000,0x00000000b600d2a8,0x00000000b6f00000)
Event: 21.290 GC heap after
Heap after GC invocations=31 (full 5):
 PSYoungGen      total 233472K, used 101567K [0x00000000eaa80000, 0x0000000100000000, 0x0000000100000000)
  eden space 117248K, 0% used [0x00000000eaa80000,0x00000000eaa80000,0x00000000f1d00000)
  from space 116224K, 87% used [0x00000000f1d00000,0x00000000f802fcb0,0x00000000f8e80000)
  to   space 116224K, 0% used [0x00000000f8e80000,0x00000000f8e80000,0x0000000100000000)
 ParOldGen       total 433152K, used 339072K [0x00000000c0000000, 0x00000000da700000, 0x00000000eaa80000)
  object space 433152K, 78% used [0x00000000c0000000,0x00000000d4b20388,0x00000000da700000)
 PSPermGen       total 21504K, used 6196K [0x00000000b5a00000, 0x00000000b6f00000, 0x00000000c0000000)
  object space 21504K, 28% used [0x00000000b5a00000,0x00000000b600d2a8,0x00000000b6f00000)
}
Event: 21.547 GC heap before
{Heap before GC invocations=32 (full 5):
 PSYoungGen      total 233472K, used 218815K [0x00000000eaa80000, 0x0000000100000000, 0x0000000100000000)
  eden space 117248K, 100% used [0x00000000eaa80000,0x00000000f1d00000,0x00000000f1d00000)
  from space 116224K, 87% used [0x00000000f1d00000,0x00000000f802fcb0,0x00000000f8e80000)
  to   space 116224K, 0% used [0x00000000f8e80000,0x00000000f8e80000,0x0000000100000000)
 ParOldGen       total 433152K, used 339072K [0x00000000c0000000, 0x00000000da700000, 0x00000000eaa80000)
  object space 433152K, 78% used [0x00000000c0000000,0x00000000d4b20388,0x00000000da700000)
 PSPermGen       total 21504K, used 6197K [0x00000000b5a00000, 0x00000000b6f00000, 0x00000000c0000000)
  object space 21504K, 28% used [0x00000000b5a00000,0x00000000b600d7f0,0x00000000b6f00000)
Event: 21.684 GC heap after
Heap after GC invocations=32 (full 5):
 PSYoungGen      total 233472K, used 82226K [0x00000000eaa80000, 0x0000000100000000, 0x0000000100000000)
  eden space 117248K, 0% used [0x00000000eaa80000,0x00000000eaa80000,0x00000000f1d00000)
  from space 116224K, 70% used [0x00000000f8e80000,0x00000000fdeccad0,0x0000000100000000)
  to   space 116224K, 0% used [0x00000000f1d00000,0x00000000f1d00000,0x00000000f8e80000)
 ParOldGen       total 433152K, used 378241K [0x00000000c0000000, 0x00000000da700000, 0x00000000eaa80000)
  object space 433152K, 87% used [0x00000000c0000000,0x00000000d7160508,0x00000000da700000)
 PSPermGen       total 21504K, used 6197K [0x00000000b5a00000, 0x00000000b6f00000, 0x00000000c0000000)
  object space 21504K, 28% used [0x00000000b5a00000,0x00000000b600d7f0,0x00000000b6f00000)
}
Event: 21.981 GC heap before
{Heap before GC invocations=33 (full 5):
 PSYoungGen      total 233472K, used 199474K [0x00000000eaa80000, 0x0000000100000000, 0x0000000100000000)
  eden space 117248K, 100% used [0x00000000eaa80000,0x00000000f1d00000,0x00000000f1d00000)
  from space 116224K, 70% used [0x00000000f8e80000,0x00000000fdeccad0,0x0000000100000000)
  to   space 116224K, 0% used [0x00000000f1d00000,0x00000000f1d00000,0x00000000f8e80000)
 ParOldGen       total 433152K, used 378241K [0x00000000c0000000, 0x00000000da700000, 0x00000000eaa80000)
  object space 433152K, 87% used [0x00000000c0000000,0x00000000d7160508,0x00000000da700000)
 PSPermGen       total 21504K, used 6200K [0x00000000b5a00000, 0x00000000b6f00000, 0x00000000c0000000)
  object space 21504K, 28% used [0x00000000b5a00000,0x00000000b600e100,0x00000000b6f00000)
Event: 22.082 GC heap after
Heap after GC invocations=33 (full 5):
 PSYoungGen      total 233472K, used 56258K [0x00000000eaa80000, 0x0000000100000000, 0x0000000100000000)
  eden space 117248K, 0% used [0x00000000eaa80000,0x00000000eaa80000,0x00000000f1d00000)
  from space 116224K, 48% used [0x00000000f1d00000,0x00000000f53f0930,0x00000000f8e80000)
  to   space 116224K, 0% used [0x00000000f8e80000,0x00000000f8e80000,0x0000000100000000)
 ParOldGen       total 433152K, used 421489K [0x00000000c0000000, 0x00000000da700000, 0x00000000eaa80000)
  object space 433152K, 97% used [0x00000000c0000000,0x00000000d9b9c6d0,0x00000000da700000)
 PSPermGen       total 21504K, used 6200K [0x00000000b5a00000, 0x00000000b6f00000, 0x00000000c0000000)
  object space 21504K, 28% used [0x00000000b5a00000,0x00000000b600e100,0x00000000b6f00000)
}
Event: 22.083 GC heap before
{Heap before GC invocations=34 (full 6):
 PSYoungGen      total 233472K, used 56258K [0x00000000eaa80000, 0x0000000100000000, 0x0000000100000000)
  eden space 117248K, 0% used [0x00000000eaa80000,0x00000000eaa80000,0x00000000f1d00000)
  from space 116224K, 48% used [0x00000000f1d00000,0x00000000f53f0930,0x00000000f8e80000)
  to   space 116224K, 0% used [0x00000000f8e80000,0x00000000f8e80000,0x0000000100000000)
 ParOldGen       total 433152K, used 421489K [0x00000000c0000000, 0x00000000da700000, 0x00000000eaa80000)
  object space 433152K, 97% used [0x00000000c0000000,0x00000000d9b9c6d0,0x00000000da700000)
 PSPermGen       total 21504K, used 6200K [0x00000000b5a00000, 0x00000000b6f00000, 0x00000000c0000000)
  object space 21504K, 28% used [0x00000000b5a00000,0x00000000b600e100,0x00000000b6f00000)

