# JRE version: OpenJDK Runtime Environment (7.0_95) (build 1.7.0_95-b00)
# Java VM: OpenJDK 64-Bit Server VM (24.95-b01 mixed mode linux-amd64 compressed oops)
Heap
 PSYoungGen      total 233472K, used 42703K [0x00000000eaa80000, 0x0000000100000000, 0x0000000100000000)
  eden space 117248K, 0% used [0x00000000eaa80000,0x00000000eaa80000,0x00000000f1d00000)
  from space 116224K, 36% used [0x00000000f1d00000,0x00000000f46b3fe0,0x00000000f8e80000)
  to   space 116224K, 0% used [0x00000000f8e80000,0x00000000f8e80000,0x0000000100000000)
 ParOldGen       total 515584K, used 515313K [0x00000000c0000000, 0x00000000df780000, 0x00000000eaa80000)
  object space 515584K, 99% used [0x00000000c0000000,0x00000000df73c498,0x00000000df780000)
 PSPermGen       total 21504K, used 6217K [0x00000000b5a00000, 0x00000000b6f00000, 0x00000000c0000000)
  object space 21504K, 28% used [0x00000000b5a00000,0x00000000b6012648,0x00000000b6f00000)
GC Heap History (10 events):
Event: 20.332 GC heap after
Heap after GC invocations=34 (full 5):
 PSYoungGen      total 231424K, used 31248K [0x00000000eaa80000, 0x00000000ff600000, 0x0000000100000000)
  eden space 117248K, 0% used [0x00000000eaa80000,0x00000000eaa80000,0x00000000f1d00000)
  from space 114176K, 27% used [0x00000000f1d00000,0x00000000f3b84288,0x00000000f8c80000)
  to   space 108032K, 0% used [0x00000000f8c80000,0x00000000f8c80000,0x00000000ff600000)
 ParOldGen       total 515584K, used 449706K [0x00000000c0000000, 0x00000000df780000, 0x00000000eaa80000)
  object space 515584K, 87% used [0x00000000c0000000,0x00000000db72a8c0,0x00000000df780000)
 PSPermGen       total 21504K, used 6204K [0x00000000b5a00000, 0x00000000b6f00000, 0x00000000c0000000)
  object space 21504K, 28% used [0x00000000b5a00000,0x00000000b600f2a0,0x00000000b6f00000)
}
Event: 20.585 GC heap before
{Heap before GC invocations=35 (full 5):
 PSYoungGen      total 231424K, used 148496K [0x00000000eaa80000, 0x00000000ff600000, 0x0000000100000000)
  eden space 117248K, 100% used [0x00000000eaa80000,0x00000000f1d00000,0x00000000f1d00000)
  from space 114176K, 27% used [0x00000000f1d00000,0x00000000f3b84288,0x00000000f8c80000)
  to   space 108032K, 0% used [0x00000000f8c80000,0x00000000f8c80000,0x00000000ff600000)
 ParOldGen       total 515584K, used 449706K [0x00000000c0000000, 0x00000000df780000, 0x00000000eaa80000)
  object space 515584K, 87% used [0x00000000c0000000,0x00000000db72a8c0,0x00000000df780000)
 PSPermGen       total 21504K, used 6207K [0x00000000b5a00000, 0x00000000b6f00000, 0x00000000c0000000)
  object space 21504K, 28% used [0x00000000b5a00000,0x00000000b600ffe8,0x00000000b6f00000)
Event: 20.633 GC heap after
Heap after GC invocations=35 (full 5):
 PSYoungGen      total 232448K, used 48449K [0x00000000eaa80000, 0x00000000ff400000, 0x0000000100000000)
  eden space 126464K, 0% used [0x00000000eaa80000,0x00000000eaa80000,0x00000000f2600000)
  from space 105984K, 45% used [0x00000000f8c80000,0x00000000fbbd0688,0x00000000ff400000)
  to   space 104960K, 0% used [0x00000000f2600000,0x00000000f2600000,0x00000000f8c80000)
 ParOldGen       total 515584K, used 449706K [0x00000000c0000000, 0x00000000df780000, 0x00000000eaa80000)
  object space 515584K, 87% used [0x00000000c0000000,0x00000000db72a8c0,0x00000000df780000)
 PSPermGen       total 21504K, used 6207K [0x00000000b5a00000, 0x00000000b6f00000, 0x00000000c0000000)
  object space 21504K, 28% used [0x00000000b5a00000,0x00000000b600ffe8,0x00000000b6f00000)
}
Event: 20.994 GC heap before
{Heap before GC invocations=36 (full 5):
 PSYoungGen      total 232448K, used 174913K [0x00000000eaa80000, 0x00000000ff400000, 0x0000000100000000)
  eden space 126464K, 100% used [0x00000000eaa80000,0x00000000f2600000,0x00000000f2600000)
  from space 105984K, 45% used [0x00000000f8c80000,0x00000000fbbd0688,0x00000000ff400000)
  to   space 104960K, 0% used [0x00000000f2600000,0x00000000f2600000,0x00000000f8c80000)
 ParOldGen       total 515584K, used 449706K [0x00000000c0000000, 0x00000000df780000, 0x00000000eaa80000)
  object space 515584K, 87% used [0x00000000c0000000,0x00000000db72a8c0,0x00000000df780000)
 PSPermGen       total 21504K, used 6208K [0x00000000b5a00000, 0x00000000b6f00000, 0x00000000c0000000)
  object space 21504K, 28% used [0x00000000b5a00000,0x00000000b60102a8,0x00000000b6f00000)
Event: 21.061 GC heap after
Heap after GC invocations=36 (full 5):
 PSYoungGen      total 231424K, used 70046K [0x00000000eaa80000, 0x0000000100000000, 0x0000000100000000)
  eden space 126464K, 0% used [0x00000000eaa80000,0x00000000eaa80000,0x00000000f2600000)
  from space 104960K, 66% used [0x00000000f2600000,0x00000000f6a67848,0x00000000f8c80000)
  to   space 109568K, 0% used [0x00000000f9500000,0x00000000f9500000,0x0000000100000000)
 ParOldGen       total 515584K, used 449706K [0x00000000c0000000, 0x00000000df780000, 0x00000000eaa80000)
  object space 515584K, 87% used [0x00000000c0000000,0x00000000db72a8c0,0x00000000df780000)
 PSPermGen       total 21504K, used 6208K [0x00000000b5a00000, 0x00000000b6f00000, 0x00000000c0000000)
  object space 21504K, 28% used [0x00000000b5a00000,0x00000000b60102a8,0x00000000b6f00000)
}
Event: 21.343 GC heap before
{Heap before GC invocations=37 (full 5):
 PSYoungGen      total 231424K, used 196510K [0x00000000eaa80000, 0x0000000100000000, 0x0000000100000000)
  eden space 126464K, 100% used [0x00000000eaa80000,0x00000000f2600000,0x00000000f2600000)
  from space 104960K, 66% used [0x00000000f2600000,0x00000000f6a67848,0x00000000f8c80000)
  to   space 109568K, 0% used [0x00000000f9500000,0x00000000f9500000,0x0000000100000000)
 ParOldGen       total 515584K, used 449706K [0x00000000c0000000, 0x00000000df780000, 0x00000000eaa80000)
  object space 515584K, 87% used [0x00000000c0000000,0x00000000db72a8c0,0x00000000df780000)
 PSPermGen       total 21504K, used 6212K [0x00000000b5a00000, 0x00000000b6f00000, 0x00000000c0000000)
  object space 21504K, 28% used [0x00000000b5a00000,0x00000000b6011210,0x00000000b6f00000)
Event: 21.426 GC heap after
Heap after GC invocations=37 (full 5):
 PSYoungGen      total 226816K, used 90945K [0x00000000eaa80000, 0x0000000100000000, 0x0000000100000000)
  eden space 117248K, 0% used [0x00000000eaa80000,0x00000000eaa80000,0x00000000f1d00000)
  from space 109568K, 83% used [0x00000000f9500000,0x00000000fedd0648,0x0000000100000000)
  to   space 116224K, 0% used [0x00000000f1d00000,0x00000000f1d00000,0x00000000f8e80000)
 ParOldGen       total 515584K, used 449706K [0x00000000c0000000, 0x00000000df780000, 0x00000000eaa80000)
  object space 515584K, 87% used [0x00000000c0000000,0x00000000db72a8c0,0x00000000df780000)
 PSPermGen       total 21504K, used 6212K [0x00000000b5a00000, 0x00000000b6f00000, 0x00000000c0000000)
  object space 21504K, 28% used [0x00000000b5a00000,0x00000000b6011210,0x00000000b6f00000)
}
Event: 21.683 GC heap before
{Heap before GC invocations=38 (full 5):
 PSYoungGen      total 226816K, used 208193K [0x00000000eaa80000, 0x0000000100000000, 0x0000000100000000)
  eden space 117248K, 100% used [0x00000000eaa80000,0x00000000f1d00000,0x00000000f1d00000)
  from space 109568K, 83% used [0x00000000f9500000,0x00000000fedd0648,0x0000000100000000)
  to   space 116224K, 0% used [0x00000000f1d00000,0x00000000f1d00000,0x00000000f8e80000)
 ParOldGen       total 515584K, used 449706K [0x00000000c0000000, 0x00000000df780000, 0x00000000eaa80000)
  object space 515584K, 87% used [0x00000000c0000000,0x00000000db72a8c0,0x00000000df780000)
 PSPermGen       total 21504K, used 6217K [0x00000000b5a00000, 0x00000000b6f00000, 0x00000000c0000000)
  object space 21504K, 28% used [0x00000000b5a00000,0x00000000b6012788,0x00000000b6f00000)
Event: 21.795 GC heap after
Heap after GC invocations=38 (full 5):
 PSYoungGen      total 233472K, used 79282K [0x00000000eaa80000, 0x0000000100000000, 0x0000000100000000)
  eden space 117248K, 0% used [0x00000000eaa80000,0x00000000eaa80000,0x00000000f1d00000)
  from space 116224K, 68% used [0x00000000f1d00000,0x00000000f6a6c988,0x00000000f8e80000)
  to   space 116224K, 0% used [0x00000000f8e80000,0x00000000f8e80000,0x0000000100000000)
 ParOldGen       total 515584K, used 480539K [0x00000000c0000000, 0x00000000df780000, 0x00000000eaa80000)
  object space 515584K, 93% used [0x00000000c0000000,0x00000000dd546dc0,0x00000000df780000)
 PSPermGen       total 21504K, used 6217K [0x00000000b5a00000, 0x00000000b6f00000, 0x00000000c0000000)
  object space 21504K, 28% used [0x00000000b5a00000,0x00000000b6012788,0x00000000b6f00000)
}
Event: 21.804 GC heap before
{Heap before GC invocations=39 (full 6):
 PSYoungGen      total 233472K, used 79282K [0x00000000eaa80000, 0x0000000100000000, 0x0000000100000000)
  eden space 117248K, 0% used [0x00000000eaa80000,0x00000000eaa80000,0x00000000f1d00000)
  from space 116224K, 68% used [0x00000000f1d00000,0x00000000f6a6c988,0x00000000f8e80000)
  to   space 116224K, 0% used [0x00000000f8e80000,0x00000000f8e80000,0x0000000100000000)
 ParOldGen       total 515584K, used 480539K [0x00000000c0000000, 0x00000000df780000, 0x00000000eaa80000)
  object space 515584K, 93% used [0x00000000c0000000,0x00000000dd546dc0,0x00000000df780000)
 PSPermGen       total 21504K, used 6217K [0x00000000b5a00000, 0x00000000b6f00000, 0x00000000c0000000)
  object space 21504K, 28% used [0x00000000b5a00000,0x00000000b6012788,0x00000000b6f00000)

