# JRE version: OpenJDK Runtime Environment (7.0_95) (build 1.7.0_95-b00)
# Java VM: OpenJDK 64-Bit Server VM (24.95-b01 mixed mode linux-amd64 compressed oops)
Heap
 PSYoungGen      total 233472K, used 30611K [0x00000000eaa80000, 0x0000000100000000, 0x0000000100000000)
  eden space 117248K, 0% used [0x00000000eaa80000,0x00000000eaa80000,0x00000000f1d00000)
  from space 116224K, 26% used [0x00000000f1d00000,0x00000000f3ae4cf0,0x00000000f8e80000)
  to   space 116224K, 0% used [0x00000000f8e80000,0x00000000f8e80000,0x0000000100000000)
 ParOldGen       total 403456K, used 403345K [0x00000000c0000000, 0x00000000d8a00000, 0x00000000eaa80000)
  object space 403456K, 99% used [0x00000000c0000000,0x00000000d89e44c0,0x00000000d8a00000)
 PSPermGen       total 21504K, used 6200K [0x00000000b5a00000, 0x00000000b6f00000, 0x00000000c0000000)
  object space 21504K, 28% used [0x00000000b5a00000,0x00000000b600e3b8,0x00000000b6f00000)
GC Heap History (10 events):
Event: 17.532 GC heap after
Heap after GC invocations=23 (full 4):
 PSYoungGen      total 251392K, used 95862K [0x00000000eaa80000, 0x0000000100000000, 0x0000000100000000)
  eden space 155136K, 0% used [0x00000000eaa80000,0x00000000eaa80000,0x00000000f4200000)
  from space 96256K, 99% used [0x00000000f4200000,0x00000000f9f9d938,0x00000000fa000000)
  to   space 98304K, 0% used [0x00000000fa000000,0x00000000fa000000,0x0000000100000000)
 ParOldGen       total 403456K, used 258378K [0x00000000c0000000, 0x00000000d8a00000, 0x00000000eaa80000)
  object space 403456K, 64% used [0x00000000c0000000,0x00000000cfc52a18,0x00000000d8a00000)
 PSPermGen       total 21504K, used 6162K [0x00000000b5a00000, 0x00000000b6f00000, 0x00000000c0000000)
  object space 21504K, 28% used [0x00000000b5a00000,0x00000000b6004988,0x00000000b6f00000)
}
Event: 17.924 GC heap before
{Heap before GC invocations=24 (full 4):
 PSYoungGen      total 251392K, used 250998K [0x00000000eaa80000, 0x0000000100000000, 0x0000000100000000)
  eden space 155136K, 100% used [0x00000000eaa80000,0x00000000f4200000,0x00000000f4200000)
  from space 96256K, 99% used [0x00000000f4200000,0x00000000f9f9d938,0x00000000fa000000)
  to   space 98304K, 0% used [0x00000000fa000000,0x00000000fa000000,0x0000000100000000)
 ParOldGen       total 403456K, used 258378K [0x00000000c0000000, 0x00000000d8a00000, 0x00000000eaa80000)
  object space 403456K, 64% used [0x00000000c0000000,0x00000000cfc52a18,0x00000000d8a00000)
 PSPermGen       total 21504K, used 6164K [0x00000000b5a00000, 0x00000000b6f00000, 0x00000000c0000000)
  object space 21504K, 28% used [0x00000000b5a00000,0x00000000b6005378,0x00000000b6f00000)
Event: 18.072 GC heap after
Heap after GC invocations=24 (full 4):
 PSYoungGen      total 215552K, used 98275K [0x00000000eaa80000, 0x0000000100000000, 0x0000000100000000)
  eden space 117248K, 0% used [0x00000000eaa80000,0x00000000eaa80000,0x00000000f1d00000)
  from space 98304K, 99% used [0x00000000fa000000,0x00000000ffff8f98,0x0000000100000000)
  to   space 116224K, 0% used [0x00000000f1d00000,0x00000000f1d00000,0x00000000f8e80000)
 ParOldGen       total 403456K, used 281178K [0x00000000c0000000, 0x00000000d8a00000, 0x00000000eaa80000)
  object space 403456K, 69% used [0x00000000c0000000,0x00000000d1296838,0x00000000d8a00000)
 PSPermGen       total 21504K, used 6164K [0x00000000b5a00000, 0x00000000b6f00000, 0x00000000c0000000)
  object space 21504K, 28% used [0x00000000b5a00000,0x00000000b6005378,0x00000000b6f00000)
}
Event: 18.364 GC heap before
{Heap before GC invocations=25 (full 4):
 PSYoungGen      total 215552K, used 215523K [0x00000000eaa80000, 0x0000000100000000, 0x0000000100000000)
  eden space 117248K, 100% used [0x00000000eaa80000,0x00000000f1d00000,0x00000000f1d00000)
  from space 98304K, 99% used [0x00000000fa000000,0x00000000ffff8f98,0x0000000100000000)
  to   space 116224K, 0% used [0x00000000f1d00000,0x00000000f1d00000,0x00000000f8e80000)
 ParOldGen       total 403456K, used 281178K [0x00000000c0000000, 0x00000000d8a00000, 0x00000000eaa80000)
  object space 403456K, 69% used [0x00000000c0000000,0x00000000d1296838,0x00000000d8a00000)
 PSPermGen       total 21504K, used 6167K [0x00000000b5a00000, 0x00000000b6f00000, 0x00000000c0000000)
  object space 21504K, 28% used [0x00000000b5a00000,0x00000000b6005c30,0x00000000b6f00000)
Event: 18.488 GC heap after
Heap after GC invocations=25 (full 4):
 PSYoungGen      total 233472K, used 95027K [0x00000000eaa80000, 0x0000000100000000, 0x0000000100000000)
  eden space 117248K, 0% used [0x00000000eaa80000,0x00000000eaa80000,0x00000000f1d00000)
  from space 116224K, 81% used [0x00000000f1d00000,0x00000000f79ccea0,0x00000000f8e80000)
  to   space 116224K, 0% used [0x00000000f8e80000,0x00000000f8e80000,0x0000000100000000)
 ParOldGen       total 403456K, used 305092K [0x00000000c0000000, 0x00000000d8a00000, 0x00000000eaa80000)
  object space 403456K, 75% used [0x00000000c0000000,0x00000000d29f1240,0x00000000d8a00000)
 PSPermGen       total 21504K, used 6167K [0x00000000b5a00000, 0x00000000b6f00000, 0x00000000c0000000)
  object space 21504K, 28% used [0x00000000b5a00000,0x00000000b6005c30,0x00000000b6f00000)
}
Event: 18.777 GC heap before
{Heap before GC invocations=26 (full 4):
 PSYoungGen      total 233472K, used 212275K [0x00000000eaa80000, 0x0000000100000000, 0x0000000100000000)
  eden space 117248K, 100% used [0x00000000eaa80000,0x00000000f1d00000,0x00000000f1d00000)
  from space 116224K, 81% used [0x00000000f1d00000,0x00000000f79ccea0,0x00000000f8e80000)
  to   space 116224K, 0% used [0x00000000f8e80000,0x00000000f8e80000,0x0000000100000000)
 ParOldGen       total 403456K, used 305092K [0x00000000c0000000, 0x00000000d8a00000, 0x00000000eaa80000)
  object space 403456K, 75% used [0x00000000c0000000,0x00000000d29f1240,0x00000000d8a00000)
 PSPermGen       total 21504K, used 6171K [0x00000000b5a00000, 0x00000000b6f00000, 0x00000000c0000000)
  object space 21504K, 28% used [0x00000000b5a00000,0x00000000b6006ca0,0x00000000b6f00000)
Event: 18.926 GC heap after
Heap after GC invocations=26 (full 4):
 PSYoungGen      total 233472K, used 86915K [0x00000000eaa80000, 0x0000000100000000, 0x0000000100000000)
  eden space 117248K, 0% used [0x00000000eaa80000,0x00000000eaa80000,0x00000000f1d00000)
  from space 116224K, 74% used [0x00000000f8e80000,0x00000000fe360c80,0x0000000100000000)
  to   space 116224K, 0% used [0x00000000f1d00000,0x00000000f1d00000,0x00000000f8e80000)
 ParOldGen       total 403456K, used 332778K [0x00000000c0000000, 0x00000000d8a00000, 0x00000000eaa80000)
  object space 403456K, 82% used [0x00000000c0000000,0x00000000d44fa938,0x00000000d8a00000)
 PSPermGen       total 21504K, used 6171K [0x00000000b5a00000, 0x00000000b6f00000, 0x00000000c0000000)
  object space 21504K, 28% used [0x00000000b5a00000,0x00000000b6006ca0,0x00000000b6f00000)
}
Event: 19.337 GC heap before
{Heap before GC invocations=27 (full 4):
 PSYoungGen      total 233472K, used 204163K [0x00000000eaa80000, 0x0000000100000000, 0x0000000100000000)
  eden space 117248K, 100% used [0x00000000eaa80000,0x00000000f1d00000,0x00000000f1d00000)
  from space 116224K, 74% used [0x00000000f8e80000,0x00000000fe360c80,0x0000000100000000)
  to   space 116224K, 0% used [0x00000000f1d00000,0x00000000f1d00000,0x00000000f8e80000)
 ParOldGen       total 403456K, used 332778K [0x00000000c0000000, 0x00000000d8a00000, 0x00000000eaa80000)
  object space 403456K, 82% used [0x00000000c0000000,0x00000000d44fa938,0x00000000d8a00000)
 PSPermGen       total 21504K, used 6201K [0x00000000b5a00000, 0x00000000b6f00000, 0x00000000c0000000)
  object space 21504K, 28% used [0x00000000b5a00000,0x00000000b600e518,0x00000000b6f00000)
Event: 19.478 GC heap after
Heap after GC invocations=27 (full 4):
 PSYoungGen      total 233472K, used 58962K [0x00000000eaa80000, 0x0000000100000000, 0x0000000100000000)
  eden space 117248K, 0% used [0x00000000eaa80000,0x00000000eaa80000,0x00000000f1d00000)
  from space 116224K, 50% used [0x00000000f1d00000,0x00000000f5694a80,0x00000000f8e80000)
  to   space 116224K, 0% used [0x00000000f8e80000,0x00000000f8e80000,0x0000000100000000)
 ParOldGen       total 403456K, used 379998K [0x00000000c0000000, 0x00000000d8a00000, 0x00000000eaa80000)
  object space 403456K, 94% used [0x00000000c0000000,0x00000000d73178e8,0x00000000d8a00000)
 PSPermGen       total 21504K, used 6201K [0x00000000b5a00000, 0x00000000b6f00000, 0x00000000c0000000)
  object space 21504K, 28% used [0x00000000b5a00000,0x00000000b600e518,0x00000000b6f00000)
}
Event: 19.478 GC heap before
{Heap before GC invocations=28 (full 5):
 PSYoungGen      total 233472K, used 58962K [0x00000000eaa80000, 0x0000000100000000, 0x0000000100000000)
  eden space 117248K, 0% used [0x00000000eaa80000,0x00000000eaa80000,0x00000000f1d00000)
  from space 116224K, 50% used [0x00000000f1d00000,0x00000000f5694a80,0x00000000f8e80000)
  to   space 116224K, 0% used [0x00000000f8e80000,0x00000000f8e80000,0x0000000100000000)
 ParOldGen       total 403456K, used 379998K [0x00000000c0000000, 0x00000000d8a00000, 0x00000000eaa80000)
  object space 403456K, 94% used [0x00000000c0000000,0x00000000d73178e8,0x00000000d8a00000)
 PSPermGen       total 21504K, used 6201K [0x00000000b5a00000, 0x00000000b6f00000, 0x00000000c0000000)
  object space 21504K, 28% used [0x00000000b5a00000,0x00000000b600e518,0x00000000b6f00000)

