# JRE version: OpenJDK Runtime Environment (7.0_95) (build 1.7.0_95-b00)
# Java VM: OpenJDK 64-Bit Server VM (24.95-b01 mixed mode linux-amd64 compressed oops)
Heap
 PSYoungGen      total 237568K, used 8695K [0x00000000eaa80000, 0x00000000ff500000, 0x0000000100000000)
  eden space 140800K, 0% used [0x00000000eaa80000,0x00000000eaa80000,0x00000000f3400000)
  from space 96768K, 8% used [0x00000000f9680000,0x00000000f9efdfa8,0x00000000ff500000)
  to   space 98816K, 0% used [0x00000000f3400000,0x00000000f3400000,0x00000000f9480000)
 ParOldGen       total 673792K, used 673608K [0x00000000c0000000, 0x00000000e9200000, 0x00000000eaa80000)
  object space 673792K, 99% used [0x00000000c0000000,0x00000000e91d2398,0x00000000e9200000)
 PSPermGen       total 21504K, used 6315K [0x00000000b5a00000, 0x00000000b6f00000, 0x00000000c0000000)
  object space 21504K, 29% used [0x00000000b5a00000,0x00000000b602afe8,0x00000000b6f00000)
GC Heap History (10 events):
Event: 41.011 GC heap after
Heap after GC invocations=40 (full 6):
 PSYoungGen      total 236544K, used 41217K [0x00000000eaa80000, 0x00000000ffb80000, 0x0000000100000000)
  eden space 123392K, 0% used [0x00000000eaa80000,0x00000000eaa80000,0x00000000f2300000)
  from space 113152K, 36% used [0x00000000f8b80000,0x00000000fb3c0450,0x00000000ffa00000)
  to   space 107008K, 0% used [0x00000000f2300000,0x00000000f2300000,0x00000000f8b80000)
 ParOldGen       total 673792K, used 573015K [0x00000000c0000000, 0x00000000e9200000, 0x00000000eaa80000)
  object space 673792K, 85% used [0x00000000c0000000,0x00000000e2f95ef0,0x00000000e9200000)
 PSPermGen       total 21504K, used 6223K [0x00000000b5a00000, 0x00000000b6f00000, 0x00000000c0000000)
  object space 21504K, 28% used [0x00000000b5a00000,0x00000000b6013e50,0x00000000b6f00000)
}
Event: 41.521 GC heap before
{Heap before GC invocations=41 (full 6):
 PSYoungGen      total 236544K, used 164609K [0x00000000eaa80000, 0x00000000ffb80000, 0x0000000100000000)
  eden space 123392K, 100% used [0x00000000eaa80000,0x00000000f2300000,0x00000000f2300000)
  from space 113152K, 36% used [0x00000000f8b80000,0x00000000fb3c0450,0x00000000ffa00000)
  to   space 107008K, 0% used [0x00000000f2300000,0x00000000f2300000,0x00000000f8b80000)
 ParOldGen       total 673792K, used 573015K [0x00000000c0000000, 0x00000000e9200000, 0x00000000eaa80000)
  object space 673792K, 85% used [0x00000000c0000000,0x00000000e2f95ef0,0x00000000e9200000)
 PSPermGen       total 21504K, used 6226K [0x00000000b5a00000, 0x00000000b6f00000, 0x00000000c0000000)
  object space 21504K, 28% used [0x00000000b5a00000,0x00000000b60148e8,0x00000000b6f00000)
Event: 41.821 GC heap after
Heap after GC invocations=41 (full 6):
 PSYoungGen      total 230400K, used 60448K [0x00000000eaa80000, 0x00000000ffa00000, 0x0000000100000000)
  eden space 123392K, 0% used [0x00000000eaa80000,0x00000000eaa80000,0x00000000f2300000)
  from space 107008K, 56% used [0x00000000f2300000,0x00000000f5e08020,0x00000000f8b80000)
  to   space 107008K, 0% used [0x00000000f9180000,0x00000000f9180000,0x00000000ffa00000)
 ParOldGen       total 673792K, used 573015K [0x00000000c0000000, 0x00000000e9200000, 0x00000000eaa80000)
  object space 673792K, 85% used [0x00000000c0000000,0x00000000e2f95ef0,0x00000000e9200000)
 PSPermGen       total 21504K, used 6226K [0x00000000b5a00000, 0x00000000b6f00000, 0x00000000c0000000)
  object space 21504K, 28% used [0x00000000b5a00000,0x00000000b60148e8,0x00000000b6f00000)
}
Event: 42.289 GC heap before
{Heap before GC invocations=42 (full 6):
 PSYoungGen      total 230400K, used 183840K [0x00000000eaa80000, 0x00000000ffa00000, 0x0000000100000000)
  eden space 123392K, 100% used [0x00000000eaa80000,0x00000000f2300000,0x00000000f2300000)
  from space 107008K, 56% used [0x00000000f2300000,0x00000000f5e08020,0x00000000f8b80000)
  to   space 107008K, 0% used [0x00000000f9180000,0x00000000f9180000,0x00000000ffa00000)
 ParOldGen       total 673792K, used 573015K [0x00000000c0000000, 0x00000000e9200000, 0x00000000eaa80000)
  object space 673792K, 85% used [0x00000000c0000000,0x00000000e2f95ef0,0x00000000e9200000)
 PSPermGen       total 21504K, used 6226K [0x00000000b5a00000, 0x00000000b6f00000, 0x00000000c0000000)
  object space 21504K, 28% used [0x00000000b5a00000,0x00000000b6014908,0x00000000b6f00000)
Event: 42.691 GC heap after
Heap after GC invocations=42 (full 6):
 PSYoungGen      total 238592K, used 56510K [0x00000000eaa80000, 0x00000000ffc00000, 0x0000000100000000)
  eden space 131584K, 0% used [0x00000000eaa80000,0x00000000eaa80000,0x00000000f2b00000)
  from space 107008K, 52% used [0x00000000f9180000,0x00000000fc8af8c0,0x00000000ffa00000)
  to   space 104960K, 0% used [0x00000000f2b00000,0x00000000f2b00000,0x00000000f9180000)
 ParOldGen       total 673792K, used 596044K [0x00000000c0000000, 0x00000000e9200000, 0x00000000eaa80000)
  object space 673792K, 88% used [0x00000000c0000000,0x00000000e4613238,0x00000000e9200000)
 PSPermGen       total 21504K, used 6226K [0x00000000b5a00000, 0x00000000b6f00000, 0x00000000c0000000)
  object space 21504K, 28% used [0x00000000b5a00000,0x00000000b6014908,0x00000000b6f00000)
}
Event: 43.276 GC heap before
{Heap before GC invocations=43 (full 6):
 PSYoungGen      total 238592K, used 188094K [0x00000000eaa80000, 0x00000000ffc00000, 0x0000000100000000)
  eden space 131584K, 100% used [0x00000000eaa80000,0x00000000f2b00000,0x00000000f2b00000)
  from space 107008K, 52% used [0x00000000f9180000,0x00000000fc8af8c0,0x00000000ffa00000)
  to   space 104960K, 0% used [0x00000000f2b00000,0x00000000f2b00000,0x00000000f9180000)
 ParOldGen       total 673792K, used 596044K [0x00000000c0000000, 0x00000000e9200000, 0x00000000eaa80000)
  object space 673792K, 88% used [0x00000000c0000000,0x00000000e4613238,0x00000000e9200000)
 PSPermGen       total 21504K, used 6226K [0x00000000b5a00000, 0x00000000b6f00000, 0x00000000c0000000)
  object space 21504K, 28% used [0x00000000b5a00000,0x00000000b6014a98,0x00000000b6f00000)
Event: 43.668 GC heap after
Heap after GC invocations=43 (full 6):
 PSYoungGen      total 236544K, used 59593K [0x00000000eaa80000, 0x00000000ffc00000, 0x0000000100000000)
  eden space 131584K, 0% used [0x00000000eaa80000,0x00000000eaa80000,0x00000000f2b00000)
  from space 104960K, 56% used [0x00000000f2b00000,0x00000000f65326f8,0x00000000f9180000)
  to   space 103936K, 0% used [0x00000000f9680000,0x00000000f9680000,0x00000000ffc00000)
 ParOldGen       total 673792K, used 613720K [0x00000000c0000000, 0x00000000e9200000, 0x00000000eaa80000)
  object space 673792K, 91% used [0x00000000c0000000,0x00000000e5756098,0x00000000e9200000)
 PSPermGen       total 21504K, used 6226K [0x00000000b5a00000, 0x00000000b6f00000, 0x00000000c0000000)
  object space 21504K, 28% used [0x00000000b5a00000,0x00000000b6014a98,0x00000000b6f00000)
}
Event: 46.248 GC heap before
{Heap before GC invocations=44 (full 6):
 PSYoungGen      total 236544K, used 191177K [0x00000000eaa80000, 0x00000000ffc00000, 0x0000000100000000)
  eden space 131584K, 100% used [0x00000000eaa80000,0x00000000f2b00000,0x00000000f2b00000)
  from space 104960K, 56% used [0x00000000f2b00000,0x00000000f65326f8,0x00000000f9180000)
  to   space 103936K, 0% used [0x00000000f9680000,0x00000000f9680000,0x00000000ffc00000)
 ParOldGen       total 673792K, used 613720K [0x00000000c0000000, 0x00000000e9200000, 0x00000000eaa80000)
  object space 673792K, 91% used [0x00000000c0000000,0x00000000e5756098,0x00000000e9200000)
 PSPermGen       total 21504K, used 6316K [0x00000000b5a00000, 0x00000000b6f00000, 0x00000000c0000000)
  object space 21504K, 29% used [0x00000000b5a00000,0x00000000b602b138,0x00000000b6f00000)
Event: 46.741 GC heap after
Heap after GC invocations=44 (full 6):
 PSYoungGen      total 237568K, used 43398K [0x00000000eaa80000, 0x00000000ff500000, 0x0000000100000000)
  eden space 140800K, 0% used [0x00000000eaa80000,0x00000000eaa80000,0x00000000f3400000)
  from space 96768K, 44% used [0x00000000f9680000,0x00000000fc0e1b48,0x00000000ff500000)
  to   space 98816K, 0% used [0x00000000f3400000,0x00000000f3400000,0x00000000f9480000)
 ParOldGen       total 673792K, used 651410K [0x00000000c0000000, 0x00000000e9200000, 0x00000000eaa80000)
  object space 673792K, 96% used [0x00000000c0000000,0x00000000e7c24988,0x00000000e9200000)
 PSPermGen       total 21504K, used 6316K [0x00000000b5a00000, 0x00000000b6f00000, 0x00000000c0000000)
  object space 21504K, 29% used [0x00000000b5a00000,0x00000000b602b138,0x00000000b6f00000)
}
Event: 46.743 GC heap before
{Heap before GC invocations=45 (full 7):
 PSYoungGen      total 237568K, used 43398K [0x00000000eaa80000, 0x00000000ff500000, 0x0000000100000000)
  eden space 140800K, 0% used [0x00000000eaa80000,0x00000000eaa80000,0x00000000f3400000)
  from space 96768K, 44% used [0x00000000f9680000,0x00000000fc0e1b48,0x00000000ff500000)
  to   space 98816K, 0% used [0x00000000f3400000,0x00000000f3400000,0x00000000f9480000)
 ParOldGen       total 673792K, used 651410K [0x00000000c0000000, 0x00000000e9200000, 0x00000000eaa80000)
  object space 673792K, 96% used [0x00000000c0000000,0x00000000e7c24988,0x00000000e9200000)
 PSPermGen       total 21504K, used 6316K [0x00000000b5a00000, 0x00000000b6f00000, 0x00000000c0000000)
  object space 21504K, 29% used [0x00000000b5a00000,0x00000000b602b138,0x00000000b6f00000)

