# JRE version: OpenJDK Runtime Environment (7.0_95) (build 1.7.0_95-b00)
# Java VM: OpenJDK 64-Bit Server VM (24.95-b01 mixed mode linux-amd64 compressed oops)
Heap
 PSYoungGen      total 274432K, used 45031K [0x00000000eaa80000, 0x00000000fe480000, 0x0000000100000000)
  eden space 229376K, 0% used [0x00000000eaa80000,0x00000000eaa80000,0x00000000f8a80000)
  from space 45056K, 99% used [0x00000000fb880000,0x00000000fe479cb0,0x00000000fe480000)
  to   space 31232K, 0% used [0x00000000f8a80000,0x00000000f8a80000,0x00000000fa900000)
 ParOldGen       total 142848K, used 89529K [0x00000000c0000000, 0x00000000c8b80000, 0x00000000eaa80000)
  object space 142848K, 62% used [0x00000000c0000000,0x00000000c576e598,0x00000000c8b80000)
 PSPermGen       total 21504K, used 6114K [0x00000000b5a00000, 0x00000000b6f00000, 0x00000000c0000000)
  object space 21504K, 28% used [0x00000000b5a00000,0x00000000b5ff8800,0x00000000b6f00000)
GC Heap History (10 events):
Event: 7.885 GC heap after
Heap after GC invocations=7 (full 0):
 PSYoungGen      total 135680K, used 14314K [0x00000000eaa80000, 0x00000000fc780000, 0x0000000100000000)
  eden space 121344K, 0% used [0x00000000eaa80000,0x00000000eaa80000,0x00000000f2100000)
  from space 14336K, 99% used [0x00000000f2100000,0x00000000f2efa898,0x00000000f2f00000)
  to   space 24576K, 0% used [0x00000000faf80000,0x00000000faf80000,0x00000000fc780000)
 ParOldGen       total 40960K, used 39789K [0x00000000c0000000, 0x00000000c2800000, 0x00000000eaa80000)
  object space 40960K, 97% used [0x00000000c0000000,0x00000000c26db4b8,0x00000000c2800000)
 PSPermGen       total 21504K, used 6044K [0x00000000b5a00000, 0x00000000b6f00000, 0x00000000c0000000)
  object space 21504K, 28% used [0x00000000b5a00000,0x00000000b5fe73c0,0x00000000b6f00000)
}
Event: 7.886 GC heap before
{Heap before GC invocations=8 (full 1):
 PSYoungGen      total 135680K, used 14314K [0x00000000eaa80000, 0x00000000fc780000, 0x0000000100000000)
  eden space 121344K, 0% used [0x00000000eaa80000,0x00000000eaa80000,0x00000000f2100000)
  from space 14336K, 99% used [0x00000000f2100000,0x00000000f2efa898,0x00000000f2f00000)
  to   space 24576K, 0% used [0x00000000faf80000,0x00000000faf80000,0x00000000fc780000)
 ParOldGen       total 40960K, used 39789K [0x00000000c0000000, 0x00000000c2800000, 0x00000000eaa80000)
  object space 40960K, 97% used [0x00000000c0000000,0x00000000c26db4b8,0x00000000c2800000)
 PSPermGen       total 21504K, used 6044K [0x00000000b5a00000, 0x00000000b6f00000, 0x00000000c0000000)
  object space 21504K, 28% used [0x00000000b5a00000,0x00000000b5fe73c0,0x00000000b6f00000)
Event: 8.373 GC heap after
Heap after GC invocations=8 (full 1):
 PSYoungGen      total 135680K, used 10186K [0x00000000eaa80000, 0x00000000fc780000, 0x0000000100000000)
  eden space 121344K, 0% used [0x00000000eaa80000,0x00000000eaa80000,0x00000000f2100000)
  from space 14336K, 71% used [0x00000000f2100000,0x00000000f2af29f8,0x00000000f2f00000)
  to   space 24576K, 0% used [0x00000000faf80000,0x00000000faf80000,0x00000000fc780000)
 ParOldGen       total 81408K, used 40832K [0x00000000c0000000, 0x00000000c4f80000, 0x00000000eaa80000)
  object space 81408K, 50% used [0x00000000c0000000,0x00000000c27e0060,0x00000000c4f80000)
 PSPermGen       total 21504K, used 6040K [0x00000000b5a00000, 0x00000000b6f00000, 0x00000000c0000000)
  object space 21504K, 28% used [0x00000000b5a00000,0x00000000b5fe6278,0x00000000b6f00000)
}
Event: 9.209 GC heap before
{Heap before GC invocations=9 (full 1):
 PSYoungGen      total 135680K, used 131530K [0x00000000eaa80000, 0x00000000fc780000, 0x0000000100000000)
  eden space 121344K, 100% used [0x00000000eaa80000,0x00000000f2100000,0x00000000f2100000)
  from space 14336K, 71% used [0x00000000f2100000,0x00000000f2af29f8,0x00000000f2f00000)
  to   space 24576K, 0% used [0x00000000faf80000,0x00000000faf80000,0x00000000fc780000)
 ParOldGen       total 81408K, used 40832K [0x00000000c0000000, 0x00000000c4f80000, 0x00000000eaa80000)
  object space 81408K, 50% used [0x00000000c0000000,0x00000000c27e0060,0x00000000c4f80000)
 PSPermGen       total 21504K, used 6088K [0x00000000b5a00000, 0x00000000b6f00000, 0x00000000c0000000)
  object space 21504K, 28% used [0x00000000b5a00000,0x00000000b5ff2108,0x00000000b6f00000)
Event: 9.271 GC heap after
Heap after GC invocations=9 (full 1):
 PSYoungGen      total 189952K, used 24575K [0x00000000eaa80000, 0x00000000fc780000, 0x0000000100000000)
  eden space 165376K, 0% used [0x00000000eaa80000,0x00000000eaa80000,0x00000000f4c00000)
  from space 24576K, 99% used [0x00000000faf80000,0x00000000fc77fca0,0x00000000fc780000)
  to   space 31232K, 0% used [0x00000000f8a80000,0x00000000f8a80000,0x00000000fa900000)
 ParOldGen       total 81408K, used 45794K [0x00000000c0000000, 0x00000000c4f80000, 0x00000000eaa80000)
  object space 81408K, 56% used [0x00000000c0000000,0x00000000c2cb8be8,0x00000000c4f80000)
 PSPermGen       total 21504K, used 6088K [0x00000000b5a00000, 0x00000000b6f00000, 0x00000000c0000000)
  object space 21504K, 28% used [0x00000000b5a00000,0x00000000b5ff2108,0x00000000b6f00000)
}
Event: 10.193 GC heap before
{Heap before GC invocations=10 (full 1):
 PSYoungGen      total 189952K, used 189951K [0x00000000eaa80000, 0x00000000fc780000, 0x0000000100000000)
  eden space 165376K, 100% used [0x00000000eaa80000,0x00000000f4c00000,0x00000000f4c00000)
  from space 24576K, 99% used [0x00000000faf80000,0x00000000fc77fca0,0x00000000fc780000)
  to   space 31232K, 0% used [0x00000000f8a80000,0x00000000f8a80000,0x00000000fa900000)
 ParOldGen       total 81408K, used 45794K [0x00000000c0000000, 0x00000000c4f80000, 0x00000000eaa80000)
  object space 81408K, 56% used [0x00000000c0000000,0x00000000c2cb8be8,0x00000000c4f80000)
 PSPermGen       total 21504K, used 6099K [0x00000000b5a00000, 0x00000000b6f00000, 0x00000000c0000000)
  object space 21504K, 28% used [0x00000000b5a00000,0x00000000b5ff4c08,0x00000000b6f00000)
Event: 10.702 GC heap after
Heap after GC invocations=10 (full 1):
 PSYoungGen      total 260608K, used 31225K [0x00000000eaa80000, 0x00000000fe480000, 0x0000000100000000)
  eden space 229376K, 0% used [0x00000000eaa80000,0x00000000eaa80000,0x00000000f8a80000)
  from space 31232K, 99% used [0x00000000f8a80000,0x00000000fa8fe7b0,0x00000000fa900000)
  to   space 45056K, 0% used [0x00000000fb880000,0x00000000fb880000,0x00000000fe480000)
 ParOldGen       total 81408K, used 67278K [0x00000000c0000000, 0x00000000c4f80000, 0x00000000eaa80000)
  object space 81408K, 82% used [0x00000000c0000000,0x00000000c41b38f8,0x00000000c4f80000)
 PSPermGen       total 21504K, used 6099K [0x00000000b5a00000, 0x00000000b6f00000, 0x00000000c0000000)
  object space 21504K, 28% used [0x00000000b5a00000,0x00000000b5ff4c08,0x00000000b6f00000)
}
Event: 10.702 GC heap before
{Heap before GC invocations=11 (full 2):
 PSYoungGen      total 260608K, used 31225K [0x00000000eaa80000, 0x00000000fe480000, 0x0000000100000000)
  eden space 229376K, 0% used [0x00000000eaa80000,0x00000000eaa80000,0x00000000f8a80000)
  from space 31232K, 99% used [0x00000000f8a80000,0x00000000fa8fe7b0,0x00000000fa900000)
  to   space 45056K, 0% used [0x00000000fb880000,0x00000000fb880000,0x00000000fe480000)
 ParOldGen       total 81408K, used 67278K [0x00000000c0000000, 0x00000000c4f80000, 0x00000000eaa80000)
  object space 81408K, 82% used [0x00000000c0000000,0x00000000c41b38f8,0x00000000c4f80000)
 PSPermGen       total 21504K, used 6099K [0x00000000b5a00000, 0x00000000b6f00000, 0x00000000c0000000)
  object space 21504K, 28% used [0x00000000b5a00000,0x00000000b5ff4c08,0x00000000b6f00000)
Event: 11.632 GC heap after
Heap after GC invocations=11 (full 2):
 PSYoungGen      total 260608K, used 15823K [0x00000000eaa80000, 0x00000000fe480000, 0x0000000100000000)
  eden space 229376K, 0% used [0x00000000eaa80000,0x00000000eaa80000,0x00000000f8a80000)
  from space 31232K, 50% used [0x00000000f8a80000,0x00000000f99f3d30,0x00000000fa900000)
  to   space 45056K, 0% used [0x00000000fb880000,0x00000000fb880000,0x00000000fe480000)
 ParOldGen       total 142848K, used 81390K [0x00000000c0000000, 0x00000000c8b80000, 0x00000000eaa80000)
  object space 142848K, 56% used [0x00000000c0000000,0x00000000c4f7b858,0x00000000c8b80000)
 PSPermGen       total 21504K, used 6098K [0x00000000b5a00000, 0x00000000b6f00000, 0x00000000c0000000)
  object space 21504K, 28% used [0x00000000b5a00000,0x00000000b5ff4a48,0x00000000b6f00000)
}
Event: 12.998 GC heap before
{Heap before GC invocations=12 (full 2):
 PSYoungGen      total 260608K, used 245199K [0x00000000eaa80000, 0x00000000fe480000, 0x0000000100000000)
  eden space 229376K, 100% used [0x00000000eaa80000,0x00000000f8a80000,0x00000000f8a80000)
  from space 31232K, 50% used [0x00000000f8a80000,0x00000000f99f3d30,0x00000000fa900000)
  to   space 45056K, 0% used [0x00000000fb880000,0x00000000fb880000,0x00000000fe480000)
 ParOldGen       total 142848K, used 81390K [0x00000000c0000000, 0x00000000c8b80000, 0x00000000eaa80000)
  object space 142848K, 56% used [0x00000000c0000000,0x00000000c4f7b858,0x00000000c8b80000)
 PSPermGen       total 21504K, used 6114K [0x00000000b5a00000, 0x00000000b6f00000, 0x00000000c0000000)
  object space 21504K, 28% used [0x00000000b5a00000,0x00000000b5ff8800,0x00000000b6f00000)

