# JRE version: OpenJDK Runtime Environment (7.0_95) (build 1.7.0_95-b00)
# Java VM: OpenJDK 64-Bit Server VM (24.95-b01 mixed mode linux-amd64 compressed oops)
Heap
 PSYoungGen      total 233472K, used 9948K [0x00000000eaa80000, 0x0000000100000000, 0x0000000100000000)
  eden space 117248K, 0% used [0x00000000eaa80000,0x00000000eaa80000,0x00000000f1d00000)
  from space 116224K, 8% used [0x00000000f1d00000,0x00000000f26b7128,0x00000000f8e80000)
  to   space 116224K, 0% used [0x00000000f8e80000,0x00000000f8e80000,0x0000000100000000)
 ParOldGen       total 524800K, used 524384K [0x00000000c0000000, 0x00000000e0080000, 0x00000000eaa80000)
  object space 524800K, 99% used [0x00000000c0000000,0x00000000e0018288,0x00000000e0080000)
 PSPermGen       total 21504K, used 6214K [0x00000000b5a00000, 0x00000000b6f00000, 0x00000000c0000000)
  object space 21504K, 28% used [0x00000000b5a00000,0x00000000b6011b38,0x00000000b6f00000)
GC Heap History (10 events):
Event: 24.494 GC heap after
Heap after GC invocations=34 (full 5):
 PSYoungGen      total 231936K, used 96699K [0x00000000eaa80000, 0x0000000100000000, 0x0000000100000000)
  eden space 122880K, 0% used [0x00000000eaa80000,0x00000000eaa80000,0x00000000f2280000)
  from space 109056K, 88% used [0x00000000f2280000,0x00000000f80eee50,0x00000000f8d00000)
  to   space 116224K, 0% used [0x00000000f8e80000,0x00000000f8e80000,0x0000000100000000)
 ParOldGen       total 524800K, used 364436K [0x00000000c0000000, 0x00000000e0080000, 0x00000000eaa80000)
  object space 524800K, 69% used [0x00000000c0000000,0x00000000d63e5178,0x00000000e0080000)
 PSPermGen       total 21504K, used 6202K [0x00000000b5a00000, 0x00000000b6f00000, 0x00000000c0000000)
  object space 21504K, 28% used [0x00000000b5a00000,0x00000000b600e8e0,0x00000000b6f00000)
}
Event: 24.775 GC heap before
{Heap before GC invocations=35 (full 5):
 PSYoungGen      total 231936K, used 219579K [0x00000000eaa80000, 0x0000000100000000, 0x0000000100000000)
  eden space 122880K, 100% used [0x00000000eaa80000,0x00000000f2280000,0x00000000f2280000)
  from space 109056K, 88% used [0x00000000f2280000,0x00000000f80eee50,0x00000000f8d00000)
  to   space 116224K, 0% used [0x00000000f8e80000,0x00000000f8e80000,0x0000000100000000)
 ParOldGen       total 524800K, used 364436K [0x00000000c0000000, 0x00000000e0080000, 0x00000000eaa80000)
  object space 524800K, 69% used [0x00000000c0000000,0x00000000d63e5178,0x00000000e0080000)
 PSPermGen       total 21504K, used 6204K [0x00000000b5a00000, 0x00000000b6f00000, 0x00000000c0000000)
  object space 21504K, 28% used [0x00000000b5a00000,0x00000000b600f008,0x00000000b6f00000)
Event: 24.893 GC heap after
Heap after GC invocations=35 (full 5):
 PSYoungGen      total 233472K, used 102323K [0x00000000eaa80000, 0x0000000100000000, 0x0000000100000000)
  eden space 117248K, 0% used [0x00000000eaa80000,0x00000000eaa80000,0x00000000f1d00000)
  from space 116224K, 88% used [0x00000000f8e80000,0x00000000ff26cd30,0x0000000100000000)
  to   space 116224K, 0% used [0x00000000f1d00000,0x00000000f1d00000,0x00000000f8e80000)
 ParOldGen       total 524800K, used 376907K [0x00000000c0000000, 0x00000000e0080000, 0x00000000eaa80000)
  object space 524800K, 71% used [0x00000000c0000000,0x00000000d7012ed8,0x00000000e0080000)
 PSPermGen       total 21504K, used 6204K [0x00000000b5a00000, 0x00000000b6f00000, 0x00000000c0000000)
  object space 21504K, 28% used [0x00000000b5a00000,0x00000000b600f008,0x00000000b6f00000)
}
Event: 25.185 GC heap before
{Heap before GC invocations=36 (full 5):
 PSYoungGen      total 233472K, used 219571K [0x00000000eaa80000, 0x0000000100000000, 0x0000000100000000)
  eden space 117248K, 100% used [0x00000000eaa80000,0x00000000f1d00000,0x00000000f1d00000)
  from space 116224K, 88% used [0x00000000f8e80000,0x00000000ff26cd30,0x0000000100000000)
  to   space 116224K, 0% used [0x00000000f1d00000,0x00000000f1d00000,0x00000000f8e80000)
 ParOldGen       total 524800K, used 376907K [0x00000000c0000000, 0x00000000e0080000, 0x00000000eaa80000)
  object space 524800K, 71% used [0x00000000c0000000,0x00000000d7012ed8,0x00000000e0080000)
 PSPermGen       total 21504K, used 6213K [0x00000000b5a00000, 0x00000000b6f00000, 0x00000000c0000000)
  object space 21504K, 28% used [0x00000000b5a00000,0x00000000b60115f8,0x00000000b6f00000)
Event: 25.321 GC heap after
Heap after GC invocations=36 (full 5):
 PSYoungGen      total 233472K, used 96025K [0x00000000eaa80000, 0x0000000100000000, 0x0000000100000000)
  eden space 117248K, 0% used [0x00000000eaa80000,0x00000000eaa80000,0x00000000f1d00000)
  from space 116224K, 82% used [0x00000000f1d00000,0x00000000f7ac6768,0x00000000f8e80000)
  to   space 116224K, 0% used [0x00000000f8e80000,0x00000000f8e80000,0x0000000100000000)
 ParOldGen       total 524800K, used 401608K [0x00000000c0000000, 0x00000000e0080000, 0x00000000eaa80000)
  object space 524800K, 76% used [0x00000000c0000000,0x00000000d8832010,0x00000000e0080000)
 PSPermGen       total 21504K, used 6213K [0x00000000b5a00000, 0x00000000b6f00000, 0x00000000c0000000)
  object space 21504K, 28% used [0x00000000b5a00000,0x00000000b60115f8,0x00000000b6f00000)
}
Event: 25.769 GC heap before
{Heap before GC invocations=37 (full 5):
 PSYoungGen      total 233472K, used 213273K [0x00000000eaa80000, 0x0000000100000000, 0x0000000100000000)
  eden space 117248K, 100% used [0x00000000eaa80000,0x00000000f1d00000,0x00000000f1d00000)
  from space 116224K, 82% used [0x00000000f1d00000,0x00000000f7ac6768,0x00000000f8e80000)
  to   space 116224K, 0% used [0x00000000f8e80000,0x00000000f8e80000,0x0000000100000000)
 ParOldGen       total 524800K, used 401608K [0x00000000c0000000, 0x00000000e0080000, 0x00000000eaa80000)
  object space 524800K, 76% used [0x00000000c0000000,0x00000000d8832010,0x00000000e0080000)
 PSPermGen       total 21504K, used 6214K [0x00000000b5a00000, 0x00000000b6f00000, 0x00000000c0000000)
  object space 21504K, 28% used [0x00000000b5a00000,0x00000000b6011900,0x00000000b6f00000)
Event: 25.905 GC heap after
Heap after GC invocations=37 (full 5):
 PSYoungGen      total 233472K, used 74827K [0x00000000eaa80000, 0x0000000100000000, 0x0000000100000000)
  eden space 117248K, 0% used [0x00000000eaa80000,0x00000000eaa80000,0x00000000f1d00000)
  from space 116224K, 64% used [0x00000000f8e80000,0x00000000fd792f80,0x0000000100000000)
  to   space 116224K, 0% used [0x00000000f1d00000,0x00000000f1d00000,0x00000000f8e80000)
 ParOldGen       total 524800K, used 440714K [0x00000000c0000000, 0x00000000e0080000, 0x00000000eaa80000)
  object space 524800K, 83% used [0x00000000c0000000,0x00000000dae628f8,0x00000000e0080000)
 PSPermGen       total 21504K, used 6214K [0x00000000b5a00000, 0x00000000b6f00000, 0x00000000c0000000)
  object space 21504K, 28% used [0x00000000b5a00000,0x00000000b6011900,0x00000000b6f00000)
}
Event: 26.184 GC heap before
{Heap before GC invocations=38 (full 5):
 PSYoungGen      total 233472K, used 192075K [0x00000000eaa80000, 0x0000000100000000, 0x0000000100000000)
  eden space 117248K, 100% used [0x00000000eaa80000,0x00000000f1d00000,0x00000000f1d00000)
  from space 116224K, 64% used [0x00000000f8e80000,0x00000000fd792f80,0x0000000100000000)
  to   space 116224K, 0% used [0x00000000f1d00000,0x00000000f1d00000,0x00000000f8e80000)
 ParOldGen       total 524800K, used 440714K [0x00000000c0000000, 0x00000000e0080000, 0x00000000eaa80000)
  object space 524800K, 83% used [0x00000000c0000000,0x00000000dae628f8,0x00000000e0080000)
 PSPermGen       total 21504K, used 6214K [0x00000000b5a00000, 0x00000000b6f00000, 0x00000000c0000000)
  object space 21504K, 28% used [0x00000000b5a00000,0x00000000b6011bb8,0x00000000b6f00000)
Event: 26.309 GC heap after
Heap after GC invocations=38 (full 5):
 PSYoungGen      total 233472K, used 57199K [0x00000000eaa80000, 0x0000000100000000, 0x0000000100000000)
  eden space 117248K, 0% used [0x00000000eaa80000,0x00000000eaa80000,0x00000000f1d00000)
  from space 116224K, 49% used [0x00000000f1d00000,0x00000000f54dbc60,0x00000000f8e80000)
  to   space 116224K, 0% used [0x00000000f8e80000,0x00000000f8e80000,0x0000000100000000)
 ParOldGen       total 524800K, used 478645K [0x00000000c0000000, 0x00000000e0080000, 0x00000000eaa80000)
  object space 524800K, 91% used [0x00000000c0000000,0x00000000dd36d7b0,0x00000000e0080000)
 PSPermGen       total 21504K, used 6214K [0x00000000b5a00000, 0x00000000b6f00000, 0x00000000c0000000)
  object space 21504K, 28% used [0x00000000b5a00000,0x00000000b6011bb8,0x00000000b6f00000)
}
Event: 26.313 GC heap before
{Heap before GC invocations=39 (full 6):
 PSYoungGen      total 233472K, used 57199K [0x00000000eaa80000, 0x0000000100000000, 0x0000000100000000)
  eden space 117248K, 0% used [0x00000000eaa80000,0x00000000eaa80000,0x00000000f1d00000)
  from space 116224K, 49% used [0x00000000f1d00000,0x00000000f54dbc60,0x00000000f8e80000)
  to   space 116224K, 0% used [0x00000000f8e80000,0x00000000f8e80000,0x0000000100000000)
 ParOldGen       total 524800K, used 478645K [0x00000000c0000000, 0x00000000e0080000, 0x00000000eaa80000)
  object space 524800K, 91% used [0x00000000c0000000,0x00000000dd36d7b0,0x00000000e0080000)
 PSPermGen       total 21504K, used 6214K [0x00000000b5a00000, 0x00000000b6f00000, 0x00000000c0000000)
  object space 21504K, 28% used [0x00000000b5a00000,0x00000000b6011bb8,0x00000000b6f00000)

