# JRE version: OpenJDK Runtime Environment (7.0_95) (build 1.7.0_95-b00)
# Java VM: OpenJDK 64-Bit Server VM (24.95-b01 mixed mode linux-amd64 compressed oops)
Heap
 PSYoungGen      total 249344K, used 0K [0x00000000eaa80000, 0x0000000100000000, 0x0000000100000000)
  eden space 161280K, 0% used [0x00000000eaa80000,0x00000000eaa80000,0x00000000f4800000)
  from space 88064K, 0% used [0x00000000f4800000,0x00000000f4800000,0x00000000f9e00000)
  to   space 84480K, 0% used [0x00000000fad80000,0x00000000fad80000,0x0000000100000000)
 ParOldGen       total 372736K, used 354875K [0x00000000c0000000, 0x00000000d6c00000, 0x00000000eaa80000)
  object space 372736K, 95% used [0x00000000c0000000,0x00000000d5a8ee00,0x00000000d6c00000)
 PSPermGen       total 21504K, used 6160K [0x00000000b5a00000, 0x00000000b6f00000, 0x00000000c0000000)
  object space 21504K, 28% used [0x00000000b5a00000,0x00000000b6004000,0x00000000b6f00000)
GC Heap History (10 events):
Event: 22.901 GC heap after
Heap after GC invocations=18 (full 3):
 PSYoungGen      total 217088K, used 217058K [0x00000000eaa80000, 0x0000000100000000, 0x0000000100000000)
  eden space 157184K, 100% used [0x00000000eaa80000,0x00000000f4400000,0x00000000f4400000)
  from space 59904K, 99% used [0x00000000fc580000,0x00000000ffff8bc8,0x0000000100000000)
  to   space 96256K, 25% used [0x00000000f4400000,0x00000000f5c40010,0x00000000fa200000)
 ParOldGen       total 258048K, used 257679K [0x00000000c0000000, 0x00000000cfc00000, 0x00000000eaa80000)
  object space 258048K, 99% used [0x00000000c0000000,0x00000000cfba3dc8,0x00000000cfc00000)
 PSPermGen       total 21504K, used 6153K [0x00000000b5a00000, 0x00000000b6f00000, 0x00000000c0000000)
  object space 21504K, 28% used [0x00000000b5a00000,0x00000000b60025c0,0x00000000b6f00000)
}
Event: 22.926 GC heap before
{Heap before GC invocations=19 (full 4):
 PSYoungGen      total 217088K, used 217058K [0x00000000eaa80000, 0x0000000100000000, 0x0000000100000000)
  eden space 157184K, 100% used [0x00000000eaa80000,0x00000000f4400000,0x00000000f4400000)
  from space 59904K, 99% used [0x00000000fc580000,0x00000000ffff8bc8,0x0000000100000000)
  to   space 96256K, 25% used [0x00000000f4400000,0x00000000f5c40010,0x00000000fa200000)
 ParOldGen       total 258048K, used 257679K [0x00000000c0000000, 0x00000000cfc00000, 0x00000000eaa80000)
  object space 258048K, 99% used [0x00000000c0000000,0x00000000cfba3dc8,0x00000000cfc00000)
 PSPermGen       total 21504K, used 6153K [0x00000000b5a00000, 0x00000000b6f00000, 0x00000000c0000000)
  object space 21504K, 28% used [0x00000000b5a00000,0x00000000b60025c0,0x00000000b6f00000)
Event: 24.571 GC heap after
Heap after GC invocations=19 (full 4):
 PSYoungGen      total 217088K, used 25066K [0x00000000eaa80000, 0x0000000100000000, 0x0000000100000000)
  eden space 157184K, 0% used [0x00000000eaa80000,0x00000000eaa80000,0x00000000f4400000)
  from space 59904K, 41% used [0x00000000fc580000,0x00000000fddfab50,0x0000000100000000)
  to   space 96256K, 0% used [0x00000000f4400000,0x00000000f4400000,0x00000000fa200000)
 ParOldGen       total 372736K, used 257835K [0x00000000c0000000, 0x00000000d6c00000, 0x00000000eaa80000)
  object space 372736K, 69% used [0x00000000c0000000,0x00000000cfbcaf88,0x00000000d6c00000)
 PSPermGen       total 21504K, used 6153K [0x00000000b5a00000, 0x00000000b6f00000, 0x00000000c0000000)
  object space 21504K, 28% used [0x00000000b5a00000,0x00000000b60025a0,0x00000000b6f00000)
}
Event: 25.018 GC heap before
{Heap before GC invocations=20 (full 4):
 PSYoungGen      total 217088K, used 182250K [0x00000000eaa80000, 0x0000000100000000, 0x0000000100000000)
  eden space 157184K, 100% used [0x00000000eaa80000,0x00000000f4400000,0x00000000f4400000)
  from space 59904K, 41% used [0x00000000fc580000,0x00000000fddfab50,0x0000000100000000)
  to   space 96256K, 0% used [0x00000000f4400000,0x00000000f4400000,0x00000000fa200000)
 ParOldGen       total 372736K, used 257835K [0x00000000c0000000, 0x00000000d6c00000, 0x00000000eaa80000)
  object space 372736K, 69% used [0x00000000c0000000,0x00000000cfbcaf88,0x00000000d6c00000)
 PSPermGen       total 21504K, used 6156K [0x00000000b5a00000, 0x00000000b6f00000, 0x00000000c0000000)
  object space 21504K, 28% used [0x00000000b5a00000,0x00000000b6003238,0x00000000b6f00000)
Event: 25.164 GC heap after
Heap after GC invocations=20 (full 4):
 PSYoungGen      total 253440K, used 26160K [0x00000000eaa80000, 0x0000000100000000, 0x0000000100000000)
  eden space 157184K, 0% used [0x00000000eaa80000,0x00000000eaa80000,0x00000000f4400000)
  from space 96256K, 27% used [0x00000000f4400000,0x00000000f5d8c3d0,0x00000000fa200000)
  to   space 92160K, 0% used [0x00000000fa600000,0x00000000fa600000,0x0000000100000000)
 ParOldGen       total 372736K, used 282438K [0x00000000c0000000, 0x00000000d6c00000, 0x00000000eaa80000)
  object space 372736K, 75% used [0x00000000c0000000,0x00000000d13d18a0,0x00000000d6c00000)
 PSPermGen       total 21504K, used 6156K [0x00000000b5a00000, 0x00000000b6f00000, 0x00000000c0000000)
  object space 21504K, 28% used [0x00000000b5a00000,0x00000000b6003238,0x00000000b6f00000)
}
Event: 25.810 GC heap before
{Heap before GC invocations=21 (full 4):
 PSYoungGen      total 253440K, used 183344K [0x00000000eaa80000, 0x0000000100000000, 0x0000000100000000)
  eden space 157184K, 100% used [0x00000000eaa80000,0x00000000f4400000,0x00000000f4400000)
  from space 96256K, 27% used [0x00000000f4400000,0x00000000f5d8c3d0,0x00000000fa200000)
  to   space 92160K, 0% used [0x00000000fa600000,0x00000000fa600000,0x0000000100000000)
 ParOldGen       total 372736K, used 282438K [0x00000000c0000000, 0x00000000d6c00000, 0x00000000eaa80000)
  object space 372736K, 75% used [0x00000000c0000000,0x00000000d13d18a0,0x00000000d6c00000)
 PSPermGen       total 21504K, used 6158K [0x00000000b5a00000, 0x00000000b6f00000, 0x00000000c0000000)
  object space 21504K, 28% used [0x00000000b5a00000,0x00000000b6003af8,0x00000000b6f00000)
Event: 25.910 GC heap after
Heap after GC invocations=21 (full 4):
 PSYoungGen      total 241152K, used 25328K [0x00000000eaa80000, 0x00000000ff400000, 0x0000000100000000)
  eden space 161280K, 0% used [0x00000000eaa80000,0x00000000eaa80000,0x00000000f4800000)
  from space 79872K, 31% used [0x00000000fa600000,0x00000000fbebc0b8,0x00000000ff400000)
  to   space 88064K, 0% used [0x00000000f4800000,0x00000000f4800000,0x00000000f9e00000)
 ParOldGen       total 372736K, used 308425K [0x00000000c0000000, 0x00000000d6c00000, 0x00000000eaa80000)
  object space 372736K, 82% used [0x00000000c0000000,0x00000000d2d324e0,0x00000000d6c00000)
 PSPermGen       total 21504K, used 6158K [0x00000000b5a00000, 0x00000000b6f00000, 0x00000000c0000000)
  object space 21504K, 28% used [0x00000000b5a00000,0x00000000b6003af8,0x00000000b6f00000)
}
Event: 26.342 GC heap before
{Heap before GC invocations=22 (full 4):
 PSYoungGen      total 241152K, used 186608K [0x00000000eaa80000, 0x00000000ff400000, 0x0000000100000000)
  eden space 161280K, 100% used [0x00000000eaa80000,0x00000000f4800000,0x00000000f4800000)
  from space 79872K, 31% used [0x00000000fa600000,0x00000000fbebc0b8,0x00000000ff400000)
  to   space 88064K, 0% used [0x00000000f4800000,0x00000000f4800000,0x00000000f9e00000)
 ParOldGen       total 372736K, used 308425K [0x00000000c0000000, 0x00000000d6c00000, 0x00000000eaa80000)
  object space 372736K, 82% used [0x00000000c0000000,0x00000000d2d324e0,0x00000000d6c00000)
 PSPermGen       total 21504K, used 6160K [0x00000000b5a00000, 0x00000000b6f00000, 0x00000000c0000000)
  object space 21504K, 28% used [0x00000000b5a00000,0x00000000b6004020,0x00000000b6f00000)
Event: 26.413 GC heap after
Heap after GC invocations=22 (full 4):
 PSYoungGen      total 249344K, used 23214K [0x00000000eaa80000, 0x0000000100000000, 0x0000000100000000)
  eden space 161280K, 0% used [0x00000000eaa80000,0x00000000eaa80000,0x00000000f4800000)
  from space 88064K, 26% used [0x00000000f4800000,0x00000000f5eab870,0x00000000f9e00000)
  to   space 84480K, 0% used [0x00000000fad80000,0x00000000fad80000,0x0000000100000000)
 ParOldGen       total 372736K, used 333804K [0x00000000c0000000, 0x00000000d6c00000, 0x00000000eaa80000)
  object space 372736K, 89% used [0x00000000c0000000,0x00000000d45fb050,0x00000000d6c00000)
 PSPermGen       total 21504K, used 6160K [0x00000000b5a00000, 0x00000000b6f00000, 0x00000000c0000000)
  object space 21504K, 28% used [0x00000000b5a00000,0x00000000b6004020,0x00000000b6f00000)
}
Event: 26.413 GC heap before
{Heap before GC invocations=23 (full 5):
 PSYoungGen      total 249344K, used 23214K [0x00000000eaa80000, 0x0000000100000000, 0x0000000100000000)
  eden space 161280K, 0% used [0x00000000eaa80000,0x00000000eaa80000,0x00000000f4800000)
  from space 88064K, 26% used [0x00000000f4800000,0x00000000f5eab870,0x00000000f9e00000)
  to   space 84480K, 0% used [0x00000000fad80000,0x00000000fad80000,0x0000000100000000)
 ParOldGen       total 372736K, used 333804K [0x00000000c0000000, 0x00000000d6c00000, 0x00000000eaa80000)
  object space 372736K, 89% used [0x00000000c0000000,0x00000000d45fb050,0x00000000d6c00000)
 PSPermGen       total 21504K, used 6160K [0x00000000b5a00000, 0x00000000b6f00000, 0x00000000c0000000)
  object space 21504K, 28% used [0x00000000b5a00000,0x00000000b6004020,0x00000000b6f00000)

