# JRE version: OpenJDK Runtime Environment (7.0_95) (build 1.7.0_95-b00)
# Java VM: OpenJDK 64-Bit Server VM (24.95-b01 mixed mode linux-amd64 compressed oops)
Heap
 PSYoungGen      total 68608K, used 7136K [0x00000000ebf00000, 0x00000000f0900000, 0x0000000100000000)
  eden space 61440K, 0% used [0x00000000ebf00000,0x00000000ebf00000,0x00000000efb00000)
  from space 7168K, 99% used [0x00000000efb00000,0x00000000f01f8020,0x00000000f0200000)
  to   space 7168K, 0% used [0x00000000f0200000,0x00000000f0200000,0x00000000f0900000)
 ParOldGen       total 40960K, used 16459K [0x00000000c3e00000, 0x00000000c6600000, 0x00000000ebf00000)
  object space 40960K, 40% used [0x00000000c3e00000,0x00000000c4e12ec0,0x00000000c6600000)
 PSPermGen       total 21504K, used 3667K [0x00000000b9800000, 0x00000000bad00000, 0x00000000c3e00000)
  object space 21504K, 17% used [0x00000000b9800000,0x00000000b9b94f18,0x00000000bad00000)
GC Heap History (10 events):
Event: 1.245 GC heap after
Heap after GC invocations=2 (full 0):
 PSYoungGen      total 17920K, used 2534K [0x00000000ebf00000, 0x00000000ee200000, 0x0000000100000000)
  eden space 15360K, 0% used [0x00000000ebf00000,0x00000000ebf00000,0x00000000ece00000)
  from space 2560K, 99% used [0x00000000ed080000,0x00000000ed2f9b00,0x00000000ed300000)
  to   space 2560K, 0% used [0x00000000ece00000,0x00000000ece00000,0x00000000ed080000)
 ParOldGen       total 40960K, used 1386K [0x00000000c3e00000, 0x00000000c6600000, 0x00000000ebf00000)
  object space 40960K, 3% used [0x00000000c3e00000,0x00000000c3f5ab28,0x00000000c6600000)
 PSPermGen       total 21504K, used 3605K [0x00000000b9800000, 0x00000000bad00000, 0x00000000c3e00000)
  object space 21504K, 16% used [0x00000000b9800000,0x00000000b9b856e8,0x00000000bad00000)
}
Event: 1.385 GC heap before
{Heap before GC invocations=3 (full 0):
 PSYoungGen      total 17920K, used 17894K [0x00000000ebf00000, 0x00000000ee200000, 0x0000000100000000)
  eden space 15360K, 100% used [0x00000000ebf00000,0x00000000ece00000,0x00000000ece00000)
  from space 2560K, 99% used [0x00000000ed080000,0x00000000ed2f9b00,0x00000000ed300000)
  to   space 2560K, 0% used [0x00000000ece00000,0x00000000ece00000,0x00000000ed080000)
 ParOldGen       total 40960K, used 1386K [0x00000000c3e00000, 0x00000000c6600000, 0x00000000ebf00000)
  object space 40960K, 3% used [0x00000000c3e00000,0x00000000c3f5ab28,0x00000000c6600000)
 PSPermGen       total 21504K, used 3611K [0x00000000b9800000, 0x00000000bad00000, 0x00000000c3e00000)
  object space 21504K, 16% used [0x00000000b9800000,0x00000000b9b86fb0,0x00000000bad00000)
Event: 1.391 GC heap after
Heap after GC invocations=3 (full 0):
 PSYoungGen      total 17920K, used 2528K [0x00000000ebf00000, 0x00000000ee200000, 0x0000000100000000)
  eden space 15360K, 0% used [0x00000000ebf00000,0x00000000ebf00000,0x00000000ece00000)
  from space 2560K, 98% used [0x00000000ece00000,0x00000000ed078030,0x00000000ed080000)
  to   space 2560K, 0% used [0x00000000edf80000,0x00000000edf80000,0x00000000ee200000)
 ParOldGen       total 40960K, used 3575K [0x00000000c3e00000, 0x00000000c6600000, 0x00000000ebf00000)
  object space 40960K, 8% used [0x00000000c3e00000,0x00000000c417ddf0,0x00000000c6600000)
 PSPermGen       total 21504K, used 3611K [0x00000000b9800000, 0x00000000bad00000, 0x00000000c3e00000)
  object space 21504K, 16% used [0x00000000b9800000,0x00000000b9b86fb0,0x00000000bad00000)
}
Event: 1.492 GC heap before
{Heap before GC invocations=4 (full 0):
 PSYoungGen      total 17920K, used 17888K [0x00000000ebf00000, 0x00000000ee200000, 0x0000000100000000)
  eden space 15360K, 100% used [0x00000000ebf00000,0x00000000ece00000,0x00000000ece00000)
  from space 2560K, 98% used [0x00000000ece00000,0x00000000ed078030,0x00000000ed080000)
  to   space 2560K, 0% used [0x00000000edf80000,0x00000000edf80000,0x00000000ee200000)
 ParOldGen       total 40960K, used 3575K [0x00000000c3e00000, 0x00000000c6600000, 0x00000000ebf00000)
  object space 40960K, 8% used [0x00000000c3e00000,0x00000000c417ddf0,0x00000000c6600000)
 PSPermGen       total 21504K, used 3617K [0x00000000b9800000, 0x00000000bad00000, 0x00000000c3e00000)
  object space 21504K, 16% used [0x00000000b9800000,0x00000000b9b88698,0x00000000bad00000)
Event: 1.503 GC heap after
Heap after GC invocations=4 (full 0):
 PSYoungGen      total 33280K, used 2544K [0x00000000ebf00000, 0x00000000ee200000, 0x0000000100000000)
  eden space 30720K, 0% used [0x00000000ebf00000,0x00000000ebf00000,0x00000000edd00000)
  from space 2560K, 99% used [0x00000000edf80000,0x00000000ee1fc040,0x00000000ee200000)
  to   space 2560K, 0% used [0x00000000edd00000,0x00000000edd00000,0x00000000edf80000)
 ParOldGen       total 40960K, used 5795K [0x00000000c3e00000, 0x00000000c6600000, 0x00000000ebf00000)
  object space 40960K, 14% used [0x00000000c3e00000,0x00000000c43a8fd8,0x00000000c6600000)
 PSPermGen       total 21504K, used 3617K [0x00000000b9800000, 0x00000000bad00000, 0x00000000c3e00000)
  object space 21504K, 16% used [0x00000000b9800000,0x00000000b9b88698,0x00000000bad00000)
}
Event: 1.826 GC heap before
{Heap before GC invocations=5 (full 0):
 PSYoungGen      total 33280K, used 33264K [0x00000000ebf00000, 0x00000000ee200000, 0x0000000100000000)
  eden space 30720K, 100% used [0x00000000ebf00000,0x00000000edd00000,0x00000000edd00000)
  from space 2560K, 99% used [0x00000000edf80000,0x00000000ee1fc040,0x00000000ee200000)
  to   space 2560K, 0% used [0x00000000edd00000,0x00000000edd00000,0x00000000edf80000)
 ParOldGen       total 40960K, used 5795K [0x00000000c3e00000, 0x00000000c6600000, 0x00000000ebf00000)
  object space 40960K, 14% used [0x00000000c3e00000,0x00000000c43a8fd8,0x00000000c6600000)
 PSPermGen       total 21504K, used 3632K [0x00000000b9800000, 0x00000000bad00000, 0x00000000c3e00000)
  object space 21504K, 16% used [0x00000000b9800000,0x00000000b9b8c2f8,0x00000000bad00000)
Event: 1.851 GC heap after
Heap after GC invocations=5 (full 0):
 PSYoungGen      total 33280K, used 2544K [0x00000000ebf00000, 0x00000000f0900000, 0x0000000100000000)
  eden space 30720K, 0% used [0x00000000ebf00000,0x00000000ebf00000,0x00000000edd00000)
  from space 2560K, 99% used [0x00000000edd00000,0x00000000edf7c030,0x00000000edf80000)
  to   space 7168K, 0% used [0x00000000f0200000,0x00000000f0200000,0x00000000f0900000)
 ParOldGen       total 40960K, used 9649K [0x00000000c3e00000, 0x00000000c6600000, 0x00000000ebf00000)
  object space 40960K, 23% used [0x00000000c3e00000,0x00000000c476c6a0,0x00000000c6600000)
 PSPermGen       total 21504K, used 3632K [0x00000000b9800000, 0x00000000bad00000, 0x00000000c3e00000)
  object space 21504K, 16% used [0x00000000b9800000,0x00000000b9b8c2f8,0x00000000bad00000)
}
Event: 2.124 GC heap before
{Heap before GC invocations=6 (full 0):
 PSYoungGen      total 33280K, used 33264K [0x00000000ebf00000, 0x00000000f0900000, 0x0000000100000000)
  eden space 30720K, 100% used [0x00000000ebf00000,0x00000000edd00000,0x00000000edd00000)
  from space 2560K, 99% used [0x00000000edd00000,0x00000000edf7c030,0x00000000edf80000)
  to   space 7168K, 0% used [0x00000000f0200000,0x00000000f0200000,0x00000000f0900000)
 ParOldGen       total 40960K, used 9649K [0x00000000c3e00000, 0x00000000c6600000, 0x00000000ebf00000)
  object space 40960K, 23% used [0x00000000c3e00000,0x00000000c476c6a0,0x00000000c6600000)
 PSPermGen       total 21504K, used 3642K [0x00000000b9800000, 0x00000000bad00000, 0x00000000c3e00000)
  object space 21504K, 16% used [0x00000000b9800000,0x00000000b9b8eb38,0x00000000bad00000)
Event: 2.155 GC heap after
Heap after GC invocations=6 (full 0):
 PSYoungGen      total 68608K, used 4832K [0x00000000ebf00000, 0x00000000f0900000, 0x0000000100000000)
  eden space 61440K, 0% used [0x00000000ebf00000,0x00000000ebf00000,0x00000000efb00000)
  from space 7168K, 67% used [0x00000000f0200000,0x00000000f06b8020,0x00000000f0900000)
  to   space 7168K, 0% used [0x00000000efb00000,0x00000000efb00000,0x00000000f0200000)
 ParOldGen       total 40960K, used 9649K [0x00000000c3e00000, 0x00000000c6600000, 0x00000000ebf00000)
  object space 40960K, 23% used [0x00000000c3e00000,0x00000000c476c6a0,0x00000000c6600000)
 PSPermGen       total 21504K, used 3642K [0x00000000b9800000, 0x00000000bad00000, 0x00000000c3e00000)
  object space 21504K, 16% used [0x00000000b9800000,0x00000000b9b8eb38,0x00000000bad00000)
}
Event: 2.593 GC heap before
{Heap before GC invocations=7 (full 0):
 PSYoungGen      total 68608K, used 66272K [0x00000000ebf00000, 0x00000000f0900000, 0x0000000100000000)
  eden space 61440K, 100% used [0x00000000ebf00000,0x00000000efb00000,0x00000000efb00000)
  from space 7168K, 67% used [0x00000000f0200000,0x00000000f06b8020,0x00000000f0900000)
  to   space 7168K, 0% used [0x00000000efb00000,0x00000000efb00000,0x00000000f0200000)
 ParOldGen       total 40960K, used 9649K [0x00000000c3e00000, 0x00000000c6600000, 0x00000000ebf00000)
  object space 40960K, 23% used [0x00000000c3e00000,0x00000000c476c6a0,0x00000000c6600000)
 PSPermGen       total 21504K, used 3667K [0x00000000b9800000, 0x00000000bad00000, 0x00000000c3e00000)
  object space 21504K, 17% used [0x00000000b9800000,0x00000000b9b94f18,0x00000000bad00000)

