# JRE version: OpenJDK Runtime Environment (7.0_95) (build 1.7.0_95-b00)
# Java VM: OpenJDK 64-Bit Server VM (24.95-b01 mixed mode linux-amd64 compressed oops)
Heap
 PSYoungGen      total 253440K, used 24011K [0x00000000eaa80000, 0x0000000100000000, 0x0000000100000000)
  eden space 157184K, 0% used [0x00000000eaa80000,0x00000000eaa80000,0x00000000f4400000)
  from space 96256K, 24% used [0x00000000f4400000,0x00000000f5b72e48,0x00000000fa200000)
  to   space 96256K, 0% used [0x00000000fa200000,0x00000000fa200000,0x0000000100000000)
 ParOldGen       total 346624K, used 346509K [0x00000000c0000000, 0x00000000d5280000, 0x00000000eaa80000)
  object space 346624K, 99% used [0x00000000c0000000,0x00000000d5263658,0x00000000d5280000)
 PSPermGen       total 21504K, used 6159K [0x00000000b5a00000, 0x00000000b6f00000, 0x00000000c0000000)
  object space 21504K, 28% used [0x00000000b5a00000,0x00000000b6003ef8,0x00000000b6f00000)
GC Heap History (10 events):
Event: 18.697 GC heap after
Heap after GC invocations=21 (full 4):
 PSYoungGen      total 283648K, used 37670K [0x00000000eaa80000, 0x00000000fff80000, 0x0000000100000000)
  eden space 219136K, 0% used [0x00000000eaa80000,0x00000000eaa80000,0x00000000f8080000)
  from space 64512K, 58% used [0x00000000f8080000,0x00000000fa549af0,0x00000000fbf80000)
  to   space 65024K, 0% used [0x00000000fc000000,0x00000000fc000000,0x00000000fff80000)
 ParOldGen       total 346624K, used 223989K [0x00000000c0000000, 0x00000000d5280000, 0x00000000eaa80000)
  object space 346624K, 64% used [0x00000000c0000000,0x00000000cdabd768,0x00000000d5280000)
 PSPermGen       total 21504K, used 6147K [0x00000000b5a00000, 0x00000000b6f00000, 0x00000000c0000000)
  object space 21504K, 28% used [0x00000000b5a00000,0x00000000b6000f78,0x00000000b6f00000)
}
Event: 19.383 GC heap before
{Heap before GC invocations=22 (full 4):
 PSYoungGen      total 283648K, used 256806K [0x00000000eaa80000, 0x00000000fff80000, 0x0000000100000000)
  eden space 219136K, 100% used [0x00000000eaa80000,0x00000000f8080000,0x00000000f8080000)
  from space 64512K, 58% used [0x00000000f8080000,0x00000000fa549af0,0x00000000fbf80000)
  to   space 65024K, 0% used [0x00000000fc000000,0x00000000fc000000,0x00000000fff80000)
 ParOldGen       total 346624K, used 223989K [0x00000000c0000000, 0x00000000d5280000, 0x00000000eaa80000)
  object space 346624K, 64% used [0x00000000c0000000,0x00000000cdabd768,0x00000000d5280000)
 PSPermGen       total 21504K, used 6151K [0x00000000b5a00000, 0x00000000b6f00000, 0x00000000c0000000)
  object space 21504K, 28% used [0x00000000b5a00000,0x00000000b6001d20,0x00000000b6f00000)
Event: 19.519 GC heap after
Heap after GC invocations=22 (full 4):
 PSYoungGen      total 262144K, used 65016K [0x00000000eaa80000, 0x0000000100000000, 0x0000000100000000)
  eden space 197120K, 0% used [0x00000000eaa80000,0x00000000eaa80000,0x00000000f6b00000)
  from space 65024K, 99% used [0x00000000fc000000,0x00000000fff7e350,0x00000000fff80000)
  to   space 76288K, 0% used [0x00000000f6b00000,0x00000000f6b00000,0x00000000fb580000)
 ParOldGen       total 346624K, used 227841K [0x00000000c0000000, 0x00000000d5280000, 0x00000000eaa80000)
  object space 346624K, 65% used [0x00000000c0000000,0x00000000cde80500,0x00000000d5280000)
 PSPermGen       total 21504K, used 6151K [0x00000000b5a00000, 0x00000000b6f00000, 0x00000000c0000000)
  object space 21504K, 28% used [0x00000000b5a00000,0x00000000b6001d20,0x00000000b6f00000)
}
Event: 20.417 GC heap before
{Heap before GC invocations=23 (full 4):
 PSYoungGen      total 262144K, used 262136K [0x00000000eaa80000, 0x0000000100000000, 0x0000000100000000)
  eden space 197120K, 100% used [0x00000000eaa80000,0x00000000f6b00000,0x00000000f6b00000)
  from space 65024K, 99% used [0x00000000fc000000,0x00000000fff7e350,0x00000000fff80000)
  to   space 76288K, 0% used [0x00000000f6b00000,0x00000000f6b00000,0x00000000fb580000)
 ParOldGen       total 346624K, used 227841K [0x00000000c0000000, 0x00000000d5280000, 0x00000000eaa80000)
  object space 346624K, 65% used [0x00000000c0000000,0x00000000cde80500,0x00000000d5280000)
 PSPermGen       total 21504K, used 6156K [0x00000000b5a00000, 0x00000000b6f00000, 0x00000000c0000000)
  object space 21504K, 28% used [0x00000000b5a00000,0x00000000b6003048,0x00000000b6f00000)
Event: 20.558 GC heap after
Heap after GC invocations=23 (full 4):
 PSYoungGen      total 255488K, used 58087K [0x00000000eaa80000, 0x0000000100000000, 0x0000000100000000)
  eden space 197120K, 0% used [0x00000000eaa80000,0x00000000eaa80000,0x00000000f6b00000)
  from space 58368K, 99% used [0x00000000f6b00000,0x00000000fa3b9d00,0x00000000fa400000)
  to   space 81920K, 0% used [0x00000000fb000000,0x00000000fb000000,0x0000000100000000)
 ParOldGen       total 346624K, used 262002K [0x00000000c0000000, 0x00000000d5280000, 0x00000000eaa80000)
  object space 346624K, 75% used [0x00000000c0000000,0x00000000cffdc8a8,0x00000000d5280000)
 PSPermGen       total 21504K, used 6156K [0x00000000b5a00000, 0x00000000b6f00000, 0x00000000c0000000)
  object space 21504K, 28% used [0x00000000b5a00000,0x00000000b6003048,0x00000000b6f00000)
}
Event: 21.335 GC heap before
{Heap before GC invocations=24 (full 4):
 PSYoungGen      total 255488K, used 255207K [0x00000000eaa80000, 0x0000000100000000, 0x0000000100000000)
  eden space 197120K, 100% used [0x00000000eaa80000,0x00000000f6b00000,0x00000000f6b00000)
  from space 58368K, 99% used [0x00000000f6b00000,0x00000000fa3b9d00,0x00000000fa400000)
  to   space 81920K, 0% used [0x00000000fb000000,0x00000000fb000000,0x0000000100000000)
 ParOldGen       total 346624K, used 262002K [0x00000000c0000000, 0x00000000d5280000, 0x00000000eaa80000)
  object space 346624K, 75% used [0x00000000c0000000,0x00000000cffdc8a8,0x00000000d5280000)
 PSPermGen       total 21504K, used 6156K [0x00000000b5a00000, 0x00000000b6f00000, 0x00000000c0000000)
  object space 21504K, 28% used [0x00000000b5a00000,0x00000000b6003308,0x00000000b6f00000)
Event: 21.437 GC heap after
Heap after GC invocations=24 (full 4):
 PSYoungGen      total 239104K, used 81904K [0x00000000eaa80000, 0x0000000100000000, 0x0000000100000000)
  eden space 157184K, 0% used [0x00000000eaa80000,0x00000000eaa80000,0x00000000f4400000)
  from space 81920K, 99% used [0x00000000fb000000,0x00000000ffffc0b8,0x0000000100000000)
  to   space 96256K, 0% used [0x00000000f4400000,0x00000000f4400000,0x00000000fa200000)
 ParOldGen       total 346624K, used 266139K [0x00000000c0000000, 0x00000000d5280000, 0x00000000eaa80000)
  object space 346624K, 76% used [0x00000000c0000000,0x00000000d03e6c70,0x00000000d5280000)
 PSPermGen       total 21504K, used 6156K [0x00000000b5a00000, 0x00000000b6f00000, 0x00000000c0000000)
  object space 21504K, 28% used [0x00000000b5a00000,0x00000000b6003308,0x00000000b6f00000)
}
Event: 21.952 GC heap before
{Heap before GC invocations=25 (full 4):
 PSYoungGen      total 239104K, used 239088K [0x00000000eaa80000, 0x0000000100000000, 0x0000000100000000)
  eden space 157184K, 100% used [0x00000000eaa80000,0x00000000f4400000,0x00000000f4400000)
  from space 81920K, 99% used [0x00000000fb000000,0x00000000ffffc0b8,0x0000000100000000)
  to   space 96256K, 0% used [0x00000000f4400000,0x00000000f4400000,0x00000000fa200000)
 ParOldGen       total 346624K, used 266139K [0x00000000c0000000, 0x00000000d5280000, 0x00000000eaa80000)
  object space 346624K, 76% used [0x00000000c0000000,0x00000000d03e6c70,0x00000000d5280000)
 PSPermGen       total 21504K, used 6160K [0x00000000b5a00000, 0x00000000b6f00000, 0x00000000c0000000)
  object space 21504K, 28% used [0x00000000b5a00000,0x00000000b6004038,0x00000000b6f00000)
Event: 22.159 GC heap after
Heap after GC invocations=25 (full 4):
 PSYoungGen      total 253440K, used 54435K [0x00000000eaa80000, 0x0000000100000000, 0x0000000100000000)
  eden space 157184K, 0% used [0x00000000eaa80000,0x00000000eaa80000,0x00000000f4400000)
  from space 96256K, 56% used [0x00000000f4400000,0x00000000f7928d70,0x00000000fa200000)
  to   space 96256K, 0% used [0x00000000fa200000,0x00000000fa200000,0x0000000100000000)
 ParOldGen       total 346624K, used 320055K [0x00000000c0000000, 0x00000000d5280000, 0x00000000eaa80000)
  object space 346624K, 92% used [0x00000000c0000000,0x00000000d388dc08,0x00000000d5280000)
 PSPermGen       total 21504K, used 6160K [0x00000000b5a00000, 0x00000000b6f00000, 0x00000000c0000000)
  object space 21504K, 28% used [0x00000000b5a00000,0x00000000b6004038,0x00000000b6f00000)
}
Event: 22.160 GC heap before
{Heap before GC invocations=26 (full 5):
 PSYoungGen      total 253440K, used 54435K [0x00000000eaa80000, 0x0000000100000000, 0x0000000100000000)
  eden space 157184K, 0% used [0x00000000eaa80000,0x00000000eaa80000,0x00000000f4400000)
  from space 96256K, 56% used [0x00000000f4400000,0x00000000f7928d70,0x00000000fa200000)
  to   space 96256K, 0% used [0x00000000fa200000,0x00000000fa200000,0x0000000100000000)
 ParOldGen       total 346624K, used 320055K [0x00000000c0000000, 0x00000000d5280000, 0x00000000eaa80000)
  object space 346624K, 92% used [0x00000000c0000000,0x00000000d388dc08,0x00000000d5280000)
 PSPermGen       total 21504K, used 6160K [0x00000000b5a00000, 0x00000000b6f00000, 0x00000000c0000000)
  object space 21504K, 28% used [0x00000000b5a00000,0x00000000b6004038,0x00000000b6f00000)

