# JRE version: OpenJDK Runtime Environment (7.0_95) (build 1.7.0_95-b00)
# Java VM: OpenJDK 64-Bit Server VM (24.95-b01 mixed mode linux-amd64 compressed oops)
Heap
 PSYoungGen      total 233472K, used 40269K [0x00000000eaa80000, 0x0000000100000000, 0x0000000100000000)
  eden space 117248K, 0% used [0x00000000eaa80000,0x00000000eaa80000,0x00000000f1d00000)
  from space 116224K, 34% used [0x00000000f1d00000,0x00000000f44535e8,0x00000000f8e80000)
  to   space 116224K, 0% used [0x00000000f8e80000,0x00000000f8e80000,0x0000000100000000)
 ParOldGen       total 514048K, used 513886K [0x00000000c0000000, 0x00000000df600000, 0x00000000eaa80000)
  object space 514048K, 99% used [0x00000000c0000000,0x00000000df5d7918,0x00000000df600000)
 PSPermGen       total 21504K, used 6223K [0x00000000b5a00000, 0x00000000b6f00000, 0x00000000c0000000)
  object space 21504K, 28% used [0x00000000b5a00000,0x00000000b6013cf0,0x00000000b6f00000)
GC Heap History (10 events):
Event: 20.746 GC heap after
Heap after GC invocations=34 (full 5):
 PSYoungGen      total 224256K, used 99350K [0x00000000eaa80000, 0x0000000100000000, 0x0000000100000000)
  eden space 124416K, 0% used [0x00000000eaa80000,0x00000000eaa80000,0x00000000f2400000)
  from space 99840K, 99% used [0x00000000f2400000,0x00000000f85059a8,0x00000000f8580000)
  to   space 116224K, 0% used [0x00000000f8e80000,0x00000000f8e80000,0x0000000100000000)
 ParOldGen       total 514048K, used 379582K [0x00000000c0000000, 0x00000000df600000, 0x00000000eaa80000)
  object space 514048K, 73% used [0x00000000c0000000,0x00000000d72afbb8,0x00000000df600000)
 PSPermGen       total 21504K, used 6207K [0x00000000b5a00000, 0x00000000b6f00000, 0x00000000c0000000)
  object space 21504K, 28% used [0x00000000b5a00000,0x00000000b600ff18,0x00000000b6f00000)
}
Event: 21.027 GC heap before
{Heap before GC invocations=35 (full 5):
 PSYoungGen      total 224256K, used 223766K [0x00000000eaa80000, 0x0000000100000000, 0x0000000100000000)
  eden space 124416K, 100% used [0x00000000eaa80000,0x00000000f2400000,0x00000000f2400000)
  from space 99840K, 99% used [0x00000000f2400000,0x00000000f85059a8,0x00000000f8580000)
  to   space 116224K, 0% used [0x00000000f8e80000,0x00000000f8e80000,0x0000000100000000)
 ParOldGen       total 514048K, used 379582K [0x00000000c0000000, 0x00000000df600000, 0x00000000eaa80000)
  object space 514048K, 73% used [0x00000000c0000000,0x00000000d72afbb8,0x00000000df600000)
 PSPermGen       total 21504K, used 6211K [0x00000000b5a00000, 0x00000000b6f00000, 0x00000000c0000000)
  object space 21504K, 28% used [0x00000000b5a00000,0x00000000b6010c08,0x00000000b6f00000)
Event: 21.147 GC heap after
Heap after GC invocations=35 (full 5):
 PSYoungGen      total 233472K, used 94558K [0x00000000eaa80000, 0x0000000100000000, 0x0000000100000000)
  eden space 117248K, 0% used [0x00000000eaa80000,0x00000000eaa80000,0x00000000f1d00000)
  from space 116224K, 81% used [0x00000000f8e80000,0x00000000fead7830,0x0000000100000000)
  to   space 116224K, 0% used [0x00000000f1d00000,0x00000000f1d00000,0x00000000f8e80000)
 ParOldGen       total 514048K, used 402421K [0x00000000c0000000, 0x00000000df600000, 0x00000000eaa80000)
  object space 514048K, 78% used [0x00000000c0000000,0x00000000d88fd7d0,0x00000000df600000)
 PSPermGen       total 21504K, used 6211K [0x00000000b5a00000, 0x00000000b6f00000, 0x00000000c0000000)
  object space 21504K, 28% used [0x00000000b5a00000,0x00000000b6010c08,0x00000000b6f00000)
}
Event: 21.492 GC heap before
{Heap before GC invocations=36 (full 5):
 PSYoungGen      total 233472K, used 211806K [0x00000000eaa80000, 0x0000000100000000, 0x0000000100000000)
  eden space 117248K, 100% used [0x00000000eaa80000,0x00000000f1d00000,0x00000000f1d00000)
  from space 116224K, 81% used [0x00000000f8e80000,0x00000000fead7830,0x0000000100000000)
  to   space 116224K, 0% used [0x00000000f1d00000,0x00000000f1d00000,0x00000000f8e80000)
 ParOldGen       total 514048K, used 402421K [0x00000000c0000000, 0x00000000df600000, 0x00000000eaa80000)
  object space 514048K, 78% used [0x00000000c0000000,0x00000000d88fd7d0,0x00000000df600000)
 PSPermGen       total 21504K, used 6214K [0x00000000b5a00000, 0x00000000b6f00000, 0x00000000c0000000)
  object space 21504K, 28% used [0x00000000b5a00000,0x00000000b6011960,0x00000000b6f00000)
Event: 21.632 GC heap after
Heap after GC invocations=36 (full 5):
 PSYoungGen      total 233472K, used 89727K [0x00000000eaa80000, 0x0000000100000000, 0x0000000100000000)
  eden space 117248K, 0% used [0x00000000eaa80000,0x00000000eaa80000,0x00000000f1d00000)
  from space 116224K, 77% used [0x00000000f1d00000,0x00000000f749fe00,0x00000000f8e80000)
  to   space 116224K, 0% used [0x00000000f8e80000,0x00000000f8e80000,0x0000000100000000)
 ParOldGen       total 514048K, used 427338K [0x00000000c0000000, 0x00000000df600000, 0x00000000eaa80000)
  object space 514048K, 83% used [0x00000000c0000000,0x00000000da152ae0,0x00000000df600000)
 PSPermGen       total 21504K, used 6214K [0x00000000b5a00000, 0x00000000b6f00000, 0x00000000c0000000)
  object space 21504K, 28% used [0x00000000b5a00000,0x00000000b6011960,0x00000000b6f00000)
}
Event: 21.919 GC heap before
{Heap before GC invocations=37 (full 5):
 PSYoungGen      total 233472K, used 206975K [0x00000000eaa80000, 0x0000000100000000, 0x0000000100000000)
  eden space 117248K, 100% used [0x00000000eaa80000,0x00000000f1d00000,0x00000000f1d00000)
  from space 116224K, 77% used [0x00000000f1d00000,0x00000000f749fe00,0x00000000f8e80000)
  to   space 116224K, 0% used [0x00000000f8e80000,0x00000000f8e80000,0x0000000100000000)
 ParOldGen       total 514048K, used 427338K [0x00000000c0000000, 0x00000000df600000, 0x00000000eaa80000)
  object space 514048K, 83% used [0x00000000c0000000,0x00000000da152ae0,0x00000000df600000)
 PSPermGen       total 21504K, used 6220K [0x00000000b5a00000, 0x00000000b6f00000, 0x00000000c0000000)
  object space 21504K, 28% used [0x00000000b5a00000,0x00000000b60130c0,0x00000000b6f00000)
Event: 22.053 GC heap after
Heap after GC invocations=37 (full 5):
 PSYoungGen      total 233472K, used 75666K [0x00000000eaa80000, 0x0000000100000000, 0x0000000100000000)
  eden space 117248K, 0% used [0x00000000eaa80000,0x00000000eaa80000,0x00000000f1d00000)
  from space 116224K, 65% used [0x00000000f8e80000,0x00000000fd864af0,0x0000000100000000)
  to   space 116224K, 0% used [0x00000000f1d00000,0x00000000f1d00000,0x00000000f8e80000)
 ParOldGen       total 514048K, used 461216K [0x00000000c0000000, 0x00000000df600000, 0x00000000eaa80000)
  object space 514048K, 89% used [0x00000000c0000000,0x00000000dc268060,0x00000000df600000)
 PSPermGen       total 21504K, used 6220K [0x00000000b5a00000, 0x00000000b6f00000, 0x00000000c0000000)
  object space 21504K, 28% used [0x00000000b5a00000,0x00000000b60130c0,0x00000000b6f00000)
}
Event: 22.335 GC heap before
{Heap before GC invocations=38 (full 5):
 PSYoungGen      total 233472K, used 192914K [0x00000000eaa80000, 0x0000000100000000, 0x0000000100000000)
  eden space 117248K, 100% used [0x00000000eaa80000,0x00000000f1d00000,0x00000000f1d00000)
  from space 116224K, 65% used [0x00000000f8e80000,0x00000000fd864af0,0x0000000100000000)
  to   space 116224K, 0% used [0x00000000f1d00000,0x00000000f1d00000,0x00000000f8e80000)
 ParOldGen       total 514048K, used 461216K [0x00000000c0000000, 0x00000000df600000, 0x00000000eaa80000)
  object space 514048K, 89% used [0x00000000c0000000,0x00000000dc268060,0x00000000df600000)
 PSPermGen       total 21504K, used 6223K [0x00000000b5a00000, 0x00000000b6f00000, 0x00000000c0000000)
  object space 21504K, 28% used [0x00000000b5a00000,0x00000000b6013e70,0x00000000b6f00000)
Event: 22.477 GC heap after
Heap after GC invocations=38 (full 5):
 PSYoungGen      total 233472K, used 59414K [0x00000000eaa80000, 0x0000000100000000, 0x0000000100000000)
  eden space 117248K, 0% used [0x00000000eaa80000,0x00000000eaa80000,0x00000000f1d00000)
  from space 116224K, 51% used [0x00000000f1d00000,0x00000000f57058d8,0x00000000f8e80000)
  to   space 116224K, 0% used [0x00000000f8e80000,0x00000000f8e80000,0x0000000100000000)
 ParOldGen       total 514048K, used 496873K [0x00000000c0000000, 0x00000000df600000, 0x00000000eaa80000)
  object space 514048K, 96% used [0x00000000c0000000,0x00000000de53a660,0x00000000df600000)
 PSPermGen       total 21504K, used 6223K [0x00000000b5a00000, 0x00000000b6f00000, 0x00000000c0000000)
  object space 21504K, 28% used [0x00000000b5a00000,0x00000000b6013e70,0x00000000b6f00000)
}
Event: 22.478 GC heap before
{Heap before GC invocations=39 (full 6):
 PSYoungGen      total 233472K, used 59414K [0x00000000eaa80000, 0x0000000100000000, 0x0000000100000000)
  eden space 117248K, 0% used [0x00000000eaa80000,0x00000000eaa80000,0x00000000f1d00000)
  from space 116224K, 51% used [0x00000000f1d00000,0x00000000f57058d8,0x00000000f8e80000)
  to   space 116224K, 0% used [0x00000000f8e80000,0x00000000f8e80000,0x0000000100000000)
 ParOldGen       total 514048K, used 496873K [0x00000000c0000000, 0x00000000df600000, 0x00000000eaa80000)
  object space 514048K, 96% used [0x00000000c0000000,0x00000000de53a660,0x00000000df600000)
 PSPermGen       total 21504K, used 6223K [0x00000000b5a00000, 0x00000000b6f00000, 0x00000000c0000000)
  object space 21504K, 28% used [0x00000000b5a00000,0x00000000b6013e70,0x00000000b6f00000)

