# JRE version: OpenJDK Runtime Environment (7.0_95) (build 1.7.0_95-b00)
# Java VM: OpenJDK 64-Bit Server VM (24.95-b01 mixed mode linux-amd64 compressed oops)
Heap
 PSYoungGen      total 200704K, used 29023K [0x00000000eaa80000, 0x00000000f9080000, 0x0000000100000000)
  eden space 168960K, 0% used [0x00000000eaa80000,0x00000000eaa80000,0x00000000f4f80000)
  from space 31744K, 91% used [0x00000000f5280000,0x00000000f6ed7f08,0x00000000f7180000)
  to   space 25088K, 0% used [0x00000000f7800000,0x00000000f7800000,0x00000000f9080000)
 ParOldGen       total 74240K, used 73712K [0x00000000c0000000, 0x00000000c4880000, 0x00000000eaa80000)
  object space 74240K, 99% used [0x00000000c0000000,0x00000000c47fc300,0x00000000c4880000)
 PSPermGen       total 21504K, used 6103K [0x00000000b5a00000, 0x00000000b6f00000, 0x00000000c0000000)
  object space 21504K, 28% used [0x00000000b5a00000,0x00000000b5ff5ca0,0x00000000b6f00000)
GC Heap History (10 events):
Event: 6.337 GC heap after
Heap after GC invocations=7 (full 0):
 PSYoungGen      total 68096K, used 8190K [0x00000000eaa80000, 0x00000000f3880000, 0x0000000100000000)
  eden space 59904K, 0% used [0x00000000eaa80000,0x00000000eaa80000,0x00000000ee500000)
  from space 8192K, 99% used [0x00000000ee500000,0x00000000eecff910,0x00000000eed00000)
  to   space 12800K, 0% used [0x00000000f2c00000,0x00000000f2c00000,0x00000000f3880000)
 ParOldGen       total 40960K, used 22241K [0x00000000c0000000, 0x00000000c2800000, 0x00000000eaa80000)
  object space 40960K, 54% used [0x00000000c0000000,0x00000000c15b85e8,0x00000000c2800000)
 PSPermGen       total 21504K, used 5969K [0x00000000b5a00000, 0x00000000b6f00000, 0x00000000c0000000)
  object space 21504K, 27% used [0x00000000b5a00000,0x00000000b5fd46c8,0x00000000b6f00000)
}
Event: 7.090 GC heap before
{Heap before GC invocations=8 (full 0):
 PSYoungGen      total 68096K, used 68094K [0x00000000eaa80000, 0x00000000f3880000, 0x0000000100000000)
  eden space 59904K, 100% used [0x00000000eaa80000,0x00000000ee500000,0x00000000ee500000)
  from space 8192K, 99% used [0x00000000ee500000,0x00000000eecff910,0x00000000eed00000)
  to   space 12800K, 0% used [0x00000000f2c00000,0x00000000f2c00000,0x00000000f3880000)
 ParOldGen       total 40960K, used 22241K [0x00000000c0000000, 0x00000000c2800000, 0x00000000eaa80000)
  object space 40960K, 54% used [0x00000000c0000000,0x00000000c15b85e8,0x00000000c2800000)
 PSPermGen       total 21504K, used 5995K [0x00000000b5a00000, 0x00000000b6f00000, 0x00000000c0000000)
  object space 21504K, 27% used [0x00000000b5a00000,0x00000000b5fdaca8,0x00000000b6f00000)
Event: 7.159 GC heap after
Heap after GC invocations=8 (full 0):
 PSYoungGen      total 128512K, used 12768K [0x00000000eaa80000, 0x00000000f4080000, 0x0000000100000000)
  eden space 115712K, 0% used [0x00000000eaa80000,0x00000000eaa80000,0x00000000f1b80000)
  from space 12800K, 99% used [0x00000000f2c00000,0x00000000f3878248,0x00000000f3880000)
  to   space 16896K, 0% used [0x00000000f1b80000,0x00000000f1b80000,0x00000000f2c00000)
 ParOldGen       total 40960K, used 26760K [0x00000000c0000000, 0x00000000c2800000, 0x00000000eaa80000)
  object space 40960K, 65% used [0x00000000c0000000,0x00000000c1a223d8,0x00000000c2800000)
 PSPermGen       total 21504K, used 5995K [0x00000000b5a00000, 0x00000000b6f00000, 0x00000000c0000000)
  object space 21504K, 27% used [0x00000000b5a00000,0x00000000b5fdaca8,0x00000000b6f00000)
}
Event: 8.589 GC heap before
{Heap before GC invocations=9 (full 0):
 PSYoungGen      total 128512K, used 128480K [0x00000000eaa80000, 0x00000000f4080000, 0x0000000100000000)
  eden space 115712K, 100% used [0x00000000eaa80000,0x00000000f1b80000,0x00000000f1b80000)
  from space 12800K, 99% used [0x00000000f2c00000,0x00000000f3878248,0x00000000f3880000)
  to   space 16896K, 0% used [0x00000000f1b80000,0x00000000f1b80000,0x00000000f2c00000)
 ParOldGen       total 40960K, used 26760K [0x00000000c0000000, 0x00000000c2800000, 0x00000000eaa80000)
  object space 40960K, 65% used [0x00000000c0000000,0x00000000c1a223d8,0x00000000c2800000)
 PSPermGen       total 21504K, used 6055K [0x00000000b5a00000, 0x00000000b6f00000, 0x00000000c0000000)
  object space 21504K, 28% used [0x00000000b5a00000,0x00000000b5fe9e80,0x00000000b6f00000)
Event: 12.443 GC heap after
Heap after GC invocations=9 (full 0):
 PSYoungGen      total 132608K, used 16895K [0x00000000eaa80000, 0x00000000f9080000, 0x0000000100000000)
  eden space 115712K, 0% used [0x00000000eaa80000,0x00000000eaa80000,0x00000000f1b80000)
  from space 16896K, 99% used [0x00000000f1b80000,0x00000000f2bfff20,0x00000000f2c00000)
  to   space 25088K, 0% used [0x00000000f7800000,0x00000000f7800000,0x00000000f9080000)
 ParOldGen       total 41472K, used 41242K [0x00000000c0000000, 0x00000000c2880000, 0x00000000eaa80000)
  object space 41472K, 99% used [0x00000000c0000000,0x00000000c28469d0,0x00000000c2880000)
 PSPermGen       total 21504K, used 6055K [0x00000000b5a00000, 0x00000000b6f00000, 0x00000000c0000000)
  object space 21504K, 28% used [0x00000000b5a00000,0x00000000b5fe9e80,0x00000000b6f00000)
}
Event: 12.506 GC heap before
{Heap before GC invocations=10 (full 1):
 PSYoungGen      total 132608K, used 16895K [0x00000000eaa80000, 0x00000000f9080000, 0x0000000100000000)
  eden space 115712K, 0% used [0x00000000eaa80000,0x00000000eaa80000,0x00000000f1b80000)
  from space 16896K, 99% used [0x00000000f1b80000,0x00000000f2bfff20,0x00000000f2c00000)
  to   space 25088K, 0% used [0x00000000f7800000,0x00000000f7800000,0x00000000f9080000)
 ParOldGen       total 41472K, used 41242K [0x00000000c0000000, 0x00000000c2880000, 0x00000000eaa80000)
  object space 41472K, 99% used [0x00000000c0000000,0x00000000c28469d0,0x00000000c2880000)
 PSPermGen       total 21504K, used 6055K [0x00000000b5a00000, 0x00000000b6f00000, 0x00000000c0000000)
  object space 21504K, 28% used [0x00000000b5a00000,0x00000000b5fe9e80,0x00000000b6f00000)
Event: 13.228 GC heap after
Heap after GC invocations=10 (full 1):
 PSYoungGen      total 132608K, used 13719K [0x00000000eaa80000, 0x00000000f9080000, 0x0000000100000000)
  eden space 115712K, 0% used [0x00000000eaa80000,0x00000000eaa80000,0x00000000f1b80000)
  from space 16896K, 81% used [0x00000000f1b80000,0x00000000f28e5e78,0x00000000f2c00000)
  to   space 25088K, 0% used [0x00000000f7800000,0x00000000f7800000,0x00000000f9080000)
 ParOldGen       total 70656K, used 41056K [0x00000000c0000000, 0x00000000c4500000, 0x00000000eaa80000)
  object space 70656K, 58% used [0x00000000c0000000,0x00000000c2818380,0x00000000c4500000)
 PSPermGen       total 21504K, used 6051K [0x00000000b5a00000, 0x00000000b6f00000, 0x00000000c0000000)
  object space 21504K, 28% used [0x00000000b5a00000,0x00000000b5fe8c18,0x00000000b6f00000)
}
Event: 14.440 GC heap before
{Heap before GC invocations=11 (full 1):
 PSYoungGen      total 132608K, used 129431K [0x00000000eaa80000, 0x00000000f9080000, 0x0000000100000000)
  eden space 115712K, 100% used [0x00000000eaa80000,0x00000000f1b80000,0x00000000f1b80000)
  from space 16896K, 81% used [0x00000000f1b80000,0x00000000f28e5e78,0x00000000f2c00000)
  to   space 25088K, 0% used [0x00000000f7800000,0x00000000f7800000,0x00000000f9080000)
 ParOldGen       total 70656K, used 41056K [0x00000000c0000000, 0x00000000c4500000, 0x00000000eaa80000)
  object space 70656K, 58% used [0x00000000c0000000,0x00000000c2818380,0x00000000c4500000)
 PSPermGen       total 21504K, used 6094K [0x00000000b5a00000, 0x00000000b6f00000, 0x00000000c0000000)
  object space 21504K, 28% used [0x00000000b5a00000,0x00000000b5ff3920,0x00000000b6f00000)
Event: 14.489 GC heap after
Heap after GC invocations=11 (full 1):
 PSYoungGen      total 194048K, used 25085K [0x00000000eaa80000, 0x00000000f9080000, 0x0000000100000000)
  eden space 168960K, 0% used [0x00000000eaa80000,0x00000000eaa80000,0x00000000f4f80000)
  from space 25088K, 99% used [0x00000000f7800000,0x00000000f907f5f0,0x00000000f9080000)
  to   space 31744K, 0% used [0x00000000f5280000,0x00000000f5280000,0x00000000f7180000)
 ParOldGen       total 70656K, used 48567K [0x00000000c0000000, 0x00000000c4500000, 0x00000000eaa80000)
  object space 70656K, 68% used [0x00000000c0000000,0x00000000c2f6dfa8,0x00000000c4500000)
 PSPermGen       total 21504K, used 6094K [0x00000000b5a00000, 0x00000000b6f00000, 0x00000000c0000000)
  object space 21504K, 28% used [0x00000000b5a00000,0x00000000b5ff3920,0x00000000b6f00000)
}
Event: 15.351 GC heap before
{Heap before GC invocations=12 (full 1):
 PSYoungGen      total 194048K, used 194045K [0x00000000eaa80000, 0x00000000f9080000, 0x0000000100000000)
  eden space 168960K, 100% used [0x00000000eaa80000,0x00000000f4f80000,0x00000000f4f80000)
  from space 25088K, 99% used [0x00000000f7800000,0x00000000f907f5f0,0x00000000f9080000)
  to   space 31744K, 0% used [0x00000000f5280000,0x00000000f5280000,0x00000000f7180000)
 ParOldGen       total 70656K, used 48567K [0x00000000c0000000, 0x00000000c4500000, 0x00000000eaa80000)
  object space 70656K, 68% used [0x00000000c0000000,0x00000000c2f6dfa8,0x00000000c4500000)
 PSPermGen       total 21504K, used 6103K [0x00000000b5a00000, 0x00000000b6f00000, 0x00000000c0000000)
  object space 21504K, 28% used [0x00000000b5a00000,0x00000000b5ff5ca0,0x00000000b6f00000)

