# JRE version: OpenJDK Runtime Environment (7.0_95) (build 1.7.0_95-b00)
# Java VM: OpenJDK 64-Bit Server VM (24.95-b01 mixed mode linux-amd64 compressed oops)
Heap
 PSYoungGen      total 133632K, used 16355K [0x00000000eaa80000, 0x00000000f4080000, 0x0000000100000000)
  eden space 117248K, 0% used [0x00000000eaa80000,0x00000000eaa80000,0x00000000f1d00000)
  from space 16384K, 99% used [0x00000000f1d00000,0x00000000f2cf8de0,0x00000000f2d00000)
  to   space 12800K, 0% used [0x00000000f2d00000,0x00000000f2d00000,0x00000000f3980000)
 ParOldGen       total 43008K, used 41334K [0x00000000c0000000, 0x00000000c2a00000, 0x00000000eaa80000)
  object space 43008K, 96% used [0x00000000c0000000,0x00000000c285dbf8,0x00000000c2a00000)
 PSPermGen       total 21504K, used 6055K [0x00000000b5a00000, 0x00000000b6f00000, 0x00000000c0000000)
  object space 21504K, 28% used [0x00000000b5a00000,0x00000000b5fe9ff8,0x00000000b6f00000)
GC Heap History (10 events):
Event: 2.289 GC heap after
Heap after GC invocations=4 (full 0):
 PSYoungGen      total 33280K, used 2559K [0x00000000eaa80000, 0x00000000ecd80000, 0x0000000100000000)
  eden space 30720K, 0% used [0x00000000eaa80000,0x00000000eaa80000,0x00000000ec880000)
  from space 2560K, 99% used [0x00000000ecb00000,0x00000000ecd7fcc8,0x00000000ecd80000)
  to   space 2560K, 0% used [0x00000000ec880000,0x00000000ec880000,0x00000000ecb00000)
 ParOldGen       total 40960K, used 8911K [0x00000000c0000000, 0x00000000c2800000, 0x00000000eaa80000)
  object space 40960K, 21% used [0x00000000c0000000,0x00000000c08b3e88,0x00000000c2800000)
 PSPermGen       total 21504K, used 5839K [0x00000000b5a00000, 0x00000000b6f00000, 0x00000000c0000000)
  object space 21504K, 27% used [0x00000000b5a00000,0x00000000b5fb3d80,0x00000000b6f00000)
}
Event: 2.851 GC heap before
{Heap before GC invocations=5 (full 0):
 PSYoungGen      total 33280K, used 33279K [0x00000000eaa80000, 0x00000000ecd80000, 0x0000000100000000)
  eden space 30720K, 100% used [0x00000000eaa80000,0x00000000ec880000,0x00000000ec880000)
  from space 2560K, 99% used [0x00000000ecb00000,0x00000000ecd7fcc8,0x00000000ecd80000)
  to   space 2560K, 0% used [0x00000000ec880000,0x00000000ec880000,0x00000000ecb00000)
 ParOldGen       total 40960K, used 8911K [0x00000000c0000000, 0x00000000c2800000, 0x00000000eaa80000)
  object space 40960K, 21% used [0x00000000c0000000,0x00000000c08b3e88,0x00000000c2800000)
 PSPermGen       total 21504K, used 5899K [0x00000000b5a00000, 0x00000000b6f00000, 0x00000000c0000000)
  object space 21504K, 27% used [0x00000000b5a00000,0x00000000b5fc2d10,0x00000000b6f00000)
Event: 2.862 GC heap after
Heap after GC invocations=5 (full 0):
 PSYoungGen      total 33280K, used 2531K [0x00000000eaa80000, 0x00000000ef380000, 0x0000000100000000)
  eden space 30720K, 0% used [0x00000000eaa80000,0x00000000eaa80000,0x00000000ec880000)
  from space 2560K, 98% used [0x00000000ec880000,0x00000000ecaf8e88,0x00000000ecb00000)
  to   space 6656K, 0% used [0x00000000eed00000,0x00000000eed00000,0x00000000ef380000)
 ParOldGen       total 40960K, used 13084K [0x00000000c0000000, 0x00000000c2800000, 0x00000000eaa80000)
  object space 40960K, 31% used [0x00000000c0000000,0x00000000c0cc7240,0x00000000c2800000)
 PSPermGen       total 21504K, used 5899K [0x00000000b5a00000, 0x00000000b6f00000, 0x00000000c0000000)
  object space 21504K, 27% used [0x00000000b5a00000,0x00000000b5fc2d10,0x00000000b6f00000)
}
Event: 3.358 GC heap before
{Heap before GC invocations=6 (full 0):
 PSYoungGen      total 33280K, used 33251K [0x00000000eaa80000, 0x00000000ef380000, 0x0000000100000000)
  eden space 30720K, 100% used [0x00000000eaa80000,0x00000000ec880000,0x00000000ec880000)
  from space 2560K, 98% used [0x00000000ec880000,0x00000000ecaf8e88,0x00000000ecb00000)
  to   space 6656K, 0% used [0x00000000eed00000,0x00000000eed00000,0x00000000ef380000)
 ParOldGen       total 40960K, used 13084K [0x00000000c0000000, 0x00000000c2800000, 0x00000000eaa80000)
  object space 40960K, 31% used [0x00000000c0000000,0x00000000c0cc7240,0x00000000c2800000)
 PSPermGen       total 21504K, used 5942K [0x00000000b5a00000, 0x00000000b6f00000, 0x00000000c0000000)
  object space 21504K, 27% used [0x00000000b5a00000,0x00000000b5fcdb40,0x00000000b6f00000)
Event: 3.377 GC heap after
Heap after GC invocations=6 (full 0):
 PSYoungGen      total 67072K, used 6653K [0x00000000eaa80000, 0x00000000ef580000, 0x0000000100000000)
  eden space 60416K, 0% used [0x00000000eaa80000,0x00000000eaa80000,0x00000000ee580000)
  from space 6656K, 99% used [0x00000000eed00000,0x00000000ef37f650,0x00000000ef380000)
  to   space 7680K, 0% used [0x00000000ee580000,0x00000000ee580000,0x00000000eed00000)
 ParOldGen       total 40960K, used 14331K [0x00000000c0000000, 0x00000000c2800000, 0x00000000eaa80000)
  object space 40960K, 34% used [0x00000000c0000000,0x00000000c0dfee58,0x00000000c2800000)
 PSPermGen       total 21504K, used 5942K [0x00000000b5a00000, 0x00000000b6f00000, 0x00000000c0000000)
  object space 21504K, 27% used [0x00000000b5a00000,0x00000000b5fcdb40,0x00000000b6f00000)
}
Event: 4.266 GC heap before
{Heap before GC invocations=7 (full 0):
 PSYoungGen      total 67072K, used 67069K [0x00000000eaa80000, 0x00000000ef580000, 0x0000000100000000)
  eden space 60416K, 100% used [0x00000000eaa80000,0x00000000ee580000,0x00000000ee580000)
  from space 6656K, 99% used [0x00000000eed00000,0x00000000ef37f650,0x00000000ef380000)
  to   space 7680K, 0% used [0x00000000ee580000,0x00000000ee580000,0x00000000eed00000)
 ParOldGen       total 40960K, used 14331K [0x00000000c0000000, 0x00000000c2800000, 0x00000000eaa80000)
  object space 40960K, 34% used [0x00000000c0000000,0x00000000c0dfee58,0x00000000c2800000)
 PSPermGen       total 21504K, used 5968K [0x00000000b5a00000, 0x00000000b6f00000, 0x00000000c0000000)
  object space 21504K, 27% used [0x00000000b5a00000,0x00000000b5fd41f0,0x00000000b6f00000)
Event: 4.294 GC heap after
Heap after GC invocations=7 (full 0):
 PSYoungGen      total 68096K, used 7671K [0x00000000eaa80000, 0x00000000f3980000, 0x0000000100000000)
  eden space 60416K, 0% used [0x00000000eaa80000,0x00000000eaa80000,0x00000000ee580000)
  from space 7680K, 99% used [0x00000000ee580000,0x00000000eecfdd58,0x00000000eed00000)
  to   space 12800K, 0% used [0x00000000f2d00000,0x00000000f2d00000,0x00000000f3980000)
 ParOldGen       total 40960K, used 22273K [0x00000000c0000000, 0x00000000c2800000, 0x00000000eaa80000)
  object space 40960K, 54% used [0x00000000c0000000,0x00000000c15c06f0,0x00000000c2800000)
 PSPermGen       total 21504K, used 5968K [0x00000000b5a00000, 0x00000000b6f00000, 0x00000000c0000000)
  object space 21504K, 27% used [0x00000000b5a00000,0x00000000b5fd41f0,0x00000000b6f00000)
}
Event: 4.920 GC heap before
{Heap before GC invocations=8 (full 0):
 PSYoungGen      total 68096K, used 68087K [0x00000000eaa80000, 0x00000000f3980000, 0x0000000100000000)
  eden space 60416K, 100% used [0x00000000eaa80000,0x00000000ee580000,0x00000000ee580000)
  from space 7680K, 99% used [0x00000000ee580000,0x00000000eecfdd58,0x00000000eed00000)
  to   space 12800K, 0% used [0x00000000f2d00000,0x00000000f2d00000,0x00000000f3980000)
 ParOldGen       total 40960K, used 22273K [0x00000000c0000000, 0x00000000c2800000, 0x00000000eaa80000)
  object space 40960K, 54% used [0x00000000c0000000,0x00000000c15c06f0,0x00000000c2800000)
 PSPermGen       total 21504K, used 5994K [0x00000000b5a00000, 0x00000000b6f00000, 0x00000000c0000000)
  object space 21504K, 27% used [0x00000000b5a00000,0x00000000b5fda8c8,0x00000000b6f00000)
Event: 4.956 GC heap after
Heap after GC invocations=8 (full 0):
 PSYoungGen      total 130048K, used 12776K [0x00000000eaa80000, 0x00000000f4080000, 0x0000000100000000)
  eden space 117248K, 0% used [0x00000000eaa80000,0x00000000eaa80000,0x00000000f1d00000)
  from space 12800K, 99% used [0x00000000f2d00000,0x00000000f397a3f0,0x00000000f3980000)
  to   space 16384K, 0% used [0x00000000f1d00000,0x00000000f1d00000,0x00000000f2d00000)
 ParOldGen       total 40960K, used 26654K [0x00000000c0000000, 0x00000000c2800000, 0x00000000eaa80000)
  object space 40960K, 65% used [0x00000000c0000000,0x00000000c1a07928,0x00000000c2800000)
 PSPermGen       total 21504K, used 5994K [0x00000000b5a00000, 0x00000000b6f00000, 0x00000000c0000000)
  object space 21504K, 27% used [0x00000000b5a00000,0x00000000b5fda8c8,0x00000000b6f00000)
}
Event: 5.797 GC heap before
{Heap before GC invocations=9 (full 0):
 PSYoungGen      total 130048K, used 130024K [0x00000000eaa80000, 0x00000000f4080000, 0x0000000100000000)
  eden space 117248K, 100% used [0x00000000eaa80000,0x00000000f1d00000,0x00000000f1d00000)
  from space 12800K, 99% used [0x00000000f2d00000,0x00000000f397a3f0,0x00000000f3980000)
  to   space 16384K, 0% used [0x00000000f1d00000,0x00000000f1d00000,0x00000000f2d00000)
 ParOldGen       total 40960K, used 26654K [0x00000000c0000000, 0x00000000c2800000, 0x00000000eaa80000)
  object space 40960K, 65% used [0x00000000c0000000,0x00000000c1a07928,0x00000000c2800000)
 PSPermGen       total 21504K, used 6055K [0x00000000b5a00000, 0x00000000b6f00000, 0x00000000c0000000)
  object space 21504K, 28% used [0x00000000b5a00000,0x00000000b5fe9ff8,0x00000000b6f00000)

