# JRE version: OpenJDK Runtime Environment (7.0_95) (build 1.7.0_95-b00)
# Java VM: OpenJDK 64-Bit Server VM (24.95-b01 mixed mode linux-amd64 compressed oops)
Heap
 PSYoungGen      total 261120K, used 31016K [0x00000000eaa80000, 0x0000000100000000, 0x0000000100000000)
  eden space 223744K, 0% used [0x00000000eaa80000,0x00000000eaa80000,0x00000000f8500000)
  from space 37376K, 82% used [0x00000000f8500000,0x00000000fa34a358,0x00000000fa980000)
  to   space 64000K, 0% used [0x00000000fc180000,0x00000000fc180000,0x0000000100000000)
 ParOldGen       total 141824K, used 141786K [0x00000000c0000000, 0x00000000c8a80000, 0x00000000eaa80000)
  object space 141824K, 99% used [0x00000000c0000000,0x00000000c8a76990,0x00000000c8a80000)
 PSPermGen       total 21504K, used 6128K [0x00000000b5a00000, 0x00000000b6f00000, 0x00000000c0000000)
  object space 21504K, 28% used [0x00000000b5a00000,0x00000000b5ffc318,0x00000000b6f00000)
GC Heap History (10 events):
Event: 9.549 GC heap after
Heap after GC invocations=9 (full 1):
 PSYoungGen      total 230400K, used 25059K [0x00000000eaa80000, 0x00000000fc880000, 0x0000000100000000)
  eden space 205312K, 0% used [0x00000000eaa80000,0x00000000eaa80000,0x00000000f7300000)
  from space 25088K, 99% used [0x00000000fb000000,0x00000000fc878cb0,0x00000000fc880000)
  to   space 31744K, 0% used [0x00000000f8a80000,0x00000000f8a80000,0x00000000fa980000)
 ParOldGen       total 75776K, used 46028K [0x00000000c0000000, 0x00000000c4a00000, 0x00000000eaa80000)
  object space 75776K, 60% used [0x00000000c0000000,0x00000000c2cf32d8,0x00000000c4a00000)
 PSPermGen       total 21504K, used 6092K [0x00000000b5a00000, 0x00000000b6f00000, 0x00000000c0000000)
  object space 21504K, 28% used [0x00000000b5a00000,0x00000000b5ff3390,0x00000000b6f00000)
}
Event: 10.548 GC heap before
{Heap before GC invocations=10 (full 1):
 PSYoungGen      total 230400K, used 230371K [0x00000000eaa80000, 0x00000000fc880000, 0x0000000100000000)
  eden space 205312K, 100% used [0x00000000eaa80000,0x00000000f7300000,0x00000000f7300000)
  from space 25088K, 99% used [0x00000000fb000000,0x00000000fc878cb0,0x00000000fc880000)
  to   space 31744K, 0% used [0x00000000f8a80000,0x00000000f8a80000,0x00000000fa980000)
 ParOldGen       total 75776K, used 46028K [0x00000000c0000000, 0x00000000c4a00000, 0x00000000eaa80000)
  object space 75776K, 60% used [0x00000000c0000000,0x00000000c2cf32d8,0x00000000c4a00000)
 PSPermGen       total 21504K, used 6103K [0x00000000b5a00000, 0x00000000b6f00000, 0x00000000c0000000)
  object space 21504K, 28% used [0x00000000b5a00000,0x00000000b5ff5f00,0x00000000b6f00000)
Event: 14.223 GC heap after
Heap after GC invocations=10 (full 1):
 PSYoungGen      total 261120K, used 31717K [0x00000000eaa80000, 0x0000000100000000, 0x0000000100000000)
  eden space 229376K, 0% used [0x00000000eaa80000,0x00000000eaa80000,0x00000000f8a80000)
  from space 31744K, 99% used [0x00000000f8a80000,0x00000000fa979488,0x00000000fa980000)
  to   space 48128K, 0% used [0x00000000fd100000,0x00000000fd100000,0x0000000100000000)
 ParOldGen       total 75776K, used 73496K [0x00000000c0000000, 0x00000000c4a00000, 0x00000000eaa80000)
  object space 75776K, 96% used [0x00000000c0000000,0x00000000c47c6040,0x00000000c4a00000)
 PSPermGen       total 21504K, used 6103K [0x00000000b5a00000, 0x00000000b6f00000, 0x00000000c0000000)
  object space 21504K, 28% used [0x00000000b5a00000,0x00000000b5ff5f00,0x00000000b6f00000)
}
Event: 14.228 GC heap before
{Heap before GC invocations=11 (full 2):
 PSYoungGen      total 261120K, used 31717K [0x00000000eaa80000, 0x0000000100000000, 0x0000000100000000)
  eden space 229376K, 0% used [0x00000000eaa80000,0x00000000eaa80000,0x00000000f8a80000)
  from space 31744K, 99% used [0x00000000f8a80000,0x00000000fa979488,0x00000000fa980000)
  to   space 48128K, 0% used [0x00000000fd100000,0x00000000fd100000,0x0000000100000000)
 ParOldGen       total 75776K, used 73496K [0x00000000c0000000, 0x00000000c4a00000, 0x00000000eaa80000)
  object space 75776K, 96% used [0x00000000c0000000,0x00000000c47c6040,0x00000000c4a00000)
 PSPermGen       total 21504K, used 6103K [0x00000000b5a00000, 0x00000000b6f00000, 0x00000000c0000000)
  object space 21504K, 28% used [0x00000000b5a00000,0x00000000b5ff5f00,0x00000000b6f00000)
Event: 14.859 GC heap after
Heap after GC invocations=11 (full 2):
 PSYoungGen      total 261120K, used 28014K [0x00000000eaa80000, 0x0000000100000000, 0x0000000100000000)
  eden space 229376K, 0% used [0x00000000eaa80000,0x00000000eaa80000,0x00000000f8a80000)
  from space 31744K, 88% used [0x00000000f8a80000,0x00000000fa5db960,0x00000000fa980000)
  to   space 48128K, 0% used [0x00000000fd100000,0x00000000fd100000,0x0000000100000000)
 ParOldGen       total 121856K, used 75425K [0x00000000c0000000, 0x00000000c7700000, 0x00000000eaa80000)
  object space 121856K, 61% used [0x00000000c0000000,0x00000000c49a8778,0x00000000c7700000)
 PSPermGen       total 21504K, used 6103K [0x00000000b5a00000, 0x00000000b6f00000, 0x00000000c0000000)
  object space 21504K, 28% used [0x00000000b5a00000,0x00000000b5ff5cc0,0x00000000b6f00000)
}
Event: 15.767 GC heap before
{Heap before GC invocations=12 (full 2):
 PSYoungGen      total 261120K, used 257390K [0x00000000eaa80000, 0x0000000100000000, 0x0000000100000000)
  eden space 229376K, 100% used [0x00000000eaa80000,0x00000000f8a80000,0x00000000f8a80000)
  from space 31744K, 88% used [0x00000000f8a80000,0x00000000fa5db960,0x00000000fa980000)
  to   space 48128K, 0% used [0x00000000fd100000,0x00000000fd100000,0x0000000100000000)
 ParOldGen       total 121856K, used 75425K [0x00000000c0000000, 0x00000000c7700000, 0x00000000eaa80000)
  object space 121856K, 61% used [0x00000000c0000000,0x00000000c49a8778,0x00000000c7700000)
 PSPermGen       total 21504K, used 6119K [0x00000000b5a00000, 0x00000000b6f00000, 0x00000000c0000000)
  object space 21504K, 28% used [0x00000000b5a00000,0x00000000b5ff9df8,0x00000000b6f00000)
Event: 15.896 GC heap after
Heap after GC invocations=12 (full 2):
 PSYoungGen      total 271872K, used 48113K [0x00000000eaa80000, 0x0000000100000000, 0x0000000100000000)
  eden space 223744K, 0% used [0x00000000eaa80000,0x00000000eaa80000,0x00000000f8500000)
  from space 48128K, 99% used [0x00000000fd100000,0x00000000ffffc638,0x0000000100000000)
  to   space 62976K, 0% used [0x00000000f8500000,0x00000000f8500000,0x00000000fc280000)
 ParOldGen       total 121856K, used 93058K [0x00000000c0000000, 0x00000000c7700000, 0x00000000eaa80000)
  object space 121856K, 76% used [0x00000000c0000000,0x00000000c5ae0900,0x00000000c7700000)
 PSPermGen       total 21504K, used 6119K [0x00000000b5a00000, 0x00000000b6f00000, 0x00000000c0000000)
  object space 21504K, 28% used [0x00000000b5a00000,0x00000000b5ff9df8,0x00000000b6f00000)
}
Event: 16.797 GC heap before
{Heap before GC invocations=13 (full 2):
 PSYoungGen      total 271872K, used 271857K [0x00000000eaa80000, 0x0000000100000000, 0x0000000100000000)
  eden space 223744K, 100% used [0x00000000eaa80000,0x00000000f8500000,0x00000000f8500000)
  from space 48128K, 99% used [0x00000000fd100000,0x00000000ffffc638,0x0000000100000000)
  to   space 62976K, 0% used [0x00000000f8500000,0x00000000f8500000,0x00000000fc280000)
 ParOldGen       total 121856K, used 93058K [0x00000000c0000000, 0x00000000c7700000, 0x00000000eaa80000)
  object space 121856K, 76% used [0x00000000c0000000,0x00000000c5ae0900,0x00000000c7700000)
 PSPermGen       total 21504K, used 6129K [0x00000000b5a00000, 0x00000000b6f00000, 0x00000000c0000000)
  object space 21504K, 28% used [0x00000000b5a00000,0x00000000b5ffc458,0x00000000b6f00000)
Event: 16.908 GC heap after
Heap after GC invocations=13 (full 2):
 PSYoungGen      total 261120K, used 36949K [0x00000000eaa80000, 0x0000000100000000, 0x0000000100000000)
  eden space 223744K, 0% used [0x00000000eaa80000,0x00000000eaa80000,0x00000000f8500000)
  from space 37376K, 98% used [0x00000000f8500000,0x00000000fa915790,0x00000000fa980000)
  to   space 64000K, 0% used [0x00000000fc180000,0x00000000fc180000,0x0000000100000000)
 ParOldGen       total 141824K, used 141444K [0x00000000c0000000, 0x00000000c8a80000, 0x00000000eaa80000)
  object space 141824K, 99% used [0x00000000c0000000,0x00000000c8a21228,0x00000000c8a80000)
 PSPermGen       total 21504K, used 6129K [0x00000000b5a00000, 0x00000000b6f00000, 0x00000000c0000000)
  object space 21504K, 28% used [0x00000000b5a00000,0x00000000b5ffc458,0x00000000b6f00000)
}
Event: 16.915 GC heap before
{Heap before GC invocations=14 (full 3):
 PSYoungGen      total 261120K, used 36949K [0x00000000eaa80000, 0x0000000100000000, 0x0000000100000000)
  eden space 223744K, 0% used [0x00000000eaa80000,0x00000000eaa80000,0x00000000f8500000)
  from space 37376K, 98% used [0x00000000f8500000,0x00000000fa915790,0x00000000fa980000)
  to   space 64000K, 0% used [0x00000000fc180000,0x00000000fc180000,0x0000000100000000)
 ParOldGen       total 141824K, used 141444K [0x00000000c0000000, 0x00000000c8a80000, 0x00000000eaa80000)
  object space 141824K, 99% used [0x00000000c0000000,0x00000000c8a21228,0x00000000c8a80000)
 PSPermGen       total 21504K, used 6129K [0x00000000b5a00000, 0x00000000b6f00000, 0x00000000c0000000)
  object space 21504K, 28% used [0x00000000b5a00000,0x00000000b5ffc458,0x00000000b6f00000)

