# JRE version: OpenJDK Runtime Environment (7.0_95) (build 1.7.0_95-b00)
# Java VM: OpenJDK 64-Bit Server VM (24.95-b01 mixed mode linux-amd64 compressed oops)
Heap
 PSYoungGen      total 233472K, used 0K [0x00000000eaa80000, 0x0000000100000000, 0x0000000100000000)
  eden space 117248K, 0% used [0x00000000eaa80000,0x00000000eaa80000,0x00000000f1d00000)
  from space 116224K, 0% used [0x00000000f8e80000,0x00000000f8e80000,0x0000000100000000)
  to   space 116224K, 0% used [0x00000000f1d00000,0x00000000f1d00000,0x00000000f8e80000)
 ParOldGen       total 534016K, used 532310K [0x00000000c0000000, 0x00000000e0980000, 0x00000000eaa80000)
  object space 534016K, 99% used [0x00000000c0000000,0x00000000e07d5890,0x00000000e0980000)
 PSPermGen       total 21504K, used 6217K [0x00000000b5a00000, 0x00000000b6f00000, 0x00000000c0000000)
  object space 21504K, 28% used [0x00000000b5a00000,0x00000000b6012738,0x00000000b6f00000)
GC Heap History (10 events):
Event: 18.622 GC heap after
Heap after GC invocations=29 (full 5):
 PSYoungGen      total 240128K, used 78678K [0x00000000eaa80000, 0x0000000100000000, 0x0000000100000000)
  eden space 148992K, 0% used [0x00000000eaa80000,0x00000000eaa80000,0x00000000f3c00000)
  from space 91136K, 86% used [0x00000000fa700000,0x00000000ff3d5820,0x0000000100000000)
  to   space 100352K, 0% used [0x00000000f3c00000,0x00000000f3c00000,0x00000000f9e00000)
 ParOldGen       total 534016K, used 371917K [0x00000000c0000000, 0x00000000e0980000, 0x00000000eaa80000)
  object space 534016K, 69% used [0x00000000c0000000,0x00000000d6b335e0,0x00000000e0980000)
 PSPermGen       total 21504K, used 6207K [0x00000000b5a00000, 0x00000000b6f00000, 0x00000000c0000000)
  object space 21504K, 28% used [0x00000000b5a00000,0x00000000b600fdd0,0x00000000b6f00000)
}
Event: 18.929 GC heap before
{Heap before GC invocations=30 (full 5):
 PSYoungGen      total 240128K, used 227670K [0x00000000eaa80000, 0x0000000100000000, 0x0000000100000000)
  eden space 148992K, 100% used [0x00000000eaa80000,0x00000000f3c00000,0x00000000f3c00000)
  from space 91136K, 86% used [0x00000000fa700000,0x00000000ff3d5820,0x0000000100000000)
  to   space 100352K, 0% used [0x00000000f3c00000,0x00000000f3c00000,0x00000000f9e00000)
 ParOldGen       total 534016K, used 371917K [0x00000000c0000000, 0x00000000e0980000, 0x00000000eaa80000)
  object space 534016K, 69% used [0x00000000c0000000,0x00000000d6b335e0,0x00000000e0980000)
 PSPermGen       total 21504K, used 6208K [0x00000000b5a00000, 0x00000000b6f00000, 0x00000000c0000000)
  object space 21504K, 28% used [0x00000000b5a00000,0x00000000b60102a8,0x00000000b6f00000)
Event: 19.020 GC heap after
Heap after GC invocations=30 (full 5):
 PSYoungGen      total 249344K, used 100340K [0x00000000eaa80000, 0x0000000100000000, 0x0000000100000000)
  eden space 148992K, 0% used [0x00000000eaa80000,0x00000000eaa80000,0x00000000f3c00000)
  from space 100352K, 99% used [0x00000000f3c00000,0x00000000f9dfd308,0x00000000f9e00000)
  to   space 100352K, 0% used [0x00000000f9e00000,0x00000000f9e00000,0x0000000100000000)
 ParOldGen       total 534016K, used 372910K [0x00000000c0000000, 0x00000000e0980000, 0x00000000eaa80000)
  object space 534016K, 69% used [0x00000000c0000000,0x00000000d6c2b8a8,0x00000000e0980000)
 PSPermGen       total 21504K, used 6208K [0x00000000b5a00000, 0x00000000b6f00000, 0x00000000c0000000)
  object space 21504K, 28% used [0x00000000b5a00000,0x00000000b60102a8,0x00000000b6f00000)
}
Event: 19.433 GC heap before
{Heap before GC invocations=31 (full 5):
 PSYoungGen      total 249344K, used 249332K [0x00000000eaa80000, 0x0000000100000000, 0x0000000100000000)
  eden space 148992K, 100% used [0x00000000eaa80000,0x00000000f3c00000,0x00000000f3c00000)
  from space 100352K, 99% used [0x00000000f3c00000,0x00000000f9dfd308,0x00000000f9e00000)
  to   space 100352K, 0% used [0x00000000f9e00000,0x00000000f9e00000,0x0000000100000000)
 ParOldGen       total 534016K, used 372910K [0x00000000c0000000, 0x00000000e0980000, 0x00000000eaa80000)
  object space 534016K, 69% used [0x00000000c0000000,0x00000000d6c2b8a8,0x00000000e0980000)
 PSPermGen       total 21504K, used 6216K [0x00000000b5a00000, 0x00000000b6f00000, 0x00000000c0000000)
  object space 21504K, 28% used [0x00000000b5a00000,0x00000000b60122a8,0x00000000b6f00000)
Event: 19.562 GC heap after
Heap after GC invocations=31 (full 5):
 PSYoungGen      total 217600K, used 100336K [0x00000000eaa80000, 0x0000000100000000, 0x0000000100000000)
  eden space 117248K, 0% used [0x00000000eaa80000,0x00000000eaa80000,0x00000000f1d00000)
  from space 100352K, 99% used [0x00000000f9e00000,0x00000000ffffc020,0x0000000100000000)
  to   space 116224K, 0% used [0x00000000f1d00000,0x00000000f1d00000,0x00000000f8e80000)
 ParOldGen       total 534016K, used 397245K [0x00000000c0000000, 0x00000000e0980000, 0x00000000eaa80000)
  object space 534016K, 74% used [0x00000000c0000000,0x00000000d83ef418,0x00000000e0980000)
 PSPermGen       total 21504K, used 6216K [0x00000000b5a00000, 0x00000000b6f00000, 0x00000000c0000000)
  object space 21504K, 28% used [0x00000000b5a00000,0x00000000b60122a8,0x00000000b6f00000)
}
Event: 19.861 GC heap before
{Heap before GC invocations=32 (full 5):
 PSYoungGen      total 217600K, used 217584K [0x00000000eaa80000, 0x0000000100000000, 0x0000000100000000)
  eden space 117248K, 100% used [0x00000000eaa80000,0x00000000f1d00000,0x00000000f1d00000)
  from space 100352K, 99% used [0x00000000f9e00000,0x00000000ffffc020,0x0000000100000000)
  to   space 116224K, 0% used [0x00000000f1d00000,0x00000000f1d00000,0x00000000f8e80000)
 ParOldGen       total 534016K, used 397245K [0x00000000c0000000, 0x00000000e0980000, 0x00000000eaa80000)
  object space 534016K, 74% used [0x00000000c0000000,0x00000000d83ef418,0x00000000e0980000)
 PSPermGen       total 21504K, used 6217K [0x00000000b5a00000, 0x00000000b6f00000, 0x00000000c0000000)
  object space 21504K, 28% used [0x00000000b5a00000,0x00000000b6012590,0x00000000b6f00000)
Event: 19.978 GC heap after
Heap after GC invocations=32 (full 5):
 PSYoungGen      total 233472K, used 70142K [0x00000000eaa80000, 0x0000000100000000, 0x0000000100000000)
  eden space 117248K, 0% used [0x00000000eaa80000,0x00000000eaa80000,0x00000000f1d00000)
  from space 116224K, 60% used [0x00000000f1d00000,0x00000000f617f970,0x00000000f8e80000)
  to   space 116224K, 0% used [0x00000000f8e80000,0x00000000f8e80000,0x0000000100000000)
 ParOldGen       total 534016K, used 446591K [0x00000000c0000000, 0x00000000e0980000, 0x00000000eaa80000)
  object space 534016K, 83% used [0x00000000c0000000,0x00000000db41fed8,0x00000000e0980000)
 PSPermGen       total 21504K, used 6217K [0x00000000b5a00000, 0x00000000b6f00000, 0x00000000c0000000)
  object space 21504K, 28% used [0x00000000b5a00000,0x00000000b6012590,0x00000000b6f00000)
}
Event: 20.240 GC heap before
{Heap before GC invocations=33 (full 5):
 PSYoungGen      total 233472K, used 187390K [0x00000000eaa80000, 0x0000000100000000, 0x0000000100000000)
  eden space 117248K, 100% used [0x00000000eaa80000,0x00000000f1d00000,0x00000000f1d00000)
  from space 116224K, 60% used [0x00000000f1d00000,0x00000000f617f970,0x00000000f8e80000)
  to   space 116224K, 0% used [0x00000000f8e80000,0x00000000f8e80000,0x0000000100000000)
 ParOldGen       total 534016K, used 446591K [0x00000000c0000000, 0x00000000e0980000, 0x00000000eaa80000)
  object space 534016K, 83% used [0x00000000c0000000,0x00000000db41fed8,0x00000000e0980000)
 PSPermGen       total 21504K, used 6217K [0x00000000b5a00000, 0x00000000b6f00000, 0x00000000c0000000)
  object space 21504K, 28% used [0x00000000b5a00000,0x00000000b60127b8,0x00000000b6f00000)
Event: 20.355 GC heap after
Heap after GC invocations=33 (full 5):
 PSYoungGen      total 233472K, used 56073K [0x00000000eaa80000, 0x0000000100000000, 0x0000000100000000)
  eden space 117248K, 0% used [0x00000000eaa80000,0x00000000eaa80000,0x00000000f1d00000)
  from space 116224K, 48% used [0x00000000f8e80000,0x00000000fc5426f8,0x0000000100000000)
  to   space 116224K, 0% used [0x00000000f1d00000,0x00000000f1d00000,0x00000000f8e80000)
 ParOldGen       total 534016K, used 479567K [0x00000000c0000000, 0x00000000e0980000, 0x00000000eaa80000)
  object space 534016K, 89% used [0x00000000c0000000,0x00000000dd453ef8,0x00000000e0980000)
 PSPermGen       total 21504K, used 6217K [0x00000000b5a00000, 0x00000000b6f00000, 0x00000000c0000000)
  object space 21504K, 28% used [0x00000000b5a00000,0x00000000b60127b8,0x00000000b6f00000)
}
Event: 20.355 GC heap before
{Heap before GC invocations=34 (full 6):
 PSYoungGen      total 233472K, used 56073K [0x00000000eaa80000, 0x0000000100000000, 0x0000000100000000)
  eden space 117248K, 0% used [0x00000000eaa80000,0x00000000eaa80000,0x00000000f1d00000)
  from space 116224K, 48% used [0x00000000f8e80000,0x00000000fc5426f8,0x0000000100000000)
  to   space 116224K, 0% used [0x00000000f1d00000,0x00000000f1d00000,0x00000000f8e80000)
 ParOldGen       total 534016K, used 479567K [0x00000000c0000000, 0x00000000e0980000, 0x00000000eaa80000)
  object space 534016K, 89% used [0x00000000c0000000,0x00000000dd453ef8,0x00000000e0980000)
 PSPermGen       total 21504K, used 6217K [0x00000000b5a00000, 0x00000000b6f00000, 0x00000000c0000000)
  object space 21504K, 28% used [0x00000000b5a00000,0x00000000b60127b8,0x00000000b6f00000)

