# JRE version: OpenJDK Runtime Environment (7.0_95) (build 1.7.0_95-b00)
# Java VM: OpenJDK 64-Bit Server VM (24.95-b01 mixed mode linux-amd64 compressed oops)
Heap
 PSYoungGen      total 233472K, used 63039K [0x00000000eaa80000, 0x0000000100000000, 0x0000000100000000)
  eden space 117248K, 0% used [0x00000000eaa80000,0x00000000eaa80000,0x00000000f1d00000)
  from space 116224K, 54% used [0x00000000f8e80000,0x00000000fcc0fd18,0x0000000100000000)
  to   space 116224K, 0% used [0x00000000f1d00000,0x00000000f1d00000,0x00000000f8e80000)
 ParOldGen       total 478720K, used 478447K [0x00000000c0000000, 0x00000000dd380000, 0x00000000eaa80000)
  object space 478720K, 99% used [0x00000000c0000000,0x00000000dd33be50,0x00000000dd380000)
 PSPermGen       total 21504K, used 6216K [0x00000000b5a00000, 0x00000000b6f00000, 0x00000000c0000000)
  object space 21504K, 28% used [0x00000000b5a00000,0x00000000b60120a8,0x00000000b6f00000)
GC Heap History (10 events):
Event: 24.165 GC heap after
Heap after GC invocations=33 (full 5):
 PSYoungGen      total 238080K, used 37271K [0x00000000eaa80000, 0x00000000ffe00000, 0x0000000100000000)
  eden space 123392K, 0% used [0x00000000eaa80000,0x00000000eaa80000,0x00000000f2300000)
  from space 114688K, 32% used [0x00000000f8d00000,0x00000000fb165f40,0x00000000ffd00000)
  to   space 108544K, 0% used [0x00000000f2300000,0x00000000f2300000,0x00000000f8d00000)
 ParOldGen       total 478720K, used 428241K [0x00000000c0000000, 0x00000000dd380000, 0x00000000eaa80000)
  object space 478720K, 89% used [0x00000000c0000000,0x00000000da234540,0x00000000dd380000)
 PSPermGen       total 21504K, used 6199K [0x00000000b5a00000, 0x00000000b6f00000, 0x00000000c0000000)
  object space 21504K, 28% used [0x00000000b5a00000,0x00000000b600de08,0x00000000b6f00000)
}
Event: 24.631 GC heap before
{Heap before GC invocations=34 (full 5):
 PSYoungGen      total 238080K, used 160663K [0x00000000eaa80000, 0x00000000ffe00000, 0x0000000100000000)
  eden space 123392K, 100% used [0x00000000eaa80000,0x00000000f2300000,0x00000000f2300000)
  from space 114688K, 32% used [0x00000000f8d00000,0x00000000fb165f40,0x00000000ffd00000)
  to   space 108544K, 0% used [0x00000000f2300000,0x00000000f2300000,0x00000000f8d00000)
 ParOldGen       total 478720K, used 428241K [0x00000000c0000000, 0x00000000dd380000, 0x00000000eaa80000)
  object space 478720K, 89% used [0x00000000c0000000,0x00000000da234540,0x00000000dd380000)
 PSPermGen       total 21504K, used 6201K [0x00000000b5a00000, 0x00000000b6f00000, 0x00000000c0000000)
  object space 21504K, 28% used [0x00000000b5a00000,0x00000000b600e548,0x00000000b6f00000)
Event: 24.752 GC heap after
Heap after GC invocations=34 (full 5):
 PSYoungGen      total 231936K, used 56608K [0x00000000eaa80000, 0x00000000ff700000, 0x0000000100000000)
  eden space 123392K, 0% used [0x00000000eaa80000,0x00000000eaa80000,0x00000000f2300000)
  from space 108544K, 52% used [0x00000000f2300000,0x00000000f5a480b0,0x00000000f8d00000)
  to   space 107008K, 0% used [0x00000000f8e80000,0x00000000f8e80000,0x00000000ff700000)
 ParOldGen       total 478720K, used 428241K [0x00000000c0000000, 0x00000000dd380000, 0x00000000eaa80000)
  object space 478720K, 89% used [0x00000000c0000000,0x00000000da234540,0x00000000dd380000)
 PSPermGen       total 21504K, used 6201K [0x00000000b5a00000, 0x00000000b6f00000, 0x00000000c0000000)
  object space 21504K, 28% used [0x00000000b5a00000,0x00000000b600e548,0x00000000b6f00000)
}
Event: 25.365 GC heap before
{Heap before GC invocations=35 (full 5):
 PSYoungGen      total 231936K, used 180000K [0x00000000eaa80000, 0x00000000ff700000, 0x0000000100000000)
  eden space 123392K, 100% used [0x00000000eaa80000,0x00000000f2300000,0x00000000f2300000)
  from space 108544K, 52% used [0x00000000f2300000,0x00000000f5a480b0,0x00000000f8d00000)
  to   space 107008K, 0% used [0x00000000f8e80000,0x00000000f8e80000,0x00000000ff700000)
 ParOldGen       total 478720K, used 428241K [0x00000000c0000000, 0x00000000dd380000, 0x00000000eaa80000)
  object space 478720K, 89% used [0x00000000c0000000,0x00000000da234540,0x00000000dd380000)
 PSPermGen       total 21504K, used 6211K [0x00000000b5a00000, 0x00000000b6f00000, 0x00000000c0000000)
  object space 21504K, 28% used [0x00000000b5a00000,0x00000000b6010c70,0x00000000b6f00000)
Event: 25.573 GC heap after
Heap after GC invocations=35 (full 5):
 PSYoungGen      total 228352K, used 75460K [0x00000000eaa80000, 0x0000000100000000, 0x0000000100000000)
  eden space 121344K, 0% used [0x00000000eaa80000,0x00000000eaa80000,0x00000000f2100000)
  from space 107008K, 70% used [0x00000000f8e80000,0x00000000fd831150,0x00000000ff700000)
  to   space 112128K, 0% used [0x00000000f2100000,0x00000000f2100000,0x00000000f8e80000)
 ParOldGen       total 478720K, used 428241K [0x00000000c0000000, 0x00000000dd380000, 0x00000000eaa80000)
  object space 478720K, 89% used [0x00000000c0000000,0x00000000da234540,0x00000000dd380000)
 PSPermGen       total 21504K, used 6211K [0x00000000b5a00000, 0x00000000b6f00000, 0x00000000c0000000)
  object space 21504K, 28% used [0x00000000b5a00000,0x00000000b6010c70,0x00000000b6f00000)
}
Event: 25.937 GC heap before
{Heap before GC invocations=36 (full 5):
 PSYoungGen      total 228352K, used 196804K [0x00000000eaa80000, 0x0000000100000000, 0x0000000100000000)
  eden space 121344K, 100% used [0x00000000eaa80000,0x00000000f2100000,0x00000000f2100000)
  from space 107008K, 70% used [0x00000000f8e80000,0x00000000fd831150,0x00000000ff700000)
  to   space 112128K, 0% used [0x00000000f2100000,0x00000000f2100000,0x00000000f8e80000)
 ParOldGen       total 478720K, used 428241K [0x00000000c0000000, 0x00000000dd380000, 0x00000000eaa80000)
  object space 478720K, 89% used [0x00000000c0000000,0x00000000da234540,0x00000000dd380000)
 PSPermGen       total 21504K, used 6215K [0x00000000b5a00000, 0x00000000b6f00000, 0x00000000c0000000)
  object space 21504K, 28% used [0x00000000b5a00000,0x00000000b6011f08,0x00000000b6f00000)
Event: 26.026 GC heap after
Heap after GC invocations=36 (full 5):
 PSYoungGen      total 233472K, used 94446K [0x00000000eaa80000, 0x0000000100000000, 0x0000000100000000)
  eden space 121344K, 0% used [0x00000000eaa80000,0x00000000eaa80000,0x00000000f2100000)
  from space 112128K, 84% used [0x00000000f2100000,0x00000000f7d3bbc0,0x00000000f8e80000)
  to   space 116224K, 0% used [0x00000000f8e80000,0x00000000f8e80000,0x0000000100000000)
 ParOldGen       total 478720K, used 428241K [0x00000000c0000000, 0x00000000dd380000, 0x00000000eaa80000)
  object space 478720K, 89% used [0x00000000c0000000,0x00000000da234540,0x00000000dd380000)
 PSPermGen       total 21504K, used 6215K [0x00000000b5a00000, 0x00000000b6f00000, 0x00000000c0000000)
  object space 21504K, 28% used [0x00000000b5a00000,0x00000000b6011f08,0x00000000b6f00000)
}
Event: 26.318 GC heap before
{Heap before GC invocations=37 (full 5):
 PSYoungGen      total 233472K, used 215790K [0x00000000eaa80000, 0x0000000100000000, 0x0000000100000000)
  eden space 121344K, 100% used [0x00000000eaa80000,0x00000000f2100000,0x00000000f2100000)
  from space 112128K, 84% used [0x00000000f2100000,0x00000000f7d3bbc0,0x00000000f8e80000)
  to   space 116224K, 0% used [0x00000000f8e80000,0x00000000f8e80000,0x0000000100000000)
 ParOldGen       total 478720K, used 428241K [0x00000000c0000000, 0x00000000dd380000, 0x00000000eaa80000)
  object space 478720K, 89% used [0x00000000c0000000,0x00000000da234540,0x00000000dd380000)
 PSPermGen       total 21504K, used 6216K [0x00000000b5a00000, 0x00000000b6f00000, 0x00000000c0000000)
  object space 21504K, 28% used [0x00000000b5a00000,0x00000000b6012128,0x00000000b6f00000)
Event: 26.439 GC heap after
Heap after GC invocations=37 (full 5):
 PSYoungGen      total 233472K, used 78265K [0x00000000eaa80000, 0x0000000100000000, 0x0000000100000000)
  eden space 117248K, 0% used [0x00000000eaa80000,0x00000000eaa80000,0x00000000f1d00000)
  from space 116224K, 67% used [0x00000000f8e80000,0x00000000fdaee7c8,0x0000000100000000)
  to   space 116224K, 0% used [0x00000000f1d00000,0x00000000f1d00000,0x00000000f8e80000)
 ParOldGen       total 478720K, used 464992K [0x00000000c0000000, 0x00000000dd380000, 0x00000000eaa80000)
  object space 478720K, 97% used [0x00000000c0000000,0x00000000dc6181a0,0x00000000dd380000)
 PSPermGen       total 21504K, used 6216K [0x00000000b5a00000, 0x00000000b6f00000, 0x00000000c0000000)
  object space 21504K, 28% used [0x00000000b5a00000,0x00000000b6012128,0x00000000b6f00000)
}
Event: 26.440 GC heap before
{Heap before GC invocations=38 (full 6):
 PSYoungGen      total 233472K, used 78265K [0x00000000eaa80000, 0x0000000100000000, 0x0000000100000000)
  eden space 117248K, 0% used [0x00000000eaa80000,0x00000000eaa80000,0x00000000f1d00000)
  from space 116224K, 67% used [0x00000000f8e80000,0x00000000fdaee7c8,0x0000000100000000)
  to   space 116224K, 0% used [0x00000000f1d00000,0x00000000f1d00000,0x00000000f8e80000)
 ParOldGen       total 478720K, used 464992K [0x00000000c0000000, 0x00000000dd380000, 0x00000000eaa80000)
  object space 478720K, 97% used [0x00000000c0000000,0x00000000dc6181a0,0x00000000dd380000)
 PSPermGen       total 21504K, used 6216K [0x00000000b5a00000, 0x00000000b6f00000, 0x00000000c0000000)
  object space 21504K, 28% used [0x00000000b5a00000,0x00000000b6012128,0x00000000b6f00000)

