# JRE version: OpenJDK Runtime Environment (7.0_95) (build 1.7.0_95-b00)
# Java VM: OpenJDK 64-Bit Server VM (24.95-b01 mixed mode linux-amd64 compressed oops)
Heap
 PSYoungGen      total 276480K, used 27964K [0x00000000eaa80000, 0x0000000100000000, 0x0000000100000000)
  eden space 203264K, 0% used [0x00000000eaa80000,0x00000000eaa80000,0x00000000f7100000)
  from space 73216K, 38% used [0x00000000f7100000,0x00000000f8c4f330,0x00000000fb880000)
  to   space 70656K, 0% used [0x00000000fbb00000,0x00000000fbb00000,0x0000000100000000)
 ParOldGen       total 238592K, used 238242K [0x00000000c0000000, 0x00000000ce900000, 0x00000000eaa80000)
  object space 238592K, 99% used [0x00000000c0000000,0x00000000ce8a8b00,0x00000000ce900000)
 PSPermGen       total 21504K, used 6153K [0x00000000b5a00000, 0x00000000b6f00000, 0x00000000c0000000)
  object space 21504K, 28% used [0x00000000b5a00000,0x00000000b60024d0,0x00000000b6f00000)
GC Heap History (10 events):
Event: 10.838 GC heap after
Heap after GC invocations=16 (full 3):
 PSYoungGen      total 217600K, used 10487K [0x00000000eaa80000, 0x00000000fc800000, 0x0000000100000000)
  eden space 173568K, 0% used [0x00000000eaa80000,0x00000000eaa80000,0x00000000f5400000)
  from space 44032K, 23% used [0x00000000f5400000,0x00000000f5e3dc50,0x00000000f7f00000)
  to   space 45568K, 0% used [0x00000000f9b80000,0x00000000f9b80000,0x00000000fc800000)
 ParOldGen       total 232960K, used 138939K [0x00000000c0000000, 0x00000000ce380000, 0x00000000eaa80000)
  object space 232960K, 59% used [0x00000000c0000000,0x00000000c87aeee8,0x00000000ce380000)
 PSPermGen       total 21504K, used 6119K [0x00000000b5a00000, 0x00000000b6f00000, 0x00000000c0000000)
  object space 21504K, 28% used [0x00000000b5a00000,0x00000000b5ff9fc0,0x00000000b6f00000)
}
Event: 11.883 GC heap before
{Heap before GC invocations=17 (full 3):
 PSYoungGen      total 217600K, used 184055K [0x00000000eaa80000, 0x00000000fc800000, 0x0000000100000000)
  eden space 173568K, 100% used [0x00000000eaa80000,0x00000000f5400000,0x00000000f5400000)
  from space 44032K, 23% used [0x00000000f5400000,0x00000000f5e3dc50,0x00000000f7f00000)
  to   space 45568K, 0% used [0x00000000f9b80000,0x00000000f9b80000,0x00000000fc800000)
 ParOldGen       total 232960K, used 138939K [0x00000000c0000000, 0x00000000ce380000, 0x00000000eaa80000)
  object space 232960K, 59% used [0x00000000c0000000,0x00000000c87aeee8,0x00000000ce380000)
 PSPermGen       total 21504K, used 6126K [0x00000000b5a00000, 0x00000000b6f00000, 0x00000000c0000000)
  object space 21504K, 28% used [0x00000000b5a00000,0x00000000b5ffbb38,0x00000000b6f00000)
Event: 12.444 GC heap after
Heap after GC invocations=17 (full 3):
 PSYoungGen      total 242176K, used 38486K [0x00000000eaa80000, 0x00000000fd300000, 0x0000000100000000)
  eden space 196608K, 0% used [0x00000000eaa80000,0x00000000eaa80000,0x00000000f6a80000)
  from space 45568K, 84% used [0x00000000f9b80000,0x00000000fc1159f8,0x00000000fc800000)
  to   space 50176K, 0% used [0x00000000f6a80000,0x00000000f6a80000,0x00000000f9b80000)
 ParOldGen       total 232960K, used 138939K [0x00000000c0000000, 0x00000000ce380000, 0x00000000eaa80000)
  object space 232960K, 59% used [0x00000000c0000000,0x00000000c87aeee8,0x00000000ce380000)
 PSPermGen       total 21504K, used 6126K [0x00000000b5a00000, 0x00000000b6f00000, 0x00000000c0000000)
  object space 21504K, 28% used [0x00000000b5a00000,0x00000000b5ffbb38,0x00000000b6f00000)
}
Event: 13.711 GC heap before
{Heap before GC invocations=18 (full 3):
 PSYoungGen      total 242176K, used 235094K [0x00000000eaa80000, 0x00000000fd300000, 0x0000000100000000)
  eden space 196608K, 100% used [0x00000000eaa80000,0x00000000f6a80000,0x00000000f6a80000)
  from space 45568K, 84% used [0x00000000f9b80000,0x00000000fc1159f8,0x00000000fc800000)
  to   space 50176K, 0% used [0x00000000f6a80000,0x00000000f6a80000,0x00000000f9b80000)
 ParOldGen       total 232960K, used 138939K [0x00000000c0000000, 0x00000000ce380000, 0x00000000eaa80000)
  object space 232960K, 59% used [0x00000000c0000000,0x00000000c87aeee8,0x00000000ce380000)
 PSPermGen       total 21504K, used 6133K [0x00000000b5a00000, 0x00000000b6f00000, 0x00000000c0000000)
  object space 21504K, 28% used [0x00000000b5a00000,0x00000000b5ffd7b8,0x00000000b6f00000)
Event: 13.807 GC heap after
Heap after GC invocations=18 (full 3):
 PSYoungGen      total 246784K, used 50170K [0x00000000eaa80000, 0x0000000100000000, 0x0000000100000000)
  eden space 196608K, 0% used [0x00000000eaa80000,0x00000000eaa80000,0x00000000f6a80000)
  from space 50176K, 99% used [0x00000000f6a80000,0x00000000f9b7e900,0x00000000f9b80000)
  to   space 65024K, 0% used [0x00000000fc080000,0x00000000fc080000,0x0000000100000000)
 ParOldGen       total 232960K, used 157084K [0x00000000c0000000, 0x00000000ce380000, 0x00000000eaa80000)
  object space 232960K, 67% used [0x00000000c0000000,0x00000000c9967398,0x00000000ce380000)
 PSPermGen       total 21504K, used 6133K [0x00000000b5a00000, 0x00000000b6f00000, 0x00000000c0000000)
  object space 21504K, 28% used [0x00000000b5a00000,0x00000000b5ffd7b8,0x00000000b6f00000)
}
Event: 14.354 GC heap before
{Heap before GC invocations=19 (full 3):
 PSYoungGen      total 246784K, used 246778K [0x00000000eaa80000, 0x0000000100000000, 0x0000000100000000)
  eden space 196608K, 100% used [0x00000000eaa80000,0x00000000f6a80000,0x00000000f6a80000)
  from space 50176K, 99% used [0x00000000f6a80000,0x00000000f9b7e900,0x00000000f9b80000)
  to   space 65024K, 0% used [0x00000000fc080000,0x00000000fc080000,0x0000000100000000)
 ParOldGen       total 232960K, used 157084K [0x00000000c0000000, 0x00000000ce380000, 0x00000000eaa80000)
  object space 232960K, 67% used [0x00000000c0000000,0x00000000c9967398,0x00000000ce380000)
 PSPermGen       total 21504K, used 6138K [0x00000000b5a00000, 0x00000000b6f00000, 0x00000000c0000000)
  object space 21504K, 28% used [0x00000000b5a00000,0x00000000b5ffe9e0,0x00000000b6f00000)
Event: 18.175 GC heap after
Heap after GC invocations=19 (full 3):
 PSYoungGen      total 268288K, used 57738K [0x00000000eaa80000, 0x0000000100000000, 0x0000000100000000)
  eden space 203264K, 0% used [0x00000000eaa80000,0x00000000eaa80000,0x00000000f7100000)
  from space 65024K, 88% used [0x00000000fc080000,0x00000000ff8e2aa0,0x0000000100000000)
  to   space 73216K, 0% used [0x00000000f7100000,0x00000000f7100000,0x00000000fb880000)
 ParOldGen       total 232960K, used 179467K [0x00000000c0000000, 0x00000000ce380000, 0x00000000eaa80000)
  object space 232960K, 77% used [0x00000000c0000000,0x00000000caf42e40,0x00000000ce380000)
 PSPermGen       total 21504K, used 6138K [0x00000000b5a00000, 0x00000000b6f00000, 0x00000000c0000000)
  object space 21504K, 28% used [0x00000000b5a00000,0x00000000b5ffe9e0,0x00000000b6f00000)
}
Event: 19.077 GC heap before
{Heap before GC invocations=20 (full 3):
 PSYoungGen      total 268288K, used 261002K [0x00000000eaa80000, 0x0000000100000000, 0x0000000100000000)
  eden space 203264K, 100% used [0x00000000eaa80000,0x00000000f7100000,0x00000000f7100000)
  from space 65024K, 88% used [0x00000000fc080000,0x00000000ff8e2aa0,0x0000000100000000)
  to   space 73216K, 0% used [0x00000000f7100000,0x00000000f7100000,0x00000000fb880000)
 ParOldGen       total 232960K, used 179467K [0x00000000c0000000, 0x00000000ce380000, 0x00000000eaa80000)
  object space 232960K, 77% used [0x00000000c0000000,0x00000000caf42e40,0x00000000ce380000)
 PSPermGen       total 21504K, used 6153K [0x00000000b5a00000, 0x00000000b6f00000, 0x00000000c0000000)
  object space 21504K, 28% used [0x00000000b5a00000,0x00000000b60024f0,0x00000000b6f00000)
Event: 19.330 GC heap after
Heap after GC invocations=20 (full 3):
 PSYoungGen      total 276480K, used 33337K [0x00000000eaa80000, 0x0000000100000000, 0x0000000100000000)
  eden space 203264K, 0% used [0x00000000eaa80000,0x00000000eaa80000,0x00000000f7100000)
  from space 73216K, 45% used [0x00000000f7100000,0x00000000f918e608,0x00000000fb880000)
  to   space 70656K, 0% used [0x00000000fbb00000,0x00000000fbb00000,0x0000000100000000)
 ParOldGen       total 238592K, used 236743K [0x00000000c0000000, 0x00000000ce900000, 0x00000000eaa80000)
  object space 238592K, 99% used [0x00000000c0000000,0x00000000ce731e20,0x00000000ce900000)
 PSPermGen       total 21504K, used 6153K [0x00000000b5a00000, 0x00000000b6f00000, 0x00000000c0000000)
  object space 21504K, 28% used [0x00000000b5a00000,0x00000000b60024f0,0x00000000b6f00000)
}
Event: 19.331 GC heap before
{Heap before GC invocations=21 (full 4):
 PSYoungGen      total 276480K, used 33337K [0x00000000eaa80000, 0x0000000100000000, 0x0000000100000000)
  eden space 203264K, 0% used [0x00000000eaa80000,0x00000000eaa80000,0x00000000f7100000)
  from space 73216K, 45% used [0x00000000f7100000,0x00000000f918e608,0x00000000fb880000)
  to   space 70656K, 0% used [0x00000000fbb00000,0x00000000fbb00000,0x0000000100000000)
 ParOldGen       total 238592K, used 236743K [0x00000000c0000000, 0x00000000ce900000, 0x00000000eaa80000)
  object space 238592K, 99% used [0x00000000c0000000,0x00000000ce731e20,0x00000000ce900000)
 PSPermGen       total 21504K, used 6153K [0x00000000b5a00000, 0x00000000b6f00000, 0x00000000c0000000)
  object space 21504K, 28% used [0x00000000b5a00000,0x00000000b60024f0,0x00000000b6f00000)

