# JRE version: OpenJDK Runtime Environment (7.0_95) (build 1.7.0_95-b00)
# Java VM: OpenJDK 64-Bit Server VM (24.95-b01 mixed mode linux-amd64 compressed oops)
Heap
 PSYoungGen      total 233472K, used 0K [0x00000000eaa80000, 0x0000000100000000, 0x0000000100000000)
  eden space 117248K, 0% used [0x00000000eaa80000,0x00000000eaa80000,0x00000000f1d00000)
  from space 116224K, 0% used [0x00000000f1d00000,0x00000000f1d00000,0x00000000f8e80000)
  to   space 116224K, 0% used [0x00000000f8e80000,0x00000000f8e80000,0x0000000100000000)
 ParOldGen       total 529920K, used 511006K [0x00000000c0000000, 0x00000000e0580000, 0x00000000eaa80000)
  object space 529920K, 96% used [0x00000000c0000000,0x00000000df3079a0,0x00000000e0580000)
 PSPermGen       total 21504K, used 6216K [0x00000000b5a00000, 0x00000000b6f00000, 0x00000000c0000000)
  object space 21504K, 28% used [0x00000000b5a00000,0x00000000b60122c8,0x00000000b6f00000)
GC Heap History (10 events):
Event: 20.782 GC heap after
Heap after GC invocations=32 (full 5):
 PSYoungGen      total 233472K, used 31683K [0x00000000eaa80000, 0x0000000100000000, 0x0000000100000000)
  eden space 117248K, 0% used [0x00000000eaa80000,0x00000000eaa80000,0x00000000f1d00000)
  from space 116224K, 27% used [0x00000000f1d00000,0x00000000f3bf0da0,0x00000000f8e80000)
  to   space 116224K, 0% used [0x00000000f8e80000,0x00000000f8e80000,0x0000000100000000)
 ParOldGen       total 529920K, used 407496K [0x00000000c0000000, 0x00000000e0580000, 0x00000000eaa80000)
  object space 529920K, 76% used [0x00000000c0000000,0x00000000d8df20d0,0x00000000e0580000)
 PSPermGen       total 21504K, used 6205K [0x00000000b5a00000, 0x00000000b6f00000, 0x00000000c0000000)
  object space 21504K, 28% used [0x00000000b5a00000,0x00000000b600f520,0x00000000b6f00000)
}
Event: 21.072 GC heap before
{Heap before GC invocations=33 (full 5):
 PSYoungGen      total 233472K, used 148931K [0x00000000eaa80000, 0x0000000100000000, 0x0000000100000000)
  eden space 117248K, 100% used [0x00000000eaa80000,0x00000000f1d00000,0x00000000f1d00000)
  from space 116224K, 27% used [0x00000000f1d00000,0x00000000f3bf0da0,0x00000000f8e80000)
  to   space 116224K, 0% used [0x00000000f8e80000,0x00000000f8e80000,0x0000000100000000)
 ParOldGen       total 529920K, used 407496K [0x00000000c0000000, 0x00000000e0580000, 0x00000000eaa80000)
  object space 529920K, 76% used [0x00000000c0000000,0x00000000d8df20d0,0x00000000e0580000)
 PSPermGen       total 21504K, used 6207K [0x00000000b5a00000, 0x00000000b6f00000, 0x00000000c0000000)
  object space 21504K, 28% used [0x00000000b5a00000,0x00000000b600fd98,0x00000000b6f00000)
Event: 21.172 GC heap after
Heap after GC invocations=33 (full 5):
 PSYoungGen      total 233472K, used 20000K [0x00000000eaa80000, 0x0000000100000000, 0x0000000100000000)
  eden space 117248K, 0% used [0x00000000eaa80000,0x00000000eaa80000,0x00000000f1d00000)
  from space 116224K, 17% used [0x00000000f8e80000,0x00000000fa208000,0x0000000100000000)
  to   space 116224K, 0% used [0x00000000f1d00000,0x00000000f1d00000,0x00000000f8e80000)
 ParOldGen       total 529920K, used 438339K [0x00000000c0000000, 0x00000000e0580000, 0x00000000eaa80000)
  object space 529920K, 82% used [0x00000000c0000000,0x00000000dac10d48,0x00000000e0580000)
 PSPermGen       total 21504K, used 6207K [0x00000000b5a00000, 0x00000000b6f00000, 0x00000000c0000000)
  object space 21504K, 28% used [0x00000000b5a00000,0x00000000b600fd98,0x00000000b6f00000)
}
Event: 21.453 GC heap before
{Heap before GC invocations=34 (full 5):
 PSYoungGen      total 233472K, used 137248K [0x00000000eaa80000, 0x0000000100000000, 0x0000000100000000)
  eden space 117248K, 100% used [0x00000000eaa80000,0x00000000f1d00000,0x00000000f1d00000)
  from space 116224K, 17% used [0x00000000f8e80000,0x00000000fa208000,0x0000000100000000)
  to   space 116224K, 0% used [0x00000000f1d00000,0x00000000f1d00000,0x00000000f8e80000)
 ParOldGen       total 529920K, used 438339K [0x00000000c0000000, 0x00000000e0580000, 0x00000000eaa80000)
  object space 529920K, 82% used [0x00000000c0000000,0x00000000dac10d48,0x00000000e0580000)
 PSPermGen       total 21504K, used 6208K [0x00000000b5a00000, 0x00000000b6f00000, 0x00000000c0000000)
  object space 21504K, 28% used [0x00000000b5a00000,0x00000000b6010080,0x00000000b6f00000)
Event: 21.503 GC heap after
Heap after GC invocations=34 (full 5):
 PSYoungGen      total 233472K, used 18301K [0x00000000eaa80000, 0x0000000100000000, 0x0000000100000000)
  eden space 117248K, 0% used [0x00000000eaa80000,0x00000000eaa80000,0x00000000f1d00000)
  from space 116224K, 15% used [0x00000000f1d00000,0x00000000f2edf7e0,0x00000000f8e80000)
  to   space 116224K, 0% used [0x00000000f8e80000,0x00000000f8e80000,0x0000000100000000)
 ParOldGen       total 529920K, used 457511K [0x00000000c0000000, 0x00000000e0580000, 0x00000000eaa80000)
  object space 529920K, 86% used [0x00000000c0000000,0x00000000dbec9d80,0x00000000e0580000)
 PSPermGen       total 21504K, used 6208K [0x00000000b5a00000, 0x00000000b6f00000, 0x00000000c0000000)
  object space 21504K, 28% used [0x00000000b5a00000,0x00000000b6010080,0x00000000b6f00000)
}
Event: 21.837 GC heap before
{Heap before GC invocations=35 (full 5):
 PSYoungGen      total 233472K, used 135549K [0x00000000eaa80000, 0x0000000100000000, 0x0000000100000000)
  eden space 117248K, 100% used [0x00000000eaa80000,0x00000000f1d00000,0x00000000f1d00000)
  from space 116224K, 15% used [0x00000000f1d00000,0x00000000f2edf7e0,0x00000000f8e80000)
  to   space 116224K, 0% used [0x00000000f8e80000,0x00000000f8e80000,0x0000000100000000)
 ParOldGen       total 529920K, used 457511K [0x00000000c0000000, 0x00000000e0580000, 0x00000000eaa80000)
  object space 529920K, 86% used [0x00000000c0000000,0x00000000dbec9d80,0x00000000e0580000)
 PSPermGen       total 21504K, used 6215K [0x00000000b5a00000, 0x00000000b6f00000, 0x00000000c0000000)
  object space 21504K, 28% used [0x00000000b5a00000,0x00000000b6011ea8,0x00000000b6f00000)
Event: 21.959 GC heap after
Heap after GC invocations=35 (full 5):
 PSYoungGen      total 233472K, used 19180K [0x00000000eaa80000, 0x0000000100000000, 0x0000000100000000)
  eden space 117248K, 0% used [0x00000000eaa80000,0x00000000eaa80000,0x00000000f1d00000)
  from space 116224K, 16% used [0x00000000f8e80000,0x00000000fa13b158,0x0000000100000000)
  to   space 116224K, 0% used [0x00000000f1d00000,0x00000000f1d00000,0x00000000f8e80000)
 ParOldGen       total 529920K, used 475167K [0x00000000c0000000, 0x00000000e0580000, 0x00000000eaa80000)
  object space 529920K, 89% used [0x00000000c0000000,0x00000000dd007f30,0x00000000e0580000)
 PSPermGen       total 21504K, used 6215K [0x00000000b5a00000, 0x00000000b6f00000, 0x00000000c0000000)
  object space 21504K, 28% used [0x00000000b5a00000,0x00000000b6011ea8,0x00000000b6f00000)
}
Event: 22.259 GC heap before
{Heap before GC invocations=36 (full 5):
 PSYoungGen      total 233472K, used 136428K [0x00000000eaa80000, 0x0000000100000000, 0x0000000100000000)
  eden space 117248K, 100% used [0x00000000eaa80000,0x00000000f1d00000,0x00000000f1d00000)
  from space 116224K, 16% used [0x00000000f8e80000,0x00000000fa13b158,0x0000000100000000)
  to   space 116224K, 0% used [0x00000000f1d00000,0x00000000f1d00000,0x00000000f8e80000)
 ParOldGen       total 529920K, used 475167K [0x00000000c0000000, 0x00000000e0580000, 0x00000000eaa80000)
  object space 529920K, 89% used [0x00000000c0000000,0x00000000dd007f30,0x00000000e0580000)
 PSPermGen       total 21504K, used 6216K [0x00000000b5a00000, 0x00000000b6f00000, 0x00000000c0000000)
  object space 21504K, 28% used [0x00000000b5a00000,0x00000000b6012368,0x00000000b6f00000)
Event: 22.459 GC heap after
Heap after GC invocations=36 (full 5):
 PSYoungGen      total 233472K, used 18833K [0x00000000eaa80000, 0x0000000100000000, 0x0000000100000000)
  eden space 117248K, 0% used [0x00000000eaa80000,0x00000000eaa80000,0x00000000f1d00000)
  from space 116224K, 16% used [0x00000000f1d00000,0x00000000f2f646e8,0x00000000f8e80000)
  to   space 116224K, 0% used [0x00000000f8e80000,0x00000000f8e80000,0x0000000100000000)
 ParOldGen       total 529920K, used 493441K [0x00000000c0000000, 0x00000000e0580000, 0x00000000eaa80000)
  object space 529920K, 93% used [0x00000000c0000000,0x00000000de1e0630,0x00000000e0580000)
 PSPermGen       total 21504K, used 6216K [0x00000000b5a00000, 0x00000000b6f00000, 0x00000000c0000000)
  object space 21504K, 28% used [0x00000000b5a00000,0x00000000b6012368,0x00000000b6f00000)
}
Event: 22.460 GC heap before
{Heap before GC invocations=37 (full 6):
 PSYoungGen      total 233472K, used 18833K [0x00000000eaa80000, 0x0000000100000000, 0x0000000100000000)
  eden space 117248K, 0% used [0x00000000eaa80000,0x00000000eaa80000,0x00000000f1d00000)
  from space 116224K, 16% used [0x00000000f1d00000,0x00000000f2f646e8,0x00000000f8e80000)
  to   space 116224K, 0% used [0x00000000f8e80000,0x00000000f8e80000,0x0000000100000000)
 ParOldGen       total 529920K, used 493441K [0x00000000c0000000, 0x00000000e0580000, 0x00000000eaa80000)
  object space 529920K, 93% used [0x00000000c0000000,0x00000000de1e0630,0x00000000e0580000)
 PSPermGen       total 21504K, used 6216K [0x00000000b5a00000, 0x00000000b6f00000, 0x00000000c0000000)
  object space 21504K, 28% used [0x00000000b5a00000,0x00000000b6012368,0x00000000b6f00000)

