# JRE version: OpenJDK Runtime Environment (7.0_95) (build 1.7.0_95-b00)
# Java VM: OpenJDK 64-Bit Server VM (24.95-b01 mixed mode linux-amd64 compressed oops)
Heap
 PSYoungGen      total 233472K, used 41568K [0x00000000eaa80000, 0x0000000100000000, 0x0000000100000000)
  eden space 117248K, 0% used [0x00000000eaa80000,0x00000000eaa80000,0x00000000f1d00000)
  from space 116224K, 35% used [0x00000000f1d00000,0x00000000f4598388,0x00000000f8e80000)
  to   space 116224K, 0% used [0x00000000f8e80000,0x00000000f8e80000,0x0000000100000000)
 ParOldGen       total 502784K, used 502613K [0x00000000c0000000, 0x00000000deb00000, 0x00000000eaa80000)
  object space 502784K, 99% used [0x00000000c0000000,0x00000000dead5648,0x00000000deb00000)
 PSPermGen       total 21504K, used 6216K [0x00000000b5a00000, 0x00000000b6f00000, 0x00000000c0000000)
  object space 21504K, 28% used [0x00000000b5a00000,0x00000000b60120e0,0x00000000b6f00000)
GC Heap History (10 events):
Event: 26.810 GC heap after
Heap after GC invocations=30 (full 5):
 PSYoungGen      total 155136K, used 37468K [0x00000000eaa80000, 0x00000000ff780000, 0x0000000100000000)
  eden space 117248K, 0% used [0x00000000eaa80000,0x00000000eaa80000,0x00000000f1d00000)
  from space 37888K, 98% used [0x00000000f1d00000,0x00000000f41971c8,0x00000000f4200000)
  to   space 109568K, 0% used [0x00000000f8c80000,0x00000000f8c80000,0x00000000ff780000)
 ParOldGen       total 502784K, used 430510K [0x00000000c0000000, 0x00000000deb00000, 0x00000000eaa80000)
  object space 502784K, 85% used [0x00000000c0000000,0x00000000da46b810,0x00000000deb00000)
 PSPermGen       total 21504K, used 6200K [0x00000000b5a00000, 0x00000000b6f00000, 0x00000000c0000000)
  object space 21504K, 28% used [0x00000000b5a00000,0x00000000b600e3e8,0x00000000b6f00000)
}
Event: 27.115 GC heap before
{Heap before GC invocations=31 (full 5):
 PSYoungGen      total 155136K, used 154716K [0x00000000eaa80000, 0x00000000ff780000, 0x0000000100000000)
  eden space 117248K, 100% used [0x00000000eaa80000,0x00000000f1d00000,0x00000000f1d00000)
  from space 37888K, 98% used [0x00000000f1d00000,0x00000000f41971c8,0x00000000f4200000)
  to   space 109568K, 0% used [0x00000000f8c80000,0x00000000f8c80000,0x00000000ff780000)
 ParOldGen       total 502784K, used 430510K [0x00000000c0000000, 0x00000000deb00000, 0x00000000eaa80000)
  object space 502784K, 85% used [0x00000000c0000000,0x00000000da46b810,0x00000000deb00000)
 PSPermGen       total 21504K, used 6207K [0x00000000b5a00000, 0x00000000b6f00000, 0x00000000c0000000)
  object space 21504K, 28% used [0x00000000b5a00000,0x00000000b600fe10,0x00000000b6f00000)
Event: 27.219 GC heap after
Heap after GC invocations=31 (full 5):
 PSYoungGen      total 233984K, used 55808K [0x00000000eaa80000, 0x00000000ffd80000, 0x0000000100000000)
  eden space 124416K, 0% used [0x00000000eaa80000,0x00000000eaa80000,0x00000000f2400000)
  from space 109568K, 50% used [0x00000000f8c80000,0x00000000fc300008,0x00000000ff780000)
  to   space 107008K, 0% used [0x00000000f2400000,0x00000000f2400000,0x00000000f8c80000)
 ParOldGen       total 502784K, used 430510K [0x00000000c0000000, 0x00000000deb00000, 0x00000000eaa80000)
  object space 502784K, 85% used [0x00000000c0000000,0x00000000da46b810,0x00000000deb00000)
 PSPermGen       total 21504K, used 6207K [0x00000000b5a00000, 0x00000000b6f00000, 0x00000000c0000000)
  object space 21504K, 28% used [0x00000000b5a00000,0x00000000b600fe10,0x00000000b6f00000)
}
Event: 27.495 GC heap before
{Heap before GC invocations=32 (full 5):
 PSYoungGen      total 233984K, used 180224K [0x00000000eaa80000, 0x00000000ffd80000, 0x0000000100000000)
  eden space 124416K, 100% used [0x00000000eaa80000,0x00000000f2400000,0x00000000f2400000)
  from space 109568K, 50% used [0x00000000f8c80000,0x00000000fc300008,0x00000000ff780000)
  to   space 107008K, 0% used [0x00000000f2400000,0x00000000f2400000,0x00000000f8c80000)
 ParOldGen       total 502784K, used 430510K [0x00000000c0000000, 0x00000000deb00000, 0x00000000eaa80000)
  object space 502784K, 85% used [0x00000000c0000000,0x00000000da46b810,0x00000000deb00000)
 PSPermGen       total 21504K, used 6215K [0x00000000b5a00000, 0x00000000b6f00000, 0x00000000c0000000)
  object space 21504K, 28% used [0x00000000b5a00000,0x00000000b6011e40,0x00000000b6f00000)
Event: 27.564 GC heap after
Heap after GC invocations=32 (full 5):
 PSYoungGen      total 231424K, used 75047K [0x00000000eaa80000, 0x0000000100000000, 0x0000000100000000)
  eden space 124416K, 0% used [0x00000000eaa80000,0x00000000eaa80000,0x00000000f2400000)
  from space 107008K, 70% used [0x00000000f2400000,0x00000000f6d49e60,0x00000000f8c80000)
  to   space 111616K, 0% used [0x00000000f9300000,0x00000000f9300000,0x0000000100000000)
 ParOldGen       total 502784K, used 430510K [0x00000000c0000000, 0x00000000deb00000, 0x00000000eaa80000)
  object space 502784K, 85% used [0x00000000c0000000,0x00000000da46b810,0x00000000deb00000)
 PSPermGen       total 21504K, used 6215K [0x00000000b5a00000, 0x00000000b6f00000, 0x00000000c0000000)
  object space 21504K, 28% used [0x00000000b5a00000,0x00000000b6011e40,0x00000000b6f00000)
}
Event: 27.839 GC heap before
{Heap before GC invocations=33 (full 5):
 PSYoungGen      total 231424K, used 199463K [0x00000000eaa80000, 0x0000000100000000, 0x0000000100000000)
  eden space 124416K, 100% used [0x00000000eaa80000,0x00000000f2400000,0x00000000f2400000)
  from space 107008K, 70% used [0x00000000f2400000,0x00000000f6d49e60,0x00000000f8c80000)
  to   space 111616K, 0% used [0x00000000f9300000,0x00000000f9300000,0x0000000100000000)
 ParOldGen       total 502784K, used 430510K [0x00000000c0000000, 0x00000000deb00000, 0x00000000eaa80000)
  object space 502784K, 85% used [0x00000000c0000000,0x00000000da46b810,0x00000000deb00000)
 PSPermGen       total 21504K, used 6216K [0x00000000b5a00000, 0x00000000b6f00000, 0x00000000c0000000)
  object space 21504K, 28% used [0x00000000b5a00000,0x00000000b6012140,0x00000000b6f00000)
Event: 28.009 GC heap after
Heap after GC invocations=33 (full 5):
 PSYoungGen      total 228864K, used 94580K [0x00000000eaa80000, 0x0000000100000000, 0x0000000100000000)
  eden space 117248K, 0% used [0x00000000eaa80000,0x00000000eaa80000,0x00000000f1d00000)
  from space 111616K, 84% used [0x00000000f9300000,0x00000000fef5d068,0x0000000100000000)
  to   space 116224K, 0% used [0x00000000f1d00000,0x00000000f1d00000,0x00000000f8e80000)
 ParOldGen       total 502784K, used 430510K [0x00000000c0000000, 0x00000000deb00000, 0x00000000eaa80000)
  object space 502784K, 85% used [0x00000000c0000000,0x00000000da46b810,0x00000000deb00000)
 PSPermGen       total 21504K, used 6216K [0x00000000b5a00000, 0x00000000b6f00000, 0x00000000c0000000)
  object space 21504K, 28% used [0x00000000b5a00000,0x00000000b6012140,0x00000000b6f00000)
}
Event: 28.269 GC heap before
{Heap before GC invocations=34 (full 5):
 PSYoungGen      total 228864K, used 211828K [0x00000000eaa80000, 0x0000000100000000, 0x0000000100000000)
  eden space 117248K, 100% used [0x00000000eaa80000,0x00000000f1d00000,0x00000000f1d00000)
  from space 111616K, 84% used [0x00000000f9300000,0x00000000fef5d068,0x0000000100000000)
  to   space 116224K, 0% used [0x00000000f1d00000,0x00000000f1d00000,0x00000000f8e80000)
 ParOldGen       total 502784K, used 430510K [0x00000000c0000000, 0x00000000deb00000, 0x00000000eaa80000)
  object space 502784K, 85% used [0x00000000c0000000,0x00000000da46b810,0x00000000deb00000)
 PSPermGen       total 21504K, used 6216K [0x00000000b5a00000, 0x00000000b6f00000, 0x00000000c0000000)
  object space 21504K, 28% used [0x00000000b5a00000,0x00000000b6012140,0x00000000b6f00000)
Event: 28.389 GC heap after
Heap after GC invocations=34 (full 5):
 PSYoungGen      total 233472K, used 78171K [0x00000000eaa80000, 0x0000000100000000, 0x0000000100000000)
  eden space 117248K, 0% used [0x00000000eaa80000,0x00000000eaa80000,0x00000000f1d00000)
  from space 116224K, 67% used [0x00000000f1d00000,0x00000000f6956c40,0x00000000f8e80000)
  to   space 116224K, 0% used [0x00000000f8e80000,0x00000000f8e80000,0x0000000100000000)
 ParOldGen       total 502784K, used 467451K [0x00000000c0000000, 0x00000000deb00000, 0x00000000eaa80000)
  object space 502784K, 92% used [0x00000000c0000000,0x00000000dc87eeb8,0x00000000deb00000)
 PSPermGen       total 21504K, used 6216K [0x00000000b5a00000, 0x00000000b6f00000, 0x00000000c0000000)
  object space 21504K, 28% used [0x00000000b5a00000,0x00000000b6012140,0x00000000b6f00000)
}
Event: 28.389 GC heap before
{Heap before GC invocations=35 (full 6):
 PSYoungGen      total 233472K, used 78171K [0x00000000eaa80000, 0x0000000100000000, 0x0000000100000000)
  eden space 117248K, 0% used [0x00000000eaa80000,0x00000000eaa80000,0x00000000f1d00000)
  from space 116224K, 67% used [0x00000000f1d00000,0x00000000f6956c40,0x00000000f8e80000)
  to   space 116224K, 0% used [0x00000000f8e80000,0x00000000f8e80000,0x0000000100000000)
 ParOldGen       total 502784K, used 467451K [0x00000000c0000000, 0x00000000deb00000, 0x00000000eaa80000)
  object space 502784K, 92% used [0x00000000c0000000,0x00000000dc87eeb8,0x00000000deb00000)
 PSPermGen       total 21504K, used 6216K [0x00000000b5a00000, 0x00000000b6f00000, 0x00000000c0000000)
  object space 21504K, 28% used [0x00000000b5a00000,0x00000000b6012140,0x00000000b6f00000)

