# JRE version: OpenJDK Runtime Environment (7.0_95) (build 1.7.0_95-b00)
# Java VM: OpenJDK 64-Bit Server VM (24.95-b01 mixed mode linux-amd64 compressed oops)
Heap
 PSYoungGen      total 243200K, used 30248K [0x00000000eaa80000, 0x00000000fd900000, 0x0000000100000000)
  eden space 193536K, 0% used [0x00000000eaa80000,0x00000000eaa80000,0x00000000f6780000)
  from space 49664K, 60% used [0x00000000f6780000,0x00000000f850a120,0x00000000f9800000)
  to   space 50176K, 0% used [0x00000000f9800000,0x00000000f9800000,0x00000000fc900000)
 ParOldGen       total 227328K, used 210576K [0x00000000c0000000, 0x00000000cde00000, 0x00000000eaa80000)
  object space 227328K, 92% used [0x00000000c0000000,0x00000000ccda4240,0x00000000cde00000)
 PSPermGen       total 21504K, used 6136K [0x00000000b5a00000, 0x00000000b6f00000, 0x00000000c0000000)
  object space 21504K, 28% used [0x00000000b5a00000,0x00000000b5ffe3b0,0x00000000b6f00000)
GC Heap History (10 events):
Event: 13.998 GC heap after
Heap after GC invocations=17 (full 2):
 PSYoungGen      total 178176K, used 30176K [0x00000000eaa80000, 0x00000000fa500000, 0x0000000100000000)
  eden space 147968K, 0% used [0x00000000eaa80000,0x00000000eaa80000,0x00000000f3b00000)
  from space 30208K, 99% used [0x00000000f3b00000,0x00000000f58782e8,0x00000000f5880000)
  to   space 40960K, 0% used [0x00000000f7d00000,0x00000000f7d00000,0x00000000fa500000)
 ParOldGen       total 138240K, used 107577K [0x00000000c0000000, 0x00000000c8700000, 0x00000000eaa80000)
  object space 138240K, 77% used [0x00000000c0000000,0x00000000c690e670,0x00000000c8700000)
 PSPermGen       total 21504K, used 6114K [0x00000000b5a00000, 0x00000000b6f00000, 0x00000000c0000000)
  object space 21504K, 28% used [0x00000000b5a00000,0x00000000b5ff88a8,0x00000000b6f00000)
}
Event: 14.913 GC heap before
{Heap before GC invocations=18 (full 2):
 PSYoungGen      total 178176K, used 178144K [0x00000000eaa80000, 0x00000000fa500000, 0x0000000100000000)
  eden space 147968K, 100% used [0x00000000eaa80000,0x00000000f3b00000,0x00000000f3b00000)
  from space 30208K, 99% used [0x00000000f3b00000,0x00000000f58782e8,0x00000000f5880000)
  to   space 40960K, 0% used [0x00000000f7d00000,0x00000000f7d00000,0x00000000fa500000)
 ParOldGen       total 138240K, used 107577K [0x00000000c0000000, 0x00000000c8700000, 0x00000000eaa80000)
  object space 138240K, 77% used [0x00000000c0000000,0x00000000c690e670,0x00000000c8700000)
 PSPermGen       total 21504K, used 6123K [0x00000000b5a00000, 0x00000000b6f00000, 0x00000000c0000000)
  object space 21504K, 28% used [0x00000000b5a00000,0x00000000b5ffad48,0x00000000b6f00000)
Event: 15.047 GC heap after
Heap after GC invocations=18 (full 2):
 PSYoungGen      total 214528K, used 25456K [0x00000000eaa80000, 0x00000000fab00000, 0x0000000100000000)
  eden space 173568K, 0% used [0x00000000eaa80000,0x00000000eaa80000,0x00000000f5400000)
  from space 40960K, 62% used [0x00000000f7d00000,0x00000000f95dc1f0,0x00000000fa500000)
  to   space 41984K, 0% used [0x00000000f5400000,0x00000000f5400000,0x00000000f7d00000)
 ParOldGen       total 138240K, used 137878K [0x00000000c0000000, 0x00000000c8700000, 0x00000000eaa80000)
  object space 138240K, 99% used [0x00000000c0000000,0x00000000c86a5aa8,0x00000000c8700000)
 PSPermGen       total 21504K, used 6123K [0x00000000b5a00000, 0x00000000b6f00000, 0x00000000c0000000)
  object space 21504K, 28% used [0x00000000b5a00000,0x00000000b5ffad48,0x00000000b6f00000)
}
Event: 15.047 GC heap before
{Heap before GC invocations=19 (full 3):
 PSYoungGen      total 214528K, used 25456K [0x00000000eaa80000, 0x00000000fab00000, 0x0000000100000000)
  eden space 173568K, 0% used [0x00000000eaa80000,0x00000000eaa80000,0x00000000f5400000)
  from space 40960K, 62% used [0x00000000f7d00000,0x00000000f95dc1f0,0x00000000fa500000)
  to   space 41984K, 0% used [0x00000000f5400000,0x00000000f5400000,0x00000000f7d00000)
 ParOldGen       total 138240K, used 137878K [0x00000000c0000000, 0x00000000c8700000, 0x00000000eaa80000)
  object space 138240K, 99% used [0x00000000c0000000,0x00000000c86a5aa8,0x00000000c8700000)
 PSPermGen       total 21504K, used 6123K [0x00000000b5a00000, 0x00000000b6f00000, 0x00000000c0000000)
  object space 21504K, 28% used [0x00000000b5a00000,0x00000000b5ffad48,0x00000000b6f00000)
Event: 16.158 GC heap after
Heap after GC invocations=19 (full 3):
 PSYoungGen      total 214528K, used 20695K [0x00000000eaa80000, 0x00000000fab00000, 0x0000000100000000)
  eden space 173568K, 0% used [0x00000000eaa80000,0x00000000eaa80000,0x00000000f5400000)
  from space 40960K, 50% used [0x00000000f7d00000,0x00000000f9135ec8,0x00000000fa500000)
  to   space 41984K, 0% used [0x00000000f5400000,0x00000000f5400000,0x00000000f7d00000)
 ParOldGen       total 227328K, used 137831K [0x00000000c0000000, 0x00000000cde00000, 0x00000000eaa80000)
  object space 227328K, 60% used [0x00000000c0000000,0x00000000c8699f50,0x00000000cde00000)
 PSPermGen       total 21504K, used 6122K [0x00000000b5a00000, 0x00000000b6f00000, 0x00000000c0000000)
  object space 21504K, 28% used [0x00000000b5a00000,0x00000000b5ffaba8,0x00000000b6f00000)
}
Event: 17.333 GC heap before
{Heap before GC invocations=20 (full 3):
 PSYoungGen      total 214528K, used 194263K [0x00000000eaa80000, 0x00000000fab00000, 0x0000000100000000)
  eden space 173568K, 100% used [0x00000000eaa80000,0x00000000f5400000,0x00000000f5400000)
  from space 40960K, 50% used [0x00000000f7d00000,0x00000000f9135ec8,0x00000000fa500000)
  to   space 41984K, 0% used [0x00000000f5400000,0x00000000f5400000,0x00000000f7d00000)
 ParOldGen       total 227328K, used 137831K [0x00000000c0000000, 0x00000000cde00000, 0x00000000eaa80000)
  object space 227328K, 60% used [0x00000000c0000000,0x00000000c8699f50,0x00000000cde00000)
 PSPermGen       total 21504K, used 6128K [0x00000000b5a00000, 0x00000000b6f00000, 0x00000000c0000000)
  object space 21504K, 28% used [0x00000000b5a00000,0x00000000b5ffc210,0x00000000b6f00000)
Event: 17.452 GC heap after
Heap after GC invocations=20 (full 3):
 PSYoungGen      total 215552K, used 41965K [0x00000000eaa80000, 0x00000000fc900000, 0x0000000100000000)
  eden space 173568K, 0% used [0x00000000eaa80000,0x00000000eaa80000,0x00000000f5400000)
  from space 41984K, 99% used [0x00000000f5400000,0x00000000f7cfb6c0,0x00000000f7d00000)
  to   space 50176K, 0% used [0x00000000f9800000,0x00000000f9800000,0x00000000fc900000)
 ParOldGen       total 227328K, used 142193K [0x00000000c0000000, 0x00000000cde00000, 0x00000000eaa80000)
  object space 227328K, 62% used [0x00000000c0000000,0x00000000c8adc690,0x00000000cde00000)
 PSPermGen       total 21504K, used 6128K [0x00000000b5a00000, 0x00000000b6f00000, 0x00000000c0000000)
  object space 21504K, 28% used [0x00000000b5a00000,0x00000000b5ffc210,0x00000000b6f00000)
}
Event: 18.177 GC heap before
{Heap before GC invocations=21 (full 3):
 PSYoungGen      total 215552K, used 215533K [0x00000000eaa80000, 0x00000000fc900000, 0x0000000100000000)
  eden space 173568K, 100% used [0x00000000eaa80000,0x00000000f5400000,0x00000000f5400000)
  from space 41984K, 99% used [0x00000000f5400000,0x00000000f7cfb6c0,0x00000000f7d00000)
  to   space 50176K, 0% used [0x00000000f9800000,0x00000000f9800000,0x00000000fc900000)
 ParOldGen       total 227328K, used 142193K [0x00000000c0000000, 0x00000000cde00000, 0x00000000eaa80000)
  object space 227328K, 62% used [0x00000000c0000000,0x00000000c8adc690,0x00000000cde00000)
 PSPermGen       total 21504K, used 6132K [0x00000000b5a00000, 0x00000000b6f00000, 0x00000000c0000000)
  object space 21504K, 28% used [0x00000000b5a00000,0x00000000b5ffd040,0x00000000b6f00000)
Event: 19.491 GC heap after
Heap after GC invocations=21 (full 3):
 PSYoungGen      total 243712K, used 27347K [0x00000000eaa80000, 0x00000000fd900000, 0x0000000100000000)
  eden space 193536K, 0% used [0x00000000eaa80000,0x00000000eaa80000,0x00000000f6780000)
  from space 50176K, 54% used [0x00000000f9800000,0x00000000fb2b4f38,0x00000000fc900000)
  to   space 49664K, 0% used [0x00000000f6780000,0x00000000f6780000,0x00000000f9800000)
 ParOldGen       total 227328K, used 184314K [0x00000000c0000000, 0x00000000cde00000, 0x00000000eaa80000)
  object space 227328K, 81% used [0x00000000c0000000,0x00000000cb3fea18,0x00000000cde00000)
 PSPermGen       total 21504K, used 6132K [0x00000000b5a00000, 0x00000000b6f00000, 0x00000000c0000000)
  object space 21504K, 28% used [0x00000000b5a00000,0x00000000b5ffd040,0x00000000b6f00000)
}
Event: 21.665 GC heap before
{Heap before GC invocations=22 (full 3):
 PSYoungGen      total 243712K, used 220883K [0x00000000eaa80000, 0x00000000fd900000, 0x0000000100000000)
  eden space 193536K, 100% used [0x00000000eaa80000,0x00000000f6780000,0x00000000f6780000)
  from space 50176K, 54% used [0x00000000f9800000,0x00000000fb2b4f38,0x00000000fc900000)
  to   space 49664K, 0% used [0x00000000f6780000,0x00000000f6780000,0x00000000f9800000)
 ParOldGen       total 227328K, used 184314K [0x00000000c0000000, 0x00000000cde00000, 0x00000000eaa80000)
  object space 227328K, 81% used [0x00000000c0000000,0x00000000cb3fea18,0x00000000cde00000)
 PSPermGen       total 21504K, used 6136K [0x00000000b5a00000, 0x00000000b6f00000, 0x00000000c0000000)
  object space 21504K, 28% used [0x00000000b5a00000,0x00000000b5ffe3b0,0x00000000b6f00000)

