# JRE version: OpenJDK Runtime Environment (7.0_95) (build 1.7.0_95-b00)
# Java VM: OpenJDK 64-Bit Server VM (24.95-b01 mixed mode linux-amd64 compressed oops)
Heap
 PSYoungGen      total 233472K, used 32500K [0x00000000eaa80000, 0x0000000100000000, 0x0000000100000000)
  eden space 117248K, 0% used [0x00000000eaa80000,0x00000000eaa80000,0x00000000f1d00000)
  from space 116224K, 27% used [0x00000000f1d00000,0x00000000f3cbd310,0x00000000f8e80000)
  to   space 116224K, 0% used [0x00000000f8e80000,0x00000000f8e80000,0x0000000100000000)
 ParOldGen       total 398336K, used 398020K [0x00000000c0000000, 0x00000000d8500000, 0x00000000eaa80000)
  object space 398336K, 99% used [0x00000000c0000000,0x00000000d84b1318,0x00000000d8500000)
 PSPermGen       total 21504K, used 6209K [0x00000000b5a00000, 0x00000000b6f00000, 0x00000000c0000000)
  object space 21504K, 28% used [0x00000000b5a00000,0x00000000b60105f8,0x00000000b6f00000)
GC Heap History (10 events):
Event: 27.345 GC heap after
Heap after GC invocations=23 (full 4):
 PSYoungGen      total 246784K, used 92629K [0x00000000eaa80000, 0x0000000100000000, 0x0000000100000000)
  eden space 154112K, 0% used [0x00000000eaa80000,0x00000000eaa80000,0x00000000f4100000)
  from space 92672K, 99% used [0x00000000f4100000,0x00000000f9b75688,0x00000000f9b80000)
  to   space 102912K, 0% used [0x00000000f9b80000,0x00000000f9b80000,0x0000000100000000)
 ParOldGen       total 398336K, used 257413K [0x00000000c0000000, 0x00000000d8500000, 0x00000000eaa80000)
  object space 398336K, 64% used [0x00000000c0000000,0x00000000cfb617c8,0x00000000d8500000)
 PSPermGen       total 21504K, used 6163K [0x00000000b5a00000, 0x00000000b6f00000, 0x00000000c0000000)
  object space 21504K, 28% used [0x00000000b5a00000,0x00000000b6004f28,0x00000000b6f00000)
}
Event: 27.975 GC heap before
{Heap before GC invocations=24 (full 4):
 PSYoungGen      total 246784K, used 246741K [0x00000000eaa80000, 0x0000000100000000, 0x0000000100000000)
  eden space 154112K, 100% used [0x00000000eaa80000,0x00000000f4100000,0x00000000f4100000)
  from space 92672K, 99% used [0x00000000f4100000,0x00000000f9b75688,0x00000000f9b80000)
  to   space 102912K, 0% used [0x00000000f9b80000,0x00000000f9b80000,0x0000000100000000)
 ParOldGen       total 398336K, used 257413K [0x00000000c0000000, 0x00000000d8500000, 0x00000000eaa80000)
  object space 398336K, 64% used [0x00000000c0000000,0x00000000cfb617c8,0x00000000d8500000)
 PSPermGen       total 21504K, used 6166K [0x00000000b5a00000, 0x00000000b6f00000, 0x00000000c0000000)
  object space 21504K, 28% used [0x00000000b5a00000,0x00000000b6005b98,0x00000000b6f00000)
Event: 28.146 GC heap after
Heap after GC invocations=24 (full 4):
 PSYoungGen      total 220160K, used 102897K [0x00000000eaa80000, 0x0000000100000000, 0x0000000100000000)
  eden space 117248K, 0% used [0x00000000eaa80000,0x00000000eaa80000,0x00000000f1d00000)
  from space 102912K, 99% used [0x00000000f9b80000,0x00000000ffffc788,0x0000000100000000)
  to   space 116224K, 0% used [0x00000000f1d00000,0x00000000f1d00000,0x00000000f8e80000)
 ParOldGen       total 398336K, used 272364K [0x00000000c0000000, 0x00000000d8500000, 0x00000000eaa80000)
  object space 398336K, 68% used [0x00000000c0000000,0x00000000d09fb3e8,0x00000000d8500000)
 PSPermGen       total 21504K, used 6166K [0x00000000b5a00000, 0x00000000b6f00000, 0x00000000c0000000)
  object space 21504K, 28% used [0x00000000b5a00000,0x00000000b6005b98,0x00000000b6f00000)
}
Event: 28.640 GC heap before
{Heap before GC invocations=25 (full 4):
 PSYoungGen      total 220160K, used 220145K [0x00000000eaa80000, 0x0000000100000000, 0x0000000100000000)
  eden space 117248K, 100% used [0x00000000eaa80000,0x00000000f1d00000,0x00000000f1d00000)
  from space 102912K, 99% used [0x00000000f9b80000,0x00000000ffffc788,0x0000000100000000)
  to   space 116224K, 0% used [0x00000000f1d00000,0x00000000f1d00000,0x00000000f8e80000)
 ParOldGen       total 398336K, used 272364K [0x00000000c0000000, 0x00000000d8500000, 0x00000000eaa80000)
  object space 398336K, 68% used [0x00000000c0000000,0x00000000d09fb3e8,0x00000000d8500000)
 PSPermGen       total 21504K, used 6168K [0x00000000b5a00000, 0x00000000b6f00000, 0x00000000c0000000)
  object space 21504K, 28% used [0x00000000b5a00000,0x00000000b6006328,0x00000000b6f00000)
Event: 28.841 GC heap after
Heap after GC invocations=25 (full 4):
 PSYoungGen      total 233472K, used 104739K [0x00000000eaa80000, 0x0000000100000000, 0x0000000100000000)
  eden space 117248K, 0% used [0x00000000eaa80000,0x00000000eaa80000,0x00000000f1d00000)
  from space 116224K, 90% used [0x00000000f1d00000,0x00000000f8348e08,0x00000000f8e80000)
  to   space 116224K, 0% used [0x00000000f8e80000,0x00000000f8e80000,0x0000000100000000)
 ParOldGen       total 398336K, used 291387K [0x00000000c0000000, 0x00000000d8500000, 0x00000000eaa80000)
  object space 398336K, 73% used [0x00000000c0000000,0x00000000d1c8ee40,0x00000000d8500000)
 PSPermGen       total 21504K, used 6168K [0x00000000b5a00000, 0x00000000b6f00000, 0x00000000c0000000)
  object space 21504K, 28% used [0x00000000b5a00000,0x00000000b6006328,0x00000000b6f00000)
}
Event: 29.355 GC heap before
{Heap before GC invocations=26 (full 4):
 PSYoungGen      total 233472K, used 221987K [0x00000000eaa80000, 0x0000000100000000, 0x0000000100000000)
  eden space 117248K, 100% used [0x00000000eaa80000,0x00000000f1d00000,0x00000000f1d00000)
  from space 116224K, 90% used [0x00000000f1d00000,0x00000000f8348e08,0x00000000f8e80000)
  to   space 116224K, 0% used [0x00000000f8e80000,0x00000000f8e80000,0x0000000100000000)
 ParOldGen       total 398336K, used 291387K [0x00000000c0000000, 0x00000000d8500000, 0x00000000eaa80000)
  object space 398336K, 73% used [0x00000000c0000000,0x00000000d1c8ee40,0x00000000d8500000)
 PSPermGen       total 21504K, used 6175K [0x00000000b5a00000, 0x00000000b6f00000, 0x00000000c0000000)
  object space 21504K, 28% used [0x00000000b5a00000,0x00000000b6007e08,0x00000000b6f00000)
Event: 29.564 GC heap after
Heap after GC invocations=26 (full 4):
 PSYoungGen      total 233472K, used 85422K [0x00000000eaa80000, 0x0000000100000000, 0x0000000100000000)
  eden space 117248K, 0% used [0x00000000eaa80000,0x00000000eaa80000,0x00000000f1d00000)
  from space 116224K, 73% used [0x00000000f8e80000,0x00000000fe1eba28,0x0000000100000000)
  to   space 116224K, 0% used [0x00000000f1d00000,0x00000000f1d00000,0x00000000f8e80000)
 ParOldGen       total 398336K, used 330264K [0x00000000c0000000, 0x00000000d8500000, 0x00000000eaa80000)
  object space 398336K, 82% used [0x00000000c0000000,0x00000000d42861a0,0x00000000d8500000)
 PSPermGen       total 21504K, used 6175K [0x00000000b5a00000, 0x00000000b6f00000, 0x00000000c0000000)
  object space 21504K, 28% used [0x00000000b5a00000,0x00000000b6007e08,0x00000000b6f00000)
}
Event: 30.346 GC heap before
{Heap before GC invocations=27 (full 4):
 PSYoungGen      total 233472K, used 202670K [0x00000000eaa80000, 0x0000000100000000, 0x0000000100000000)
  eden space 117248K, 100% used [0x00000000eaa80000,0x00000000f1d00000,0x00000000f1d00000)
  from space 116224K, 73% used [0x00000000f8e80000,0x00000000fe1eba28,0x0000000100000000)
  to   space 116224K, 0% used [0x00000000f1d00000,0x00000000f1d00000,0x00000000f8e80000)
 ParOldGen       total 398336K, used 330264K [0x00000000c0000000, 0x00000000d8500000, 0x00000000eaa80000)
  object space 398336K, 82% used [0x00000000c0000000,0x00000000d42861a0,0x00000000d8500000)
 PSPermGen       total 21504K, used 6209K [0x00000000b5a00000, 0x00000000b6f00000, 0x00000000c0000000)
  object space 21504K, 28% used [0x00000000b5a00000,0x00000000b6010758,0x00000000b6f00000)
Event: 30.643 GC heap after
Heap after GC invocations=27 (full 4):
 PSYoungGen      total 233472K, used 58778K [0x00000000eaa80000, 0x0000000100000000, 0x0000000100000000)
  eden space 117248K, 0% used [0x00000000eaa80000,0x00000000eaa80000,0x00000000f1d00000)
  from space 116224K, 50% used [0x00000000f1d00000,0x00000000f5666be8,0x00000000f8e80000)
  to   space 116224K, 0% used [0x00000000f8e80000,0x00000000f8e80000,0x0000000100000000)
 ParOldGen       total 398336K, used 375873K [0x00000000c0000000, 0x00000000d8500000, 0x00000000eaa80000)
  object space 398336K, 94% used [0x00000000c0000000,0x00000000d6f10620,0x00000000d8500000)
 PSPermGen       total 21504K, used 6209K [0x00000000b5a00000, 0x00000000b6f00000, 0x00000000c0000000)
  object space 21504K, 28% used [0x00000000b5a00000,0x00000000b6010758,0x00000000b6f00000)
}
Event: 30.654 GC heap before
{Heap before GC invocations=28 (full 5):
 PSYoungGen      total 233472K, used 58778K [0x00000000eaa80000, 0x0000000100000000, 0x0000000100000000)
  eden space 117248K, 0% used [0x00000000eaa80000,0x00000000eaa80000,0x00000000f1d00000)
  from space 116224K, 50% used [0x00000000f1d00000,0x00000000f5666be8,0x00000000f8e80000)
  to   space 116224K, 0% used [0x00000000f8e80000,0x00000000f8e80000,0x0000000100000000)
 ParOldGen       total 398336K, used 375873K [0x00000000c0000000, 0x00000000d8500000, 0x00000000eaa80000)
  object space 398336K, 94% used [0x00000000c0000000,0x00000000d6f10620,0x00000000d8500000)
 PSPermGen       total 21504K, used 6209K [0x00000000b5a00000, 0x00000000b6f00000, 0x00000000c0000000)
  object space 21504K, 28% used [0x00000000b5a00000,0x00000000b6010758,0x00000000b6f00000)

