# JRE version: OpenJDK Runtime Environment (7.0_95) (build 1.7.0_95-b00)
# Java VM: OpenJDK 64-Bit Server VM (24.95-b01 mixed mode linux-amd64 compressed oops)
Heap
 PSYoungGen      total 233472K, used 0K [0x00000000eaa80000, 0x0000000100000000, 0x0000000100000000)
  eden space 117248K, 0% used [0x00000000eaa80000,0x00000000eaa80000,0x00000000f1d00000)
  from space 116224K, 0% used [0x00000000f1d00000,0x00000000f1d00000,0x00000000f8e80000)
  to   space 116224K, 0% used [0x00000000f8e80000,0x00000000f8e80000,0x0000000100000000)
 ParOldGen       total 512000K, used 504367K [0x00000000c0000000, 0x00000000df400000, 0x00000000eaa80000)
  object space 512000K, 98% used [0x00000000c0000000,0x00000000dec8bc98,0x00000000df400000)
 PSPermGen       total 21504K, used 6218K [0x00000000b5a00000, 0x00000000b6f00000, 0x00000000c0000000)
  object space 21504K, 28% used [0x00000000b5a00000,0x00000000b6012880,0x00000000b6f00000)
GC Heap History (10 events):
Event: 21.488 GC heap after
Heap after GC invocations=32 (full 5):
 PSYoungGen      total 229376K, used 78738K [0x00000000eaa80000, 0x0000000100000000, 0x0000000100000000)
  eden space 121344K, 0% used [0x00000000eaa80000,0x00000000eaa80000,0x00000000f2100000)
  from space 108032K, 72% used [0x00000000f2100000,0x00000000f6de4a90,0x00000000f8a80000)
  to   space 114176K, 0% used [0x00000000f9080000,0x00000000f9080000,0x0000000100000000)
 ParOldGen       total 512000K, used 353368K [0x00000000c0000000, 0x00000000df400000, 0x00000000eaa80000)
  object space 512000K, 69% used [0x00000000c0000000,0x00000000d59163d8,0x00000000df400000)
 PSPermGen       total 21504K, used 6203K [0x00000000b5a00000, 0x00000000b6f00000, 0x00000000c0000000)
  object space 21504K, 28% used [0x00000000b5a00000,0x00000000b600ef80,0x00000000b6f00000)
}
Event: 21.823 GC heap before
{Heap before GC invocations=33 (full 5):
 PSYoungGen      total 229376K, used 200082K [0x00000000eaa80000, 0x0000000100000000, 0x0000000100000000)
  eden space 121344K, 100% used [0x00000000eaa80000,0x00000000f2100000,0x00000000f2100000)
  from space 108032K, 72% used [0x00000000f2100000,0x00000000f6de4a90,0x00000000f8a80000)
  to   space 114176K, 0% used [0x00000000f9080000,0x00000000f9080000,0x0000000100000000)
 ParOldGen       total 512000K, used 353368K [0x00000000c0000000, 0x00000000df400000, 0x00000000eaa80000)
  object space 512000K, 69% used [0x00000000c0000000,0x00000000d59163d8,0x00000000df400000)
 PSPermGen       total 21504K, used 6205K [0x00000000b5a00000, 0x00000000b6f00000, 0x00000000c0000000)
  object space 21504K, 28% used [0x00000000b5a00000,0x00000000b600f7f8,0x00000000b6f00000)
Event: 21.943 GC heap after
Heap after GC invocations=33 (full 5):
 PSYoungGen      total 231424K, used 98475K [0x00000000eaa80000, 0x0000000100000000, 0x0000000100000000)
  eden space 117248K, 0% used [0x00000000eaa80000,0x00000000eaa80000,0x00000000f1d00000)
  from space 114176K, 86% used [0x00000000f9080000,0x00000000ff0aafd0,0x0000000100000000)
  to   space 116224K, 0% used [0x00000000f1d00000,0x00000000f1d00000,0x00000000f8e80000)
 ParOldGen       total 512000K, used 353368K [0x00000000c0000000, 0x00000000df400000, 0x00000000eaa80000)
  object space 512000K, 69% used [0x00000000c0000000,0x00000000d59163d8,0x00000000df400000)
 PSPermGen       total 21504K, used 6205K [0x00000000b5a00000, 0x00000000b6f00000, 0x00000000c0000000)
  object space 21504K, 28% used [0x00000000b5a00000,0x00000000b600f7f8,0x00000000b6f00000)
}
Event: 22.192 GC heap before
{Heap before GC invocations=34 (full 5):
 PSYoungGen      total 231424K, used 215723K [0x00000000eaa80000, 0x0000000100000000, 0x0000000100000000)
  eden space 117248K, 100% used [0x00000000eaa80000,0x00000000f1d00000,0x00000000f1d00000)
  from space 114176K, 86% used [0x00000000f9080000,0x00000000ff0aafd0,0x0000000100000000)
  to   space 116224K, 0% used [0x00000000f1d00000,0x00000000f1d00000,0x00000000f8e80000)
 ParOldGen       total 512000K, used 353368K [0x00000000c0000000, 0x00000000df400000, 0x00000000eaa80000)
  object space 512000K, 69% used [0x00000000c0000000,0x00000000d59163d8,0x00000000df400000)
 PSPermGen       total 21504K, used 6207K [0x00000000b5a00000, 0x00000000b6f00000, 0x00000000c0000000)
  object space 21504K, 28% used [0x00000000b5a00000,0x00000000b600fe70,0x00000000b6f00000)
Event: 22.326 GC heap after
Heap after GC invocations=34 (full 5):
 PSYoungGen      total 233472K, used 76739K [0x00000000eaa80000, 0x0000000100000000, 0x0000000100000000)
  eden space 117248K, 0% used [0x00000000eaa80000,0x00000000eaa80000,0x00000000f1d00000)
  from space 116224K, 66% used [0x00000000f1d00000,0x00000000f67f0f68,0x00000000f8e80000)
  to   space 116224K, 0% used [0x00000000f8e80000,0x00000000f8e80000,0x0000000100000000)
 ParOldGen       total 512000K, used 392761K [0x00000000c0000000, 0x00000000df400000, 0x00000000eaa80000)
  object space 512000K, 76% used [0x00000000c0000000,0x00000000d7f8e5b8,0x00000000df400000)
 PSPermGen       total 21504K, used 6207K [0x00000000b5a00000, 0x00000000b6f00000, 0x00000000c0000000)
  object space 21504K, 28% used [0x00000000b5a00000,0x00000000b600fe70,0x00000000b6f00000)
}
Event: 22.768 GC heap before
{Heap before GC invocations=35 (full 5):
 PSYoungGen      total 233472K, used 193987K [0x00000000eaa80000, 0x0000000100000000, 0x0000000100000000)
  eden space 117248K, 100% used [0x00000000eaa80000,0x00000000f1d00000,0x00000000f1d00000)
  from space 116224K, 66% used [0x00000000f1d00000,0x00000000f67f0f68,0x00000000f8e80000)
  to   space 116224K, 0% used [0x00000000f8e80000,0x00000000f8e80000,0x0000000100000000)
 ParOldGen       total 512000K, used 392761K [0x00000000c0000000, 0x00000000df400000, 0x00000000eaa80000)
  object space 512000K, 76% used [0x00000000c0000000,0x00000000d7f8e5b8,0x00000000df400000)
 PSPermGen       total 21504K, used 6214K [0x00000000b5a00000, 0x00000000b6f00000, 0x00000000c0000000)
  object space 21504K, 28% used [0x00000000b5a00000,0x00000000b6011ae0,0x00000000b6f00000)
Event: 22.907 GC heap after
Heap after GC invocations=35 (full 5):
 PSYoungGen      total 233472K, used 56552K [0x00000000eaa80000, 0x0000000100000000, 0x0000000100000000)
  eden space 117248K, 0% used [0x00000000eaa80000,0x00000000eaa80000,0x00000000f1d00000)
  from space 116224K, 48% used [0x00000000f8e80000,0x00000000fc5ba1f8,0x0000000100000000)
  to   space 116224K, 0% used [0x00000000f1d00000,0x00000000f1d00000,0x00000000f8e80000)
 ParOldGen       total 512000K, used 431611K [0x00000000c0000000, 0x00000000df400000, 0x00000000eaa80000)
  object space 512000K, 84% used [0x00000000c0000000,0x00000000da57efc0,0x00000000df400000)
 PSPermGen       total 21504K, used 6214K [0x00000000b5a00000, 0x00000000b6f00000, 0x00000000c0000000)
  object space 21504K, 28% used [0x00000000b5a00000,0x00000000b6011ae0,0x00000000b6f00000)
}
Event: 23.225 GC heap before
{Heap before GC invocations=36 (full 5):
 PSYoungGen      total 233472K, used 173800K [0x00000000eaa80000, 0x0000000100000000, 0x0000000100000000)
  eden space 117248K, 100% used [0x00000000eaa80000,0x00000000f1d00000,0x00000000f1d00000)
  from space 116224K, 48% used [0x00000000f8e80000,0x00000000fc5ba1f8,0x0000000100000000)
  to   space 116224K, 0% used [0x00000000f1d00000,0x00000000f1d00000,0x00000000f8e80000)
 ParOldGen       total 512000K, used 431611K [0x00000000c0000000, 0x00000000df400000, 0x00000000eaa80000)
  object space 512000K, 84% used [0x00000000c0000000,0x00000000da57efc0,0x00000000df400000)
 PSPermGen       total 21504K, used 6218K [0x00000000b5a00000, 0x00000000b6f00000, 0x00000000c0000000)
  object space 21504K, 28% used [0x00000000b5a00000,0x00000000b6012940,0x00000000b6f00000)
Event: 23.331 GC heap after
Heap after GC invocations=36 (full 5):
 PSYoungGen      total 233472K, used 37069K [0x00000000eaa80000, 0x0000000100000000, 0x0000000100000000)
  eden space 117248K, 0% used [0x00000000eaa80000,0x00000000eaa80000,0x00000000f1d00000)
  from space 116224K, 31% used [0x00000000f1d00000,0x00000000f4133660,0x00000000f8e80000)
  to   space 116224K, 0% used [0x00000000f8e80000,0x00000000f8e80000,0x0000000100000000)
 ParOldGen       total 512000K, used 469171K [0x00000000c0000000, 0x00000000df400000, 0x00000000eaa80000)
  object space 512000K, 91% used [0x00000000c0000000,0x00000000dca2cee0,0x00000000df400000)
 PSPermGen       total 21504K, used 6218K [0x00000000b5a00000, 0x00000000b6f00000, 0x00000000c0000000)
  object space 21504K, 28% used [0x00000000b5a00000,0x00000000b6012940,0x00000000b6f00000)
}
Event: 23.334 GC heap before
{Heap before GC invocations=37 (full 6):
 PSYoungGen      total 233472K, used 37069K [0x00000000eaa80000, 0x0000000100000000, 0x0000000100000000)
  eden space 117248K, 0% used [0x00000000eaa80000,0x00000000eaa80000,0x00000000f1d00000)
  from space 116224K, 31% used [0x00000000f1d00000,0x00000000f4133660,0x00000000f8e80000)
  to   space 116224K, 0% used [0x00000000f8e80000,0x00000000f8e80000,0x0000000100000000)
 ParOldGen       total 512000K, used 469171K [0x00000000c0000000, 0x00000000df400000, 0x00000000eaa80000)
  object space 512000K, 91% used [0x00000000c0000000,0x00000000dca2cee0,0x00000000df400000)
 PSPermGen       total 21504K, used 6218K [0x00000000b5a00000, 0x00000000b6f00000, 0x00000000c0000000)
  object space 21504K, 28% used [0x00000000b5a00000,0x00000000b6012940,0x00000000b6f00000)

