# JRE version: OpenJDK Runtime Environment (7.0_95) (build 1.7.0_95-b00)
# Java VM: OpenJDK 64-Bit Server VM (24.95-b01 mixed mode linux-amd64 compressed oops)
Heap
 PSYoungGen      total 230400K, used 0K [0x00000000eaa80000, 0x00000000ffd00000, 0x0000000100000000)
  eden space 117248K, 0% used [0x00000000eaa80000,0x00000000eaa80000,0x00000000f1d00000)
  from space 113152K, 0% used [0x00000000f8e80000,0x00000000f8e80000,0x00000000ffd00000)
  to   space 114688K, 0% used [0x00000000f1d00000,0x00000000f1d00000,0x00000000f8d00000)
 ParOldGen       total 475648K, used 471521K [0x00000000c0000000, 0x00000000dd080000, 0x00000000eaa80000)
  object space 475648K, 99% used [0x00000000c0000000,0x00000000dcc78780,0x00000000dd080000)
 PSPermGen       total 21504K, used 6204K [0x00000000b5a00000, 0x00000000b6f00000, 0x00000000c0000000)
  object space 21504K, 28% used [0x00000000b5a00000,0x00000000b600f290,0x00000000b6f00000)
GC Heap History (10 events):
Event: 23.537 GC heap after
Heap after GC invocations=26 (full 4):
 PSYoungGen      total 224768K, used 98357K [0x00000000eaa80000, 0x0000000100000000, 0x0000000100000000)
  eden space 117248K, 0% used [0x00000000eaa80000,0x00000000eaa80000,0x00000000f1d00000)
  from space 107520K, 91% used [0x00000000f9700000,0x00000000ff70d5f8,0x0000000100000000)
  to   space 116224K, 0% used [0x00000000f1d00000,0x00000000f1d00000,0x00000000f8e80000)
 ParOldGen       total 475648K, used 312064K [0x00000000c0000000, 0x00000000dd080000, 0x00000000eaa80000)
  object space 475648K, 65% used [0x00000000c0000000,0x00000000d30c0000,0x00000000dd080000)
 PSPermGen       total 21504K, used 6201K [0x00000000b5a00000, 0x00000000b6f00000, 0x00000000c0000000)
  object space 21504K, 28% used [0x00000000b5a00000,0x00000000b600e448,0x00000000b6f00000)
}
Event: 23.844 GC heap before
{Heap before GC invocations=27 (full 4):
 PSYoungGen      total 224768K, used 215605K [0x00000000eaa80000, 0x0000000100000000, 0x0000000100000000)
  eden space 117248K, 100% used [0x00000000eaa80000,0x00000000f1d00000,0x00000000f1d00000)
  from space 107520K, 91% used [0x00000000f9700000,0x00000000ff70d5f8,0x0000000100000000)
  to   space 116224K, 0% used [0x00000000f1d00000,0x00000000f1d00000,0x00000000f8e80000)
 ParOldGen       total 475648K, used 312064K [0x00000000c0000000, 0x00000000dd080000, 0x00000000eaa80000)
  object space 475648K, 65% used [0x00000000c0000000,0x00000000d30c0000,0x00000000dd080000)
 PSPermGen       total 21504K, used 6202K [0x00000000b5a00000, 0x00000000b6f00000, 0x00000000c0000000)
  object space 21504K, 28% used [0x00000000b5a00000,0x00000000b600e970,0x00000000b6f00000)
Event: 23.975 GC heap after
Heap after GC invocations=27 (full 4):
 PSYoungGen      total 233472K, used 78907K [0x00000000eaa80000, 0x0000000100000000, 0x0000000100000000)
  eden space 117248K, 0% used [0x00000000eaa80000,0x00000000eaa80000,0x00000000f1d00000)
  from space 116224K, 67% used [0x00000000f1d00000,0x00000000f6a0ec00,0x00000000f8e80000)
  to   space 116224K, 0% used [0x00000000f8e80000,0x00000000f8e80000,0x0000000100000000)
 ParOldGen       total 475648K, used 346886K [0x00000000c0000000, 0x00000000dd080000, 0x00000000eaa80000)
  object space 475648K, 72% used [0x00000000c0000000,0x00000000d52c18d8,0x00000000dd080000)
 PSPermGen       total 21504K, used 6202K [0x00000000b5a00000, 0x00000000b6f00000, 0x00000000c0000000)
  object space 21504K, 28% used [0x00000000b5a00000,0x00000000b600e970,0x00000000b6f00000)
}
Event: 24.326 GC heap before
{Heap before GC invocations=28 (full 4):
 PSYoungGen      total 233472K, used 196155K [0x00000000eaa80000, 0x0000000100000000, 0x0000000100000000)
  eden space 117248K, 100% used [0x00000000eaa80000,0x00000000f1d00000,0x00000000f1d00000)
  from space 116224K, 67% used [0x00000000f1d00000,0x00000000f6a0ec00,0x00000000f8e80000)
  to   space 116224K, 0% used [0x00000000f8e80000,0x00000000f8e80000,0x0000000100000000)
 ParOldGen       total 475648K, used 346886K [0x00000000c0000000, 0x00000000dd080000, 0x00000000eaa80000)
  object space 475648K, 72% used [0x00000000c0000000,0x00000000d52c18d8,0x00000000dd080000)
 PSPermGen       total 21504K, used 6203K [0x00000000b5a00000, 0x00000000b6f00000, 0x00000000c0000000)
  object space 21504K, 28% used [0x00000000b5a00000,0x00000000b600ece8,0x00000000b6f00000)
Event: 24.515 GC heap after
Heap after GC invocations=28 (full 4):
 PSYoungGen      total 233472K, used 56500K [0x00000000eaa80000, 0x0000000100000000, 0x0000000100000000)
  eden space 117248K, 0% used [0x00000000eaa80000,0x00000000eaa80000,0x00000000f1d00000)
  from space 116224K, 48% used [0x00000000f8e80000,0x00000000fc5ad098,0x0000000100000000)
  to   space 116224K, 0% used [0x00000000f1d00000,0x00000000f1d00000,0x00000000f8e80000)
 ParOldGen       total 475648K, used 385101K [0x00000000c0000000, 0x00000000dd080000, 0x00000000eaa80000)
  object space 475648K, 80% used [0x00000000c0000000,0x00000000d7813638,0x00000000dd080000)
 PSPermGen       total 21504K, used 6203K [0x00000000b5a00000, 0x00000000b6f00000, 0x00000000c0000000)
  object space 21504K, 28% used [0x00000000b5a00000,0x00000000b600ece8,0x00000000b6f00000)
}
Event: 24.856 GC heap before
{Heap before GC invocations=29 (full 4):
 PSYoungGen      total 233472K, used 173748K [0x00000000eaa80000, 0x0000000100000000, 0x0000000100000000)
  eden space 117248K, 100% used [0x00000000eaa80000,0x00000000f1d00000,0x00000000f1d00000)
  from space 116224K, 48% used [0x00000000f8e80000,0x00000000fc5ad098,0x0000000100000000)
  to   space 116224K, 0% used [0x00000000f1d00000,0x00000000f1d00000,0x00000000f8e80000)
 ParOldGen       total 475648K, used 385101K [0x00000000c0000000, 0x00000000dd080000, 0x00000000eaa80000)
  object space 475648K, 80% used [0x00000000c0000000,0x00000000d7813638,0x00000000dd080000)
 PSPermGen       total 21504K, used 6204K [0x00000000b5a00000, 0x00000000b6f00000, 0x00000000c0000000)
  object space 21504K, 28% used [0x00000000b5a00000,0x00000000b600f3b0,0x00000000b6f00000)
Event: 24.936 GC heap after
Heap after GC invocations=29 (full 4):
 PSYoungGen      total 233472K, used 47712K [0x00000000eaa80000, 0x0000000100000000, 0x0000000100000000)
  eden space 117248K, 0% used [0x00000000eaa80000,0x00000000eaa80000,0x00000000f1d00000)
  from space 116224K, 41% used [0x00000000f1d00000,0x00000000f4b98158,0x00000000f8e80000)
  to   space 116224K, 0% used [0x00000000f8e80000,0x00000000f8e80000,0x0000000100000000)
 ParOldGen       total 475648K, used 410425K [0x00000000c0000000, 0x00000000dd080000, 0x00000000eaa80000)
  object space 475648K, 86% used [0x00000000c0000000,0x00000000d90ce690,0x00000000dd080000)
 PSPermGen       total 21504K, used 6204K [0x00000000b5a00000, 0x00000000b6f00000, 0x00000000c0000000)
  object space 21504K, 28% used [0x00000000b5a00000,0x00000000b600f3b0,0x00000000b6f00000)
}
Event: 25.276 GC heap before
{Heap before GC invocations=30 (full 4):
 PSYoungGen      total 233472K, used 164960K [0x00000000eaa80000, 0x0000000100000000, 0x0000000100000000)
  eden space 117248K, 100% used [0x00000000eaa80000,0x00000000f1d00000,0x00000000f1d00000)
  from space 116224K, 41% used [0x00000000f1d00000,0x00000000f4b98158,0x00000000f8e80000)
  to   space 116224K, 0% used [0x00000000f8e80000,0x00000000f8e80000,0x0000000100000000)
 ParOldGen       total 475648K, used 410425K [0x00000000c0000000, 0x00000000dd080000, 0x00000000eaa80000)
  object space 475648K, 86% used [0x00000000c0000000,0x00000000d90ce690,0x00000000dd080000)
 PSPermGen       total 21504K, used 6204K [0x00000000b5a00000, 0x00000000b6f00000, 0x00000000c0000000)
  object space 21504K, 28% used [0x00000000b5a00000,0x00000000b600f3b0,0x00000000b6f00000)
Event: 25.362 GC heap after
Heap after GC invocations=30 (full 4):
 PSYoungGen      total 230400K, used 31555K [0x00000000eaa80000, 0x00000000ffd00000, 0x0000000100000000)
  eden space 117248K, 0% used [0x00000000eaa80000,0x00000000eaa80000,0x00000000f1d00000)
  from space 113152K, 27% used [0x00000000f8e80000,0x00000000fad50fb0,0x00000000ffd00000)
  to   space 114688K, 0% used [0x00000000f1d00000,0x00000000f1d00000,0x00000000f8d00000)
 ParOldGen       total 475648K, used 441589K [0x00000000c0000000, 0x00000000dd080000, 0x00000000eaa80000)
  object space 475648K, 92% used [0x00000000c0000000,0x00000000daf3d640,0x00000000dd080000)
 PSPermGen       total 21504K, used 6204K [0x00000000b5a00000, 0x00000000b6f00000, 0x00000000c0000000)
  object space 21504K, 28% used [0x00000000b5a00000,0x00000000b600f3b0,0x00000000b6f00000)
}
Event: 25.362 GC heap before
{Heap before GC invocations=31 (full 5):
 PSYoungGen      total 230400K, used 31555K [0x00000000eaa80000, 0x00000000ffd00000, 0x0000000100000000)
  eden space 117248K, 0% used [0x00000000eaa80000,0x00000000eaa80000,0x00000000f1d00000)
  from space 113152K, 27% used [0x00000000f8e80000,0x00000000fad50fb0,0x00000000ffd00000)
  to   space 114688K, 0% used [0x00000000f1d00000,0x00000000f1d00000,0x00000000f8d00000)
 ParOldGen       total 475648K, used 441589K [0x00000000c0000000, 0x00000000dd080000, 0x00000000eaa80000)
  object space 475648K, 92% used [0x00000000c0000000,0x00000000daf3d640,0x00000000dd080000)
 PSPermGen       total 21504K, used 6204K [0x00000000b5a00000, 0x00000000b6f00000, 0x00000000c0000000)
  object space 21504K, 28% used [0x00000000b5a00000,0x00000000b600f3b0,0x00000000b6f00000)

