# JRE version: OpenJDK Runtime Environment (7.0_95) (build 1.7.0_95-b00)
# Java VM: OpenJDK 64-Bit Server VM (24.95-b01 mixed mode linux-amd64 compressed oops)
Heap
 PSYoungGen      total 233472K, used 41371K [0x00000000eaa80000, 0x0000000100000000, 0x0000000100000000)
  eden space 117248K, 0% used [0x00000000eaa80000,0x00000000eaa80000,0x00000000f1d00000)
  from space 116224K, 35% used [0x00000000f1d00000,0x00000000f4566f68,0x00000000f8e80000)
  to   space 116224K, 0% used [0x00000000f8e80000,0x00000000f8e80000,0x0000000100000000)
 ParOldGen       total 518656K, used 518578K [0x00000000c0000000, 0x00000000dfa80000, 0x00000000eaa80000)
  object space 518656K, 99% used [0x00000000c0000000,0x00000000dfa6c8a8,0x00000000dfa80000)
 PSPermGen       total 21504K, used 6221K [0x00000000b5a00000, 0x00000000b6f00000, 0x00000000c0000000)
  object space 21504K, 28% used [0x00000000b5a00000,0x00000000b6013738,0x00000000b6f00000)
GC Heap History (10 events):
Event: 21.198 GC heap after
Heap after GC invocations=32 (full 5):
 PSYoungGen      total 242688K, used 103815K [0x00000000eaa80000, 0x0000000100000000, 0x0000000100000000)
  eden space 138752K, 0% used [0x00000000eaa80000,0x00000000eaa80000,0x00000000f3200000)
  from space 103936K, 99% used [0x00000000f3200000,0x00000000f9761c80,0x00000000f9780000)
  to   space 107008K, 0% used [0x00000000f9780000,0x00000000f9780000,0x0000000100000000)
 ParOldGen       total 518656K, used 378136K [0x00000000c0000000, 0x00000000dfa80000, 0x00000000eaa80000)
  object space 518656K, 72% used [0x00000000c0000000,0x00000000d71460e0,0x00000000dfa80000)
 PSPermGen       total 21504K, used 6206K [0x00000000b5a00000, 0x00000000b6f00000, 0x00000000c0000000)
  object space 21504K, 28% used [0x00000000b5a00000,0x00000000b600f928,0x00000000b6f00000)
}
Event: 21.510 GC heap before
{Heap before GC invocations=33 (full 5):
 PSYoungGen      total 242688K, used 242567K [0x00000000eaa80000, 0x0000000100000000, 0x0000000100000000)
  eden space 138752K, 100% used [0x00000000eaa80000,0x00000000f3200000,0x00000000f3200000)
  from space 103936K, 99% used [0x00000000f3200000,0x00000000f9761c80,0x00000000f9780000)
  to   space 107008K, 0% used [0x00000000f9780000,0x00000000f9780000,0x0000000100000000)
 ParOldGen       total 518656K, used 378136K [0x00000000c0000000, 0x00000000dfa80000, 0x00000000eaa80000)
  object space 518656K, 72% used [0x00000000c0000000,0x00000000d71460e0,0x00000000dfa80000)
 PSPermGen       total 21504K, used 6209K [0x00000000b5a00000, 0x00000000b6f00000, 0x00000000c0000000)
  object space 21504K, 28% used [0x00000000b5a00000,0x00000000b6010448,0x00000000b6f00000)
Event: 21.633 GC heap after
Heap after GC invocations=33 (full 5):
 PSYoungGen      total 224256K, used 106986K [0x00000000eaa80000, 0x0000000100000000, 0x0000000100000000)
  eden space 117248K, 0% used [0x00000000eaa80000,0x00000000eaa80000,0x00000000f1d00000)
  from space 107008K, 99% used [0x00000000f9780000,0x00000000ffffabb8,0x0000000100000000)
  to   space 116224K, 0% used [0x00000000f1d00000,0x00000000f1d00000,0x00000000f8e80000)
 ParOldGen       total 518656K, used 396227K [0x00000000c0000000, 0x00000000dfa80000, 0x00000000eaa80000)
  object space 518656K, 76% used [0x00000000c0000000,0x00000000d82f0df0,0x00000000dfa80000)
 PSPermGen       total 21504K, used 6209K [0x00000000b5a00000, 0x00000000b6f00000, 0x00000000c0000000)
  object space 21504K, 28% used [0x00000000b5a00000,0x00000000b6010448,0x00000000b6f00000)
}
Event: 21.927 GC heap before
{Heap before GC invocations=34 (full 5):
 PSYoungGen      total 224256K, used 224234K [0x00000000eaa80000, 0x0000000100000000, 0x0000000100000000)
  eden space 117248K, 100% used [0x00000000eaa80000,0x00000000f1d00000,0x00000000f1d00000)
  from space 107008K, 99% used [0x00000000f9780000,0x00000000ffffabb8,0x0000000100000000)
  to   space 116224K, 0% used [0x00000000f1d00000,0x00000000f1d00000,0x00000000f8e80000)
 ParOldGen       total 518656K, used 396227K [0x00000000c0000000, 0x00000000dfa80000, 0x00000000eaa80000)
  object space 518656K, 76% used [0x00000000c0000000,0x00000000d82f0df0,0x00000000dfa80000)
 PSPermGen       total 21504K, used 6210K [0x00000000b5a00000, 0x00000000b6f00000, 0x00000000c0000000)
  object space 21504K, 28% used [0x00000000b5a00000,0x00000000b6010838,0x00000000b6f00000)
Event: 22.055 GC heap after
Heap after GC invocations=34 (full 5):
 PSYoungGen      total 233472K, used 106871K [0x00000000eaa80000, 0x0000000100000000, 0x0000000100000000)
  eden space 117248K, 0% used [0x00000000eaa80000,0x00000000eaa80000,0x00000000f1d00000)
  from space 116224K, 91% used [0x00000000f1d00000,0x00000000f855dc60,0x00000000f8e80000)
  to   space 116224K, 0% used [0x00000000f8e80000,0x00000000f8e80000,0x0000000100000000)
 ParOldGen       total 518656K, used 416860K [0x00000000c0000000, 0x00000000dfa80000, 0x00000000eaa80000)
  object space 518656K, 80% used [0x00000000c0000000,0x00000000d97173e0,0x00000000dfa80000)
 PSPermGen       total 21504K, used 6210K [0x00000000b5a00000, 0x00000000b6f00000, 0x00000000c0000000)
  object space 21504K, 28% used [0x00000000b5a00000,0x00000000b6010838,0x00000000b6f00000)
}
Event: 22.322 GC heap before
{Heap before GC invocations=35 (full 5):
 PSYoungGen      total 233472K, used 224119K [0x00000000eaa80000, 0x0000000100000000, 0x0000000100000000)
  eden space 117248K, 100% used [0x00000000eaa80000,0x00000000f1d00000,0x00000000f1d00000)
  from space 116224K, 91% used [0x00000000f1d00000,0x00000000f855dc60,0x00000000f8e80000)
  to   space 116224K, 0% used [0x00000000f8e80000,0x00000000f8e80000,0x0000000100000000)
 ParOldGen       total 518656K, used 416860K [0x00000000c0000000, 0x00000000dfa80000, 0x00000000eaa80000)
  object space 518656K, 80% used [0x00000000c0000000,0x00000000d97173e0,0x00000000dfa80000)
 PSPermGen       total 21504K, used 6215K [0x00000000b5a00000, 0x00000000b6f00000, 0x00000000c0000000)
  object space 21504K, 28% used [0x00000000b5a00000,0x00000000b6011f08,0x00000000b6f00000)
Event: 22.464 GC heap after
Heap after GC invocations=35 (full 5):
 PSYoungGen      total 233472K, used 90660K [0x00000000eaa80000, 0x0000000100000000, 0x0000000100000000)
  eden space 117248K, 0% used [0x00000000eaa80000,0x00000000eaa80000,0x00000000f1d00000)
  from space 116224K, 78% used [0x00000000f8e80000,0x00000000fe7092a8,0x0000000100000000)
  to   space 116224K, 0% used [0x00000000f1d00000,0x00000000f1d00000,0x00000000f8e80000)
 ParOldGen       total 518656K, used 452589K [0x00000000c0000000, 0x00000000dfa80000, 0x00000000eaa80000)
  object space 518656K, 87% used [0x00000000c0000000,0x00000000db9fb4c0,0x00000000dfa80000)
 PSPermGen       total 21504K, used 6215K [0x00000000b5a00000, 0x00000000b6f00000, 0x00000000c0000000)
  object space 21504K, 28% used [0x00000000b5a00000,0x00000000b6011f08,0x00000000b6f00000)
}
Event: 22.726 GC heap before
{Heap before GC invocations=36 (full 5):
 PSYoungGen      total 233472K, used 207908K [0x00000000eaa80000, 0x0000000100000000, 0x0000000100000000)
  eden space 117248K, 100% used [0x00000000eaa80000,0x00000000f1d00000,0x00000000f1d00000)
  from space 116224K, 78% used [0x00000000f8e80000,0x00000000fe7092a8,0x0000000100000000)
  to   space 116224K, 0% used [0x00000000f1d00000,0x00000000f1d00000,0x00000000f8e80000)
 ParOldGen       total 518656K, used 452589K [0x00000000c0000000, 0x00000000dfa80000, 0x00000000eaa80000)
  object space 518656K, 87% used [0x00000000c0000000,0x00000000db9fb4c0,0x00000000dfa80000)
 PSPermGen       total 21504K, used 6222K [0x00000000b5a00000, 0x00000000b6f00000, 0x00000000c0000000)
  object space 21504K, 28% used [0x00000000b5a00000,0x00000000b6013898,0x00000000b6f00000)
Event: 22.840 GC heap after
Heap after GC invocations=36 (full 5):
 PSYoungGen      total 233472K, used 80006K [0x00000000eaa80000, 0x0000000100000000, 0x0000000100000000)
  eden space 117248K, 0% used [0x00000000eaa80000,0x00000000eaa80000,0x00000000f1d00000)
  from space 116224K, 68% used [0x00000000f1d00000,0x00000000f6b21bf0,0x00000000f8e80000)
  to   space 116224K, 0% used [0x00000000f8e80000,0x00000000f8e80000,0x0000000100000000)
 ParOldGen       total 518656K, used 482679K [0x00000000c0000000, 0x00000000dfa80000, 0x00000000eaa80000)
  object space 518656K, 93% used [0x00000000c0000000,0x00000000dd75ddd0,0x00000000dfa80000)
 PSPermGen       total 21504K, used 6222K [0x00000000b5a00000, 0x00000000b6f00000, 0x00000000c0000000)
  object space 21504K, 28% used [0x00000000b5a00000,0x00000000b6013898,0x00000000b6f00000)
}
Event: 22.840 GC heap before
{Heap before GC invocations=37 (full 6):
 PSYoungGen      total 233472K, used 80006K [0x00000000eaa80000, 0x0000000100000000, 0x0000000100000000)
  eden space 117248K, 0% used [0x00000000eaa80000,0x00000000eaa80000,0x00000000f1d00000)
  from space 116224K, 68% used [0x00000000f1d00000,0x00000000f6b21bf0,0x00000000f8e80000)
  to   space 116224K, 0% used [0x00000000f8e80000,0x00000000f8e80000,0x0000000100000000)
 ParOldGen       total 518656K, used 482679K [0x00000000c0000000, 0x00000000dfa80000, 0x00000000eaa80000)
  object space 518656K, 93% used [0x00000000c0000000,0x00000000dd75ddd0,0x00000000dfa80000)
 PSPermGen       total 21504K, used 6222K [0x00000000b5a00000, 0x00000000b6f00000, 0x00000000c0000000)
  object space 21504K, 28% used [0x00000000b5a00000,0x00000000b6013898,0x00000000b6f00000)

