# JRE version: OpenJDK Runtime Environment (7.0_95) (build 1.7.0_95-b00)
# Java VM: OpenJDK 64-Bit Server VM (24.95-b01 mixed mode linux-amd64 compressed oops)
Heap
 PSYoungGen      total 233472K, used 0K [0x00000000eaa80000, 0x0000000100000000, 0x0000000100000000)
  eden space 117248K, 0% used [0x00000000eaa80000,0x00000000eaa80000,0x00000000f1d00000)
  from space 116224K, 0% used [0x00000000f1d00000,0x00000000f1d00000,0x00000000f8e80000)
  to   space 116224K, 0% used [0x00000000f8e80000,0x00000000f8e80000,0x0000000100000000)
 ParOldGen       total 536064K, used 523712K [0x00000000c0000000, 0x00000000e0b80000, 0x00000000eaa80000)
  object space 536064K, 97% used [0x00000000c0000000,0x00000000dff701e8,0x00000000e0b80000)
 PSPermGen       total 21504K, used 6217K [0x00000000b5a00000, 0x00000000b6f00000, 0x00000000c0000000)
  object space 21504K, 28% used [0x00000000b5a00000,0x00000000b6012508,0x00000000b6f00000)
GC Heap History (10 events):
Event: 21.708 GC heap after
Heap after GC invocations=32 (full 5):
 PSYoungGen      total 233472K, used 20032K [0x00000000eaa80000, 0x0000000100000000, 0x0000000100000000)
  eden space 117248K, 0% used [0x00000000eaa80000,0x00000000eaa80000,0x00000000f1d00000)
  from space 116224K, 17% used [0x00000000f1d00000,0x00000000f3090000,0x00000000f8e80000)
  to   space 116224K, 0% used [0x00000000f8e80000,0x00000000f8e80000,0x0000000100000000)
 ParOldGen       total 536064K, used 432581K [0x00000000c0000000, 0x00000000e0b80000, 0x00000000eaa80000)
  object space 536064K, 80% used [0x00000000c0000000,0x00000000da6717d8,0x00000000e0b80000)
 PSPermGen       total 21504K, used 6206K [0x00000000b5a00000, 0x00000000b6f00000, 0x00000000c0000000)
  object space 21504K, 28% used [0x00000000b5a00000,0x00000000b600fbc0,0x00000000b6f00000)
}
Event: 21.969 GC heap before
{Heap before GC invocations=33 (full 5):
 PSYoungGen      total 233472K, used 137280K [0x00000000eaa80000, 0x0000000100000000, 0x0000000100000000)
  eden space 117248K, 100% used [0x00000000eaa80000,0x00000000f1d00000,0x00000000f1d00000)
  from space 116224K, 17% used [0x00000000f1d00000,0x00000000f3090000,0x00000000f8e80000)
  to   space 116224K, 0% used [0x00000000f8e80000,0x00000000f8e80000,0x0000000100000000)
 ParOldGen       total 536064K, used 432581K [0x00000000c0000000, 0x00000000e0b80000, 0x00000000eaa80000)
  object space 536064K, 80% used [0x00000000c0000000,0x00000000da6717d8,0x00000000e0b80000)
 PSPermGen       total 21504K, used 6208K [0x00000000b5a00000, 0x00000000b6f00000, 0x00000000c0000000)
  object space 21504K, 28% used [0x00000000b5a00000,0x00000000b6010098,0x00000000b6f00000)
Event: 22.025 GC heap after
Heap after GC invocations=33 (full 5):
 PSYoungGen      total 233472K, used 18333K [0x00000000eaa80000, 0x0000000100000000, 0x0000000100000000)
  eden space 117248K, 0% used [0x00000000eaa80000,0x00000000eaa80000,0x00000000f1d00000)
  from space 116224K, 15% used [0x00000000f8e80000,0x00000000fa0677e0,0x0000000100000000)
  to   space 116224K, 0% used [0x00000000f1d00000,0x00000000f1d00000,0x00000000f8e80000)
 ParOldGen       total 536064K, used 451708K [0x00000000c0000000, 0x00000000e0b80000, 0x00000000eaa80000)
  object space 536064K, 84% used [0x00000000c0000000,0x00000000db91f1e8,0x00000000e0b80000)
 PSPermGen       total 21504K, used 6208K [0x00000000b5a00000, 0x00000000b6f00000, 0x00000000c0000000)
  object space 21504K, 28% used [0x00000000b5a00000,0x00000000b6010098,0x00000000b6f00000)
}
Event: 22.418 GC heap before
{Heap before GC invocations=34 (full 5):
 PSYoungGen      total 233472K, used 135581K [0x00000000eaa80000, 0x0000000100000000, 0x0000000100000000)
  eden space 117248K, 100% used [0x00000000eaa80000,0x00000000f1d00000,0x00000000f1d00000)
  from space 116224K, 15% used [0x00000000f8e80000,0x00000000fa0677e0,0x0000000100000000)
  to   space 116224K, 0% used [0x00000000f1d00000,0x00000000f1d00000,0x00000000f8e80000)
 ParOldGen       total 536064K, used 451708K [0x00000000c0000000, 0x00000000e0b80000, 0x00000000eaa80000)
  object space 536064K, 84% used [0x00000000c0000000,0x00000000db91f1e8,0x00000000e0b80000)
 PSPermGen       total 21504K, used 6216K [0x00000000b5a00000, 0x00000000b6f00000, 0x00000000c0000000)
  object space 21504K, 28% used [0x00000000b5a00000,0x00000000b6012098,0x00000000b6f00000)
Event: 22.461 GC heap after
Heap after GC invocations=34 (full 5):
 PSYoungGen      total 233472K, used 19212K [0x00000000eaa80000, 0x0000000100000000, 0x0000000100000000)
  eden space 117248K, 0% used [0x00000000eaa80000,0x00000000eaa80000,0x00000000f1d00000)
  from space 116224K, 16% used [0x00000000f1d00000,0x00000000f2fc3158,0x00000000f8e80000)
  to   space 116224K, 0% used [0x00000000f8e80000,0x00000000f8e80000,0x0000000100000000)
 ParOldGen       total 536064K, used 469386K [0x00000000c0000000, 0x00000000e0b80000, 0x00000000eaa80000)
  object space 536064K, 87% used [0x00000000c0000000,0x00000000dca62a80,0x00000000e0b80000)
 PSPermGen       total 21504K, used 6216K [0x00000000b5a00000, 0x00000000b6f00000, 0x00000000c0000000)
  object space 21504K, 28% used [0x00000000b5a00000,0x00000000b6012098,0x00000000b6f00000)
}
Event: 22.716 GC heap before
{Heap before GC invocations=35 (full 5):
 PSYoungGen      total 233472K, used 136460K [0x00000000eaa80000, 0x0000000100000000, 0x0000000100000000)
  eden space 117248K, 100% used [0x00000000eaa80000,0x00000000f1d00000,0x00000000f1d00000)
  from space 116224K, 16% used [0x00000000f1d00000,0x00000000f2fc3158,0x00000000f8e80000)
  to   space 116224K, 0% used [0x00000000f8e80000,0x00000000f8e80000,0x0000000100000000)
 ParOldGen       total 536064K, used 469386K [0x00000000c0000000, 0x00000000e0b80000, 0x00000000eaa80000)
  object space 536064K, 87% used [0x00000000c0000000,0x00000000dca62a80,0x00000000e0b80000)
 PSPermGen       total 21504K, used 6216K [0x00000000b5a00000, 0x00000000b6f00000, 0x00000000c0000000)
  object space 21504K, 28% used [0x00000000b5a00000,0x00000000b6012380,0x00000000b6f00000)
Event: 22.758 GC heap after
Heap after GC invocations=35 (full 5):
 PSYoungGen      total 233472K, used 18833K [0x00000000eaa80000, 0x0000000100000000, 0x0000000100000000)
  eden space 117248K, 0% used [0x00000000eaa80000,0x00000000eaa80000,0x00000000f1d00000)
  from space 116224K, 16% used [0x00000000f8e80000,0x00000000fa0e46e8,0x0000000100000000)
  to   space 116224K, 0% used [0x00000000f1d00000,0x00000000f1d00000,0x00000000f8e80000)
 ParOldGen       total 536064K, used 487574K [0x00000000c0000000, 0x00000000e0b80000, 0x00000000eaa80000)
  object space 536064K, 90% used [0x00000000c0000000,0x00000000ddc25870,0x00000000e0b80000)
 PSPermGen       total 21504K, used 6216K [0x00000000b5a00000, 0x00000000b6f00000, 0x00000000c0000000)
  object space 21504K, 28% used [0x00000000b5a00000,0x00000000b6012380,0x00000000b6f00000)
}
Event: 23.021 GC heap before
{Heap before GC invocations=36 (full 5):
 PSYoungGen      total 233472K, used 136081K [0x00000000eaa80000, 0x0000000100000000, 0x0000000100000000)
  eden space 117248K, 100% used [0x00000000eaa80000,0x00000000f1d00000,0x00000000f1d00000)
  from space 116224K, 16% used [0x00000000f8e80000,0x00000000fa0e46e8,0x0000000100000000)
  to   space 116224K, 0% used [0x00000000f1d00000,0x00000000f1d00000,0x00000000f8e80000)
 ParOldGen       total 536064K, used 487574K [0x00000000c0000000, 0x00000000e0b80000, 0x00000000eaa80000)
  object space 536064K, 90% used [0x00000000c0000000,0x00000000ddc25870,0x00000000e0b80000)
 PSPermGen       total 21504K, used 6217K [0x00000000b5a00000, 0x00000000b6f00000, 0x00000000c0000000)
  object space 21504K, 28% used [0x00000000b5a00000,0x00000000b60125a8,0x00000000b6f00000)
Event: 23.077 GC heap after
Heap after GC invocations=36 (full 5):
 PSYoungGen      total 233472K, used 19612K [0x00000000eaa80000, 0x0000000100000000, 0x0000000100000000)
  eden space 117248K, 0% used [0x00000000eaa80000,0x00000000eaa80000,0x00000000f1d00000)
  from space 116224K, 16% used [0x00000000f1d00000,0x00000000f3027098,0x00000000f8e80000)
  to   space 116224K, 0% used [0x00000000f8e80000,0x00000000f8e80000,0x0000000100000000)
 ParOldGen       total 536064K, used 505590K [0x00000000c0000000, 0x00000000e0b80000, 0x00000000eaa80000)
  object space 536064K, 94% used [0x00000000c0000000,0x00000000dedbdab0,0x00000000e0b80000)
 PSPermGen       total 21504K, used 6217K [0x00000000b5a00000, 0x00000000b6f00000, 0x00000000c0000000)
  object space 21504K, 28% used [0x00000000b5a00000,0x00000000b60125a8,0x00000000b6f00000)
}
Event: 23.082 GC heap before
{Heap before GC invocations=37 (full 6):
 PSYoungGen      total 233472K, used 19612K [0x00000000eaa80000, 0x0000000100000000, 0x0000000100000000)
  eden space 117248K, 0% used [0x00000000eaa80000,0x00000000eaa80000,0x00000000f1d00000)
  from space 116224K, 16% used [0x00000000f1d00000,0x00000000f3027098,0x00000000f8e80000)
  to   space 116224K, 0% used [0x00000000f8e80000,0x00000000f8e80000,0x0000000100000000)
 ParOldGen       total 536064K, used 505590K [0x00000000c0000000, 0x00000000e0b80000, 0x00000000eaa80000)
  object space 536064K, 94% used [0x00000000c0000000,0x00000000dedbdab0,0x00000000e0b80000)
 PSPermGen       total 21504K, used 6217K [0x00000000b5a00000, 0x00000000b6f00000, 0x00000000c0000000)
  object space 21504K, 28% used [0x00000000b5a00000,0x00000000b60125a8,0x00000000b6f00000)

